2025-06-11 22:56:44,951 - 📁 日志将保存到: logs\stock_analysis_20250611.log
2025-06-11 22:56:44,952 - 📁 发现已存在的数据文件: ..\data\stock_pool_data\stock_data_pool20250611.csv
2025-06-11 22:56:44,952 - 🔄 直接加载本地CSV文件
2025-06-11 22:56:45,082 - 最新交易日: 2025-06-11
2025-06-11 22:56:45,083 - 准备分析初次筛选出的17 只股票
2025-06-11 22:56:45,083 - 股票代码: ['300331', '300814', '688656', '603107', '688372', '688503', '301101', '920106', '300976', '301162', '002393', '300986', '300507', '300792', '300697', '833533', '002062']
2025-06-11 22:56:45,083 - 数据日期范围: 20250412 到 20250611
2025-06-11 22:56:45,083 - ============================================================
2025-06-11 22:56:45,084 - 
(1/17) 正在分析股票: 300331
2025-06-11 22:56:45,157 -   📊 数据量: 39 天
2025-06-11 22:56:45,158 -   📈 技术分析结果:
2025-06-11 22:56:45,159 -     最新价格: 21.50
2025-06-11 22:56:45,159 -     最新日期: 2025-06-11
2025-06-11 22:56:45,159 -     下跌趋势: 否
2025-06-11 22:56:45,159 -     高位上影线: 有
2025-06-11 22:56:45,159 -     温和放量: 否
2025-06-11 22:56:45,160 -     量比: 3.90
2025-06-11 22:56:45,160 -     放量原因: 成交量过大，量比3.90超过1.8
2025-06-11 22:56:45,160 -     MA5: 20.84
2025-06-11 22:56:45,160 -     MA20: 20.80
2025-06-11 22:56:45,160 -   ❌ 300331 未通过筛选，原因: 高位上影线, 非温和放量(成交量过大，量比3.90超过1.8)
2025-06-11 22:56:45,160 - 
(2/17) 正在分析股票: 300814
2025-06-11 22:56:45,244 -   📊 数据量: 39 天
2025-06-11 22:56:45,245 -   📈 技术分析结果:
2025-06-11 22:56:45,246 -     最新价格: 32.69
2025-06-11 22:56:45,246 -     最新日期: 2025-06-11
2025-06-11 22:56:45,246 -     下跌趋势: 否
2025-06-11 22:56:45,246 -     高位上影线: 有
2025-06-11 22:56:45,247 -     温和放量: 是
2025-06-11 22:56:45,247 -     量比: 1.57
2025-06-11 22:56:45,247 -     放量原因: 温和放量，量比1.57
2025-06-11 22:56:45,247 -     MA5: 30.74
2025-06-11 22:56:45,247 -     MA20: 28.96
2025-06-11 22:56:45,247 -   ❌ 300814 未通过筛选，原因: 高位上影线
2025-06-11 22:56:45,247 - 
(3/17) 正在分析股票: 688656
2025-06-11 22:56:45,382 -   📊 数据量: 39 天
2025-06-11 22:56:45,384 -   📈 技术分析结果:
2025-06-11 22:56:45,384 -     最新价格: 124.00
2025-06-11 22:56:45,384 -     最新日期: 2025-06-11
2025-06-11 22:56:45,384 -     下跌趋势: 否
2025-06-11 22:56:45,384 -     高位上影线: 有
2025-06-11 22:56:45,384 -     温和放量: 是
2025-06-11 22:56:45,384 -     量比: 1.26
2025-06-11 22:56:45,384 -     放量原因: 温和放量，量比1.26
2025-06-11 22:56:45,385 -     MA5: 108.89
2025-06-11 22:56:45,385 -     MA20: 94.40
2025-06-11 22:56:45,385 -   ❌ 688656 未通过筛选，原因: 高位上影线
2025-06-11 22:56:45,385 - 
(4/17) 正在分析股票: 603107
2025-06-11 22:56:45,472 -   📊 数据量: 39 天
2025-06-11 22:56:45,473 -   📈 技术分析结果:
2025-06-11 22:56:45,473 -     最新价格: 15.84
2025-06-11 22:56:45,473 -     最新日期: 2025-06-11
2025-06-11 22:56:45,473 -     下跌趋势: 是
2025-06-11 22:56:45,474 -     高位上影线: 有
2025-06-11 22:56:45,474 -     温和放量: 否
2025-06-11 22:56:45,474 -     量比: 4.26
2025-06-11 22:56:45,474 -     放量原因: 成交量过大，量比4.26超过1.8
2025-06-11 22:56:45,474 -     MA5: 15.39
2025-06-11 22:56:45,475 -     MA20: 15.41
2025-06-11 22:56:45,475 -   ❌ 603107 未通过筛选，原因: 下跌趋势, 高位上影线, 非温和放量(成交量过大，量比4.26超过1.8)
2025-06-11 22:56:45,475 - 
(5/17) 正在分析股票: 688372
2025-06-11 22:56:45,647 -   📊 数据量: 39 天
2025-06-11 22:56:45,648 -   📈 技术分析结果:
2025-06-11 22:56:45,649 -     最新价格: 69.55
2025-06-11 22:56:45,649 -     最新日期: 2025-06-11
2025-06-11 22:56:45,649 -     下跌趋势: 否
2025-06-11 22:56:45,649 -     高位上影线: 无
2025-06-11 22:56:45,649 -     温和放量: 否
2025-06-11 22:56:45,649 -     量比: 1.80
2025-06-11 22:56:45,649 -     放量原因: 成交量过大，量比1.80超过1.8
2025-06-11 22:56:45,650 -     MA5: 68.51
2025-06-11 22:56:45,650 -     MA20: 67.85
2025-06-11 22:56:45,650 -   ❌ 688372 未通过筛选，原因: 非温和放量(成交量过大，量比1.80超过1.8)
2025-06-11 22:56:45,650 - 
(6/17) 正在分析股票: 688503
2025-06-11 22:56:45,721 -   📊 数据量: 39 天
2025-06-11 22:56:45,723 -   📈 技术分析结果:
2025-06-11 22:56:45,723 -     最新价格: 37.30
2025-06-11 22:56:45,723 -     最新日期: 2025-06-11
2025-06-11 22:56:45,723 -     下跌趋势: 否
2025-06-11 22:56:45,723 -     高位上影线: 有
2025-06-11 22:56:45,723 -     温和放量: 是
2025-06-11 22:56:45,723 -     量比: 1.31
2025-06-11 22:56:45,723 -     放量原因: 温和放量，量比1.31
2025-06-11 22:56:45,724 -     MA5: 36.23
2025-06-11 22:56:45,724 -     MA20: 33.50
2025-06-11 22:56:45,724 -   ❌ 688503 未通过筛选，原因: 高位上影线
2025-06-11 22:56:45,724 - 
(7/17) 正在分析股票: 301101
2025-06-11 22:56:45,795 -   📊 数据量: 39 天
2025-06-11 22:56:45,796 -   📈 技术分析结果:
2025-06-11 22:56:45,797 -     最新价格: 44.97
2025-06-11 22:56:45,797 -     最新日期: 2025-06-11
2025-06-11 22:56:45,797 -     下跌趋势: 是
2025-06-11 22:56:45,797 -     高位上影线: 有
2025-06-11 22:56:45,797 -     温和放量: 是
2025-06-11 22:56:45,797 -     量比: 1.63
2025-06-11 22:56:45,797 -     放量原因: 温和放量，量比1.63
2025-06-11 22:56:45,797 -     MA5: 43.93
2025-06-11 22:56:45,797 -     MA20: 44.75
2025-06-11 22:56:45,797 -   ❌ 301101 未通过筛选，原因: 下跌趋势, 高位上影线
2025-06-11 22:56:45,798 - 
(8/17) 正在分析股票: 920106
2025-06-11 22:56:45,879 -   📊 数据量: 39 天
2025-06-11 22:56:45,880 -   📈 技术分析结果:
2025-06-11 22:56:45,880 -     最新价格: 89.63
2025-06-11 22:56:45,880 -     最新日期: 2025-06-11
2025-06-11 22:56:45,881 -     下跌趋势: 是
2025-06-11 22:56:45,881 -     高位上影线: 有
2025-06-11 22:56:45,881 -     温和放量: 是
2025-06-11 22:56:45,881 -     量比: 1.67
2025-06-11 22:56:45,881 -     放量原因: 温和放量，量比1.67
2025-06-11 22:56:45,881 -     MA5: 88.71
2025-06-11 22:56:45,881 -     MA20: 95.67
2025-06-11 22:56:45,881 -   ❌ 920106 未通过筛选，原因: 下跌趋势, 高位上影线
2025-06-11 22:56:45,881 - 
(9/17) 正在分析股票: 300976
2025-06-11 22:56:45,955 -   📊 数据量: 39 天
2025-06-11 22:56:45,956 -   📈 技术分析结果:
2025-06-11 22:56:45,957 -     最新价格: 45.12
2025-06-11 22:56:45,957 -     最新日期: 2025-06-11
2025-06-11 22:56:45,957 -     下跌趋势: 否
2025-06-11 22:56:45,957 -     高位上影线: 有
2025-06-11 22:56:45,958 -     温和放量: 否
2025-06-11 22:56:45,958 -     量比: 2.53
2025-06-11 22:56:45,958 -     放量原因: 成交量过大，量比2.53超过1.8
2025-06-11 22:56:45,958 -     MA5: 44.55
2025-06-11 22:56:45,958 -     MA20: 43.53
2025-06-11 22:56:45,958 -   ❌ 300976 未通过筛选，原因: 高位上影线, 非温和放量(成交量过大，量比2.53超过1.8)
2025-06-11 22:56:45,958 - 
(10/17) 正在分析股票: 301162
2025-06-11 22:56:46,031 -   📊 数据量: 39 天
2025-06-11 22:56:46,033 -   📈 技术分析结果:
2025-06-11 22:56:46,033 -     最新价格: 49.00
2025-06-11 22:56:46,033 -     最新日期: 2025-06-11
2025-06-11 22:56:46,034 -     下跌趋势: 否
2025-06-11 22:56:46,034 -     高位上影线: 无
2025-06-11 22:56:46,034 -     温和放量: 是
2025-06-11 22:56:46,034 -     量比: 1.34
2025-06-11 22:56:46,034 -     放量原因: 温和放量，量比1.34
2025-06-11 22:56:46,034 -     MA5: 48.23
2025-06-11 22:56:46,034 -     MA20: 48.18
2025-06-11 22:56:46,034 -   ✅ 301162 通过技术分析和温和放量筛选!
2025-06-11 22:56:46,034 - 
(11/17) 正在分析股票: 002393
2025-06-11 22:56:46,104 -   📊 数据量: 39 天
2025-06-11 22:56:46,106 -   📈 技术分析结果:
2025-06-11 22:56:46,106 -     最新价格: 20.59
2025-06-11 22:56:46,106 -     最新日期: 2025-06-11
2025-06-11 22:56:46,106 -     下跌趋势: 否
2025-06-11 22:56:46,106 -     高位上影线: 有
2025-06-11 22:56:46,106 -     温和放量: 否
2025-06-11 22:56:46,106 -     量比: 1.05
2025-06-11 22:56:46,107 -     放量原因: 成交量不足，量比1.05小于1.2
2025-06-11 22:56:46,107 -     MA5: 19.82
2025-06-11 22:56:46,107 -     MA20: 18.45
2025-06-11 22:56:46,107 -   ❌ 002393 未通过筛选，原因: 高位上影线, 非温和放量(成交量不足，量比1.05小于1.2)
2025-06-11 22:56:46,108 - 
(12/17) 正在分析股票: 300986
2025-06-11 22:56:46,179 -   📊 数据量: 39 天
2025-06-11 22:56:46,180 -   📈 技术分析结果:
2025-06-11 22:56:46,181 -     最新价格: 15.67
2025-06-11 22:56:46,181 -     最新日期: 2025-06-11
2025-06-11 22:56:46,181 -     下跌趋势: 否
2025-06-11 22:56:46,181 -     高位上影线: 有
2025-06-11 22:56:46,181 -     温和放量: 否
2025-06-11 22:56:46,181 -     量比: 1.15
2025-06-11 22:56:46,181 -     放量原因: 成交量不足，量比1.15小于1.2
2025-06-11 22:56:46,181 -     MA5: 14.82
2025-06-11 22:56:46,182 -     MA20: 14.01
2025-06-11 22:56:46,182 -   ❌ 300986 未通过筛选，原因: 高位上影线, 非温和放量(成交量不足，量比1.15小于1.2)
2025-06-11 22:56:46,182 - 
(13/17) 正在分析股票: 300507
2025-06-11 22:56:46,264 -   📊 数据量: 34 天
2025-06-11 22:56:46,265 -   📈 技术分析结果:
2025-06-11 22:56:46,266 -     最新价格: 7.77
2025-06-11 22:56:46,266 -     最新日期: 2025-06-11
2025-06-11 22:56:46,266 -     下跌趋势: 是
2025-06-11 22:56:46,266 -     高位上影线: 有
2025-06-11 22:56:46,266 -     温和放量: 否
2025-06-11 22:56:46,266 -     量比: 2.19
2025-06-11 22:56:46,266 -     放量原因: 成交量过大，量比2.19超过1.8
2025-06-11 22:56:46,267 -     MA5: 7.67
2025-06-11 22:56:46,267 -     MA20: 7.86
2025-06-11 22:56:46,267 -   ❌ 300507 未通过筛选，原因: 下跌趋势, 高位上影线, 非温和放量(成交量过大，量比2.19超过1.8)
2025-06-11 22:56:46,267 - 
(14/17) 正在分析股票: 300792
2025-06-11 22:56:46,334 -   📊 数据量: 39 天
2025-06-11 22:56:46,337 -   📈 技术分析结果:
2025-06-11 22:56:46,337 -     最新价格: 25.75
2025-06-11 22:56:46,337 -     最新日期: 2025-06-11
2025-06-11 22:56:46,337 -     下跌趋势: 是
2025-06-11 22:56:46,337 -     高位上影线: 无
2025-06-11 22:56:46,337 -     温和放量: 否
2025-06-11 22:56:46,337 -     量比: 2.04
2025-06-11 22:56:46,337 -     放量原因: 成交量过大，量比2.04超过1.8
2025-06-11 22:56:46,337 -     MA5: 24.89
2025-06-11 22:56:46,337 -     MA20: 25.02
2025-06-11 22:56:46,338 -   ❌ 300792 未通过筛选，原因: 下跌趋势, 非温和放量(成交量过大，量比2.04超过1.8)
2025-06-11 22:56:46,338 - 
(15/17) 正在分析股票: 300697
2025-06-11 22:56:46,425 -   📊 数据量: 39 天
2025-06-11 22:56:46,427 -   📈 技术分析结果:
2025-06-11 22:56:46,427 -     最新价格: 11.99
2025-06-11 22:56:46,427 -     最新日期: 2025-06-11
2025-06-11 22:56:46,427 -     下跌趋势: 否
2025-06-11 22:56:46,428 -     高位上影线: 有
2025-06-11 22:56:46,428 -     温和放量: 否
2025-06-11 22:56:46,428 -     量比: 1.94
2025-06-11 22:56:46,428 -     放量原因: 成交量过大，量比1.94超过1.8
2025-06-11 22:56:46,428 -     MA5: 11.74
2025-06-11 22:56:46,428 -     MA20: 11.48
2025-06-11 22:56:46,428 -   ❌ 300697 未通过筛选，原因: 高位上影线, 非温和放量(成交量过大，量比1.94超过1.8)
2025-06-11 22:56:46,428 - 
(16/17) 正在分析股票: 833533
2025-06-11 22:56:46,498 -   📊 数据量: 39 天
2025-06-11 22:56:46,499 -   📈 技术分析结果:
2025-06-11 22:56:46,499 -     最新价格: 39.15
2025-06-11 22:56:46,499 -     最新日期: 2025-06-11
2025-06-11 22:56:46,500 -     下跌趋势: 是
2025-06-11 22:56:46,500 -     高位上影线: 有
2025-06-11 22:56:46,500 -     温和放量: 否
2025-06-11 22:56:46,500 -     量比: 1.90
2025-06-11 22:56:46,500 -     放量原因: 成交量过大，量比1.90超过1.8
2025-06-11 22:56:46,500 -     MA5: 37.31
2025-06-11 22:56:46,501 -     MA20: 38.33
2025-06-11 22:56:46,501 -   ❌ 833533 未通过筛选，原因: 下跌趋势, 高位上影线, 非温和放量(成交量过大，量比1.90超过1.8)
2025-06-11 22:56:46,501 - 
(17/17) 正在分析股票: 002062
2025-06-11 22:56:46,575 -   📊 数据量: 39 天
2025-06-11 22:56:46,576 -   📈 技术分析结果:
2025-06-11 22:56:46,576 -     最新价格: 4.44
2025-06-11 22:56:46,576 -     最新日期: 2025-06-11
2025-06-11 22:56:46,576 -     下跌趋势: 是
2025-06-11 22:56:46,576 -     高位上影线: 有
2025-06-11 22:56:46,576 -     温和放量: 否
2025-06-11 22:56:46,577 -     量比: 2.52
2025-06-11 22:56:46,577 -     放量原因: 成交量过大，量比2.52超过1.8
2025-06-11 22:56:46,577 -     MA5: 4.52
2025-06-11 22:56:46,577 -     MA20: 4.66
2025-06-11 22:56:46,578 -   ❌ 002062 未通过筛选，原因: 下跌趋势, 高位上影线, 非温和放量(成交量过大，量比2.52超过1.8)
2025-06-11 22:56:46,578 - 
============================================================
2025-06-11 22:56:46,578 - 技术分析汇总结果:
2025-06-11 22:56:46,578 - ============================================================
2025-06-11 22:56:46,578 - ❌ 300331 - 未通过: 高位上影线, 非温和放量
2025-06-11 22:56:46,578 - ❌ 300814 - 未通过: 高位上影线
2025-06-11 22:56:46,578 - ❌ 688656 - 未通过: 高位上影线
2025-06-11 22:56:46,578 - ❌ 603107 - 未通过: 下跌趋势, 高位上影线, 非温和放量
2025-06-11 22:56:46,578 - ❌ 688372 - 未通过: 非温和放量
2025-06-11 22:56:46,578 - ❌ 688503 - 未通过: 高位上影线
2025-06-11 22:56:46,579 - ❌ 301101 - 未通过: 下跌趋势, 高位上影线
2025-06-11 22:56:46,579 - ❌ 920106 - 未通过: 下跌趋势, 高位上影线
2025-06-11 22:56:46,579 - ❌ 300976 - 未通过: 高位上影线, 非温和放量
2025-06-11 22:56:46,579 - ✅ 301162 - 通过筛选
2025-06-11 22:56:46,579 - ❌ 002393 - 未通过: 高位上影线, 非温和放量
2025-06-11 22:56:46,579 - ❌ 300986 - 未通过: 高位上影线, 非温和放量
2025-06-11 22:56:46,579 - ❌ 300507 - 未通过: 下跌趋势, 高位上影线, 非温和放量
2025-06-11 22:56:46,579 - ❌ 300792 - 未通过: 下跌趋势, 非温和放量
2025-06-11 22:56:46,579 - ❌ 300697 - 未通过: 高位上影线, 非温和放量
2025-06-11 22:56:46,579 - ❌ 833533 - 未通过: 下跌趋势, 高位上影线, 非温和放量
2025-06-11 22:56:46,579 - ❌ 002062 - 未通过: 下跌趋势, 高位上影线, 非温和放量
2025-06-11 22:56:46,579 - 
最终结果: 1 只股票通过技术分析筛选
2025-06-11 22:56:46,579 - 
✅ 准备传递给交易模块的股票代码:
2025-06-11 22:56:46,579 -    📊 301162
2025-06-11 22:56:46,580 - 
============================================================
2025-06-11 22:56:46,580 - 🚀 交易模块启动
2025-06-11 22:56:46,580 - ============================================================
2025-06-11 22:56:46,580 - 📊 筛选时间: 2025-06-11 22:56:46
2025-06-11 22:56:46,580 - 📈 待交易标的数量: 1
2025-06-11 22:56:46,580 - 📋 301162 交易计划:
2025-06-11 22:56:46,580 -    当前价: 49.00
2025-06-11 22:56:46,580 -    买入价: 49.98
2025-06-11 22:56:46,580 -    止损价: 46.55
2025-06-11 22:56:46,580 -    止盈价: 52.92
2025-06-11 22:56:46,580 -    仓位: 200
2025-06-11 22:56:46,580 - 
📈 准备执行 1 只股票的交易:
2025-06-11 22:56:46,581 - (1) 301162 - 优先级: 1
2025-06-11 22:56:46,581 - 🔄 模拟执行交易: 301162
2025-06-11 22:56:46,581 -    委托价格: 49.98
2025-06-11 22:56:46,581 -    委托数量: 200 股
2025-06-11 22:56:46,583 - 💾 交易计划已保存: data/trading_plans/trading_plan_20250611_225646.csv
2025-06-11 22:56:46,583 - 📊 共保存 1 个交易标的
