2025-06-14 11:42:12,563 - 📁 日志将保存到: logs\stock_analysis_20250614.log
2025-06-14 11:42:12,564 - ❌ 未找到当天数据文件: ..\data\stock_pool_data\stock_data_pool20250614.csv
2025-06-14 11:42:12,565 - 🌐 正在从网络获取股票池数据...
2025-06-14 11:42:21,705 - 💾 数据已保存到: ..\data\stock_pool_data\stock_data_pool20250614.csv
2025-06-14 11:42:22,095 - 最新交易日: 2025-06-13
2025-06-14 11:42:22,095 - 准备分析初次筛选出的13 只股票
2025-06-14 11:42:22,095 - 股票代码: ['300327', '300523', '300337', '688658', '002440', '002678', '601606', '002208', '000852', '000096', '603718', '000905', '300099']
2025-06-14 11:42:22,096 - 数据日期范围: 20250415 到 20250614
2025-06-14 11:42:22,096 - ============================================================
2025-06-14 11:42:22,097 - 
(1/13) 正在分析股票: 300327
2025-06-14 11:42:22,326 -   📊 数据量: 39 天
2025-06-14 11:42:22,333 -   📈 技术分析结果:
2025-06-14 11:42:22,334 -     最新价格: 24.76
2025-06-14 11:42:22,334 -     最新日期: 2025-06-13
2025-06-14 11:42:22,334 -     下跌趋势: 否
2025-06-14 11:42:22,334 -     高位上影线: 有
2025-06-14 11:42:22,335 -     温和放量: 是
2025-06-14 11:42:22,335 -     量比: 1.62
2025-06-14 11:42:22,335 -     放量原因: 温和放量，量比1.62
2025-06-14 11:42:22,336 -     MA5: 23.02
2025-06-14 11:42:22,336 -     MA20: 21.64
2025-06-14 11:42:22,336 -   ❌ 300327 未通过筛选，原因: 高位上影线
2025-06-14 11:42:23,338 - 
(2/13) 正在分析股票: 300523
2025-06-14 11:42:23,552 -   📊 数据量: 40 天
2025-06-14 11:42:23,555 -   📈 技术分析结果:
2025-06-14 11:42:23,555 -     最新价格: 22.41
2025-06-14 11:42:23,556 -     最新日期: 2025-06-13
2025-06-14 11:42:23,556 -     下跌趋势: 否
2025-06-14 11:42:23,556 -     高位上影线: 有
2025-06-14 11:42:23,557 -     温和放量: 否
2025-06-14 11:42:23,557 -     量比: 2.57
2025-06-14 11:42:23,557 -     放量原因: 成交量过大，量比2.57超过1.8
2025-06-14 11:42:23,557 -     MA5: 21.79
2025-06-14 11:42:23,558 -     MA20: 21.72
2025-06-14 11:42:23,558 -   ❌ 300523 未通过筛选，原因: 高位上影线, 非温和放量(成交量过大，量比2.57超过1.8)
2025-06-14 11:42:24,560 - 
(3/13) 正在分析股票: 300337
2025-06-14 11:42:24,783 -   📊 数据量: 40 天
2025-06-14 11:42:24,785 -   📈 技术分析结果:
2025-06-14 11:42:24,785 -     最新价格: 10.70
2025-06-14 11:42:24,786 -     最新日期: 2025-06-13
2025-06-14 11:42:24,786 -     下跌趋势: 否
2025-06-14 11:42:24,786 -     高位上影线: 有
2025-06-14 11:42:24,786 -     温和放量: 否
2025-06-14 11:42:24,787 -     量比: 4.99
2025-06-14 11:42:24,787 -     放量原因: 成交量过大，量比4.99超过1.8
2025-06-14 11:42:24,787 -     MA5: 10.26
2025-06-14 11:42:24,787 -     MA20: 10.17
2025-06-14 11:42:24,788 -   ❌ 300337 未通过筛选，原因: 高位上影线, 非温和放量(成交量过大，量比4.99超过1.8)
2025-06-14 11:42:25,789 - 
(4/13) 正在分析股票: 688658
2025-06-14 11:42:26,016 -   📊 数据量: 40 天
2025-06-14 11:42:26,019 -   📈 技术分析结果:
2025-06-14 11:42:26,019 -     最新价格: 17.22
2025-06-14 11:42:26,019 -     最新日期: 2025-06-13
2025-06-14 11:42:26,020 -     下跌趋势: 否
2025-06-14 11:42:26,020 -     高位上影线: 有
2025-06-14 11:42:26,021 -     温和放量: 否
2025-06-14 11:42:26,021 -     量比: 2.84
2025-06-14 11:42:26,021 -     放量原因: 成交量过大，量比2.84超过1.8
2025-06-14 11:42:26,021 -     MA5: 16.06
2025-06-14 11:42:26,021 -     MA20: 14.82
2025-06-14 11:42:26,021 -   ❌ 688658 未通过筛选，原因: 高位上影线, 非温和放量(成交量过大，量比2.84超过1.8)
2025-06-14 11:42:27,023 - 
(5/13) 正在分析股票: 002440
2025-06-14 11:42:27,237 -   📊 数据量: 40 天
2025-06-14 11:42:27,239 -   📈 技术分析结果:
2025-06-14 11:42:27,239 -     最新价格: 8.20
2025-06-14 11:42:27,239 -     最新日期: 2025-06-13
2025-06-14 11:42:27,240 -     下跌趋势: 否
2025-06-14 11:42:27,240 -     高位上影线: 有
2025-06-14 11:42:27,241 -     温和放量: 是
2025-06-14 11:42:27,241 -     量比: 1.30
2025-06-14 11:42:27,241 -     放量原因: 温和放量，量比1.30
2025-06-14 11:42:27,242 -     MA5: 8.01
2025-06-14 11:42:27,242 -     MA20: 7.57
2025-06-14 11:42:27,242 -   ❌ 002440 未通过筛选，原因: 高位上影线
2025-06-14 11:42:28,243 - 
(6/13) 正在分析股票: 002678
2025-06-14 11:42:28,446 -   📊 数据量: 40 天
2025-06-14 11:42:28,449 -   📈 技术分析结果:
2025-06-14 11:42:28,450 -     最新价格: 5.09
2025-06-14 11:42:28,450 -     最新日期: 2025-06-13
2025-06-14 11:42:28,450 -     下跌趋势: 否
2025-06-14 11:42:28,451 -     高位上影线: 有
2025-06-14 11:42:28,451 -     温和放量: 否
2025-06-14 11:42:28,451 -     量比: 2.29
2025-06-14 11:42:28,452 -     放量原因: 成交量过大，量比2.29超过1.8
2025-06-14 11:42:28,452 -     MA5: 4.91
2025-06-14 11:42:28,452 -     MA20: 4.72
2025-06-14 11:42:28,453 -   ❌ 002678 未通过筛选，原因: 高位上影线, 非温和放量(成交量过大，量比2.29超过1.8)
2025-06-14 11:42:29,454 - 
(7/13) 正在分析股票: 601606
2025-06-14 11:42:29,679 -   📊 数据量: 40 天
2025-06-14 11:42:29,681 -   📈 技术分析结果:
2025-06-14 11:42:29,681 -     最新价格: 13.39
2025-06-14 11:42:29,681 -     最新日期: 2025-06-13
2025-06-14 11:42:29,682 -     下跌趋势: 是
2025-06-14 11:42:29,682 -     高位上影线: 有
2025-06-14 11:42:29,683 -     温和放量: 否
2025-06-14 11:42:29,683 -     量比: 1.91
2025-06-14 11:42:29,683 -     放量原因: 成交量过大，量比1.91超过1.8
2025-06-14 11:42:29,684 -     MA5: 13.23
2025-06-14 11:42:29,684 -     MA20: 13.48
2025-06-14 11:42:29,684 -   ❌ 601606 未通过筛选，原因: 下跌趋势, 高位上影线, 非温和放量(成交量过大，量比1.91超过1.8)
2025-06-14 11:42:30,686 - 
(8/13) 正在分析股票: 002208
2025-06-14 11:42:30,931 -   📊 数据量: 40 天
2025-06-14 11:42:30,935 -   📈 技术分析结果:
2025-06-14 11:42:30,935 -     最新价格: 6.81
2025-06-14 11:42:30,935 -     最新日期: 2025-06-13
2025-06-14 11:42:30,935 -     下跌趋势: 是
2025-06-14 11:42:30,935 -     高位上影线: 有
2025-06-14 11:42:30,936 -     温和放量: 否
2025-06-14 11:42:30,936 -     量比: 5.15
2025-06-14 11:42:30,936 -     放量原因: 成交量过大，量比5.15超过1.8
2025-06-14 11:42:30,937 -     MA5: 6.48
2025-06-14 11:42:30,937 -     MA20: 6.51
2025-06-14 11:42:30,937 -   ❌ 002208 未通过筛选，原因: 下跌趋势, 高位上影线, 非温和放量(成交量过大，量比5.15超过1.8)
2025-06-14 11:42:31,939 - 
(9/13) 正在分析股票: 000852
2025-06-14 11:42:32,146 -   📊 数据量: 40 天
2025-06-14 11:42:32,148 -   📈 技术分析结果:
2025-06-14 11:42:32,148 -     最新价格: 6.89
2025-06-14 11:42:32,148 -     最新日期: 2025-06-13
2025-06-14 11:42:32,149 -     下跌趋势: 否
2025-06-14 11:42:32,149 -     高位上影线: 有
2025-06-14 11:42:32,149 -     温和放量: 否
2025-06-14 11:42:32,150 -     量比: 2.88
2025-06-14 11:42:32,150 -     放量原因: 成交量过大，量比2.88超过1.8
2025-06-14 11:42:32,151 -     MA5: 6.64
2025-06-14 11:42:32,151 -     MA20: 6.39
2025-06-14 11:42:32,151 -   ❌ 000852 未通过筛选，原因: 高位上影线, 非温和放量(成交量过大，量比2.88超过1.8)
2025-06-14 11:42:33,152 - 
(10/13) 正在分析股票: 000096
2025-06-14 11:42:33,356 -   📊 数据量: 40 天
2025-06-14 11:42:33,358 -   📈 技术分析结果:
2025-06-14 11:42:33,358 -     最新价格: 14.20
2025-06-14 11:42:33,359 -     最新日期: 2025-06-13
2025-06-14 11:42:33,359 -     下跌趋势: 是
2025-06-14 11:42:33,360 -     高位上影线: 有
2025-06-14 11:42:33,360 -     温和放量: 否
2025-06-14 11:42:33,360 -     量比: 2.37
2025-06-14 11:42:33,361 -     放量原因: 成交量过大，量比2.37超过1.8
2025-06-14 11:42:33,361 -     MA5: 13.87
2025-06-14 11:42:33,362 -     MA20: 15.53
2025-06-14 11:42:33,362 -   ❌ 000096 未通过筛选，原因: 下跌趋势, 高位上影线, 非温和放量(成交量过大，量比2.37超过1.8)
2025-06-14 11:42:34,363 - 
(11/13) 正在分析股票: 603718
2025-06-14 11:42:34,595 -   📊 数据量: 40 天
2025-06-14 11:42:34,597 -   📈 技术分析结果:
2025-06-14 11:42:34,598 -     最新价格: 7.73
2025-06-14 11:42:34,598 -     最新日期: 2025-06-13
2025-06-14 11:42:34,598 -     下跌趋势: 否
2025-06-14 11:42:34,599 -     高位上影线: 有
2025-06-14 11:42:34,599 -     温和放量: 否
2025-06-14 11:42:34,599 -     量比: 3.32
2025-06-14 11:42:34,599 -     放量原因: 成交量过大，量比3.32超过1.8
2025-06-14 11:42:34,599 -     MA5: 7.51
2025-06-14 11:42:34,600 -     MA20: 7.21
2025-06-14 11:42:34,600 -   ❌ 603718 未通过筛选，原因: 高位上影线, 非温和放量(成交量过大，量比3.32超过1.8)
2025-06-14 11:42:35,602 - 
(12/13) 正在分析股票: 000905
2025-06-14 11:42:35,815 -   📊 数据量: 40 天
2025-06-14 11:42:35,818 -   📈 技术分析结果:
2025-06-14 11:42:35,818 -     最新价格: 8.44
2025-06-14 11:42:35,819 -     最新日期: 2025-06-13
2025-06-14 11:42:35,819 -     下跌趋势: 否
2025-06-14 11:42:35,819 -     高位上影线: 无
2025-06-14 11:42:35,820 -     温和放量: 是
2025-06-14 11:42:35,820 -     量比: 1.52
2025-06-14 11:42:35,820 -     放量原因: 温和放量，量比1.52
2025-06-14 11:42:35,820 -     MA5: 8.25
2025-06-14 11:42:35,821 -     MA20: 8.16
2025-06-14 11:42:35,821 -   ✅ 000905 通过技术分析和温和放量筛选!
2025-06-14 11:42:36,823 - 
(13/13) 正在分析股票: 300099
2025-06-14 11:42:37,043 -   📊 数据量: 40 天
2025-06-14 11:42:37,045 -   📈 技术分析结果:
2025-06-14 11:42:37,045 -     最新价格: 7.11
2025-06-14 11:42:37,046 -     最新日期: 2025-06-13
2025-06-14 11:42:37,046 -     下跌趋势: 否
2025-06-14 11:42:37,046 -     高位上影线: 有
2025-06-14 11:42:37,046 -     温和放量: 否
2025-06-14 11:42:37,047 -     量比: 2.16
2025-06-14 11:42:37,047 -     放量原因: 成交量过大，量比2.16超过1.8
2025-06-14 11:42:37,047 -     MA5: 6.94
2025-06-14 11:42:37,047 -     MA20: 6.74
2025-06-14 11:42:37,048 -   ❌ 300099 未通过筛选，原因: 高位上影线, 非温和放量(成交量过大，量比2.16超过1.8)
2025-06-14 11:42:38,049 - 
============================================================
2025-06-14 11:42:38,049 - 技术分析汇总结果:
2025-06-14 11:42:38,050 - ============================================================
2025-06-14 11:42:38,050 - ❌ 300327 - 未通过: 高位上影线
2025-06-14 11:42:38,050 - ❌ 300523 - 未通过: 高位上影线, 非温和放量
2025-06-14 11:42:38,050 - ❌ 300337 - 未通过: 高位上影线, 非温和放量
2025-06-14 11:42:38,051 - ❌ 688658 - 未通过: 高位上影线, 非温和放量
2025-06-14 11:42:38,051 - ❌ 002440 - 未通过: 高位上影线
2025-06-14 11:42:38,051 - ❌ 002678 - 未通过: 高位上影线, 非温和放量
2025-06-14 11:42:38,052 - ❌ 601606 - 未通过: 下跌趋势, 高位上影线, 非温和放量
2025-06-14 11:42:38,052 - ❌ 002208 - 未通过: 下跌趋势, 高位上影线, 非温和放量
2025-06-14 11:42:38,052 - ❌ 000852 - 未通过: 高位上影线, 非温和放量
2025-06-14 11:42:38,052 - ❌ 000096 - 未通过: 下跌趋势, 高位上影线, 非温和放量
2025-06-14 11:42:38,053 - ❌ 603718 - 未通过: 高位上影线, 非温和放量
2025-06-14 11:42:38,053 - ✅ 000905 - 通过筛选
2025-06-14 11:42:38,053 - ❌ 300099 - 未通过: 高位上影线, 非温和放量
2025-06-14 11:42:38,053 - 
最终结果: 1 只股票通过技术分析筛选
2025-06-14 11:42:38,054 - 
✅ 准备传递给交易模块的股票代码:
2025-06-14 11:42:38,054 -    📊 000905
2025-06-14 11:42:38,055 - 
============================================================
2025-06-14 11:42:38,055 - 🚀 交易模块启动
2025-06-14 11:42:38,056 - ============================================================
2025-06-14 11:42:38,056 - 📊 筛选时间: 2025-06-14 11:42:38
2025-06-14 11:42:38,056 - 📈 待交易标的数量: 1
2025-06-14 11:42:38,056 - 📋 000905 交易计划:
2025-06-14 11:42:38,057 -    当前价: 8.44
2025-06-14 11:42:38,057 -    买入价: 8.61
2025-06-14 11:42:38,057 -    止损价: 8.02
2025-06-14 11:42:38,057 -    止盈价: 9.12
2025-06-14 11:42:38,057 -    仓位: 1100
2025-06-14 11:42:38,057 - 
📈 准备执行 1 只股票的交易:
2025-06-14 11:42:38,058 - (1) 000905 - 优先级: 1
2025-06-14 11:42:38,058 - 🔄 模拟执行交易: 000905
2025-06-14 11:42:38,058 -    委托价格: 8.61
2025-06-14 11:42:38,058 -    委托数量: 1100 股
2025-06-14 11:42:38,061 - 💾 交易计划已保存: data/trading_plans/trading_plan_20250614_114238.csv
2025-06-14 11:42:38,061 - 📊 共保存 1 个交易标的
2025-06-14 14:53:24,841 - 📁 日志将保存到: logs\stock_analysis_20250614.log
2025-06-14 14:53:24,842 - 📁 发现已存在的数据文件: ..\data\stock_pool_data\stock_data_pool20250614.csv
2025-06-14 14:53:24,842 - 🔄 直接加载本地CSV文件
2025-06-14 14:53:25,262 - 最新交易日: 2025-06-13
2025-06-14 14:53:25,262 - 准备分析初次筛选出的13 只股票
2025-06-14 14:53:25,262 - 股票代码: ['300327', '300523', '300337', '688658', '002440', '002678', '601606', '002208', '000852', '000096', '603718', '000905', '300099']
2025-06-14 14:53:25,263 - 数据日期范围: 20250415 到 20250614
2025-06-14 14:53:25,263 - ============================================================
2025-06-14 14:53:25,263 - 
(1/13) 正在分析股票: 300327
2025-06-14 14:53:25,366 -   📊 数据量: 39 天
2025-06-14 14:53:25,372 -   📈 技术分析结果:
2025-06-14 14:53:25,373 -     最新价格: 24.76
2025-06-14 14:53:25,373 -     最新日期: 2025-06-13
2025-06-14 14:53:25,374 -     下跌趋势: 否
2025-06-14 14:53:25,374 -     高位上影线: 有
2025-06-14 14:53:25,374 -     温和放量: 是
2025-06-14 14:53:25,374 -     量比: 1.62
2025-06-14 14:53:25,375 -     放量原因: 温和放量，量比1.62
2025-06-14 14:53:25,375 -     MA5: 23.02
2025-06-14 14:53:25,375 -     MA20: 21.64
2025-06-14 14:53:25,376 -   ❌ 300327 未通过筛选，原因: 高位上影线
2025-06-14 14:53:25,376 - 
(2/13) 正在分析股票: 300523
2025-06-14 14:53:25,537 -   📊 数据量: 40 天
2025-06-14 14:53:25,539 -   📈 技术分析结果:
2025-06-14 14:53:25,540 -     最新价格: 22.41
2025-06-14 14:53:25,540 -     最新日期: 2025-06-13
2025-06-14 14:53:25,540 -     下跌趋势: 否
2025-06-14 14:53:25,541 -     高位上影线: 有
2025-06-14 14:53:25,541 -     温和放量: 否
2025-06-14 14:53:25,542 -     量比: 2.57
2025-06-14 14:53:25,542 -     放量原因: 成交量过大，量比2.57超过1.8
2025-06-14 14:53:25,542 -     MA5: 21.79
2025-06-14 14:53:25,542 -     MA20: 21.72
2025-06-14 14:53:25,543 -   ❌ 300523 未通过筛选，原因: 高位上影线, 非温和放量(成交量过大，量比2.57超过1.8)
2025-06-14 14:53:25,543 - 
(3/13) 正在分析股票: 300337
2025-06-14 14:53:25,649 -   📊 数据量: 40 天
2025-06-14 14:53:25,650 -   📈 技术分析结果:
2025-06-14 14:53:25,651 -     最新价格: 10.70
2025-06-14 14:53:25,652 -     最新日期: 2025-06-13
2025-06-14 14:53:25,652 -     下跌趋势: 否
2025-06-14 14:53:25,652 -     高位上影线: 有
2025-06-14 14:53:25,652 -     温和放量: 否
2025-06-14 14:53:25,652 -     量比: 4.99
2025-06-14 14:53:25,653 -     放量原因: 成交量过大，量比4.99超过1.8
2025-06-14 14:53:25,653 -     MA5: 10.26
2025-06-14 14:53:25,653 -     MA20: 10.17
2025-06-14 14:53:25,653 -   ❌ 300337 未通过筛选，原因: 高位上影线, 非温和放量(成交量过大，量比4.99超过1.8)
2025-06-14 14:53:25,654 - 
(4/13) 正在分析股票: 688658
2025-06-14 14:53:25,753 -   📊 数据量: 40 天
2025-06-14 14:53:25,756 -   📈 技术分析结果:
2025-06-14 14:53:25,756 -     最新价格: 17.22
2025-06-14 14:53:25,756 -     最新日期: 2025-06-13
2025-06-14 14:53:25,757 -     下跌趋势: 否
2025-06-14 14:53:25,757 -     高位上影线: 有
2025-06-14 14:53:25,757 -     温和放量: 否
2025-06-14 14:53:25,758 -     量比: 2.84
2025-06-14 14:53:25,758 -     放量原因: 成交量过大，量比2.84超过1.8
2025-06-14 14:53:25,758 -     MA5: 16.06
2025-06-14 14:53:25,758 -     MA20: 14.82
2025-06-14 14:53:25,758 -   ❌ 688658 未通过筛选，原因: 高位上影线, 非温和放量(成交量过大，量比2.84超过1.8)
2025-06-14 14:53:25,759 - 
(5/13) 正在分析股票: 002440
2025-06-14 14:53:25,877 -   📊 数据量: 40 天
2025-06-14 14:53:25,879 -   📈 技术分析结果:
2025-06-14 14:53:25,879 -     最新价格: 8.20
2025-06-14 14:53:25,879 -     最新日期: 2025-06-13
2025-06-14 14:53:25,879 -     下跌趋势: 否
2025-06-14 14:53:25,880 -     高位上影线: 有
2025-06-14 14:53:25,880 -     温和放量: 是
2025-06-14 14:53:25,880 -     量比: 1.30
2025-06-14 14:53:25,880 -     放量原因: 温和放量，量比1.30
2025-06-14 14:53:25,881 -     MA5: 8.01
2025-06-14 14:53:25,881 -     MA20: 7.57
2025-06-14 14:53:25,881 -   ❌ 002440 未通过筛选，原因: 高位上影线
2025-06-14 14:53:25,881 - 
(6/13) 正在分析股票: 002678
2025-06-14 14:53:26,000 -   📊 数据量: 40 天
2025-06-14 14:53:26,002 -   📈 技术分析结果:
2025-06-14 14:53:26,003 -     最新价格: 5.09
2025-06-14 14:53:26,003 -     最新日期: 2025-06-13
2025-06-14 14:53:26,003 -     下跌趋势: 否
2025-06-14 14:53:26,003 -     高位上影线: 有
2025-06-14 14:53:26,004 -     温和放量: 否
2025-06-14 14:53:26,004 -     量比: 2.29
2025-06-14 14:53:26,004 -     放量原因: 成交量过大，量比2.29超过1.8
2025-06-14 14:53:26,005 -     MA5: 4.91
2025-06-14 14:53:26,005 -     MA20: 4.72
2025-06-14 14:53:26,005 -   ❌ 002678 未通过筛选，原因: 高位上影线, 非温和放量(成交量过大，量比2.29超过1.8)
2025-06-14 14:53:26,005 - 
(7/13) 正在分析股票: 601606
2025-06-14 14:53:26,132 -   📊 数据量: 40 天
2025-06-14 14:53:26,134 -   📈 技术分析结果:
2025-06-14 14:53:26,134 -     最新价格: 13.39
2025-06-14 14:53:26,135 -     最新日期: 2025-06-13
2025-06-14 14:53:26,135 -     下跌趋势: 是
2025-06-14 14:53:26,135 -     高位上影线: 有
2025-06-14 14:53:26,135 -     温和放量: 否
2025-06-14 14:53:26,136 -     量比: 1.91
2025-06-14 14:53:26,136 -     放量原因: 成交量过大，量比1.91超过1.8
2025-06-14 14:53:26,136 -     MA5: 13.23
2025-06-14 14:53:26,137 -     MA20: 13.48
2025-06-14 14:53:26,137 -   ❌ 601606 未通过筛选，原因: 下跌趋势, 高位上影线, 非温和放量(成交量过大，量比1.91超过1.8)
2025-06-14 14:53:26,137 - 
(8/13) 正在分析股票: 002208
2025-06-14 14:53:26,273 -   📊 数据量: 40 天
2025-06-14 14:53:26,276 -   📈 技术分析结果:
2025-06-14 14:53:26,276 -     最新价格: 6.81
2025-06-14 14:53:26,277 -     最新日期: 2025-06-13
2025-06-14 14:53:26,277 -     下跌趋势: 是
2025-06-14 14:53:26,277 -     高位上影线: 有
2025-06-14 14:53:26,277 -     温和放量: 否
2025-06-14 14:53:26,277 -     量比: 5.15
2025-06-14 14:53:26,277 -     放量原因: 成交量过大，量比5.15超过1.8
2025-06-14 14:53:26,277 -     MA5: 6.48
2025-06-14 14:53:26,278 -     MA20: 6.51
2025-06-14 14:53:26,278 -   ❌ 002208 未通过筛选，原因: 下跌趋势, 高位上影线, 非温和放量(成交量过大，量比5.15超过1.8)
2025-06-14 14:53:26,278 - 
(9/13) 正在分析股票: 000852
2025-06-14 14:53:26,440 -   📊 数据量: 40 天
2025-06-14 14:53:26,443 -   📈 技术分析结果:
2025-06-14 14:53:26,444 -     最新价格: 6.89
2025-06-14 14:53:26,444 -     最新日期: 2025-06-13
2025-06-14 14:53:26,444 -     下跌趋势: 否
2025-06-14 14:53:26,445 -     高位上影线: 有
2025-06-14 14:53:26,445 -     温和放量: 否
2025-06-14 14:53:26,445 -     量比: 2.88
2025-06-14 14:53:26,446 -     放量原因: 成交量过大，量比2.88超过1.8
2025-06-14 14:53:26,446 -     MA5: 6.64
2025-06-14 14:53:26,446 -     MA20: 6.39
2025-06-14 14:53:26,446 -   ❌ 000852 未通过筛选，原因: 高位上影线, 非温和放量(成交量过大，量比2.88超过1.8)
2025-06-14 14:53:26,446 - 
(10/13) 正在分析股票: 000096
2025-06-14 14:53:26,626 -   📊 数据量: 40 天
2025-06-14 14:53:26,628 -   📈 技术分析结果:
2025-06-14 14:53:26,628 -     最新价格: 14.20
2025-06-14 14:53:26,629 -     最新日期: 2025-06-13
2025-06-14 14:53:26,629 -     下跌趋势: 是
2025-06-14 14:53:26,629 -     高位上影线: 有
2025-06-14 14:53:26,630 -     温和放量: 否
2025-06-14 14:53:26,630 -     量比: 2.37
2025-06-14 14:53:26,631 -     放量原因: 成交量过大，量比2.37超过1.8
2025-06-14 14:53:26,631 -     MA5: 13.87
2025-06-14 14:53:26,632 -     MA20: 15.53
2025-06-14 14:53:26,632 -   ❌ 000096 未通过筛选，原因: 下跌趋势, 高位上影线, 非温和放量(成交量过大，量比2.37超过1.8)
2025-06-14 14:53:26,633 - 
(11/13) 正在分析股票: 603718
2025-06-14 14:53:26,805 -   📊 数据量: 40 天
2025-06-14 14:53:26,808 -   📈 技术分析结果:
2025-06-14 14:53:26,809 -     最新价格: 7.73
2025-06-14 14:53:26,809 -     最新日期: 2025-06-13
2025-06-14 14:53:26,810 -     下跌趋势: 否
2025-06-14 14:53:26,810 -     高位上影线: 有
2025-06-14 14:53:26,810 -     温和放量: 否
2025-06-14 14:53:26,811 -     量比: 3.32
2025-06-14 14:53:26,811 -     放量原因: 成交量过大，量比3.32超过1.8
2025-06-14 14:53:26,811 -     MA5: 7.51
2025-06-14 14:53:26,811 -     MA20: 7.21
2025-06-14 14:53:26,812 -   ❌ 603718 未通过筛选，原因: 高位上影线, 非温和放量(成交量过大，量比3.32超过1.8)
2025-06-14 14:53:26,812 - 
(12/13) 正在分析股票: 000905
2025-06-14 14:53:26,978 -   📊 数据量: 40 天
2025-06-14 14:53:26,981 -   📈 技术分析结果:
2025-06-14 14:53:26,981 -     最新价格: 8.44
2025-06-14 14:53:26,981 -     最新日期: 2025-06-13
2025-06-14 14:53:26,982 -     下跌趋势: 否
2025-06-14 14:53:26,982 -     高位上影线: 无
2025-06-14 14:53:26,982 -     温和放量: 是
2025-06-14 14:53:26,983 -     量比: 1.52
2025-06-14 14:53:26,983 -     放量原因: 温和放量，量比1.52
2025-06-14 14:53:26,983 -     MA5: 8.25
2025-06-14 14:53:26,983 -     MA20: 8.16
2025-06-14 14:53:26,984 -   ✅ 000905 通过技术分析和温和放量筛选!
2025-06-14 14:53:26,984 - 
(13/13) 正在分析股票: 300099
2025-06-14 14:53:27,155 -   📊 数据量: 40 天
2025-06-14 14:53:27,157 -   📈 技术分析结果:
2025-06-14 14:53:27,158 -     最新价格: 7.11
2025-06-14 14:53:27,158 -     最新日期: 2025-06-13
2025-06-14 14:53:27,159 -     下跌趋势: 否
2025-06-14 14:53:27,159 -     高位上影线: 有
2025-06-14 14:53:27,159 -     温和放量: 否
2025-06-14 14:53:27,160 -     量比: 2.16
2025-06-14 14:53:27,160 -     放量原因: 成交量过大，量比2.16超过1.8
2025-06-14 14:53:27,160 -     MA5: 6.94
2025-06-14 14:53:27,161 -     MA20: 6.74
2025-06-14 14:53:27,161 -   ❌ 300099 未通过筛选，原因: 高位上影线, 非温和放量(成交量过大，量比2.16超过1.8)
2025-06-14 14:53:27,162 - 
============================================================
2025-06-14 14:53:27,162 - 技术分析汇总结果:
2025-06-14 14:53:27,163 - ============================================================
2025-06-14 14:53:27,163 - ❌ 300327 - 未通过: 高位上影线
2025-06-14 14:53:27,164 - ❌ 300523 - 未通过: 高位上影线, 非温和放量
2025-06-14 14:53:27,164 - ❌ 300337 - 未通过: 高位上影线, 非温和放量
2025-06-14 14:53:27,164 - ❌ 688658 - 未通过: 高位上影线, 非温和放量
2025-06-14 14:53:27,165 - ❌ 002440 - 未通过: 高位上影线
2025-06-14 14:53:27,165 - ❌ 002678 - 未通过: 高位上影线, 非温和放量
2025-06-14 14:53:27,165 - ❌ 601606 - 未通过: 下跌趋势, 高位上影线, 非温和放量
2025-06-14 14:53:27,166 - ❌ 002208 - 未通过: 下跌趋势, 高位上影线, 非温和放量
2025-06-14 14:53:27,166 - ❌ 000852 - 未通过: 高位上影线, 非温和放量
2025-06-14 14:53:27,166 - ❌ 000096 - 未通过: 下跌趋势, 高位上影线, 非温和放量
2025-06-14 14:53:27,167 - ❌ 603718 - 未通过: 高位上影线, 非温和放量
2025-06-14 14:53:27,167 - ✅ 000905 - 通过筛选
2025-06-14 14:53:27,167 - ❌ 300099 - 未通过: 高位上影线, 非温和放量
2025-06-14 14:53:27,167 - 
最终结果: 1 只股票通过技术分析筛选
2025-06-14 14:53:27,168 - 
✅ 准备传递给交易模块的股票代码:
2025-06-14 14:53:27,168 -    📊 000905
2025-06-14 14:53:27,169 - 
============================================================
2025-06-14 14:53:27,169 - 🚀 交易模块启动
2025-06-14 14:53:27,170 - ============================================================
2025-06-14 14:53:27,170 - 📊 筛选时间: 2025-06-14 14:53:27
2025-06-14 14:53:27,170 - 📈 待交易标的数量: 1
2025-06-14 14:53:27,171 - 📋 000905 交易计划:
2025-06-14 14:53:27,171 -    当前价: 8.44
2025-06-14 14:53:27,172 -    买入价: 8.61
2025-06-14 14:53:27,172 -    止损价: 8.02
2025-06-14 14:53:27,172 -    止盈价: 9.12
2025-06-14 14:53:27,173 -    仓位: 1100
2025-06-14 14:53:27,173 - 
📈 准备执行 1 只股票的交易:
2025-06-14 14:53:27,174 - (1) 000905 - 优先级: 1
2025-06-14 14:53:27,174 - 🔄 模拟执行交易: 000905
2025-06-14 14:53:27,175 -    委托价格: 8.61
2025-06-14 14:53:27,175 -    委托数量: 1100 股
2025-06-14 14:53:27,182 - 💾 交易计划已保存: data/trading_plans/trading_plan_20250614_145327.csv
2025-06-14 14:53:27,183 - 📊 共保存 1 个交易标的
