2025-06-08 21:45:38,519 - 📁 日志将保存到: logs\stock_analysis_20250608_214538.log
2025-06-08 21:45:38,520 - 📁 发现已存在的数据文件: data\stock_pool_data\stock_data_pool20250608.csv
2025-06-08 21:45:38,520 - 🔄 直接加载本地CSV文件
2025-06-08 21:45:38,553 - 准备分析初次筛选出的17 只股票
2025-06-08 21:45:38,553 - 股票代码: ['300191', '605123', '688503', '600715', '600279', '301367', '000045', '688488', '688518', '300925', '003002', '002645', '301500', '002424', '300210', '301303', '605088']
2025-06-08 21:45:38,553 - 数据日期范围: 20250409 到 20250608
2025-06-08 21:45:38,554 - ============================================================
2025-06-08 21:45:38,554 - 
(1/17) 正在分析股票: 300191
2025-06-08 21:45:38,849 -   📊 数据量: 39 天
2025-06-08 21:45:38,852 -   📈 技术分析结果:
2025-06-08 21:45:38,852 -     最新价格: 17.77
2025-06-08 21:45:38,852 -     最新日期: 2025-06-06
2025-06-08 21:45:38,852 -     下跌趋势: 否
2025-06-08 21:45:38,852 -     高位上影线: 有
2025-06-08 21:45:38,853 -     MA5: 17.31
2025-06-08 21:45:38,853 -     MA20: 16.55
2025-06-08 21:45:38,853 -   ❌ 300191 未通过筛选，原因: 高位上影线
2025-06-08 21:45:39,855 - 
(2/17) 正在分析股票: 605123
2025-06-08 21:45:40,179 -   📊 数据量: 39 天
2025-06-08 21:45:40,182 -   📈 技术分析结果:
2025-06-08 21:45:40,182 -     最新价格: 64.16
2025-06-08 21:45:40,182 -     最新日期: 2025-06-06
2025-06-08 21:45:40,182 -     下跌趋势: 否
2025-06-08 21:45:40,183 -     高位上影线: 有
2025-06-08 21:45:40,183 -     MA5: 61.04
2025-06-08 21:45:40,183 -     MA20: 57.60
2025-06-08 21:45:40,183 -   ❌ 605123 未通过筛选，原因: 高位上影线
2025-06-08 21:45:41,183 - 
(3/17) 正在分析股票: 688503
2025-06-08 21:45:41,400 -   📊 数据量: 39 天
2025-06-08 21:45:41,403 -   📈 技术分析结果:
2025-06-08 21:45:41,403 -     最新价格: 36.30
2025-06-08 21:45:41,403 -     最新日期: 2025-06-06
2025-06-08 21:45:41,404 -     下跌趋势: 否
2025-06-08 21:45:41,404 -     高位上影线: 有
2025-06-08 21:45:41,404 -     MA5: 33.16
2025-06-08 21:45:41,404 -     MA20: 33.13
2025-06-08 21:45:41,404 -   ❌ 688503 未通过筛选，原因: 高位上影线
2025-06-08 21:45:42,405 - 
(4/17) 正在分析股票: 600715
2025-06-08 21:45:47,663 -   📊 数据量: 38 天
2025-06-08 21:45:47,665 -   📈 技术分析结果:
2025-06-08 21:45:47,665 -     最新价格: 2.41
2025-06-08 21:45:47,666 -     最新日期: 2025-06-06
2025-06-08 21:45:47,666 -     下跌趋势: 否
2025-06-08 21:45:47,666 -     高位上影线: 有
2025-06-08 21:45:47,666 -     MA5: 2.34
2025-06-08 21:45:47,666 -     MA20: 2.31
2025-06-08 21:45:47,667 -   ❌ 600715 未通过筛选，原因: 高位上影线
2025-06-08 21:45:48,668 - 
(5/17) 正在分析股票: 600279
2025-06-08 21:45:48,923 -   📊 数据量: 39 天
2025-06-08 21:45:48,925 -   📈 技术分析结果:
2025-06-08 21:45:48,926 -     最新价格: 6.42
2025-06-08 21:45:48,926 -     最新日期: 2025-06-06
2025-06-08 21:45:48,926 -     下跌趋势: 否
2025-06-08 21:45:48,927 -     高位上影线: 有
2025-06-08 21:45:48,927 -     MA5: 6.20
2025-06-08 21:45:48,927 -     MA20: 6.08
2025-06-08 21:45:48,927 -   ❌ 600279 未通过筛选，原因: 高位上影线
2025-06-08 21:45:49,928 - 
(6/17) 正在分析股票: 301367
2025-06-08 21:45:50,169 -   📊 数据量: 39 天
2025-06-08 21:45:50,171 -   📈 技术分析结果:
2025-06-08 21:45:50,172 -     最新价格: 85.56
2025-06-08 21:45:50,172 -     最新日期: 2025-06-06
2025-06-08 21:45:50,172 -     下跌趋势: 是
2025-06-08 21:45:50,172 -     高位上影线: 有
2025-06-08 21:45:50,172 -     MA5: 83.88
2025-06-08 21:45:50,173 -     MA20: 85.16
2025-06-08 21:45:50,173 -   ❌ 301367 未通过筛选，原因: 下跌趋势, 高位上影线
2025-06-08 21:45:51,174 - 
(7/17) 正在分析股票: 000045
2025-06-08 21:45:51,401 -   📊 数据量: 39 天
2025-06-08 21:45:51,403 -   📈 技术分析结果:
2025-06-08 21:45:51,403 -     最新价格: 11.51
2025-06-08 21:45:51,403 -     最新日期: 2025-06-06
2025-06-08 21:45:51,404 -     下跌趋势: 否
2025-06-08 21:45:51,404 -     高位上影线: 有
2025-06-08 21:45:51,404 -     MA5: 11.22
2025-06-08 21:45:51,404 -     MA20: 10.64
2025-06-08 21:45:51,405 -   ❌ 000045 未通过筛选，原因: 高位上影线
2025-06-08 21:45:52,405 - 
(8/17) 正在分析股票: 688488
2025-06-08 21:45:52,639 -   📊 数据量: 39 天
2025-06-08 21:45:52,641 -   📈 技术分析结果:
2025-06-08 21:45:52,642 -     最新价格: 13.52
2025-06-08 21:45:52,642 -     最新日期: 2025-06-06
2025-06-08 21:45:52,642 -     下跌趋势: 否
2025-06-08 21:45:52,642 -     高位上影线: 有
2025-06-08 21:45:52,642 -     MA5: 13.58
2025-06-08 21:45:52,643 -     MA20: 12.05
2025-06-08 21:45:52,643 -   ❌ 688488 未通过筛选，原因: 高位上影线
2025-06-08 21:45:53,643 - 
(9/17) 正在分析股票: 688518
2025-06-08 21:45:53,886 -   📊 数据量: 39 天
2025-06-08 21:45:53,889 -   📈 技术分析结果:
2025-06-08 21:45:53,890 -     最新价格: 17.91
2025-06-08 21:45:53,890 -     最新日期: 2025-06-06
2025-06-08 21:45:53,891 -     下跌趋势: 否
2025-06-08 21:45:53,891 -     高位上影线: 有
2025-06-08 21:45:53,891 -     MA5: 16.71
2025-06-08 21:45:53,891 -     MA20: 16.40
2025-06-08 21:45:53,891 -   ❌ 688518 未通过筛选，原因: 高位上影线
2025-06-08 21:45:54,892 - 
(10/17) 正在分析股票: 300925
2025-06-08 21:45:55,143 -   📊 数据量: 39 天
2025-06-08 21:45:55,146 -   📈 技术分析结果:
2025-06-08 21:45:55,146 -     最新价格: 22.09
2025-06-08 21:45:55,146 -     最新日期: 2025-06-06
2025-06-08 21:45:55,146 -     下跌趋势: 是
2025-06-08 21:45:55,147 -     高位上影线: 无
2025-06-08 21:45:55,147 -     MA5: 21.13
2025-06-08 21:45:55,147 -     MA20: 21.50
2025-06-08 21:45:55,148 -   ❌ 300925 未通过筛选，原因: 下跌趋势
2025-06-08 21:45:56,148 - 
(11/17) 正在分析股票: 003002
2025-06-08 21:45:56,369 -   📊 数据量: 39 天
2025-06-08 21:45:56,371 -   📈 技术分析结果:
2025-06-08 21:45:56,371 -     最新价格: 27.79
2025-06-08 21:45:56,372 -     最新日期: 2025-06-06
2025-06-08 21:45:56,372 -     下跌趋势: 否
2025-06-08 21:45:56,372 -     高位上影线: 有
2025-06-08 21:45:56,373 -     MA5: 27.01
2025-06-08 21:45:56,373 -     MA20: 26.70
2025-06-08 21:45:56,373 -   ❌ 003002 未通过筛选，原因: 高位上影线
2025-06-08 21:45:57,374 - 
(12/17) 正在分析股票: 002645
2025-06-08 21:45:58,031 -   📊 数据量: 39 天
2025-06-08 21:45:58,033 -   📈 技术分析结果:
2025-06-08 21:45:58,033 -     最新价格: 8.63
2025-06-08 21:45:58,034 -     最新日期: 2025-06-06
2025-06-08 21:45:58,034 -     下跌趋势: 否
2025-06-08 21:45:58,035 -     高位上影线: 有
2025-06-08 21:45:58,035 -     MA5: 8.30
2025-06-08 21:45:58,035 -     MA20: 8.22
2025-06-08 21:45:58,035 -   ❌ 002645 未通过筛选，原因: 高位上影线
2025-06-08 21:45:59,036 - 
(13/17) 正在分析股票: 301500
2025-06-08 21:45:59,203 -   📊 数据量: 39 天
2025-06-08 21:45:59,205 -   📈 技术分析结果:
2025-06-08 21:45:59,206 -     最新价格: 20.80
2025-06-08 21:45:59,206 -     最新日期: 2025-06-06
2025-06-08 21:45:59,206 -     下跌趋势: 否
2025-06-08 21:45:59,206 -     高位上影线: 有
2025-06-08 21:45:59,206 -     MA5: 20.34
2025-06-08 21:45:59,207 -     MA20: 19.87
2025-06-08 21:45:59,207 -   ❌ 301500 未通过筛选，原因: 高位上影线
2025-06-08 21:46:00,208 - 
(14/17) 正在分析股票: 002424
2025-06-08 21:46:00,380 -   📊 数据量: 39 天
2025-06-08 21:46:00,382 -   📈 技术分析结果:
2025-06-08 21:46:00,383 -     最新价格: 4.28
2025-06-08 21:46:00,383 -     最新日期: 2025-06-06
2025-06-08 21:46:00,383 -     下跌趋势: 否
2025-06-08 21:46:00,384 -     高位上影线: 有
2025-06-08 21:46:00,384 -     MA5: 4.11
2025-06-08 21:46:00,384 -     MA20: 4.03
2025-06-08 21:46:00,384 -   ❌ 002424 未通过筛选，原因: 高位上影线
2025-06-08 21:46:01,385 - 
(15/17) 正在分析股票: 300210
2025-06-08 21:46:01,546 -   📊 数据量: 39 天
2025-06-08 21:46:01,548 -   📈 技术分析结果:
2025-06-08 21:46:01,549 -     最新价格: 10.97
2025-06-08 21:46:01,549 -     最新日期: 2025-06-06
2025-06-08 21:46:01,549 -     下跌趋势: 否
2025-06-08 21:46:01,549 -     高位上影线: 无
2025-06-08 21:46:01,549 -     MA5: 10.65
2025-06-08 21:46:01,550 -     MA20: 10.38
2025-06-08 21:46:01,550 -   ✅ 300210 通过技术分析筛选!
2025-06-08 21:46:02,551 - 
(16/17) 正在分析股票: 301303
2025-06-08 21:46:02,731 -   📊 数据量: 39 天
2025-06-08 21:46:02,734 -   📈 技术分析结果:
2025-06-08 21:46:02,734 -     最新价格: 14.09
2025-06-08 21:46:02,735 -     最新日期: 2025-06-06
2025-06-08 21:46:02,735 -     下跌趋势: 否
2025-06-08 21:46:02,735 -     高位上影线: 有
2025-06-08 21:46:02,735 -     MA5: 13.73
2025-06-08 21:46:02,735 -     MA20: 13.49
2025-06-08 21:46:02,736 -   ❌ 301303 未通过筛选，原因: 高位上影线
2025-06-08 21:46:03,736 - 
(17/17) 正在分析股票: 605088
2025-06-08 21:46:03,919 -   📊 数据量: 39 天
2025-06-08 21:46:03,922 -   📈 技术分析结果:
2025-06-08 21:46:03,922 -     最新价格: 36.42
2025-06-08 21:46:03,922 -     最新日期: 2025-06-06
2025-06-08 21:46:03,922 -     下跌趋势: 是
2025-06-08 21:46:03,922 -     高位上影线: 有
2025-06-08 21:46:03,923 -     MA5: 34.92
2025-06-08 21:46:03,923 -     MA20: 36.54
2025-06-08 21:46:03,923 -   ❌ 605088 未通过筛选，原因: 下跌趋势, 高位上影线
2025-06-08 21:46:04,924 - 
============================================================
2025-06-08 21:46:04,924 - 技术分析汇总结果:
2025-06-08 21:46:04,924 - ============================================================
2025-06-08 21:46:04,925 - ❌ 300191 - 未通过: 高位上影线
2025-06-08 21:46:04,925 - ❌ 605123 - 未通过: 高位上影线
2025-06-08 21:46:04,925 - ❌ 688503 - 未通过: 高位上影线
2025-06-08 21:46:04,925 - ❌ 600715 - 未通过: 高位上影线
2025-06-08 21:46:04,925 - ❌ 600279 - 未通过: 高位上影线
2025-06-08 21:46:04,926 - ❌ 301367 - 未通过: 下跌趋势, 高位上影线
2025-06-08 21:46:04,926 - ❌ 000045 - 未通过: 高位上影线
2025-06-08 21:46:04,926 - ❌ 688488 - 未通过: 高位上影线
2025-06-08 21:46:04,926 - ❌ 688518 - 未通过: 高位上影线
2025-06-08 21:46:04,926 - ❌ 300925 - 未通过: 下跌趋势
2025-06-08 21:46:04,926 - ❌ 003002 - 未通过: 高位上影线
2025-06-08 21:46:04,927 - ❌ 002645 - 未通过: 高位上影线
2025-06-08 21:46:04,927 - ❌ 301500 - 未通过: 高位上影线
2025-06-08 21:46:04,927 - ❌ 002424 - 未通过: 高位上影线
2025-06-08 21:46:04,927 - ✅ 300210 - 通过筛选
2025-06-08 21:46:04,928 - ❌ 301303 - 未通过: 高位上影线
2025-06-08 21:46:04,928 - ❌ 605088 - 未通过: 下跌趋势, 高位上影线
2025-06-08 21:46:04,928 - 
最终结果: 1 只股票通过技术分析筛选
2025-06-08 21:46:04,928 - 
符合条件的股票详情:
2025-06-08 21:46:04,928 - 代码: 300210
2025-06-08 21:46:04,928 -   最新价格: 10.97
2025-06-08 21:46:04,928 -   MA5: 10.65
2025-06-08 21:46:04,929 -   MA20: 10.38
2025-06-08 21:46:04,929 -   数据天数: 39
