2025-06-08 21:55:58,577 - 📁 日志将保存到: logs\stock_analysis_20250608_215558.log
2025-06-08 21:55:58,577 - 📁 发现已存在的数据文件: data\stock_pool_data\stock_data_pool20250608.csv
2025-06-08 21:55:58,577 - 🔄 直接加载本地CSV文件
2025-06-08 21:55:58,697 - 最新交易日: 2025-06-06
2025-06-08 21:55:58,698 - 准备分析初次筛选出的17 只股票
2025-06-08 21:55:58,698 - 股票代码: ['300191', '605123', '688503', '600715', '600279', '301367', '000045', '688488', '688518', '300925', '003002', '002645', '301500', '002424', '300210', '301303', '605088']
2025-06-08 21:55:58,698 - 数据日期范围: 20250409 到 20250608
2025-06-08 21:55:58,698 - ============================================================
2025-06-08 21:55:58,699 - 
(1/17) 正在分析股票: 300191
2025-06-08 21:55:58,798 -   📊 数据量: 39 天
2025-06-08 21:55:58,801 -   📈 技术分析结果:
2025-06-08 21:55:58,802 -     最新价格: 17.77
2025-06-08 21:55:58,802 -     最新日期: 2025-06-06
2025-06-08 21:55:58,802 -     下跌趋势: 否
2025-06-08 21:55:58,802 -     高位上影线: 有
2025-06-08 21:55:58,802 -     MA5: 17.31
2025-06-08 21:55:58,802 -     MA20: 16.55
2025-06-08 21:55:58,802 -   ❌ 300191 未通过筛选，原因: 高位上影线
2025-06-08 21:55:58,802 - 
(2/17) 正在分析股票: 605123
2025-06-08 21:55:58,881 -   📊 数据量: 39 天
2025-06-08 21:55:58,883 -   📈 技术分析结果:
2025-06-08 21:55:58,883 -     最新价格: 64.16
2025-06-08 21:55:58,884 -     最新日期: 2025-06-06
2025-06-08 21:55:58,884 -     下跌趋势: 否
2025-06-08 21:55:58,884 -     高位上影线: 有
2025-06-08 21:55:58,884 -     MA5: 61.04
2025-06-08 21:55:58,885 -     MA20: 57.60
2025-06-08 21:55:58,885 -   ❌ 605123 未通过筛选，原因: 高位上影线
2025-06-08 21:55:58,885 - 
(3/17) 正在分析股票: 688503
2025-06-08 21:56:00,127 -   📊 数据量: 39 天
2025-06-08 21:56:00,130 -   📈 技术分析结果:
2025-06-08 21:56:00,131 -     最新价格: 36.30
2025-06-08 21:56:00,131 -     最新日期: 2025-06-06
2025-06-08 21:56:00,131 -     下跌趋势: 否
2025-06-08 21:56:00,131 -     高位上影线: 有
2025-06-08 21:56:00,131 -     MA5: 33.16
2025-06-08 21:56:00,131 -     MA20: 33.13
2025-06-08 21:56:00,132 -   ❌ 688503 未通过筛选，原因: 高位上影线
2025-06-08 21:56:01,133 - 
(4/17) 正在分析股票: 600715
2025-06-08 21:56:01,367 -   📊 数据量: 38 天
2025-06-08 21:56:01,370 -   📈 技术分析结果:
2025-06-08 21:56:01,370 -     最新价格: 2.41
2025-06-08 21:56:01,370 -     最新日期: 2025-06-06
2025-06-08 21:56:01,371 -     下跌趋势: 否
2025-06-08 21:56:01,371 -     高位上影线: 有
2025-06-08 21:56:01,371 -     MA5: 2.34
2025-06-08 21:56:01,371 -     MA20: 2.31
2025-06-08 21:56:01,371 -   ❌ 600715 未通过筛选，原因: 高位上影线
2025-06-08 21:56:02,372 - 
(5/17) 正在分析股票: 600279
2025-06-08 21:56:02,595 -   📊 数据量: 39 天
2025-06-08 21:56:02,597 -   📈 技术分析结果:
2025-06-08 21:56:02,598 -     最新价格: 6.42
2025-06-08 21:56:02,598 -     最新日期: 2025-06-06
2025-06-08 21:56:02,598 -     下跌趋势: 否
2025-06-08 21:56:02,598 -     高位上影线: 有
2025-06-08 21:56:02,599 -     MA5: 6.20
2025-06-08 21:56:02,599 -     MA20: 6.08
2025-06-08 21:56:02,599 -   ❌ 600279 未通过筛选，原因: 高位上影线
2025-06-08 21:56:03,600 - 
(6/17) 正在分析股票: 301367
2025-06-08 21:56:03,844 -   📊 数据量: 39 天
2025-06-08 21:56:03,846 -   📈 技术分析结果:
2025-06-08 21:56:03,846 -     最新价格: 85.56
2025-06-08 21:56:03,846 -     最新日期: 2025-06-06
2025-06-08 21:56:03,846 -     下跌趋势: 是
2025-06-08 21:56:03,847 -     高位上影线: 有
2025-06-08 21:56:03,847 -     MA5: 83.88
2025-06-08 21:56:03,847 -     MA20: 85.16
2025-06-08 21:56:03,847 -   ❌ 301367 未通过筛选，原因: 下跌趋势, 高位上影线
2025-06-08 21:56:04,848 - 
(7/17) 正在分析股票: 000045
2025-06-08 21:56:05,075 -   📊 数据量: 39 天
2025-06-08 21:56:05,077 -   📈 技术分析结果:
2025-06-08 21:56:05,078 -     最新价格: 11.51
2025-06-08 21:56:05,078 -     最新日期: 2025-06-06
2025-06-08 21:56:05,078 -     下跌趋势: 否
2025-06-08 21:56:05,079 -     高位上影线: 有
2025-06-08 21:56:05,079 -     MA5: 11.22
2025-06-08 21:56:05,079 -     MA20: 10.64
2025-06-08 21:56:05,079 -   ❌ 000045 未通过筛选，原因: 高位上影线
2025-06-08 21:56:06,080 - 
(8/17) 正在分析股票: 688488
2025-06-08 21:56:06,668 -   📊 数据量: 39 天
2025-06-08 21:56:06,670 -   📈 技术分析结果:
2025-06-08 21:56:06,670 -     最新价格: 13.52
2025-06-08 21:56:06,671 -     最新日期: 2025-06-06
2025-06-08 21:56:06,671 -     下跌趋势: 否
2025-06-08 21:56:06,672 -     高位上影线: 有
2025-06-08 21:56:06,672 -     MA5: 13.58
2025-06-08 21:56:06,672 -     MA20: 12.05
2025-06-08 21:56:06,672 -   ❌ 688488 未通过筛选，原因: 高位上影线
2025-06-08 21:56:07,673 - 
(9/17) 正在分析股票: 688518
2025-06-08 21:56:07,903 -   📊 数据量: 39 天
2025-06-08 21:56:07,906 -   📈 技术分析结果:
2025-06-08 21:56:07,906 -     最新价格: 17.91
2025-06-08 21:56:07,906 -     最新日期: 2025-06-06
2025-06-08 21:56:07,906 -     下跌趋势: 否
2025-06-08 21:56:07,906 -     高位上影线: 有
2025-06-08 21:56:07,907 -     MA5: 16.71
2025-06-08 21:56:07,907 -     MA20: 16.40
2025-06-08 21:56:07,907 -   ❌ 688518 未通过筛选，原因: 高位上影线
2025-06-08 21:56:08,908 - 
(10/17) 正在分析股票: 300925
2025-06-08 21:56:09,530 -   📊 数据量: 39 天
2025-06-08 21:56:09,533 -   📈 技术分析结果:
2025-06-08 21:56:09,533 -     最新价格: 22.09
2025-06-08 21:56:09,534 -     最新日期: 2025-06-06
2025-06-08 21:56:09,534 -     下跌趋势: 是
2025-06-08 21:56:09,534 -     高位上影线: 无
2025-06-08 21:56:09,534 -     MA5: 21.13
2025-06-08 21:56:09,534 -     MA20: 21.50
2025-06-08 21:56:09,534 -   ❌ 300925 未通过筛选，原因: 下跌趋势
2025-06-08 21:56:10,535 - 
(11/17) 正在分析股票: 003002
2025-06-08 21:56:11,101 -   📊 数据量: 39 天
2025-06-08 21:56:11,104 -   📈 技术分析结果:
2025-06-08 21:56:11,104 -     最新价格: 27.79
2025-06-08 21:56:11,105 -     最新日期: 2025-06-06
2025-06-08 21:56:11,105 -     下跌趋势: 否
2025-06-08 21:56:11,105 -     高位上影线: 有
2025-06-08 21:56:11,105 -     MA5: 27.01
2025-06-08 21:56:11,105 -     MA20: 26.70
2025-06-08 21:56:11,105 -   ❌ 003002 未通过筛选，原因: 高位上影线
2025-06-08 21:56:12,106 - 
(12/17) 正在分析股票: 002645
2025-06-08 21:56:12,598 -   📊 数据量: 39 天
2025-06-08 21:56:12,601 -   📈 技术分析结果:
2025-06-08 21:56:12,601 -     最新价格: 8.63
2025-06-08 21:56:12,601 -     最新日期: 2025-06-06
2025-06-08 21:56:12,601 -     下跌趋势: 否
2025-06-08 21:56:12,602 -     高位上影线: 有
2025-06-08 21:56:12,602 -     MA5: 8.30
2025-06-08 21:56:12,602 -     MA20: 8.22
2025-06-08 21:56:12,602 -   ❌ 002645 未通过筛选，原因: 高位上影线
2025-06-08 21:56:13,603 - 
(13/17) 正在分析股票: 301500
2025-06-08 21:56:13,920 -   📊 数据量: 39 天
2025-06-08 21:56:13,922 -   📈 技术分析结果:
2025-06-08 21:56:13,922 -     最新价格: 20.80
2025-06-08 21:56:13,922 -     最新日期: 2025-06-06
2025-06-08 21:56:13,923 -     下跌趋势: 否
2025-06-08 21:56:13,923 -     高位上影线: 有
2025-06-08 21:56:13,923 -     MA5: 20.34
2025-06-08 21:56:13,923 -     MA20: 19.87
2025-06-08 21:56:13,923 -   ❌ 301500 未通过筛选，原因: 高位上影线
2025-06-08 21:56:14,924 - 
(14/17) 正在分析股票: 002424
2025-06-08 21:56:15,510 -   📊 数据量: 39 天
2025-06-08 21:56:15,513 -   📈 技术分析结果:
2025-06-08 21:56:15,513 -     最新价格: 4.28
2025-06-08 21:56:15,513 -     最新日期: 2025-06-06
2025-06-08 21:56:15,513 -     下跌趋势: 否
2025-06-08 21:56:15,514 -     高位上影线: 有
2025-06-08 21:56:15,514 -     MA5: 4.11
2025-06-08 21:56:15,514 -     MA20: 4.03
2025-06-08 21:56:15,514 -   ❌ 002424 未通过筛选，原因: 高位上影线
2025-06-08 21:56:16,515 - 
(15/17) 正在分析股票: 300210
2025-06-08 21:56:16,750 -   📊 数据量: 39 天
2025-06-08 21:56:16,753 -   📈 技术分析结果:
2025-06-08 21:56:16,753 -     最新价格: 10.97
2025-06-08 21:56:16,753 -     最新日期: 2025-06-06
2025-06-08 21:56:16,754 -     下跌趋势: 否
2025-06-08 21:56:16,754 -     高位上影线: 无
2025-06-08 21:56:16,754 -     MA5: 10.65
2025-06-08 21:56:16,754 -     MA20: 10.38
2025-06-08 21:56:16,754 -   ✅ 300210 通过技术分析筛选!
2025-06-08 21:56:17,755 - 
(16/17) 正在分析股票: 301303
2025-06-08 21:56:18,109 -   📊 数据量: 39 天
2025-06-08 21:56:18,112 -   📈 技术分析结果:
2025-06-08 21:56:18,112 -     最新价格: 14.09
2025-06-08 21:56:18,112 -     最新日期: 2025-06-06
2025-06-08 21:56:18,113 -     下跌趋势: 否
2025-06-08 21:56:18,113 -     高位上影线: 有
2025-06-08 21:56:18,113 -     MA5: 13.73
2025-06-08 21:56:18,113 -     MA20: 13.49
2025-06-08 21:56:18,113 -   ❌ 301303 未通过筛选，原因: 高位上影线
2025-06-08 21:56:19,114 - 
(17/17) 正在分析股票: 605088
2025-06-08 21:56:19,379 -   📊 数据量: 39 天
2025-06-08 21:56:19,382 -   📈 技术分析结果:
2025-06-08 21:56:19,383 -     最新价格: 36.42
2025-06-08 21:56:19,383 -     最新日期: 2025-06-06
2025-06-08 21:56:19,383 -     下跌趋势: 是
2025-06-08 21:56:19,384 -     高位上影线: 有
2025-06-08 21:56:19,384 -     MA5: 34.92
2025-06-08 21:56:19,384 -     MA20: 36.54
2025-06-08 21:56:19,384 -   ❌ 605088 未通过筛选，原因: 下跌趋势, 高位上影线
2025-06-08 21:56:20,384 - 
============================================================
2025-06-08 21:56:20,385 - 技术分析汇总结果:
2025-06-08 21:56:20,385 - ============================================================
2025-06-08 21:56:20,385 - ❌ 300191 - 未通过: 高位上影线
2025-06-08 21:56:20,385 - ❌ 605123 - 未通过: 高位上影线
2025-06-08 21:56:20,385 - ❌ 688503 - 未通过: 高位上影线
2025-06-08 21:56:20,385 - ❌ 600715 - 未通过: 高位上影线
2025-06-08 21:56:20,385 - ❌ 600279 - 未通过: 高位上影线
2025-06-08 21:56:20,385 - ❌ 301367 - 未通过: 下跌趋势, 高位上影线
2025-06-08 21:56:20,386 - ❌ 000045 - 未通过: 高位上影线
2025-06-08 21:56:20,386 - ❌ 688488 - 未通过: 高位上影线
2025-06-08 21:56:20,386 - ❌ 688518 - 未通过: 高位上影线
2025-06-08 21:56:20,386 - ❌ 300925 - 未通过: 下跌趋势
2025-06-08 21:56:20,386 - ❌ 003002 - 未通过: 高位上影线
2025-06-08 21:56:20,386 - ❌ 002645 - 未通过: 高位上影线
2025-06-08 21:56:20,386 - ❌ 301500 - 未通过: 高位上影线
2025-06-08 21:56:20,387 - ❌ 002424 - 未通过: 高位上影线
2025-06-08 21:56:20,387 - ✅ 300210 - 通过筛选
2025-06-08 21:56:20,387 - ❌ 301303 - 未通过: 高位上影线
2025-06-08 21:56:20,387 - ❌ 605088 - 未通过: 下跌趋势, 高位上影线
2025-06-08 21:56:20,387 - 
最终结果: 1 只股票通过技术分析筛选
2025-06-08 21:56:20,387 - 
符合条件的股票详情:
2025-06-08 21:56:20,388 - 代码: 300210
2025-06-08 21:56:20,388 -   最新价格: 10.97
2025-06-08 21:56:20,388 -   MA5: 10.65
2025-06-08 21:56:20,388 -   MA20: 10.38
2025-06-08 21:56:20,388 -   数据天数: 39
