2025-07-05 23:12:41,054 - 📁 日志将保存到: logs\stock_analysis_20250705.log
2025-07-05 23:12:41,056 - ❌ 未找到当天数据文件: ..\data\stock_pool_data\stock_data_pool20250705.csv
2025-07-05 23:12:41,056 - 🌐 正在从网络获取股票池数据...
2025-07-05 23:14:51,921 - 📁 日志将保存到: logs\stock_analysis_20250705.log
2025-07-05 23:14:51,922 - ❌ 未找到当天数据文件: ..\data\stock_pool_data\stock_data_pool20250705.csv
2025-07-05 23:14:51,922 - 🌐 正在从网络获取股票池数据...
2025-07-05 23:16:07,724 - 📁 日志将保存到: logs\stock_analysis_20250705.log
2025-07-05 23:16:07,725 - ❌ 未找到当天数据文件: .\data\stock_pool_data\stock_data_pool20250705.csv
2025-07-05 23:16:07,725 - 🌐 正在从网络获取股票池数据...
2025-07-05 23:16:13,767 - 💾 数据已保存到: .\data\stock_pool_data\stock_data_pool20250705.csv
2025-07-05 23:16:14,416 - 最新交易日: 2025-07-04
2025-07-05 23:16:14,416 - 准备分析初次筛选出的16 只股票
2025-07-05 23:16:14,416 - 股票代码: ['688279', '300010', '603256', '601222', '300138', '688076', '601199', '000767', '002609', '600551', '605168', '603069', '002785', '688302', '002827', '603093']
2025-07-05 23:16:14,417 - 数据日期范围: 20250506 到 20250705
2025-07-05 23:16:14,417 - ============================================================
2025-07-05 23:16:14,417 - 
(1/16) 正在分析股票: 688279
2025-07-05 23:16:18,099 -   ❌ 未获取到有效数据
2025-07-05 23:16:19,100 - 
(2/16) 正在分析股票: 300010
2025-07-05 23:16:31,849 - 📁 日志将保存到: logs\stock_analysis_20250705.log
2025-07-05 23:16:31,850 - 📁 发现已存在的数据文件: .\data\stock_pool_data\stock_data_pool20250705.csv
2025-07-05 23:16:31,850 - 🔄 直接加载本地CSV文件
2025-07-05 23:16:32,069 - 最新交易日: 2025-07-04
2025-07-05 23:16:32,070 - 准备分析初次筛选出的16 只股票
2025-07-05 23:16:32,070 - 股票代码: ['688279', '300010', '603256', '601222', '300138', '688076', '601199', '000767', '002609', '600551', '605168', '603069', '002785', '688302', '002827', '603093']
2025-07-05 23:16:32,071 - 数据日期范围: 20250506 到 20250705
2025-07-05 23:16:32,071 - ============================================================
2025-07-05 23:16:32,071 - 
(1/16) 正在分析股票: 688279
2025-07-05 23:16:32,311 -   📊 数据量: 43 天
2025-07-05 23:16:32,434 -   📈 技术分析结果:
2025-07-05 23:16:32,435 -     最新价格: 188.60
2025-07-05 23:16:32,435 -     最新日期: 2025-07-04
2025-07-05 23:16:32,435 -     下跌趋势: 是
2025-07-05 23:16:32,436 -     高位上影线: 有
2025-07-05 23:16:32,436 -     温和放量: 是
2025-07-05 23:16:32,436 -     量比: 1.30
2025-07-05 23:16:32,436 -     放量原因: 温和放量，量比1.30
2025-07-05 23:16:32,436 -     MA5: 181.57
2025-07-05 23:16:32,437 -     MA20: 192.08
2025-07-05 23:16:32,437 -   ❌ 688279 未通过筛选，原因: 下跌趋势, 高位上影线
2025-07-05 23:16:33,437 - 
(2/16) 正在分析股票: 300010
2025-07-05 23:16:33,664 -   📊 数据量: 43 天
2025-07-05 23:16:33,667 -   📈 技术分析结果:
2025-07-05 23:16:33,667 -     最新价格: 8.78
2025-07-05 23:16:33,667 -     最新日期: 2025-07-04
2025-07-05 23:16:33,667 -     下跌趋势: 否
2025-07-05 23:16:33,668 -     高位上影线: 有
2025-07-05 23:16:33,668 -     温和放量: 否
2025-07-05 23:16:33,668 -     量比: 1.14
2025-07-05 23:16:33,669 -     放量原因: 成交量不足，量比1.14小于1.2
2025-07-05 23:16:33,669 -     MA5: 8.50
2025-07-05 23:16:33,669 -     MA20: 7.92
2025-07-05 23:16:33,669 -   ❌ 300010 未通过筛选，原因: 高位上影线, 非温和放量(成交量不足，量比1.14小于1.2)
2025-07-05 23:16:34,671 - 
(3/16) 正在分析股票: 603256
2025-07-05 23:16:34,883 -   📊 数据量: 43 天
2025-07-05 23:16:34,885 -   📈 技术分析结果:
2025-07-05 23:16:34,886 -     最新价格: 18.41
2025-07-05 23:16:34,886 -     最新日期: 2025-07-04
2025-07-05 23:16:34,886 -     下跌趋势: 否
2025-07-05 23:16:34,886 -     高位上影线: 有
2025-07-05 23:16:34,887 -     温和放量: 是
2025-07-05 23:16:34,887 -     量比: 1.77
2025-07-05 23:16:34,887 -     放量原因: 温和放量，量比1.77
2025-07-05 23:16:34,888 -     MA5: 16.63
2025-07-05 23:16:34,888 -     MA20: 13.65
2025-07-05 23:16:34,888 -   ❌ 603256 未通过筛选，原因: 高位上影线
2025-07-05 23:16:35,889 - 
(4/16) 正在分析股票: 601222
2025-07-05 23:16:36,122 -   📊 数据量: 43 天
2025-07-05 23:16:36,126 -   📈 技术分析结果:
2025-07-05 23:16:36,126 -     最新价格: 5.96
2025-07-05 23:16:36,127 -     最新日期: 2025-07-04
2025-07-05 23:16:36,127 -     下跌趋势: 否
2025-07-05 23:16:36,127 -     高位上影线: 有
2025-07-05 23:16:36,127 -     温和放量: 否
2025-07-05 23:16:36,127 -     量比: 4.84
2025-07-05 23:16:36,128 -     放量原因: 成交量过大，量比4.84超过1.8
2025-07-05 23:16:36,128 -     MA5: 5.75
2025-07-05 23:16:36,128 -     MA20: 5.65
2025-07-05 23:16:36,128 -   ❌ 601222 未通过筛选，原因: 高位上影线, 非温和放量(成交量过大，量比4.84超过1.8)
2025-07-05 23:16:37,129 - 
(5/16) 正在分析股票: 300138
2025-07-05 23:16:37,347 -   📊 数据量: 43 天
2025-07-05 23:16:37,351 -   📈 技术分析结果:
2025-07-05 23:16:37,351 -     最新价格: 13.61
2025-07-05 23:16:37,351 -     最新日期: 2025-07-04
2025-07-05 23:16:37,352 -     下跌趋势: 否
2025-07-05 23:16:37,352 -     高位上影线: 无
2025-07-05 23:16:37,352 -     温和放量: 否
2025-07-05 23:16:37,352 -     量比: 1.88
2025-07-05 23:16:37,352 -     放量原因: 成交量过大，量比1.88超过1.8
2025-07-05 23:16:37,352 -     MA5: 12.88
2025-07-05 23:16:37,353 -     MA20: 12.02
2025-07-05 23:16:37,353 -   ❌ 300138 未通过筛选，原因: 非温和放量(成交量过大，量比1.88超过1.8)
2025-07-05 23:16:38,354 - 
(6/16) 正在分析股票: 688076
2025-07-05 23:16:38,554 -   📊 数据量: 43 天
2025-07-05 23:16:38,556 -   📈 技术分析结果:
2025-07-05 23:16:38,556 -     最新价格: 39.01
2025-07-05 23:16:38,556 -     最新日期: 2025-07-04
2025-07-05 23:16:38,557 -     下跌趋势: 否
2025-07-05 23:16:38,557 -     高位上影线: 有
2025-07-05 23:16:38,557 -     温和放量: 否
2025-07-05 23:16:38,557 -     量比: 2.38
2025-07-05 23:16:38,558 -     放量原因: 成交量过大，量比2.38超过1.8
2025-07-05 23:16:38,558 -     MA5: 37.87
2025-07-05 23:16:38,558 -     MA20: 38.23
2025-07-05 23:16:38,559 -   ❌ 688076 未通过筛选，原因: 高位上影线, 非温和放量(成交量过大，量比2.38超过1.8)
2025-07-05 23:16:39,559 - 
(7/16) 正在分析股票: 601199
2025-07-05 23:16:39,772 -   📊 数据量: 43 天
2025-07-05 23:16:39,776 -   📈 技术分析结果:
2025-07-05 23:16:39,776 -     最新价格: 5.63
2025-07-05 23:16:39,776 -     最新日期: 2025-07-04
2025-07-05 23:16:39,776 -     下跌趋势: 否
2025-07-05 23:16:39,776 -     高位上影线: 无
2025-07-05 23:16:39,776 -     温和放量: 否
2025-07-05 23:16:39,777 -     量比: 4.35
2025-07-05 23:16:39,777 -     放量原因: 成交量过大，量比4.35超过1.8
2025-07-05 23:16:39,777 -     MA5: 5.38
2025-07-05 23:16:39,777 -     MA20: 5.27
2025-07-05 23:16:39,778 -   ❌ 601199 未通过筛选，原因: 非温和放量(成交量过大，量比4.35超过1.8)
2025-07-05 23:16:40,779 - 
(8/16) 正在分析股票: 000767
2025-07-05 23:16:41,016 -   📊 数据量: 43 天
2025-07-05 23:16:41,019 -   📈 技术分析结果:
2025-07-05 23:16:41,019 -     最新价格: 3.13
2025-07-05 23:16:41,020 -     最新日期: 2025-07-04
2025-07-05 23:16:41,020 -     下跌趋势: 否
2025-07-05 23:16:41,020 -     高位上影线: 无
2025-07-05 23:16:41,020 -     温和放量: 否
2025-07-05 23:16:41,021 -     量比: 2.21
2025-07-05 23:16:41,021 -     放量原因: 成交量过大，量比2.21超过1.8
2025-07-05 23:16:41,021 -     MA5: 3.00
2025-07-05 23:16:41,021 -     MA20: 2.91
2025-07-05 23:16:41,022 -   ❌ 000767 未通过筛选，原因: 非温和放量(成交量过大，量比2.21超过1.8)
2025-07-05 23:16:42,023 - 
(9/16) 正在分析股票: 002609
2025-07-05 23:16:42,279 -   📊 数据量: 43 天
2025-07-05 23:16:42,282 -   📈 技术分析结果:
2025-07-05 23:16:42,282 -     最新价格: 11.21
2025-07-05 23:16:42,283 -     最新日期: 2025-07-04
2025-07-05 23:16:42,283 -     下跌趋势: 否
2025-07-05 23:16:42,283 -     高位上影线: 有
2025-07-05 23:16:42,283 -     温和放量: 否
2025-07-05 23:16:42,284 -     量比: 1.04
2025-07-05 23:16:42,284 -     放量原因: 成交量不足，量比1.04小于1.2
2025-07-05 23:16:42,284 -     MA5: 11.13
2025-07-05 23:16:42,284 -     MA20: 10.87
2025-07-05 23:16:42,284 -   ❌ 002609 未通过筛选，原因: 高位上影线, 非温和放量(成交量不足，量比1.04小于1.2)
2025-07-05 23:16:43,286 - 
(10/16) 正在分析股票: 600551
2025-07-05 23:16:43,489 -   📊 数据量: 43 天
2025-07-05 23:16:43,491 -   📈 技术分析结果:
2025-07-05 23:16:43,492 -     最新价格: 9.04
2025-07-05 23:16:43,492 -     最新日期: 2025-07-04
2025-07-05 23:16:43,493 -     下跌趋势: 否
2025-07-05 23:16:43,493 -     高位上影线: 有
2025-07-05 23:16:43,493 -     温和放量: 否
2025-07-05 23:16:43,493 -     量比: 2.23
2025-07-05 23:16:43,494 -     放量原因: 成交量过大，量比2.23超过1.8
2025-07-05 23:16:43,494 -     MA5: 8.84
2025-07-05 23:16:43,494 -     MA20: 8.83
2025-07-05 23:16:43,494 -   ❌ 600551 未通过筛选，原因: 高位上影线, 非温和放量(成交量过大，量比2.23超过1.8)
2025-07-05 23:16:44,495 - 
(11/16) 正在分析股票: 605168
2025-07-05 23:16:44,716 -   📊 数据量: 43 天
2025-07-05 23:16:44,720 -   📈 技术分析结果:
2025-07-05 23:16:44,720 -     最新价格: 32.15
2025-07-05 23:16:44,721 -     最新日期: 2025-07-04
2025-07-05 23:16:44,721 -     下跌趋势: 否
2025-07-05 23:16:44,721 -     高位上影线: 有
2025-07-05 23:16:44,721 -     温和放量: 否
2025-07-05 23:16:44,722 -     量比: 2.10
2025-07-05 23:16:44,722 -     放量原因: 成交量过大，量比2.10超过1.8
2025-07-05 23:16:44,722 -     MA5: 30.33
2025-07-05 23:16:44,722 -     MA20: 28.50
2025-07-05 23:16:44,722 -   ❌ 605168 未通过筛选，原因: 高位上影线, 非温和放量(成交量过大，量比2.10超过1.8)
2025-07-05 23:16:45,724 - 
(12/16) 正在分析股票: 603069
2025-07-05 23:16:45,942 -   📊 数据量: 43 天
2025-07-05 23:16:45,944 -   📈 技术分析结果:
2025-07-05 23:16:45,944 -     最新价格: 21.68
2025-07-05 23:16:45,945 -     最新日期: 2025-07-04
2025-07-05 23:16:45,945 -     下跌趋势: 否
2025-07-05 23:16:45,945 -     高位上影线: 有
2025-07-05 23:16:45,945 -     温和放量: 否
2025-07-05 23:16:45,946 -     量比: 2.42
2025-07-05 23:16:45,946 -     放量原因: 成交量过大，量比2.42超过1.8
2025-07-05 23:16:45,946 -     MA5: 21.04
2025-07-05 23:16:45,946 -     MA20: 20.42
2025-07-05 23:16:45,947 -   ❌ 603069 未通过筛选，原因: 高位上影线, 非温和放量(成交量过大，量比2.42超过1.8)
2025-07-05 23:16:46,948 - 
(13/16) 正在分析股票: 002785
2025-07-05 23:16:47,157 -   📊 数据量: 43 天
2025-07-05 23:16:47,160 -   📈 技术分析结果:
2025-07-05 23:16:47,160 -     最新价格: 28.64
2025-07-05 23:16:47,161 -     最新日期: 2025-07-04
2025-07-05 23:16:47,161 -     下跌趋势: 是
2025-07-05 23:16:47,161 -     高位上影线: 有
2025-07-05 23:16:47,161 -     温和放量: 否
2025-07-05 23:16:47,162 -     量比: 1.03
2025-07-05 23:16:47,162 -     放量原因: 成交量不足，量比1.03小于1.2
2025-07-05 23:16:47,162 -     MA5: 28.51
2025-07-05 23:16:47,162 -     MA20: 31.21
2025-07-05 23:16:47,162 -   ❌ 002785 未通过筛选，原因: 下跌趋势, 高位上影线, 非温和放量(成交量不足，量比1.03小于1.2)
2025-07-05 23:16:48,164 - 
(14/16) 正在分析股票: 688302
2025-07-05 23:16:48,374 -   📊 数据量: 43 天
2025-07-05 23:16:48,377 -   📈 技术分析结果:
2025-07-05 23:16:48,377 -     最新价格: 50.86
2025-07-05 23:16:48,377 -     最新日期: 2025-07-04
2025-07-05 23:16:48,377 -     下跌趋势: 否
2025-07-05 23:16:48,378 -     高位上影线: 有
2025-07-05 23:16:48,378 -     温和放量: 是
2025-07-05 23:16:48,378 -     量比: 1.64
2025-07-05 23:16:48,378 -     放量原因: 温和放量，量比1.64
2025-07-05 23:16:48,379 -     MA5: 48.54
2025-07-05 23:16:48,379 -     MA20: 50.47
2025-07-05 23:16:48,379 -   ❌ 688302 未通过筛选，原因: 高位上影线
2025-07-05 23:16:49,380 - 
(15/16) 正在分析股票: 002827
2025-07-05 23:16:49,598 -   📊 数据量: 43 天
2025-07-05 23:16:49,601 -   📈 技术分析结果:
2025-07-05 23:16:49,601 -     最新价格: 33.60
2025-07-05 23:16:49,601 -     最新日期: 2025-07-04
2025-07-05 23:16:49,601 -     下跌趋势: 是
2025-07-05 23:16:49,602 -     高位上影线: 有
2025-07-05 23:16:49,602 -     温和放量: 是
2025-07-05 23:16:49,602 -     量比: 1.37
2025-07-05 23:16:49,603 -     放量原因: 温和放量，量比1.37
2025-07-05 23:16:49,603 -     MA5: 33.01
2025-07-05 23:16:49,603 -     MA20: 33.27
2025-07-05 23:16:49,603 -   ❌ 002827 未通过筛选，原因: 下跌趋势, 高位上影线
2025-07-05 23:16:50,604 - 
(16/16) 正在分析股票: 603093
2025-07-05 23:16:50,824 -   📊 数据量: 43 天
2025-07-05 23:16:50,827 -   📈 技术分析结果:
2025-07-05 23:16:50,827 -     最新价格: 20.29
2025-07-05 23:16:50,828 -     最新日期: 2025-07-04
2025-07-05 23:16:50,828 -     下跌趋势: 否
2025-07-05 23:16:50,828 -     高位上影线: 有
2025-07-05 23:16:50,828 -     温和放量: 否
2025-07-05 23:16:50,829 -     量比: 1.14
2025-07-05 23:16:50,829 -     放量原因: 成交量不足，量比1.14小于1.2
2025-07-05 23:16:50,829 -     MA5: 20.56
2025-07-05 23:16:50,829 -     MA20: 20.45
2025-07-05 23:16:50,829 -   ❌ 603093 未通过筛选，原因: 高位上影线, 非温和放量(成交量不足，量比1.14小于1.2)
2025-07-05 23:16:51,831 - 
============================================================
2025-07-05 23:16:51,831 - 技术分析汇总结果:
2025-07-05 23:16:51,831 - ============================================================
2025-07-05 23:16:51,832 - ❌ 688279 - 未通过: 下跌趋势, 高位上影线
2025-07-05 23:16:51,832 - ❌ 300010 - 未通过: 高位上影线, 非温和放量
2025-07-05 23:16:51,832 - ❌ 603256 - 未通过: 高位上影线
2025-07-05 23:16:51,833 - ❌ 601222 - 未通过: 高位上影线, 非温和放量
2025-07-05 23:16:51,833 - ❌ 300138 - 未通过: 非温和放量
2025-07-05 23:16:51,833 - ❌ 688076 - 未通过: 高位上影线, 非温和放量
2025-07-05 23:16:51,833 - ❌ 601199 - 未通过: 非温和放量
2025-07-05 23:16:51,834 - ❌ 000767 - 未通过: 非温和放量
2025-07-05 23:16:51,834 - ❌ 002609 - 未通过: 高位上影线, 非温和放量
2025-07-05 23:16:51,834 - ❌ 600551 - 未通过: 高位上影线, 非温和放量
2025-07-05 23:16:51,834 - ❌ 605168 - 未通过: 高位上影线, 非温和放量
2025-07-05 23:16:51,834 - ❌ 603069 - 未通过: 高位上影线, 非温和放量
2025-07-05 23:16:51,835 - ❌ 002785 - 未通过: 下跌趋势, 高位上影线, 非温和放量
2025-07-05 23:16:51,835 - ❌ 688302 - 未通过: 高位上影线
2025-07-05 23:16:51,835 - ❌ 002827 - 未通过: 下跌趋势, 高位上影线
2025-07-05 23:16:51,835 - ❌ 603093 - 未通过: 高位上影线, 非温和放量
2025-07-05 23:16:51,835 - 
最终结果: 0 只股票通过技术分析筛选
