2025-06-08 19:35:49,840 - 📁 日志将保存到: logs\stock_analysis_20250608_193549.log
2025-06-08 19:35:49,841 - 📁 发现已存在的数据文件: data\stock_pool_data\stock_data_pool20250608.csv
2025-06-08 19:35:49,841 - 🔄 直接加载本地CSV文件
2025-06-08 19:35:49,899 - 准备分析初次筛选出的17 只股票
2025-06-08 19:35:49,906 - 股票代码: ['300191', '605123', '688503', '600715', '600279', '301367', '000045', '688488', '688518', '300925', '003002', '002645', '301500', '002424', '300210', '301303', '605088']
2025-06-08 19:35:49,906 - 数据日期范围: 20250409 到 20250608
2025-06-08 19:35:49,906 - ============================================================
2025-06-08 19:35:49,907 - 
(1/17) 正在分析股票: 300191
2025-06-08 19:35:51,029 -   📊 数据量: 39 天
2025-06-08 19:35:51,036 -   📈 技术分析结果:
2025-06-08 19:35:51,036 -     最新价格: 17.77
2025-06-08 19:35:51,036 -     最新日期: 2025-06-06
2025-06-08 19:35:51,036 -     下跌趋势: 否
2025-06-08 19:35:51,037 -     高位上影线: 是
2025-06-08 19:35:51,037 -     MA5: 17.31
2025-06-08 19:35:51,037 -     MA20: 16.55
2025-06-08 19:35:51,037 -   ❌ 300191 未通过筛选，原因: 高位上影线
2025-06-08 19:35:52,037 - 
(2/17) 正在分析股票: 605123
2025-06-08 19:35:53,708 -   📊 数据量: 39 天
2025-06-08 19:35:53,710 -   📈 技术分析结果:
2025-06-08 19:35:53,711 -     最新价格: 64.16
2025-06-08 19:35:53,711 -     最新日期: 2025-06-06
2025-06-08 19:35:53,711 -     下跌趋势: 否
2025-06-08 19:35:53,711 -     高位上影线: 是
2025-06-08 19:35:53,711 -     MA5: 61.04
2025-06-08 19:35:53,711 -     MA20: 57.60
2025-06-08 19:35:53,711 -   ❌ 605123 未通过筛选，原因: 高位上影线
2025-06-08 19:35:54,712 - 
(3/17) 正在分析股票: 688503
2025-06-08 19:35:54,892 -   📊 数据量: 39 天
2025-06-08 19:35:54,895 -   📈 技术分析结果:
2025-06-08 19:35:54,895 -     最新价格: 36.30
2025-06-08 19:35:54,895 -     最新日期: 2025-06-06
2025-06-08 19:35:54,896 -     下跌趋势: 否
2025-06-08 19:35:54,896 -     高位上影线: 是
2025-06-08 19:35:54,896 -     MA5: 33.16
2025-06-08 19:35:54,897 -     MA20: 33.13
2025-06-08 19:35:54,897 -   ❌ 688503 未通过筛选，原因: 高位上影线
2025-06-08 19:35:55,898 - 
(4/17) 正在分析股票: 600715
2025-06-08 19:35:56,168 -   📊 数据量: 38 天
2025-06-08 19:35:56,171 -   📈 技术分析结果:
2025-06-08 19:35:56,171 -     最新价格: 2.41
2025-06-08 19:35:56,171 -     最新日期: 2025-06-06
2025-06-08 19:35:56,171 -     下跌趋势: 否
2025-06-08 19:35:56,172 -     高位上影线: 是
2025-06-08 19:35:56,172 -     MA5: 2.34
2025-06-08 19:35:56,172 -     MA20: 2.31
2025-06-08 19:35:56,173 -   ❌ 600715 未通过筛选，原因: 高位上影线
2025-06-08 19:35:57,173 - 
(5/17) 正在分析股票: 600279
2025-06-08 19:35:58,265 -   📊 数据量: 39 天
2025-06-08 19:35:58,269 -   📈 技术分析结果:
2025-06-08 19:35:58,269 -     最新价格: 6.42
2025-06-08 19:35:58,270 -     最新日期: 2025-06-06
2025-06-08 19:35:58,270 -     下跌趋势: 否
2025-06-08 19:35:58,270 -     高位上影线: 是
2025-06-08 19:35:58,271 -     MA5: 6.20
2025-06-08 19:35:58,271 -     MA20: 6.08
2025-06-08 19:35:58,271 -   ❌ 600279 未通过筛选，原因: 高位上影线
2025-06-08 19:35:59,272 - 
(6/17) 正在分析股票: 301367
2025-06-08 19:35:59,776 -   📊 数据量: 39 天
2025-06-08 19:35:59,778 -   📈 技术分析结果:
2025-06-08 19:35:59,778 -     最新价格: 85.56
2025-06-08 19:35:59,778 -     最新日期: 2025-06-06
2025-06-08 19:35:59,779 -     下跌趋势: 是
2025-06-08 19:35:59,779 -     高位上影线: 是
2025-06-08 19:35:59,779 -     MA5: 83.88
2025-06-08 19:35:59,779 -     MA20: 85.16
2025-06-08 19:35:59,779 -   ❌ 301367 未通过筛选，原因: 下跌趋势, 高位上影线
2025-06-08 19:36:00,780 - 
(7/17) 正在分析股票: 000045
2025-06-08 19:36:00,960 -   📊 数据量: 39 天
2025-06-08 19:36:00,962 -   📈 技术分析结果:
2025-06-08 19:36:00,963 -     最新价格: 11.51
2025-06-08 19:36:00,963 -     最新日期: 2025-06-06
2025-06-08 19:36:00,963 -     下跌趋势: 否
2025-06-08 19:36:00,963 -     高位上影线: 是
2025-06-08 19:36:00,963 -     MA5: 11.22
2025-06-08 19:36:00,963 -     MA20: 10.64
2025-06-08 19:36:00,963 -   ❌ 000045 未通过筛选，原因: 高位上影线
2025-06-08 19:36:01,964 - 
(8/17) 正在分析股票: 688488
2025-06-08 19:36:02,420 -   📊 数据量: 39 天
2025-06-08 19:36:02,423 -   📈 技术分析结果:
2025-06-08 19:36:02,423 -     最新价格: 13.52
2025-06-08 19:36:02,424 -     最新日期: 2025-06-06
2025-06-08 19:36:02,424 -     下跌趋势: 否
2025-06-08 19:36:02,425 -     高位上影线: 是
2025-06-08 19:36:02,425 -     MA5: 13.58
2025-06-08 19:36:02,425 -     MA20: 12.05
2025-06-08 19:36:02,425 -   ❌ 688488 未通过筛选，原因: 高位上影线
2025-06-08 19:36:03,427 - 
(9/17) 正在分析股票: 688518
2025-06-08 19:36:03,611 -   📊 数据量: 39 天
2025-06-08 19:36:03,615 -   📈 技术分析结果:
2025-06-08 19:36:03,615 -     最新价格: 17.91
2025-06-08 19:36:03,615 -     最新日期: 2025-06-06
2025-06-08 19:36:03,615 -     下跌趋势: 否
2025-06-08 19:36:03,615 -     高位上影线: 是
2025-06-08 19:36:03,615 -     MA5: 16.71
2025-06-08 19:36:03,615 -     MA20: 16.40
2025-06-08 19:36:03,615 -   ❌ 688518 未通过筛选，原因: 高位上影线
2025-06-08 19:36:04,616 - 
(10/17) 正在分析股票: 300925
2025-06-08 19:36:05,452 -   📊 数据量: 39 天
2025-06-08 19:36:05,455 -   📈 技术分析结果:
2025-06-08 19:36:05,455 -     最新价格: 22.09
2025-06-08 19:36:05,456 -     最新日期: 2025-06-06
2025-06-08 19:36:05,456 -     下跌趋势: 是
2025-06-08 19:36:05,456 -     高位上影线: 否
2025-06-08 19:36:05,456 -     MA5: 21.13
2025-06-08 19:36:05,457 -     MA20: 21.50
2025-06-08 19:36:05,457 -   ❌ 300925 未通过筛选，原因: 下跌趋势
2025-06-08 19:36:06,458 - 
(11/17) 正在分析股票: 003002
2025-06-08 19:36:06,598 -   📊 数据量: 39 天
2025-06-08 19:36:06,600 -   📈 技术分析结果:
2025-06-08 19:36:06,600 -     最新价格: 27.79
2025-06-08 19:36:06,600 -     最新日期: 2025-06-06
2025-06-08 19:36:06,600 -     下跌趋势: 否
2025-06-08 19:36:06,601 -     高位上影线: 是
2025-06-08 19:36:06,601 -     MA5: 27.01
2025-06-08 19:36:06,601 -     MA20: 26.70
2025-06-08 19:36:06,601 -   ❌ 003002 未通过筛选，原因: 高位上影线
2025-06-08 19:36:07,602 - 
(12/17) 正在分析股票: 002645
2025-06-08 19:36:07,755 -   📊 数据量: 39 天
2025-06-08 19:36:07,758 -   📈 技术分析结果:
2025-06-08 19:36:07,758 -     最新价格: 8.63
2025-06-08 19:36:07,758 -     最新日期: 2025-06-06
2025-06-08 19:36:07,758 -     下跌趋势: 否
2025-06-08 19:36:07,759 -     高位上影线: 是
2025-06-08 19:36:07,759 -     MA5: 8.30
2025-06-08 19:36:07,759 -     MA20: 8.22
2025-06-08 19:36:07,759 -   ❌ 002645 未通过筛选，原因: 高位上影线
2025-06-08 19:36:08,759 - 
(13/17) 正在分析股票: 301500
2025-06-08 19:36:08,921 -   📊 数据量: 39 天
2025-06-08 19:36:08,924 -   📈 技术分析结果:
2025-06-08 19:36:08,924 -     最新价格: 20.80
2025-06-08 19:36:08,924 -     最新日期: 2025-06-06
2025-06-08 19:36:08,924 -     下跌趋势: 否
2025-06-08 19:36:08,925 -     高位上影线: 是
2025-06-08 19:36:08,925 -     MA5: 20.34
2025-06-08 19:36:08,925 -     MA20: 19.87
2025-06-08 19:36:08,925 -   ❌ 301500 未通过筛选，原因: 高位上影线
2025-06-08 19:36:09,926 - 
(14/17) 正在分析股票: 002424
2025-06-08 19:36:10,145 -   📊 数据量: 39 天
2025-06-08 19:36:10,148 -   📈 技术分析结果:
2025-06-08 19:36:10,149 -     最新价格: 4.28
2025-06-08 19:36:10,149 -     最新日期: 2025-06-06
2025-06-08 19:36:10,149 -     下跌趋势: 否
2025-06-08 19:36:10,149 -     高位上影线: 是
2025-06-08 19:36:10,150 -     MA5: 4.11
2025-06-08 19:36:10,150 -     MA20: 4.03
2025-06-08 19:36:10,150 -   ❌ 002424 未通过筛选，原因: 高位上影线
2025-06-08 19:36:11,151 - 
(15/17) 正在分析股票: 300210
2025-06-08 19:36:11,295 -   📊 数据量: 39 天
2025-06-08 19:36:11,298 -   📈 技术分析结果:
2025-06-08 19:36:11,299 -     最新价格: 10.97
2025-06-08 19:36:11,299 -     最新日期: 2025-06-06
2025-06-08 19:36:11,299 -     下跌趋势: 否
2025-06-08 19:36:11,299 -     高位上影线: 否
2025-06-08 19:36:11,299 -     MA5: 10.65
2025-06-08 19:36:11,300 -     MA20: 10.38
2025-06-08 19:36:11,300 -   ✅ 300210 通过技术分析筛选!
2025-06-08 19:36:12,301 - 
(16/17) 正在分析股票: 301303
2025-06-08 19:36:12,451 -   📊 数据量: 39 天
2025-06-08 19:36:12,454 -   📈 技术分析结果:
2025-06-08 19:36:12,455 -     最新价格: 14.09
2025-06-08 19:36:12,455 -     最新日期: 2025-06-06
2025-06-08 19:36:12,455 -     下跌趋势: 否
2025-06-08 19:36:12,455 -     高位上影线: 是
2025-06-08 19:36:12,455 -     MA5: 13.73
2025-06-08 19:36:12,456 -     MA20: 13.49
2025-06-08 19:36:12,456 -   ❌ 301303 未通过筛选，原因: 高位上影线
2025-06-08 19:36:13,457 - 
(17/17) 正在分析股票: 605088
2025-06-08 19:36:13,609 -   📊 数据量: 39 天
2025-06-08 19:36:13,612 -   📈 技术分析结果:
2025-06-08 19:36:13,612 -     最新价格: 36.42
2025-06-08 19:36:13,612 -     最新日期: 2025-06-06
2025-06-08 19:36:13,613 -     下跌趋势: 是
2025-06-08 19:36:13,613 -     高位上影线: 是
2025-06-08 19:36:13,613 -     MA5: 34.92
2025-06-08 19:36:13,613 -     MA20: 36.54
2025-06-08 19:36:13,613 -   ❌ 605088 未通过筛选，原因: 下跌趋势, 高位上影线
2025-06-08 19:36:14,614 - 
============================================================
2025-06-08 19:36:14,614 - 技术分析汇总结果:
2025-06-08 19:36:14,614 - ============================================================
2025-06-08 19:36:14,615 - ❌ 300191 - 未通过: 高位上影线
2025-06-08 19:36:14,615 - ❌ 605123 - 未通过: 高位上影线
2025-06-08 19:36:14,615 - ❌ 688503 - 未通过: 高位上影线
2025-06-08 19:36:14,615 - ❌ 600715 - 未通过: 高位上影线
2025-06-08 19:36:14,615 - ❌ 600279 - 未通过: 高位上影线
2025-06-08 19:36:14,616 - ❌ 301367 - 未通过: 下跌趋势, 高位上影线
2025-06-08 19:36:14,616 - ❌ 000045 - 未通过: 高位上影线
2025-06-08 19:36:14,616 - ❌ 688488 - 未通过: 高位上影线
2025-06-08 19:36:14,616 - ❌ 688518 - 未通过: 高位上影线
2025-06-08 19:36:14,616 - ❌ 300925 - 未通过: 下跌趋势
2025-06-08 19:36:14,616 - ❌ 003002 - 未通过: 高位上影线
2025-06-08 19:36:14,617 - ❌ 002645 - 未通过: 高位上影线
2025-06-08 19:36:14,617 - ❌ 301500 - 未通过: 高位上影线
2025-06-08 19:36:14,617 - ❌ 002424 - 未通过: 高位上影线
2025-06-08 19:36:14,617 - ✅ 300210 - 通过筛选
2025-06-08 19:36:14,617 - ❌ 301303 - 未通过: 高位上影线
2025-06-08 19:36:14,617 - ❌ 605088 - 未通过: 下跌趋势, 高位上影线
2025-06-08 19:36:14,617 - 
最终结果: 1 只股票通过技术分析筛选
2025-06-08 19:36:14,617 - 
符合条件的股票详情:
2025-06-08 19:36:14,618 - 代码: 300210
2025-06-08 19:36:14,618 -   最新价格: 10.97
2025-06-08 19:36:14,618 -   MA5: 10.65
2025-06-08 19:36:14,618 -   MA20: 10.38
2025-06-08 19:36:14,618 -   数据天数: 39
2025-06-08 19:36:14,618 - 🔄 在线获取数据模式
