2025-06-08 20:33:58,330 - 📁 日志将保存到: logs\stock_analysis_20250608_203358.log
2025-06-08 20:33:58,331 - 📁 发现已存在的数据文件: data\stock_pool_data\stock_data_pool20250608.csv
2025-06-08 20:33:58,331 - 🔄 直接加载本地CSV文件
2025-06-08 20:33:58,363 - 准备分析初次筛选出的17 只股票
2025-06-08 20:33:58,364 - 股票代码: ['300191', '605123', '688503', '600715', '600279', '301367', '000045', '688488', '688518', '300925', '003002', '002645', '301500', '002424', '300210', '301303', '605088']
2025-06-08 20:33:58,364 - 数据日期范围: 20250409 到 20250608
2025-06-08 20:33:58,364 - ============================================================
2025-06-08 20:33:58,365 - 
(1/17) 正在分析股票: 300191
2025-06-08 20:33:58,688 -   📊 数据量: 39 天
2025-06-08 20:33:58,691 -   📈 技术分析结果:
2025-06-08 20:33:58,691 -     最新价格: 17.77
2025-06-08 20:33:58,691 -     最新日期: 2025-06-06
2025-06-08 20:33:58,691 -     下跌趋势: 否
2025-06-08 20:33:58,691 -     高位上影线: 有
2025-06-08 20:33:58,691 -     MA5: 17.31
2025-06-08 20:33:58,691 -     MA20: 16.55
2025-06-08 20:33:58,691 -   ❌ 300191 未通过筛选，原因: 高位上影线
2025-06-08 20:33:59,693 - 
(2/17) 正在分析股票: 605123
2025-06-08 20:33:59,993 -   📊 数据量: 39 天
2025-06-08 20:33:59,995 -   📈 技术分析结果:
2025-06-08 20:33:59,996 -     最新价格: 64.16
2025-06-08 20:33:59,996 -     最新日期: 2025-06-06
2025-06-08 20:33:59,996 -     下跌趋势: 否
2025-06-08 20:33:59,996 -     高位上影线: 有
2025-06-08 20:33:59,996 -     MA5: 61.04
2025-06-08 20:33:59,997 -     MA20: 57.60
2025-06-08 20:33:59,997 -   ❌ 605123 未通过筛选，原因: 高位上影线
2025-06-08 20:34:00,997 - 
(3/17) 正在分析股票: 688503
2025-06-08 20:34:01,337 -   📊 数据量: 39 天
2025-06-08 20:34:01,340 -   📈 技术分析结果:
2025-06-08 20:34:01,340 -     最新价格: 36.30
2025-06-08 20:34:01,341 -     最新日期: 2025-06-06
2025-06-08 20:34:01,341 -     下跌趋势: 否
2025-06-08 20:34:01,341 -     高位上影线: 有
2025-06-08 20:34:01,341 -     MA5: 33.16
2025-06-08 20:34:01,342 -     MA20: 33.13
2025-06-08 20:34:01,342 -   ❌ 688503 未通过筛选，原因: 高位上影线
2025-06-08 20:34:02,343 - 
(4/17) 正在分析股票: 600715
2025-06-08 20:34:02,641 -   📊 数据量: 38 天
2025-06-08 20:34:02,643 -   📈 技术分析结果:
2025-06-08 20:34:02,643 -     最新价格: 2.41
2025-06-08 20:34:02,643 -     最新日期: 2025-06-06
2025-06-08 20:34:02,643 -     下跌趋势: 否
2025-06-08 20:34:02,643 -     高位上影线: 有
2025-06-08 20:34:02,644 -     MA5: 2.34
2025-06-08 20:34:02,644 -     MA20: 2.31
2025-06-08 20:34:02,644 -   ❌ 600715 未通过筛选，原因: 高位上影线
2025-06-08 20:34:03,645 - 
(5/17) 正在分析股票: 600279
2025-06-08 20:34:04,224 -   📊 数据量: 39 天
2025-06-08 20:34:04,228 -   📈 技术分析结果:
2025-06-08 20:34:04,228 -     最新价格: 6.42
2025-06-08 20:34:04,228 -     最新日期: 2025-06-06
2025-06-08 20:34:04,228 -     下跌趋势: 否
2025-06-08 20:34:04,228 -     高位上影线: 有
2025-06-08 20:34:04,229 -     MA5: 6.20
2025-06-08 20:34:04,229 -     MA20: 6.08
2025-06-08 20:34:04,229 -   ❌ 600279 未通过筛选，原因: 高位上影线
2025-06-08 20:34:05,229 - 
(6/17) 正在分析股票: 301367
2025-06-08 20:34:05,564 -   📊 数据量: 39 天
2025-06-08 20:34:05,566 -   📈 技术分析结果:
2025-06-08 20:34:05,566 -     最新价格: 85.56
2025-06-08 20:34:05,566 -     最新日期: 2025-06-06
2025-06-08 20:34:05,566 -     下跌趋势: 是
2025-06-08 20:34:05,567 -     高位上影线: 有
2025-06-08 20:34:05,567 -     MA5: 83.88
2025-06-08 20:34:05,567 -     MA20: 85.16
2025-06-08 20:34:05,567 -   ❌ 301367 未通过筛选，原因: 下跌趋势, 高位上影线
2025-06-08 20:34:06,568 - 
(7/17) 正在分析股票: 000045
2025-06-08 20:34:06,858 -   📊 数据量: 39 天
2025-06-08 20:34:06,861 -   📈 技术分析结果:
2025-06-08 20:34:06,861 -     最新价格: 11.51
2025-06-08 20:34:06,861 -     最新日期: 2025-06-06
2025-06-08 20:34:06,861 -     下跌趋势: 否
2025-06-08 20:34:06,862 -     高位上影线: 有
2025-06-08 20:34:06,862 -     MA5: 11.22
2025-06-08 20:34:06,862 -     MA20: 10.64
2025-06-08 20:34:06,862 -   ❌ 000045 未通过筛选，原因: 高位上影线
2025-06-08 20:34:07,863 - 
(8/17) 正在分析股票: 688488
2025-06-08 20:34:08,178 -   📊 数据量: 39 天
2025-06-08 20:34:08,181 -   📈 技术分析结果:
2025-06-08 20:34:08,181 -     最新价格: 13.52
2025-06-08 20:34:08,181 -     最新日期: 2025-06-06
2025-06-08 20:34:08,181 -     下跌趋势: 否
2025-06-08 20:34:08,181 -     高位上影线: 有
2025-06-08 20:34:08,181 -     MA5: 13.58
2025-06-08 20:34:08,182 -     MA20: 12.05
2025-06-08 20:34:08,182 -   ❌ 688488 未通过筛选，原因: 高位上影线
2025-06-08 20:34:09,183 - 
(9/17) 正在分析股票: 688518
2025-06-08 20:34:09,795 -   📊 数据量: 39 天
2025-06-08 20:34:09,798 -   📈 技术分析结果:
2025-06-08 20:34:09,798 -     最新价格: 17.91
2025-06-08 20:34:09,798 -     最新日期: 2025-06-06
2025-06-08 20:34:09,798 -     下跌趋势: 否
2025-06-08 20:34:09,798 -     高位上影线: 有
2025-06-08 20:34:09,799 -     MA5: 16.71
2025-06-08 20:34:09,799 -     MA20: 16.40
2025-06-08 20:34:09,799 -   ❌ 688518 未通过筛选，原因: 高位上影线
2025-06-08 20:34:10,800 - 
(10/17) 正在分析股票: 300925
2025-06-08 20:34:11,338 -   📊 数据量: 39 天
2025-06-08 20:34:11,340 -   📈 技术分析结果:
2025-06-08 20:34:11,341 -     最新价格: 22.09
2025-06-08 20:34:11,341 -     最新日期: 2025-06-06
2025-06-08 20:34:11,342 -     下跌趋势: 是
2025-06-08 20:34:11,342 -     高位上影线: 无
2025-06-08 20:34:11,342 -     MA5: 21.13
2025-06-08 20:34:11,342 -     MA20: 21.50
2025-06-08 20:34:11,342 -   ❌ 300925 未通过筛选，原因: 下跌趋势
2025-06-08 20:34:12,344 - 
(11/17) 正在分析股票: 003002
2025-06-08 20:34:12,643 -   📊 数据量: 39 天
2025-06-08 20:34:12,645 -   📈 技术分析结果:
2025-06-08 20:34:12,645 -     最新价格: 27.79
2025-06-08 20:34:12,646 -     最新日期: 2025-06-06
2025-06-08 20:34:12,646 -     下跌趋势: 否
2025-06-08 20:34:12,646 -     高位上影线: 有
2025-06-08 20:34:12,646 -     MA5: 27.01
2025-06-08 20:34:12,646 -     MA20: 26.70
2025-06-08 20:34:12,647 -   ❌ 003002 未通过筛选，原因: 高位上影线
2025-06-08 20:34:13,647 - 
(12/17) 正在分析股票: 002645
2025-06-08 20:34:14,054 -   📊 数据量: 39 天
2025-06-08 20:34:14,057 -   📈 技术分析结果:
2025-06-08 20:34:14,057 -     最新价格: 8.63
2025-06-08 20:34:14,057 -     最新日期: 2025-06-06
2025-06-08 20:34:14,057 -     下跌趋势: 否
2025-06-08 20:34:14,058 -     高位上影线: 有
2025-06-08 20:34:14,058 -     MA5: 8.30
2025-06-08 20:34:14,058 -     MA20: 8.22
2025-06-08 20:34:14,058 -   ❌ 002645 未通过筛选，原因: 高位上影线
2025-06-08 20:34:15,059 - 
(13/17) 正在分析股票: 301500
2025-06-08 20:34:15,366 -   📊 数据量: 39 天
2025-06-08 20:34:15,368 -   📈 技术分析结果:
2025-06-08 20:34:15,368 -     最新价格: 20.80
2025-06-08 20:34:15,369 -     最新日期: 2025-06-06
2025-06-08 20:34:15,369 -     下跌趋势: 否
2025-06-08 20:34:15,369 -     高位上影线: 有
2025-06-08 20:34:15,369 -     MA5: 20.34
2025-06-08 20:34:15,369 -     MA20: 19.87
2025-06-08 20:34:15,369 -   ❌ 301500 未通过筛选，原因: 高位上影线
2025-06-08 20:34:16,370 - 
(14/17) 正在分析股票: 002424
2025-06-08 20:34:16,713 -   📊 数据量: 39 天
2025-06-08 20:34:16,716 -   📈 技术分析结果:
2025-06-08 20:34:16,717 -     最新价格: 4.28
2025-06-08 20:34:16,717 -     最新日期: 2025-06-06
2025-06-08 20:34:16,717 -     下跌趋势: 否
2025-06-08 20:34:16,717 -     高位上影线: 有
2025-06-08 20:34:16,717 -     MA5: 4.11
2025-06-08 20:34:16,718 -     MA20: 4.03
2025-06-08 20:34:16,718 -   ❌ 002424 未通过筛选，原因: 高位上影线
2025-06-08 20:34:17,719 - 
(15/17) 正在分析股票: 300210
2025-06-08 20:34:18,020 -   📊 数据量: 39 天
2025-06-08 20:34:18,022 -   📈 技术分析结果:
2025-06-08 20:34:18,022 -     最新价格: 10.97
2025-06-08 20:34:18,022 -     最新日期: 2025-06-06
2025-06-08 20:34:18,023 -     下跌趋势: 否
2025-06-08 20:34:18,023 -     高位上影线: 无
2025-06-08 20:34:18,023 -     MA5: 10.65
2025-06-08 20:34:18,023 -     MA20: 10.38
2025-06-08 20:34:18,023 -   ✅ 300210 通过技术分析筛选!
2025-06-08 20:34:19,024 - 
(16/17) 正在分析股票: 301303
2025-06-08 20:34:19,593 -   📊 数据量: 39 天
2025-06-08 20:34:19,596 -   📈 技术分析结果:
2025-06-08 20:34:19,596 -     最新价格: 14.09
2025-06-08 20:34:19,596 -     最新日期: 2025-06-06
2025-06-08 20:34:19,596 -     下跌趋势: 否
2025-06-08 20:34:19,596 -     高位上影线: 有
2025-06-08 20:34:19,596 -     MA5: 13.73
2025-06-08 20:34:19,597 -     MA20: 13.49
2025-06-08 20:34:19,597 -   ❌ 301303 未通过筛选，原因: 高位上影线
2025-06-08 20:34:20,597 - 
(17/17) 正在分析股票: 605088
2025-06-08 20:34:20,921 -   📊 数据量: 39 天
2025-06-08 20:34:20,924 -   📈 技术分析结果:
2025-06-08 20:34:20,924 -     最新价格: 36.42
2025-06-08 20:34:20,924 -     最新日期: 2025-06-06
2025-06-08 20:34:20,925 -     下跌趋势: 是
2025-06-08 20:34:20,925 -     高位上影线: 有
2025-06-08 20:34:20,925 -     MA5: 34.92
2025-06-08 20:34:20,925 -     MA20: 36.54
2025-06-08 20:34:20,925 -   ❌ 605088 未通过筛选，原因: 下跌趋势, 高位上影线
2025-06-08 20:34:21,927 - 
============================================================
2025-06-08 20:34:21,927 - 技术分析汇总结果:
2025-06-08 20:34:21,927 - ============================================================
2025-06-08 20:34:21,927 - ❌ 300191 - 未通过: 高位上影线
2025-06-08 20:34:21,928 - ❌ 605123 - 未通过: 高位上影线
2025-06-08 20:34:21,928 - ❌ 688503 - 未通过: 高位上影线
2025-06-08 20:34:21,928 - ❌ 600715 - 未通过: 高位上影线
2025-06-08 20:34:21,928 - ❌ 600279 - 未通过: 高位上影线
2025-06-08 20:34:21,928 - ❌ 301367 - 未通过: 下跌趋势, 高位上影线
2025-06-08 20:34:21,928 - ❌ 000045 - 未通过: 高位上影线
2025-06-08 20:34:21,929 - ❌ 688488 - 未通过: 高位上影线
2025-06-08 20:34:21,929 - ❌ 688518 - 未通过: 高位上影线
2025-06-08 20:34:21,929 - ❌ 300925 - 未通过: 下跌趋势
2025-06-08 20:34:21,929 - ❌ 003002 - 未通过: 高位上影线
2025-06-08 20:34:21,929 - ❌ 002645 - 未通过: 高位上影线
2025-06-08 20:34:21,929 - ❌ 301500 - 未通过: 高位上影线
2025-06-08 20:34:21,930 - ❌ 002424 - 未通过: 高位上影线
2025-06-08 20:34:21,930 - ✅ 300210 - 通过筛选
2025-06-08 20:34:21,930 - ❌ 301303 - 未通过: 高位上影线
2025-06-08 20:34:21,930 - ❌ 605088 - 未通过: 下跌趋势, 高位上影线
2025-06-08 20:34:21,930 - 
最终结果: 1 只股票通过技术分析筛选
2025-06-08 20:34:21,930 - 
符合条件的股票详情:
2025-06-08 20:34:21,930 - 代码: 300210
2025-06-08 20:34:21,931 -   最新价格: 10.97
2025-06-08 20:34:21,931 -   MA5: 10.65
2025-06-08 20:34:21,931 -   MA20: 10.38
2025-06-08 20:34:21,931 -   数据天数: 39
2025-06-08 20:34:21,931 - 🔄 在线获取数据模式
