2025-06-08 21:54:27,135 - 📁 日志将保存到: logs\stock_analysis_20250608_215427.log
2025-06-08 21:54:27,136 - 📁 发现已存在的数据文件: data\stock_pool_data\stock_data_pool20250608.csv
2025-06-08 21:54:27,136 - 🔄 直接加载本地CSV文件
2025-06-08 21:54:27,284 - 最新交易日: 2025-06-06
2025-06-08 21:54:27,284 - 准备分析初次筛选出的17 只股票
2025-06-08 21:54:27,284 - 股票代码: ['300191', '605123', '688503', '600715', '600279', '301367', '000045', '688488', '688518', '300925', '003002', '002645', '301500', '002424', '300210', '301303', '605088']
2025-06-08 21:54:27,285 - 数据日期范围: 20250409 到 20250608
2025-06-08 21:54:27,285 - ============================================================
2025-06-08 21:54:27,285 - 
(1/17) 正在分析股票: 300191
2025-06-08 21:54:27,526 -   📊 数据量: 39 天
2025-06-08 21:54:27,529 -   📈 技术分析结果:
2025-06-08 21:54:27,529 -     最新价格: 17.77
2025-06-08 21:54:27,529 -     最新日期: 2025-06-06
2025-06-08 21:54:27,529 -     下跌趋势: 否
2025-06-08 21:54:27,529 -     高位上影线: 有
2025-06-08 21:54:27,529 -     MA5: 17.31
2025-06-08 21:54:27,529 -     MA20: 16.55
2025-06-08 21:54:27,530 -   ❌ 300191 未通过筛选，原因: 高位上影线
2025-06-08 21:54:28,531 - 
(2/17) 正在分析股票: 605123
2025-06-08 21:54:28,748 -   📊 数据量: 39 天
2025-06-08 21:54:28,750 -   📈 技术分析结果:
2025-06-08 21:54:28,750 -     最新价格: 64.16
2025-06-08 21:54:28,751 -     最新日期: 2025-06-06
2025-06-08 21:54:28,751 -     下跌趋势: 否
2025-06-08 21:54:28,751 -     高位上影线: 有
2025-06-08 21:54:28,751 -     MA5: 61.04
2025-06-08 21:54:28,752 -     MA20: 57.60
2025-06-08 21:54:28,752 -   ❌ 605123 未通过筛选，原因: 高位上影线
2025-06-08 21:54:29,753 - 
(3/17) 正在分析股票: 688503
2025-06-08 21:54:29,982 -   📊 数据量: 39 天
2025-06-08 21:54:29,984 -   📈 技术分析结果:
2025-06-08 21:54:29,985 -     最新价格: 36.30
2025-06-08 21:54:29,985 -     最新日期: 2025-06-06
2025-06-08 21:54:29,985 -     下跌趋势: 否
2025-06-08 21:54:29,985 -     高位上影线: 有
2025-06-08 21:54:29,985 -     MA5: 33.16
2025-06-08 21:54:29,986 -     MA20: 33.13
2025-06-08 21:54:29,986 -   ❌ 688503 未通过筛选，原因: 高位上影线
2025-06-08 21:54:30,986 - 
(4/17) 正在分析股票: 600715
2025-06-08 21:54:31,272 -   📊 数据量: 38 天
2025-06-08 21:54:31,275 -   📈 技术分析结果:
2025-06-08 21:54:31,275 -     最新价格: 2.41
2025-06-08 21:54:31,275 -     最新日期: 2025-06-06
2025-06-08 21:54:31,275 -     下跌趋势: 否
2025-06-08 21:54:31,275 -     高位上影线: 有
2025-06-08 21:54:31,276 -     MA5: 2.34
2025-06-08 21:54:31,276 -     MA20: 2.31
2025-06-08 21:54:31,276 -   ❌ 600715 未通过筛选，原因: 高位上影线
2025-06-08 21:54:32,277 - 
(5/17) 正在分析股票: 600279
2025-06-08 21:54:32,495 -   📊 数据量: 39 天
2025-06-08 21:54:32,498 -   📈 技术分析结果:
2025-06-08 21:54:32,498 -     最新价格: 6.42
2025-06-08 21:54:32,498 -     最新日期: 2025-06-06
2025-06-08 21:54:32,498 -     下跌趋势: 否
2025-06-08 21:54:32,498 -     高位上影线: 有
2025-06-08 21:54:32,499 -     MA5: 6.20
2025-06-08 21:54:32,499 -     MA20: 6.08
2025-06-08 21:54:32,499 -   ❌ 600279 未通过筛选，原因: 高位上影线
2025-06-08 21:54:33,500 - 
(6/17) 正在分析股票: 301367
2025-06-08 21:54:33,716 -   📊 数据量: 39 天
2025-06-08 21:54:33,718 -   📈 技术分析结果:
2025-06-08 21:54:33,718 -     最新价格: 85.56
2025-06-08 21:54:33,718 -     最新日期: 2025-06-06
2025-06-08 21:54:33,719 -     下跌趋势: 是
2025-06-08 21:54:33,719 -     高位上影线: 有
2025-06-08 21:54:33,719 -     MA5: 83.88
2025-06-08 21:54:33,719 -     MA20: 85.16
2025-06-08 21:54:33,720 -   ❌ 301367 未通过筛选，原因: 下跌趋势, 高位上影线
2025-06-08 21:54:34,720 - 
(7/17) 正在分析股票: 000045
2025-06-08 21:54:34,934 -   📊 数据量: 39 天
2025-06-08 21:54:34,936 -   📈 技术分析结果:
2025-06-08 21:54:34,936 -     最新价格: 11.51
2025-06-08 21:54:34,936 -     最新日期: 2025-06-06
2025-06-08 21:54:34,937 -     下跌趋势: 否
2025-06-08 21:54:34,937 -     高位上影线: 有
2025-06-08 21:54:34,937 -     MA5: 11.22
2025-06-08 21:54:34,937 -     MA20: 10.64
2025-06-08 21:54:34,938 -   ❌ 000045 未通过筛选，原因: 高位上影线
2025-06-08 21:54:35,938 - 
(8/17) 正在分析股票: 688488
2025-06-08 21:54:36,172 -   📊 数据量: 39 天
2025-06-08 21:54:36,175 -   📈 技术分析结果:
2025-06-08 21:54:36,175 -     最新价格: 13.52
2025-06-08 21:54:36,175 -     最新日期: 2025-06-06
2025-06-08 21:54:36,175 -     下跌趋势: 否
2025-06-08 21:54:36,176 -     高位上影线: 有
2025-06-08 21:54:36,176 -     MA5: 13.58
2025-06-08 21:54:36,176 -     MA20: 12.05
2025-06-08 21:54:36,176 -   ❌ 688488 未通过筛选，原因: 高位上影线
2025-06-08 21:54:37,177 - 
(9/17) 正在分析股票: 688518
2025-06-08 21:54:37,390 -   📊 数据量: 39 天
2025-06-08 21:54:37,393 -   📈 技术分析结果:
2025-06-08 21:54:37,394 -     最新价格: 17.91
2025-06-08 21:54:37,394 -     最新日期: 2025-06-06
2025-06-08 21:54:37,395 -     下跌趋势: 否
2025-06-08 21:54:37,395 -     高位上影线: 有
2025-06-08 21:54:37,395 -     MA5: 16.71
2025-06-08 21:54:37,395 -     MA20: 16.40
2025-06-08 21:54:37,395 -   ❌ 688518 未通过筛选，原因: 高位上影线
2025-06-08 21:54:38,396 - 
(10/17) 正在分析股票: 300925
2025-06-08 21:54:38,627 -   📊 数据量: 39 天
2025-06-08 21:54:38,629 -   📈 技术分析结果:
2025-06-08 21:54:38,630 -     最新价格: 22.09
2025-06-08 21:54:38,630 -     最新日期: 2025-06-06
2025-06-08 21:54:38,631 -     下跌趋势: 是
2025-06-08 21:54:38,631 -     高位上影线: 无
2025-06-08 21:54:38,631 -     MA5: 21.13
2025-06-08 21:54:38,631 -     MA20: 21.50
2025-06-08 21:54:38,632 -   ❌ 300925 未通过筛选，原因: 下跌趋势
2025-06-08 21:54:39,632 - 
(11/17) 正在分析股票: 003002
2025-06-08 21:54:39,875 -   📊 数据量: 39 天
2025-06-08 21:54:39,877 -   📈 技术分析结果:
2025-06-08 21:54:39,877 -     最新价格: 27.79
2025-06-08 21:54:39,877 -     最新日期: 2025-06-06
2025-06-08 21:54:39,877 -     下跌趋势: 否
2025-06-08 21:54:39,877 -     高位上影线: 有
2025-06-08 21:54:39,878 -     MA5: 27.01
2025-06-08 21:54:39,878 -     MA20: 26.70
2025-06-08 21:54:39,878 -   ❌ 003002 未通过筛选，原因: 高位上影线
2025-06-08 21:54:40,879 - 
(12/17) 正在分析股票: 002645
2025-06-08 21:54:41,076 -   📊 数据量: 39 天
2025-06-08 21:54:41,079 -   📈 技术分析结果:
2025-06-08 21:54:41,079 -     最新价格: 8.63
2025-06-08 21:54:41,079 -     最新日期: 2025-06-06
2025-06-08 21:54:41,079 -     下跌趋势: 否
2025-06-08 21:54:41,079 -     高位上影线: 有
2025-06-08 21:54:41,079 -     MA5: 8.30
2025-06-08 21:54:41,080 -     MA20: 8.22
2025-06-08 21:54:41,080 -   ❌ 002645 未通过筛选，原因: 高位上影线
2025-06-08 21:54:42,080 - 
(13/17) 正在分析股票: 301500
2025-06-08 21:54:42,285 -   📊 数据量: 39 天
2025-06-08 21:54:42,287 -   📈 技术分析结果:
2025-06-08 21:54:42,288 -     最新价格: 20.80
2025-06-08 21:54:42,288 -     最新日期: 2025-06-06
2025-06-08 21:54:42,288 -     下跌趋势: 否
2025-06-08 21:54:42,288 -     高位上影线: 有
2025-06-08 21:54:42,289 -     MA5: 20.34
2025-06-08 21:54:42,289 -     MA20: 19.87
2025-06-08 21:54:42,289 -   ❌ 301500 未通过筛选，原因: 高位上影线
2025-06-08 21:54:43,291 - 
(14/17) 正在分析股票: 002424
2025-06-08 21:54:43,497 -   📊 数据量: 39 天
2025-06-08 21:54:43,500 -   📈 技术分析结果:
2025-06-08 21:54:43,500 -     最新价格: 4.28
2025-06-08 21:54:43,501 -     最新日期: 2025-06-06
2025-06-08 21:54:43,501 -     下跌趋势: 否
2025-06-08 21:54:43,501 -     高位上影线: 有
2025-06-08 21:54:43,501 -     MA5: 4.11
2025-06-08 21:54:43,501 -     MA20: 4.03
2025-06-08 21:54:43,501 -   ❌ 002424 未通过筛选，原因: 高位上影线
2025-06-08 21:54:44,503 - 
(15/17) 正在分析股票: 300210
2025-06-08 21:54:44,733 -   📊 数据量: 39 天
2025-06-08 21:54:44,735 -   📈 技术分析结果:
2025-06-08 21:54:44,736 -     最新价格: 10.97
2025-06-08 21:54:44,736 -     最新日期: 2025-06-06
2025-06-08 21:54:44,736 -     下跌趋势: 否
2025-06-08 21:54:44,736 -     高位上影线: 无
2025-06-08 21:54:44,737 -     MA5: 10.65
2025-06-08 21:54:44,737 -     MA20: 10.38
2025-06-08 21:54:44,737 -   ✅ 300210 通过技术分析筛选!
2025-06-08 21:54:45,738 - 
(16/17) 正在分析股票: 301303
2025-06-08 21:54:45,987 -   📊 数据量: 39 天
2025-06-08 21:54:45,990 -   📈 技术分析结果:
2025-06-08 21:54:45,990 -     最新价格: 14.09
2025-06-08 21:54:45,990 -     最新日期: 2025-06-06
2025-06-08 21:54:45,990 -     下跌趋势: 否
2025-06-08 21:54:45,991 -     高位上影线: 有
2025-06-08 21:54:45,991 -     MA5: 13.73
2025-06-08 21:54:45,991 -     MA20: 13.49
2025-06-08 21:54:45,991 -   ❌ 301303 未通过筛选，原因: 高位上影线
2025-06-08 21:54:46,992 - 
(17/17) 正在分析股票: 605088
2025-06-08 21:54:47,216 -   📊 数据量: 39 天
2025-06-08 21:54:47,219 -   📈 技术分析结果:
2025-06-08 21:54:47,219 -     最新价格: 36.42
2025-06-08 21:54:47,220 -     最新日期: 2025-06-06
2025-06-08 21:54:47,220 -     下跌趋势: 是
2025-06-08 21:54:47,220 -     高位上影线: 有
2025-06-08 21:54:47,220 -     MA5: 34.92
2025-06-08 21:54:47,220 -     MA20: 36.54
2025-06-08 21:54:47,221 -   ❌ 605088 未通过筛选，原因: 下跌趋势, 高位上影线
2025-06-08 21:54:48,222 - 
============================================================
2025-06-08 21:54:48,222 - 技术分析汇总结果:
2025-06-08 21:54:48,222 - ============================================================
2025-06-08 21:54:48,223 - ❌ 300191 - 未通过: 高位上影线
2025-06-08 21:54:48,223 - ❌ 605123 - 未通过: 高位上影线
2025-06-08 21:54:48,223 - ❌ 688503 - 未通过: 高位上影线
2025-06-08 21:54:48,223 - ❌ 600715 - 未通过: 高位上影线
2025-06-08 21:54:48,223 - ❌ 600279 - 未通过: 高位上影线
2025-06-08 21:54:48,223 - ❌ 301367 - 未通过: 下跌趋势, 高位上影线
2025-06-08 21:54:48,223 - ❌ 000045 - 未通过: 高位上影线
2025-06-08 21:54:48,223 - ❌ 688488 - 未通过: 高位上影线
2025-06-08 21:54:48,224 - ❌ 688518 - 未通过: 高位上影线
2025-06-08 21:54:48,224 - ❌ 300925 - 未通过: 下跌趋势
2025-06-08 21:54:48,224 - ❌ 003002 - 未通过: 高位上影线
2025-06-08 21:54:48,224 - ❌ 002645 - 未通过: 高位上影线
2025-06-08 21:54:48,224 - ❌ 301500 - 未通过: 高位上影线
2025-06-08 21:54:48,224 - ❌ 002424 - 未通过: 高位上影线
2025-06-08 21:54:48,224 - ✅ 300210 - 通过筛选
2025-06-08 21:54:48,224 - ❌ 301303 - 未通过: 高位上影线
2025-06-08 21:54:48,224 - ❌ 605088 - 未通过: 下跌趋势, 高位上影线
2025-06-08 21:54:48,225 - 
最终结果: 1 只股票通过技术分析筛选
2025-06-08 21:54:48,225 - 
符合条件的股票详情:
2025-06-08 21:54:48,225 - 代码: 300210
2025-06-08 21:54:48,225 -   最新价格: 10.97
2025-06-08 21:54:48,225 -   MA5: 10.65
2025-06-08 21:54:48,225 -   MA20: 10.38
2025-06-08 21:54:48,225 -   数据天数: 39
