2025-06-08 21:34:16,854 - 📁 日志将保存到: logs\stock_analysis_20250608_213416.log
2025-06-08 21:34:16,855 - 📁 发现已存在的数据文件: data\stock_pool_data\stock_data_pool20250608.csv
2025-06-08 21:34:16,855 - 🔄 直接加载本地CSV文件
2025-06-08 21:34:16,885 - 准备分析初次筛选出的17 只股票
2025-06-08 21:34:16,886 - 股票代码: ['300191', '605123', '688503', '600715', '600279', '301367', '000045', '688488', '688518', '300925', '003002', '002645', '301500', '002424', '300210', '301303', '605088']
2025-06-08 21:34:16,886 - 数据日期范围: 20250409 到 20250608
2025-06-08 21:34:16,886 - ============================================================
2025-06-08 21:34:16,887 - 
(1/17) 正在分析股票: 300191
2025-06-08 21:34:17,126 -   📊 数据量: 39 天
2025-06-08 21:34:17,129 -   📈 技术分析结果:
2025-06-08 21:34:17,130 -     最新价格: 17.77
2025-06-08 21:34:17,130 -     最新日期: 2025-06-06
2025-06-08 21:34:17,130 -     下跌趋势: 否
2025-06-08 21:34:17,130 -     高位上影线: 有
2025-06-08 21:34:17,131 -     MA5: 17.31
2025-06-08 21:34:17,131 -     MA20: 16.55
2025-06-08 21:34:17,131 -   ❌ 300191 未通过筛选，原因: 高位上影线
2025-06-08 21:34:18,132 - 
(2/17) 正在分析股票: 605123
2025-06-08 21:34:18,329 -   📊 数据量: 39 天
2025-06-08 21:34:18,331 -   📈 技术分析结果:
2025-06-08 21:34:18,331 -     最新价格: 64.16
2025-06-08 21:34:18,331 -     最新日期: 2025-06-06
2025-06-08 21:34:18,332 -     下跌趋势: 否
2025-06-08 21:34:18,332 -     高位上影线: 有
2025-06-08 21:34:18,332 -     MA5: 61.04
2025-06-08 21:34:18,333 -     MA20: 57.60
2025-06-08 21:34:18,333 -   ❌ 605123 未通过筛选，原因: 高位上影线
2025-06-08 21:34:19,333 - 
(3/17) 正在分析股票: 688503
2025-06-08 21:34:19,545 -   📊 数据量: 39 天
2025-06-08 21:34:19,548 -   📈 技术分析结果:
2025-06-08 21:34:19,548 -     最新价格: 36.30
2025-06-08 21:34:19,548 -     最新日期: 2025-06-06
2025-06-08 21:34:19,548 -     下跌趋势: 否
2025-06-08 21:34:19,549 -     高位上影线: 有
2025-06-08 21:34:19,549 -     MA5: 33.16
2025-06-08 21:34:19,549 -     MA20: 33.13
2025-06-08 21:34:19,549 -   ❌ 688503 未通过筛选，原因: 高位上影线
2025-06-08 21:34:20,550 - 
(4/17) 正在分析股票: 600715
2025-06-08 21:34:20,750 -   📊 数据量: 38 天
2025-06-08 21:34:20,752 -   📈 技术分析结果:
2025-06-08 21:34:20,753 -     最新价格: 2.41
2025-06-08 21:34:20,753 -     最新日期: 2025-06-06
2025-06-08 21:34:20,753 -     下跌趋势: 否
2025-06-08 21:34:20,753 -     高位上影线: 有
2025-06-08 21:34:20,753 -     MA5: 2.34
2025-06-08 21:34:20,754 -     MA20: 2.31
2025-06-08 21:34:20,754 -   ❌ 600715 未通过筛选，原因: 高位上影线
2025-06-08 21:34:21,755 - 
(5/17) 正在分析股票: 600279
2025-06-08 21:34:21,941 -   📊 数据量: 39 天
2025-06-08 21:34:21,944 -   📈 技术分析结果:
2025-06-08 21:34:21,944 -     最新价格: 6.42
2025-06-08 21:34:21,945 -     最新日期: 2025-06-06
2025-06-08 21:34:21,945 -     下跌趋势: 否
2025-06-08 21:34:21,945 -     高位上影线: 有
2025-06-08 21:34:21,945 -     MA5: 6.20
2025-06-08 21:34:21,946 -     MA20: 6.08
2025-06-08 21:34:21,946 -   ❌ 600279 未通过筛选，原因: 高位上影线
2025-06-08 21:34:22,946 - 
(6/17) 正在分析股票: 301367
2025-06-08 21:34:23,149 -   📊 数据量: 39 天
2025-06-08 21:34:23,151 -   📈 技术分析结果:
2025-06-08 21:34:23,151 -     最新价格: 85.56
2025-06-08 21:34:23,152 -     最新日期: 2025-06-06
2025-06-08 21:34:23,152 -     下跌趋势: 是
2025-06-08 21:34:23,152 -     高位上影线: 有
2025-06-08 21:34:23,152 -     MA5: 83.88
2025-06-08 21:34:23,152 -     MA20: 85.16
2025-06-08 21:34:23,152 -   ❌ 301367 未通过筛选，原因: 下跌趋势, 高位上影线
2025-06-08 21:34:24,154 - 
(7/17) 正在分析股票: 000045
2025-06-08 21:34:24,363 -   📊 数据量: 39 天
2025-06-08 21:34:24,365 -   📈 技术分析结果:
2025-06-08 21:34:24,365 -     最新价格: 11.51
2025-06-08 21:34:24,365 -     最新日期: 2025-06-06
2025-06-08 21:34:24,365 -     下跌趋势: 否
2025-06-08 21:34:24,365 -     高位上影线: 有
2025-06-08 21:34:24,366 -     MA5: 11.22
2025-06-08 21:34:24,366 -     MA20: 10.64
2025-06-08 21:34:24,366 -   ❌ 000045 未通过筛选，原因: 高位上影线
2025-06-08 21:34:25,367 - 
(8/17) 正在分析股票: 688488
2025-06-08 21:34:25,561 -   📊 数据量: 39 天
2025-06-08 21:34:25,563 -   📈 技术分析结果:
2025-06-08 21:34:25,563 -     最新价格: 13.52
2025-06-08 21:34:25,563 -     最新日期: 2025-06-06
2025-06-08 21:34:25,564 -     下跌趋势: 否
2025-06-08 21:34:25,564 -     高位上影线: 有
2025-06-08 21:34:25,564 -     MA5: 13.58
2025-06-08 21:34:25,564 -     MA20: 12.05
2025-06-08 21:34:25,565 -   ❌ 688488 未通过筛选，原因: 高位上影线
2025-06-08 21:34:26,566 - 
(9/17) 正在分析股票: 688518
2025-06-08 21:34:26,853 -   📊 数据量: 39 天
2025-06-08 21:34:26,856 -   📈 技术分析结果:
2025-06-08 21:34:26,856 -     最新价格: 17.91
2025-06-08 21:34:26,856 -     最新日期: 2025-06-06
2025-06-08 21:34:26,856 -     下跌趋势: 否
2025-06-08 21:34:26,856 -     高位上影线: 有
2025-06-08 21:34:26,856 -     MA5: 16.71
2025-06-08 21:34:26,857 -     MA20: 16.40
2025-06-08 21:34:26,857 -   ❌ 688518 未通过筛选，原因: 高位上影线
2025-06-08 21:34:27,858 - 
(10/17) 正在分析股票: 300925
2025-06-08 21:34:28,069 -   📊 数据量: 39 天
2025-06-08 21:34:28,071 -   📈 技术分析结果:
2025-06-08 21:34:28,071 -     最新价格: 22.09
2025-06-08 21:34:28,072 -     最新日期: 2025-06-06
2025-06-08 21:34:28,072 -     下跌趋势: 是
2025-06-08 21:34:28,072 -     高位上影线: 无
2025-06-08 21:34:28,072 -     MA5: 21.13
2025-06-08 21:34:28,072 -     MA20: 21.50
2025-06-08 21:34:28,073 -   ❌ 300925 未通过筛选，原因: 下跌趋势
2025-06-08 21:34:29,074 - 
(11/17) 正在分析股票: 003002
2025-06-08 21:34:29,241 -   📊 数据量: 39 天
2025-06-08 21:34:29,243 -   📈 技术分析结果:
2025-06-08 21:34:29,243 -     最新价格: 27.79
2025-06-08 21:34:29,244 -     最新日期: 2025-06-06
2025-06-08 21:34:29,244 -     下跌趋势: 否
2025-06-08 21:34:29,244 -     高位上影线: 有
2025-06-08 21:34:29,244 -     MA5: 27.01
2025-06-08 21:34:29,244 -     MA20: 26.70
2025-06-08 21:34:29,244 -   ❌ 003002 未通过筛选，原因: 高位上影线
2025-06-08 21:34:30,246 - 
(12/17) 正在分析股票: 002645
2025-06-08 21:34:30,428 -   📊 数据量: 39 天
2025-06-08 21:34:30,431 -   📈 技术分析结果:
2025-06-08 21:34:30,431 -     最新价格: 8.63
2025-06-08 21:34:30,431 -     最新日期: 2025-06-06
2025-06-08 21:34:30,431 -     下跌趋势: 否
2025-06-08 21:34:30,432 -     高位上影线: 有
2025-06-08 21:34:30,432 -     MA5: 8.30
2025-06-08 21:34:30,432 -     MA20: 8.22
2025-06-08 21:34:30,432 -   ❌ 002645 未通过筛选，原因: 高位上影线
2025-06-08 21:34:31,434 - 
(13/17) 正在分析股票: 301500
2025-06-08 21:34:31,620 -   📊 数据量: 39 天
2025-06-08 21:34:31,623 -   📈 技术分析结果:
2025-06-08 21:34:31,623 -     最新价格: 20.80
2025-06-08 21:34:31,623 -     最新日期: 2025-06-06
2025-06-08 21:34:31,623 -     下跌趋势: 否
2025-06-08 21:34:31,623 -     高位上影线: 有
2025-06-08 21:34:31,623 -     MA5: 20.34
2025-06-08 21:34:31,623 -     MA20: 19.87
2025-06-08 21:34:31,623 -   ❌ 301500 未通过筛选，原因: 高位上影线
2025-06-08 21:34:32,624 - 
(14/17) 正在分析股票: 002424
2025-06-08 21:34:32,803 -   📊 数据量: 39 天
2025-06-08 21:34:32,806 -   📈 技术分析结果:
2025-06-08 21:34:32,806 -     最新价格: 4.28
2025-06-08 21:34:32,806 -     最新日期: 2025-06-06
2025-06-08 21:34:32,806 -     下跌趋势: 否
2025-06-08 21:34:32,807 -     高位上影线: 有
2025-06-08 21:34:32,807 -     MA5: 4.11
2025-06-08 21:34:32,807 -     MA20: 4.03
2025-06-08 21:34:32,807 -   ❌ 002424 未通过筛选，原因: 高位上影线
2025-06-08 21:34:33,808 - 
(15/17) 正在分析股票: 300210
2025-06-08 21:34:33,993 -   📊 数据量: 39 天
2025-06-08 21:34:33,996 -   📈 技术分析结果:
2025-06-08 21:34:33,996 -     最新价格: 10.97
2025-06-08 21:34:33,996 -     最新日期: 2025-06-06
2025-06-08 21:34:33,997 -     下跌趋势: 否
2025-06-08 21:34:33,997 -     高位上影线: 无
2025-06-08 21:34:33,998 -     MA5: 10.65
2025-06-08 21:34:33,998 -     MA20: 10.38
2025-06-08 21:34:33,998 -   ✅ 300210 通过技术分析筛选!
2025-06-08 21:34:34,999 - 
(16/17) 正在分析股票: 301303
2025-06-08 21:34:35,167 -   📊 数据量: 39 天
2025-06-08 21:34:35,170 -   📈 技术分析结果:
2025-06-08 21:34:35,170 -     最新价格: 14.09
2025-06-08 21:34:35,170 -     最新日期: 2025-06-06
2025-06-08 21:34:35,170 -     下跌趋势: 否
2025-06-08 21:34:35,171 -     高位上影线: 有
2025-06-08 21:34:35,171 -     MA5: 13.73
2025-06-08 21:34:35,171 -     MA20: 13.49
2025-06-08 21:34:35,171 -   ❌ 301303 未通过筛选，原因: 高位上影线
2025-06-08 21:34:36,172 - 
(17/17) 正在分析股票: 605088
2025-06-08 21:34:36,344 -   📊 数据量: 39 天
2025-06-08 21:34:36,347 -   📈 技术分析结果:
2025-06-08 21:34:36,347 -     最新价格: 36.42
2025-06-08 21:34:36,348 -     最新日期: 2025-06-06
2025-06-08 21:34:36,348 -     下跌趋势: 是
2025-06-08 21:34:36,348 -     高位上影线: 有
2025-06-08 21:34:36,348 -     MA5: 34.92
2025-06-08 21:34:36,348 -     MA20: 36.54
2025-06-08 21:34:36,348 -   ❌ 605088 未通过筛选，原因: 下跌趋势, 高位上影线
2025-06-08 21:34:37,349 - 
============================================================
2025-06-08 21:34:37,349 - 技术分析汇总结果:
2025-06-08 21:34:37,349 - ============================================================
2025-06-08 21:34:37,350 - ❌ 300191 - 未通过: 高位上影线
2025-06-08 21:34:37,350 - ❌ 605123 - 未通过: 高位上影线
2025-06-08 21:34:37,350 - ❌ 688503 - 未通过: 高位上影线
2025-06-08 21:34:37,350 - ❌ 600715 - 未通过: 高位上影线
2025-06-08 21:34:37,350 - ❌ 600279 - 未通过: 高位上影线
2025-06-08 21:34:37,351 - ❌ 301367 - 未通过: 下跌趋势, 高位上影线
2025-06-08 21:34:37,351 - ❌ 000045 - 未通过: 高位上影线
2025-06-08 21:34:37,351 - ❌ 688488 - 未通过: 高位上影线
2025-06-08 21:34:37,351 - ❌ 688518 - 未通过: 高位上影线
2025-06-08 21:34:37,351 - ❌ 300925 - 未通过: 下跌趋势
2025-06-08 21:34:37,351 - ❌ 003002 - 未通过: 高位上影线
2025-06-08 21:34:37,351 - ❌ 002645 - 未通过: 高位上影线
2025-06-08 21:34:37,352 - ❌ 301500 - 未通过: 高位上影线
2025-06-08 21:34:37,352 - ❌ 002424 - 未通过: 高位上影线
2025-06-08 21:34:37,352 - ✅ 300210 - 通过筛选
2025-06-08 21:34:37,352 - ❌ 301303 - 未通过: 高位上影线
2025-06-08 21:34:37,352 - ❌ 605088 - 未通过: 下跌趋势, 高位上影线
2025-06-08 21:34:37,352 - 
最终结果: 1 只股票通过技术分析筛选
2025-06-08 21:34:37,352 - 
符合条件的股票详情:
2025-06-08 21:34:37,353 - 代码: 300210
2025-06-08 21:34:37,353 -   最新价格: 10.97
2025-06-08 21:34:37,353 -   MA5: 10.65
2025-06-08 21:34:37,353 -   MA20: 10.38
2025-06-08 21:34:37,353 -   数据天数: 39
2025-06-08 21:34:37,353 - 🔄 在线获取数据模式
