2025-06-08 19:57:56,647 - 📁 日志将保存到: logs\stock_analysis_20250608_195756.log
2025-06-08 19:57:56,647 - 📁 发现已存在的数据文件: data\stock_pool_data\stock_data_pool20250608.csv
2025-06-08 19:57:56,648 - 🔄 直接加载本地CSV文件
2025-06-08 19:57:56,670 - 准备分析初次筛选出的17 只股票
2025-06-08 19:57:56,670 - 股票代码: ['300191', '605123', '688503', '600715', '600279', '301367', '000045', '688488', '688518', '300925', '003002', '002645', '301500', '002424', '300210', '301303', '605088']
2025-06-08 19:57:56,670 - 数据日期范围: 20250409 到 20250608
2025-06-08 19:57:56,670 - ============================================================
2025-06-08 19:57:56,670 - 
(1/17) 正在分析股票: 300191
2025-06-08 19:57:56,813 -   📊 数据量: 39 天
2025-06-08 19:57:56,814 -   📈 技术分析结果:
2025-06-08 19:57:56,814 -     最新价格: 17.77
2025-06-08 19:57:56,815 -     最新日期: 2025-06-06
2025-06-08 19:57:56,815 -     下跌趋势: 否
2025-06-08 19:57:56,815 -     高位上影线: 是
2025-06-08 19:57:56,816 -     MA5: 17.31
2025-06-08 19:57:56,816 -     MA20: 16.55
2025-06-08 19:57:56,816 -   ❌ 300191 未通过筛选，原因: 高位上影线
2025-06-08 19:57:57,817 - 
(2/17) 正在分析股票: 605123
2025-06-08 19:57:57,959 -   📊 数据量: 39 天
2025-06-08 19:57:57,961 -   📈 技术分析结果:
2025-06-08 19:57:57,961 -     最新价格: 64.16
2025-06-08 19:57:57,961 -     最新日期: 2025-06-06
2025-06-08 19:57:57,961 -     下跌趋势: 否
2025-06-08 19:57:57,962 -     高位上影线: 是
2025-06-08 19:57:57,962 -     MA5: 61.04
2025-06-08 19:57:57,962 -     MA20: 57.60
2025-06-08 19:57:57,962 -   ❌ 605123 未通过筛选，原因: 高位上影线
2025-06-08 19:57:58,963 - 
(3/17) 正在分析股票: 688503
2025-06-08 19:57:59,116 -   📊 数据量: 39 天
2025-06-08 19:57:59,118 -   📈 技术分析结果:
2025-06-08 19:57:59,118 -     最新价格: 36.30
2025-06-08 19:57:59,118 -     最新日期: 2025-06-06
2025-06-08 19:57:59,119 -     下跌趋势: 否
2025-06-08 19:57:59,119 -     高位上影线: 是
2025-06-08 19:57:59,119 -     MA5: 33.16
2025-06-08 19:57:59,119 -     MA20: 33.13
2025-06-08 19:57:59,119 -   ❌ 688503 未通过筛选，原因: 高位上影线
2025-06-08 19:58:00,119 - 
(4/17) 正在分析股票: 600715
2025-06-08 19:58:00,247 -   📊 数据量: 38 天
2025-06-08 19:58:00,249 -   📈 技术分析结果:
2025-06-08 19:58:00,249 -     最新价格: 2.41
2025-06-08 19:58:00,249 -     最新日期: 2025-06-06
2025-06-08 19:58:00,250 -     下跌趋势: 否
2025-06-08 19:58:00,250 -     高位上影线: 是
2025-06-08 19:58:00,250 -     MA5: 2.34
2025-06-08 19:58:00,250 -     MA20: 2.31
2025-06-08 19:58:00,250 -   ❌ 600715 未通过筛选，原因: 高位上影线
2025-06-08 19:58:01,251 - 
(5/17) 正在分析股票: 600279
2025-06-08 19:58:01,382 -   📊 数据量: 39 天
2025-06-08 19:58:01,383 -   📈 技术分析结果:
2025-06-08 19:58:01,384 -     最新价格: 6.42
2025-06-08 19:58:01,384 -     最新日期: 2025-06-06
2025-06-08 19:58:01,384 -     下跌趋势: 否
2025-06-08 19:58:01,384 -     高位上影线: 是
2025-06-08 19:58:01,385 -     MA5: 6.20
2025-06-08 19:58:01,385 -     MA20: 6.08
2025-06-08 19:58:01,385 -   ❌ 600279 未通过筛选，原因: 高位上影线
2025-06-08 19:58:02,386 - 
(6/17) 正在分析股票: 301367
2025-06-08 19:58:02,527 -   📊 数据量: 39 天
2025-06-08 19:58:02,528 -   📈 技术分析结果:
2025-06-08 19:58:02,528 -     最新价格: 85.56
2025-06-08 19:58:02,528 -     最新日期: 2025-06-06
2025-06-08 19:58:02,528 -     下跌趋势: 是
2025-06-08 19:58:02,529 -     高位上影线: 是
2025-06-08 19:58:02,529 -     MA5: 83.88
2025-06-08 19:58:02,529 -     MA20: 85.16
2025-06-08 19:58:02,529 -   ❌ 301367 未通过筛选，原因: 下跌趋势, 高位上影线
2025-06-08 19:58:03,530 - 
(7/17) 正在分析股票: 000045
2025-06-08 19:58:03,668 -   📊 数据量: 39 天
2025-06-08 19:58:03,670 -   📈 技术分析结果:
2025-06-08 19:58:03,670 -     最新价格: 11.51
2025-06-08 19:58:03,670 -     最新日期: 2025-06-06
2025-06-08 19:58:03,670 -     下跌趋势: 否
2025-06-08 19:58:03,671 -     高位上影线: 是
2025-06-08 19:58:03,671 -     MA5: 11.22
2025-06-08 19:58:03,671 -     MA20: 10.64
2025-06-08 19:58:03,671 -   ❌ 000045 未通过筛选，原因: 高位上影线
2025-06-08 19:58:04,672 - 
(8/17) 正在分析股票: 688488
2025-06-08 19:58:04,813 -   📊 数据量: 39 天
2025-06-08 19:58:04,814 -   📈 技术分析结果:
2025-06-08 19:58:04,814 -     最新价格: 13.52
2025-06-08 19:58:04,815 -     最新日期: 2025-06-06
2025-06-08 19:58:04,815 -     下跌趋势: 否
2025-06-08 19:58:04,815 -     高位上影线: 是
2025-06-08 19:58:04,815 -     MA5: 13.58
2025-06-08 19:58:04,815 -     MA20: 12.05
2025-06-08 19:58:04,816 -   ❌ 688488 未通过筛选，原因: 高位上影线
2025-06-08 19:58:05,817 - 
(9/17) 正在分析股票: 688518
2025-06-08 19:58:05,952 -   📊 数据量: 39 天
2025-06-08 19:58:05,954 -   📈 技术分析结果:
2025-06-08 19:58:05,954 -     最新价格: 17.91
2025-06-08 19:58:05,954 -     最新日期: 2025-06-06
2025-06-08 19:58:05,954 -     下跌趋势: 否
2025-06-08 19:58:05,954 -     高位上影线: 是
2025-06-08 19:58:05,955 -     MA5: 16.71
2025-06-08 19:58:05,955 -     MA20: 16.40
2025-06-08 19:58:05,955 -   ❌ 688518 未通过筛选，原因: 高位上影线
2025-06-08 19:58:06,955 - 
(10/17) 正在分析股票: 300925
2025-06-08 19:58:07,094 -   📊 数据量: 39 天
2025-06-08 19:58:07,096 -   📈 技术分析结果:
2025-06-08 19:58:07,096 -     最新价格: 22.09
2025-06-08 19:58:07,096 -     最新日期: 2025-06-06
2025-06-08 19:58:07,097 -     下跌趋势: 是
2025-06-08 19:58:07,097 -     高位上影线: 否
2025-06-08 19:58:07,097 -     MA5: 21.13
2025-06-08 19:58:07,097 -     MA20: 21.50
2025-06-08 19:58:07,097 -   ❌ 300925 未通过筛选，原因: 下跌趋势
2025-06-08 19:58:08,098 - 
(11/17) 正在分析股票: 003002
2025-06-08 19:58:08,233 -   📊 数据量: 39 天
2025-06-08 19:58:08,234 -   📈 技术分析结果:
2025-06-08 19:58:08,234 -     最新价格: 27.79
2025-06-08 19:58:08,235 -     最新日期: 2025-06-06
2025-06-08 19:58:08,235 -     下跌趋势: 否
2025-06-08 19:58:08,235 -     高位上影线: 是
2025-06-08 19:58:08,235 -     MA5: 27.01
2025-06-08 19:58:08,235 -     MA20: 26.70
2025-06-08 19:58:08,236 -   ❌ 003002 未通过筛选，原因: 高位上影线
2025-06-08 19:58:09,236 - 
(12/17) 正在分析股票: 002645
2025-06-08 19:58:09,383 -   📊 数据量: 39 天
2025-06-08 19:58:09,385 -   📈 技术分析结果:
2025-06-08 19:58:09,385 -     最新价格: 8.63
2025-06-08 19:58:09,386 -     最新日期: 2025-06-06
2025-06-08 19:58:09,386 -     下跌趋势: 否
2025-06-08 19:58:09,386 -     高位上影线: 是
2025-06-08 19:58:09,386 -     MA5: 8.30
2025-06-08 19:58:09,386 -     MA20: 8.22
2025-06-08 19:58:09,387 -   ❌ 002645 未通过筛选，原因: 高位上影线
2025-06-08 19:58:10,388 - 
(13/17) 正在分析股票: 301500
2025-06-08 19:58:10,532 -   📊 数据量: 39 天
2025-06-08 19:58:10,533 -   📈 技术分析结果:
2025-06-08 19:58:10,533 -     最新价格: 20.80
2025-06-08 19:58:10,533 -     最新日期: 2025-06-06
2025-06-08 19:58:10,534 -     下跌趋势: 否
2025-06-08 19:58:10,534 -     高位上影线: 是
2025-06-08 19:58:10,534 -     MA5: 20.34
2025-06-08 19:58:10,534 -     MA20: 19.87
2025-06-08 19:58:10,534 -   ❌ 301500 未通过筛选，原因: 高位上影线
2025-06-08 19:58:11,535 - 
(14/17) 正在分析股票: 002424
2025-06-08 19:58:11,670 -   📊 数据量: 39 天
2025-06-08 19:58:11,671 -   📈 技术分析结果:
2025-06-08 19:58:11,672 -     最新价格: 4.28
2025-06-08 19:58:11,672 -     最新日期: 2025-06-06
2025-06-08 19:58:11,673 -     下跌趋势: 否
2025-06-08 19:58:11,673 -     高位上影线: 是
2025-06-08 19:58:11,673 -     MA5: 4.11
2025-06-08 19:58:11,673 -     MA20: 4.03
2025-06-08 19:58:11,674 -   ❌ 002424 未通过筛选，原因: 高位上影线
2025-06-08 19:58:12,674 - 
(15/17) 正在分析股票: 300210
2025-06-08 19:58:12,809 -   📊 数据量: 39 天
2025-06-08 19:58:12,811 -   📈 技术分析结果:
2025-06-08 19:58:12,811 -     最新价格: 10.97
2025-06-08 19:58:12,812 -     最新日期: 2025-06-06
2025-06-08 19:58:12,812 -     下跌趋势: 否
2025-06-08 19:58:12,812 -     高位上影线: 否
2025-06-08 19:58:12,812 -     MA5: 10.65
2025-06-08 19:58:12,813 -     MA20: 10.38
2025-06-08 19:58:12,813 -   ✅ 300210 通过技术分析筛选!
2025-06-08 19:58:13,813 - 
(16/17) 正在分析股票: 301303
2025-06-08 19:58:13,937 -   📊 数据量: 39 天
2025-06-08 19:58:13,939 -   📈 技术分析结果:
2025-06-08 19:58:13,939 -     最新价格: 14.09
2025-06-08 19:58:13,939 -     最新日期: 2025-06-06
2025-06-08 19:58:13,939 -     下跌趋势: 否
2025-06-08 19:58:13,939 -     高位上影线: 是
2025-06-08 19:58:13,940 -     MA5: 13.73
2025-06-08 19:58:13,940 -     MA20: 13.49
2025-06-08 19:58:13,940 -   ❌ 301303 未通过筛选，原因: 高位上影线
2025-06-08 19:58:14,941 - 
(17/17) 正在分析股票: 605088
2025-06-08 19:58:15,076 -   📊 数据量: 39 天
2025-06-08 19:58:15,077 -   📈 技术分析结果:
2025-06-08 19:58:15,078 -     最新价格: 36.42
2025-06-08 19:58:15,078 -     最新日期: 2025-06-06
2025-06-08 19:58:15,078 -     下跌趋势: 是
2025-06-08 19:58:15,078 -     高位上影线: 是
2025-06-08 19:58:15,079 -     MA5: 34.92
2025-06-08 19:58:15,079 -     MA20: 36.54
2025-06-08 19:58:15,079 -   ❌ 605088 未通过筛选，原因: 下跌趋势, 高位上影线
2025-06-08 19:58:16,080 - 
============================================================
2025-06-08 19:58:16,080 - 技术分析汇总结果:
2025-06-08 19:58:16,080 - ============================================================
2025-06-08 19:58:16,081 - ❌ 300191 - 未通过: 高位上影线
2025-06-08 19:58:16,081 - ❌ 605123 - 未通过: 高位上影线
2025-06-08 19:58:16,081 - ❌ 688503 - 未通过: 高位上影线
2025-06-08 19:58:16,082 - ❌ 600715 - 未通过: 高位上影线
2025-06-08 19:58:16,082 - ❌ 600279 - 未通过: 高位上影线
2025-06-08 19:58:16,082 - ❌ 301367 - 未通过: 下跌趋势, 高位上影线
2025-06-08 19:58:16,082 - ❌ 000045 - 未通过: 高位上影线
2025-06-08 19:58:16,082 - ❌ 688488 - 未通过: 高位上影线
2025-06-08 19:58:16,083 - ❌ 688518 - 未通过: 高位上影线
2025-06-08 19:58:16,083 - ❌ 300925 - 未通过: 下跌趋势
2025-06-08 19:58:16,083 - ❌ 003002 - 未通过: 高位上影线
2025-06-08 19:58:16,083 - ❌ 002645 - 未通过: 高位上影线
2025-06-08 19:58:16,083 - ❌ 301500 - 未通过: 高位上影线
2025-06-08 19:58:16,083 - ❌ 002424 - 未通过: 高位上影线
2025-06-08 19:58:16,083 - ✅ 300210 - 通过筛选
2025-06-08 19:58:16,084 - ❌ 301303 - 未通过: 高位上影线
2025-06-08 19:58:16,084 - ❌ 605088 - 未通过: 下跌趋势, 高位上影线
2025-06-08 19:58:16,084 - 
最终结果: 1 只股票通过技术分析筛选
2025-06-08 19:58:16,084 - 
符合条件的股票详情:
2025-06-08 19:58:16,084 - 代码: 300210
2025-06-08 19:58:16,085 -   最新价格: 10.97
2025-06-08 19:58:16,085 -   MA5: 10.65
2025-06-08 19:58:16,085 -   MA20: 10.38
2025-06-08 19:58:16,085 -   数据天数: 39
2025-06-08 19:58:16,085 - 🔄 在线获取数据模式
