2025-06-08 21:55:43,643 - 📁 日志将保存到: logs\stock_analysis_20250608_215543.log
2025-06-08 21:55:43,644 - 📁 发现已存在的数据文件: data\stock_pool_data\stock_data_pool20250608.csv
2025-06-08 21:55:43,645 - 🔄 直接加载本地CSV文件
2025-06-08 21:55:44,302 - 最新交易日: 2025-06-06
2025-06-08 21:55:44,302 - 准备分析初次筛选出的17 只股票
2025-06-08 21:55:44,303 - 股票代码: ['300191', '605123', '688503', '600715', '600279', '301367', '000045', '688488', '688518', '300925', '003002', '002645', '301500', '002424', '300210', '301303', '605088']
2025-06-08 21:55:44,303 - 数据日期范围: 20250409 到 20250608
2025-06-08 21:55:44,303 - ============================================================
2025-06-08 21:55:44,304 - 
(1/17) 正在分析股票: 300191
2025-06-08 21:55:44,876 -   📊 数据量: 39 天
2025-06-08 21:55:44,879 -   📈 技术分析结果:
2025-06-08 21:55:44,879 -     最新价格: 17.77
2025-06-08 21:55:44,880 -     最新日期: 2025-06-06
2025-06-08 21:55:44,880 -     下跌趋势: 否
2025-06-08 21:55:44,880 -     高位上影线: 有
2025-06-08 21:55:44,880 -     MA5: 17.31
2025-06-08 21:55:44,880 -     MA20: 16.55
2025-06-08 21:55:44,881 -   ❌ 300191 未通过筛选，原因: 高位上影线
2025-06-08 21:55:45,881 - 
(2/17) 正在分析股票: 605123
2025-06-08 21:55:46,473 -   📊 数据量: 39 天
2025-06-08 21:55:46,477 -   📈 技术分析结果:
2025-06-08 21:55:46,477 -     最新价格: 64.16
2025-06-08 21:55:46,477 -     最新日期: 2025-06-06
2025-06-08 21:55:46,477 -     下跌趋势: 否
2025-06-08 21:55:46,477 -     高位上影线: 有
2025-06-08 21:55:46,478 -     MA5: 61.04
2025-06-08 21:55:46,478 -     MA20: 57.60
2025-06-08 21:55:46,478 -   ❌ 605123 未通过筛选，原因: 高位上影线
2025-06-08 21:55:47,478 - 
(3/17) 正在分析股票: 688503
