2025-07-14 22:17:14,580 - 📁 日志将保存到: logs\stock_analysis_20250714.log
2025-07-14 22:17:14,581 - ❌ 未找到当天数据文件: .\data\stock_pool_data\stock_data_pool20250714.csv
2025-07-14 22:17:14,581 - 🌐 正在从网络获取股票池数据...
2025-07-14 22:17:20,987 - 💾 数据已保存到: .\data\stock_pool_data\stock_data_pool20250714.csv
2025-07-14 22:17:21,326 - 最新交易日: 2025-07-14
2025-07-14 22:17:21,327 - 准备分析初次筛选出的37 只股票
2025-07-14 22:17:21,327 - 股票代码: ['688233', '603119', '605018', '600343', '688222', '000811', '603861', '000899', '603697', '688293', '002174', '600179', '301285', '300503', '002777', '603063', '002779', '600531', '300497', '002276', '300657', '688197', '000420', '300041', '300276', '600650', '300693', '600590', '600982', '002676', '301393', '600490', '605305', '300466', '601015', '300129', '600866']
2025-07-14 22:17:21,327 - 数据日期范围: 20250515 到 20250714
2025-07-14 22:17:21,327 - ============================================================
2025-07-14 22:17:21,327 - 
(1/37) 正在分析股票: 688233
2025-07-14 22:17:21,559 -   📊 数据量: 42 天
2025-07-14 22:17:21,564 -   📈 技术分析结果:
2025-07-14 22:17:21,564 -     最新价格: 33.58
2025-07-14 22:17:21,564 -     最新日期: 2025-07-14
2025-07-14 22:17:21,564 -     下跌趋势: 否
2025-07-14 22:17:21,564 -     高位上影线: 有
2025-07-14 22:17:21,565 -     温和放量: 是
2025-07-14 22:17:21,565 -     量比: 1.60
2025-07-14 22:17:21,565 -     放量原因: 温和放量，量比1.60
2025-07-14 22:17:21,565 -     MA5: 32.51
2025-07-14 22:17:21,565 -     MA20: 30.75
2025-07-14 22:17:21,565 -   ❌ 688233 未通过筛选，原因: 高位上影线
2025-07-14 22:17:22,566 - 
(2/37) 正在分析股票: 603119
2025-07-14 22:17:22,744 -   📊 数据量: 42 天
2025-07-14 22:17:22,746 -   📈 技术分析结果:
2025-07-14 22:17:22,747 -     最新价格: 43.62
2025-07-14 22:17:22,747 -     最新日期: 2025-07-14
2025-07-14 22:17:22,748 -     下跌趋势: 是
2025-07-14 22:17:22,748 -     高位上影线: 无
2025-07-14 22:17:22,748 -     温和放量: 是
2025-07-14 22:17:22,749 -     量比: 1.46
2025-07-14 22:17:22,749 -     放量原因: 温和放量，量比1.46
2025-07-14 22:17:22,749 -     MA5: 41.83
2025-07-14 22:17:22,749 -     MA20: 42.51
2025-07-14 22:17:22,749 -   ❌ 603119 未通过筛选，原因: 下跌趋势
2025-07-14 22:17:23,751 - 
(3/37) 正在分析股票: 605018
2025-07-14 22:17:23,928 -   📊 数据量: 42 天
2025-07-14 22:17:23,930 -   📈 技术分析结果:
2025-07-14 22:17:23,931 -     最新价格: 13.28
2025-07-14 22:17:23,931 -     最新日期: 2025-07-14
2025-07-14 22:17:23,931 -     下跌趋势: 否
2025-07-14 22:17:23,931 -     高位上影线: 有
2025-07-14 22:17:23,932 -     温和放量: 是
2025-07-14 22:17:23,932 -     量比: 1.21
2025-07-14 22:17:23,932 -     放量原因: 温和放量，量比1.21
2025-07-14 22:17:23,932 -     MA5: 12.97
2025-07-14 22:17:23,932 -     MA20: 12.52
2025-07-14 22:17:23,933 -   ❌ 605018 未通过筛选，原因: 高位上影线
2025-07-14 22:17:24,933 - 
(4/37) 正在分析股票: 600343
2025-07-14 22:17:25,129 -   📊 数据量: 42 天
2025-07-14 22:17:25,131 -   📈 技术分析结果:
2025-07-14 22:17:25,131 -     最新价格: 12.97
2025-07-14 22:17:25,132 -     最新日期: 2025-07-14
2025-07-14 22:17:25,132 -     下跌趋势: 否
2025-07-14 22:17:25,132 -     高位上影线: 有
2025-07-14 22:17:25,132 -     温和放量: 是
2025-07-14 22:17:25,132 -     量比: 1.70
2025-07-14 22:17:25,133 -     放量原因: 温和放量，量比1.70
2025-07-14 22:17:25,133 -     MA5: 12.66
2025-07-14 22:17:25,133 -     MA20: 12.06
2025-07-14 22:17:25,133 -   ❌ 600343 未通过筛选，原因: 高位上影线
2025-07-14 22:17:26,134 - 
(5/37) 正在分析股票: 688222
2025-07-14 22:17:26,387 -   📊 数据量: 42 天
2025-07-14 22:17:26,390 -   📈 技术分析结果:
2025-07-14 22:17:26,390 -     最新价格: 18.08
2025-07-14 22:17:26,391 -     最新日期: 2025-07-14
2025-07-14 22:17:26,391 -     下跌趋势: 否
2025-07-14 22:17:26,391 -     高位上影线: 有
2025-07-14 22:17:26,391 -     温和放量: 是
2025-07-14 22:17:26,391 -     量比: 1.60
2025-07-14 22:17:26,391 -     放量原因: 温和放量，量比1.60
2025-07-14 22:17:26,392 -     MA5: 17.18
2025-07-14 22:17:26,392 -     MA20: 16.34
2025-07-14 22:17:26,392 -   ❌ 688222 未通过筛选，原因: 高位上影线
2025-07-14 22:17:27,393 - 
(6/37) 正在分析股票: 000811
2025-07-14 22:17:27,573 -   📊 数据量: 42 天
2025-07-14 22:17:27,574 -   📈 技术分析结果:
2025-07-14 22:17:27,575 -     最新价格: 11.39
2025-07-14 22:17:27,575 -     最新日期: 2025-07-14
2025-07-14 22:17:27,575 -     下跌趋势: 否
2025-07-14 22:17:27,575 -     高位上影线: 有
2025-07-14 22:17:27,576 -     温和放量: 是
2025-07-14 22:17:27,576 -     量比: 1.36
2025-07-14 22:17:27,576 -     放量原因: 温和放量，量比1.36
2025-07-14 22:17:27,576 -     MA5: 11.06
2025-07-14 22:17:27,576 -     MA20: 9.88
2025-07-14 22:17:27,577 -   ❌ 000811 未通过筛选，原因: 高位上影线
2025-07-14 22:17:28,577 - 
(7/37) 正在分析股票: 603861
2025-07-14 22:17:28,756 -   📊 数据量: 42 天
2025-07-14 22:17:28,758 -   📈 技术分析结果:
2025-07-14 22:17:28,758 -     最新价格: 10.24
2025-07-14 22:17:28,759 -     最新日期: 2025-07-14
2025-07-14 22:17:28,759 -     下跌趋势: 否
2025-07-14 22:17:28,759 -     高位上影线: 有
2025-07-14 22:17:28,759 -     温和放量: 否
2025-07-14 22:17:28,760 -     量比: 1.87
2025-07-14 22:17:28,760 -     放量原因: 成交量过大，量比1.87超过1.8
2025-07-14 22:17:28,760 -     MA5: 10.00
2025-07-14 22:17:28,760 -     MA20: 9.55
2025-07-14 22:17:28,760 -   ❌ 603861 未通过筛选，原因: 高位上影线, 非温和放量(成交量过大，量比1.87超过1.8)
2025-07-14 22:17:29,761 - 
(8/37) 正在分析股票: 000899
2025-07-14 22:17:29,928 -   📊 数据量: 42 天
2025-07-14 22:17:29,931 -   📈 技术分析结果:
2025-07-14 22:17:29,931 -     最新价格: 9.93
2025-07-14 22:17:29,931 -     最新日期: 2025-07-14
2025-07-14 22:17:29,932 -     下跌趋势: 否
2025-07-14 22:17:29,932 -     高位上影线: 无
2025-07-14 22:17:29,932 -     温和放量: 是
2025-07-14 22:17:29,932 -     量比: 1.26
2025-07-14 22:17:29,933 -     放量原因: 温和放量，量比1.26
2025-07-14 22:17:29,933 -     MA5: 9.66
2025-07-14 22:17:29,933 -     MA20: 9.02
2025-07-14 22:17:29,933 -   ✅ 000899 通过技术分析和温和放量筛选!
2025-07-14 22:17:30,934 - 
(9/37) 正在分析股票: 603697
2025-07-14 22:17:31,114 -   📊 数据量: 42 天
2025-07-14 22:17:31,116 -   📈 技术分析结果:
2025-07-14 22:17:31,117 -     最新价格: 12.95
2025-07-14 22:17:31,117 -     最新日期: 2025-07-14
2025-07-14 22:17:31,117 -     下跌趋势: 是
2025-07-14 22:17:31,118 -     高位上影线: 有
2025-07-14 22:17:31,118 -     温和放量: 否
2025-07-14 22:17:31,118 -     量比: 2.38
2025-07-14 22:17:31,118 -     放量原因: 成交量过大，量比2.38超过1.8
2025-07-14 22:17:31,118 -     MA5: 12.69
2025-07-14 22:17:31,118 -     MA20: 13.21
2025-07-14 22:17:31,118 -   ❌ 603697 未通过筛选，原因: 下跌趋势, 高位上影线, 非温和放量(成交量过大，量比2.38超过1.8)
2025-07-14 22:17:32,120 - 
(10/37) 正在分析股票: 688293
2025-07-14 22:17:32,308 -   📊 数据量: 42 天
2025-07-14 22:17:32,310 -   📈 技术分析结果:
2025-07-14 22:17:32,310 -     最新价格: 55.18
2025-07-14 22:17:32,311 -     最新日期: 2025-07-14
2025-07-14 22:17:32,311 -     下跌趋势: 否
2025-07-14 22:17:32,311 -     高位上影线: 有
2025-07-14 22:17:32,312 -     温和放量: 否
2025-07-14 22:17:32,312 -     量比: 1.90
2025-07-14 22:17:32,312 -     放量原因: 成交量过大，量比1.90超过1.8
2025-07-14 22:17:32,312 -     MA5: 49.30
2025-07-14 22:17:32,312 -     MA20: 42.98
2025-07-14 22:17:32,314 -   ❌ 688293 未通过筛选，原因: 高位上影线, 非温和放量(成交量过大，量比1.90超过1.8)
2025-07-14 22:17:33,315 - 
(11/37) 正在分析股票: 002174
2025-07-14 22:17:33,496 -   📊 数据量: 42 天
2025-07-14 22:17:33,498 -   📈 技术分析结果:
2025-07-14 22:17:33,498 -     最新价格: 12.62
2025-07-14 22:17:33,499 -     最新日期: 2025-07-14
2025-07-14 22:17:33,499 -     下跌趋势: 否
2025-07-14 22:17:33,499 -     高位上影线: 有
2025-07-14 22:17:33,500 -     温和放量: 是
2025-07-14 22:17:33,500 -     量比: 1.68
2025-07-14 22:17:33,500 -     放量原因: 温和放量，量比1.68
2025-07-14 22:17:33,500 -     MA5: 12.27
2025-07-14 22:17:33,500 -     MA20: 12.16
2025-07-14 22:17:33,501 -   ❌ 002174 未通过筛选，原因: 高位上影线
2025-07-14 22:17:34,502 - 
(12/37) 正在分析股票: 600179
2025-07-14 22:17:34,662 -   📊 数据量: 42 天
2025-07-14 22:17:34,665 -   📈 技术分析结果:
2025-07-14 22:17:34,665 -     最新价格: 3.03
2025-07-14 22:17:34,666 -     最新日期: 2025-07-14
2025-07-14 22:17:34,666 -     下跌趋势: 否
2025-07-14 22:17:34,666 -     高位上影线: 无
2025-07-14 22:17:34,666 -     温和放量: 否
2025-07-14 22:17:34,666 -     量比: 4.28
2025-07-14 22:17:34,667 -     放量原因: 成交量过大，量比4.28超过1.8
2025-07-14 22:17:34,667 -     MA5: 2.90
2025-07-14 22:17:34,667 -     MA20: 2.81
2025-07-14 22:17:34,668 -   ❌ 600179 未通过筛选，原因: 非温和放量(成交量过大，量比4.28超过1.8)
2025-07-14 22:17:35,668 - 
(13/37) 正在分析股票: 301285
2025-07-14 22:17:35,840 -   📊 数据量: 42 天
2025-07-14 22:17:35,841 -   📈 技术分析结果:
2025-07-14 22:17:35,842 -     最新价格: 34.15
2025-07-14 22:17:35,842 -     最新日期: 2025-07-14
2025-07-14 22:17:35,842 -     下跌趋势: 否
2025-07-14 22:17:35,842 -     高位上影线: 有
2025-07-14 22:17:35,843 -     温和放量: 是
2025-07-14 22:17:35,843 -     量比: 1.24
2025-07-14 22:17:35,843 -     放量原因: 温和放量，量比1.24
2025-07-14 22:17:35,843 -     MA5: 33.50
2025-07-14 22:17:35,843 -     MA20: 31.82
2025-07-14 22:17:35,844 -   ❌ 301285 未通过筛选，原因: 高位上影线
2025-07-14 22:17:36,844 - 
(14/37) 正在分析股票: 300503
2025-07-14 22:17:37,027 -   📊 数据量: 42 天
2025-07-14 22:17:37,029 -   📈 技术分析结果:
2025-07-14 22:17:37,029 -     最新价格: 22.61
2025-07-14 22:17:37,030 -     最新日期: 2025-07-14
2025-07-14 22:17:37,030 -     下跌趋势: 否
2025-07-14 22:17:37,030 -     高位上影线: 无
2025-07-14 22:17:37,031 -     温和放量: 否
2025-07-14 22:17:37,031 -     量比: 2.66
2025-07-14 22:17:37,031 -     放量原因: 成交量过大，量比2.66超过1.8
2025-07-14 22:17:37,031 -     MA5: 21.74
2025-07-14 22:17:37,031 -     MA20: 21.54
2025-07-14 22:17:37,031 -   ❌ 300503 未通过筛选，原因: 非温和放量(成交量过大，量比2.66超过1.8)
2025-07-14 22:17:38,032 - 
(15/37) 正在分析股票: 002777
2025-07-14 22:17:38,202 -   📊 数据量: 42 天
2025-07-14 22:17:38,204 -   📈 技术分析结果:
2025-07-14 22:17:38,204 -     最新价格: 19.29
2025-07-14 22:17:38,205 -     最新日期: 2025-07-14
2025-07-14 22:17:38,205 -     下跌趋势: 否
2025-07-14 22:17:38,205 -     高位上影线: 无
2025-07-14 22:17:38,206 -     温和放量: 否
2025-07-14 22:17:38,206 -     量比: 5.14
2025-07-14 22:17:38,206 -     放量原因: 成交量过大，量比5.14超过1.8
2025-07-14 22:17:38,207 -     MA5: 18.36
2025-07-14 22:17:38,207 -     MA20: 17.88
2025-07-14 22:17:38,207 -   ❌ 002777 未通过筛选，原因: 非温和放量(成交量过大，量比5.14超过1.8)
2025-07-14 22:17:39,207 - 
(16/37) 正在分析股票: 603063
2025-07-14 22:17:39,393 -   📊 数据量: 42 天
2025-07-14 22:17:39,394 -   📈 技术分析结果:
2025-07-14 22:17:39,395 -     最新价格: 31.89
2025-07-14 22:17:39,395 -     最新日期: 2025-07-14
2025-07-14 22:17:39,396 -     下跌趋势: 是
2025-07-14 22:17:39,396 -     高位上影线: 无
2025-07-14 22:17:39,396 -     温和放量: 否
2025-07-14 22:17:39,396 -     量比: 1.13
2025-07-14 22:17:39,397 -     放量原因: 成交量不足，量比1.13小于1.2
2025-07-14 22:17:39,397 -     MA5: 31.48
2025-07-14 22:17:39,397 -     MA20: 32.12
2025-07-14 22:17:39,397 -   ❌ 603063 未通过筛选，原因: 下跌趋势, 非温和放量(成交量不足，量比1.13小于1.2)
2025-07-14 22:17:40,399 - 
(17/37) 正在分析股票: 002779
2025-07-14 22:17:40,581 -   📊 数据量: 42 天
2025-07-14 22:17:40,583 -   📈 技术分析结果:
2025-07-14 22:17:40,583 -     最新价格: 75.99
2025-07-14 22:17:40,583 -     最新日期: 2025-07-14
2025-07-14 22:17:40,584 -     下跌趋势: 是
2025-07-14 22:17:40,584 -     高位上影线: 有
2025-07-14 22:17:40,584 -     温和放量: 是
2025-07-14 22:17:40,584 -     量比: 1.75
2025-07-14 22:17:40,585 -     放量原因: 温和放量，量比1.75
2025-07-14 22:17:40,585 -     MA5: 73.67
2025-07-14 22:17:40,585 -     MA20: 74.74
2025-07-14 22:17:40,585 -   ❌ 002779 未通过筛选，原因: 下跌趋势, 高位上影线
2025-07-14 22:17:41,586 - 
(18/37) 正在分析股票: 600531
2025-07-14 22:17:41,757 -   📊 数据量: 42 天
2025-07-14 22:17:41,758 -   📈 技术分析结果:
2025-07-14 22:17:41,759 -     最新价格: 8.34
2025-07-14 22:17:41,759 -     最新日期: 2025-07-14
2025-07-14 22:17:41,759 -     下跌趋势: 否
2025-07-14 22:17:41,759 -     高位上影线: 无
2025-07-14 22:17:41,759 -     温和放量: 是
2025-07-14 22:17:41,759 -     量比: 1.56
2025-07-14 22:17:41,760 -     放量原因: 温和放量，量比1.56
2025-07-14 22:17:41,760 -     MA5: 8.01
2025-07-14 22:17:41,760 -     MA20: 7.61
2025-07-14 22:17:41,760 -   ✅ 600531 通过技术分析和温和放量筛选!
2025-07-14 22:17:42,761 - 
(19/37) 正在分析股票: 300497
2025-07-14 22:17:42,942 -   📊 数据量: 42 天
2025-07-14 22:17:42,944 -   📈 技术分析结果:
2025-07-14 22:17:42,944 -     最新价格: 9.99
2025-07-14 22:17:42,945 -     最新日期: 2025-07-14
2025-07-14 22:17:42,945 -     下跌趋势: 否
2025-07-14 22:17:42,946 -     高位上影线: 无
2025-07-14 22:17:42,946 -     温和放量: 否
2025-07-14 22:17:42,946 -     量比: 2.16
2025-07-14 22:17:42,947 -     放量原因: 成交量过大，量比2.16超过1.8
2025-07-14 22:17:42,947 -     MA5: 9.41
2025-07-14 22:17:42,947 -     MA20: 9.08
2025-07-14 22:17:42,947 -   ❌ 300497 未通过筛选，原因: 非温和放量(成交量过大，量比2.16超过1.8)
2025-07-14 22:17:43,948 - 
(20/37) 正在分析股票: 002276
2025-07-14 22:17:44,118 -   📊 数据量: 42 天
2025-07-14 22:17:44,119 -   📈 技术分析结果:
2025-07-14 22:17:44,119 -     最新价格: 14.60
2025-07-14 22:17:44,119 -     最新日期: 2025-07-14
2025-07-14 22:17:44,120 -     下跌趋势: 否
2025-07-14 22:17:44,120 -     高位上影线: 有
2025-07-14 22:17:44,120 -     温和放量: 否
2025-07-14 22:17:44,120 -     量比: 2.12
2025-07-14 22:17:44,120 -     放量原因: 成交量过大，量比2.12超过1.8
2025-07-14 22:17:44,121 -     MA5: 14.15
2025-07-14 22:17:44,121 -     MA20: 13.84
2025-07-14 22:17:44,121 -   ❌ 002276 未通过筛选，原因: 高位上影线, 非温和放量(成交量过大，量比2.12超过1.8)
2025-07-14 22:17:45,122 - 
(21/37) 正在分析股票: 300657
2025-07-14 22:17:45,297 -   📊 数据量: 42 天
2025-07-14 22:17:45,299 -   📈 技术分析结果:
2025-07-14 22:17:45,299 -     最新价格: 27.90
2025-07-14 22:17:45,299 -     最新日期: 2025-07-14
2025-07-14 22:17:45,300 -     下跌趋势: 否
2025-07-14 22:17:45,300 -     高位上影线: 无
2025-07-14 22:17:45,300 -     温和放量: 是
2025-07-14 22:17:45,300 -     量比: 1.60
2025-07-14 22:17:45,301 -     放量原因: 温和放量，量比1.60
2025-07-14 22:17:45,301 -     MA5: 27.27
2025-07-14 22:17:45,301 -     MA20: 27.10
2025-07-14 22:17:45,301 -   ✅ 300657 通过技术分析和温和放量筛选!
2025-07-14 22:17:46,301 - 
(22/37) 正在分析股票: 688197
2025-07-14 22:17:46,469 -   📊 数据量: 42 天
2025-07-14 22:17:46,471 -   📈 技术分析结果:
2025-07-14 22:17:46,471 -     最新价格: 41.49
2025-07-14 22:17:46,472 -     最新日期: 2025-07-14
2025-07-14 22:17:46,472 -     下跌趋势: 否
2025-07-14 22:17:46,472 -     高位上影线: 有
2025-07-14 22:17:46,472 -     温和放量: 否
2025-07-14 22:17:46,473 -     量比: 1.81
2025-07-14 22:17:46,473 -     放量原因: 成交量过大，量比1.81超过1.8
2025-07-14 22:17:46,473 -     MA5: 38.63
2025-07-14 22:17:46,473 -     MA20: 37.13
2025-07-14 22:17:46,473 -   ❌ 688197 未通过筛选，原因: 高位上影线, 非温和放量(成交量过大，量比1.81超过1.8)
2025-07-14 22:17:47,475 - 
(23/37) 正在分析股票: 000420
2025-07-14 22:17:47,647 -   📊 数据量: 42 天
2025-07-14 22:17:47,649 -   📈 技术分析结果:
2025-07-14 22:17:47,649 -     最新价格: 4.14
2025-07-14 22:17:47,650 -     最新日期: 2025-07-14
2025-07-14 22:17:47,650 -     下跌趋势: 否
2025-07-14 22:17:47,650 -     高位上影线: 有
2025-07-14 22:17:47,650 -     温和放量: 否
2025-07-14 22:17:47,651 -     量比: 2.65
2025-07-14 22:17:47,651 -     放量原因: 成交量过大，量比2.65超过1.8
2025-07-14 22:17:47,651 -     MA5: 4.00
2025-07-14 22:17:47,652 -     MA20: 3.91
2025-07-14 22:17:47,652 -   ❌ 000420 未通过筛选，原因: 高位上影线, 非温和放量(成交量过大，量比2.65超过1.8)
2025-07-14 22:17:48,652 - 
(24/37) 正在分析股票: 300041
2025-07-14 22:17:48,817 -   📊 数据量: 42 天
2025-07-14 22:17:48,819 -   📈 技术分析结果:
2025-07-14 22:17:48,819 -     最新价格: 10.00
2025-07-14 22:17:48,819 -     最新日期: 2025-07-14
2025-07-14 22:17:48,819 -     下跌趋势: 否
2025-07-14 22:17:48,820 -     高位上影线: 有
2025-07-14 22:17:48,820 -     温和放量: 是
2025-07-14 22:17:48,820 -     量比: 1.54
2025-07-14 22:17:48,820 -     放量原因: 温和放量，量比1.54
2025-07-14 22:17:48,820 -     MA5: 9.70
2025-07-14 22:17:48,821 -     MA20: 9.33
2025-07-14 22:17:48,821 -   ❌ 300041 未通过筛选，原因: 高位上影线
2025-07-14 22:17:49,822 - 
(25/37) 正在分析股票: 300276
2025-07-14 22:17:50,004 -   📊 数据量: 42 天
2025-07-14 22:17:50,006 -   📈 技术分析结果:
2025-07-14 22:17:50,006 -     最新价格: 11.12
2025-07-14 22:17:50,007 -     最新日期: 2025-07-14
2025-07-14 22:17:50,007 -     下跌趋势: 是
2025-07-14 22:17:50,007 -     高位上影线: 有
2025-07-14 22:17:50,007 -     温和放量: 否
2025-07-14 22:17:50,007 -     量比: 2.41
2025-07-14 22:17:50,008 -     放量原因: 成交量过大，量比2.41超过1.8
2025-07-14 22:17:50,008 -     MA5: 10.69
2025-07-14 22:17:50,008 -     MA20: 10.73
2025-07-14 22:17:50,008 -   ❌ 300276 未通过筛选，原因: 下跌趋势, 高位上影线, 非温和放量(成交量过大，量比2.41超过1.8)
2025-07-14 22:17:51,009 - 
(26/37) 正在分析股票: 600650
2025-07-14 22:17:51,167 -   📊 数据量: 42 天
2025-07-14 22:17:51,169 -   📈 技术分析结果:
2025-07-14 22:17:51,169 -     最新价格: 16.20
2025-07-14 22:17:51,169 -     最新日期: 2025-07-14
2025-07-14 22:17:51,169 -     下跌趋势: 是
2025-07-14 22:17:51,170 -     高位上影线: 有
2025-07-14 22:17:51,170 -     温和放量: 否
2025-07-14 22:17:51,170 -     量比: 2.66
2025-07-14 22:17:51,171 -     放量原因: 成交量过大，量比2.66超过1.8
2025-07-14 22:17:51,171 -     MA5: 15.62
2025-07-14 22:17:51,171 -     MA20: 15.62
2025-07-14 22:17:51,171 -   ❌ 600650 未通过筛选，原因: 下跌趋势, 高位上影线, 非温和放量(成交量过大，量比2.66超过1.8)
2025-07-14 22:17:52,172 - 
(27/37) 正在分析股票: 300693
2025-07-14 22:17:52,347 -   📊 数据量: 42 天
2025-07-14 22:17:52,349 -   📈 技术分析结果:
2025-07-14 22:17:52,349 -     最新价格: 31.07
2025-07-14 22:17:52,350 -     最新日期: 2025-07-14
2025-07-14 22:17:52,350 -     下跌趋势: 否
2025-07-14 22:17:52,350 -     高位上影线: 有
2025-07-14 22:17:52,350 -     温和放量: 是
2025-07-14 22:17:52,350 -     量比: 1.55
2025-07-14 22:17:52,351 -     放量原因: 温和放量，量比1.55
2025-07-14 22:17:52,351 -     MA5: 30.44
2025-07-14 22:17:52,351 -     MA20: 29.55
2025-07-14 22:17:52,351 -   ❌ 300693 未通过筛选，原因: 高位上影线
2025-07-14 22:17:53,352 - 
(28/37) 正在分析股票: 600590
2025-07-14 22:17:53,516 -   📊 数据量: 42 天
2025-07-14 22:17:53,518 -   📈 技术分析结果:
2025-07-14 22:17:53,518 -     最新价格: 9.44
2025-07-14 22:17:53,518 -     最新日期: 2025-07-14
2025-07-14 22:17:53,519 -     下跌趋势: 否
2025-07-14 22:17:53,519 -     高位上影线: 无
2025-07-14 22:17:53,519 -     温和放量: 否
2025-07-14 22:17:53,519 -     量比: 2.10
2025-07-14 22:17:53,519 -     放量原因: 成交量过大，量比2.10超过1.8
2025-07-14 22:17:53,519 -     MA5: 9.22
2025-07-14 22:17:53,520 -     MA20: 9.07
2025-07-14 22:17:53,520 -   ❌ 600590 未通过筛选，原因: 非温和放量(成交量过大，量比2.10超过1.8)
2025-07-14 22:17:54,521 - 
(29/37) 正在分析股票: 600982
2025-07-14 22:17:54,822 -   📊 数据量: 42 天
2025-07-14 22:17:54,823 -   📈 技术分析结果:
2025-07-14 22:17:54,823 -     最新价格: 4.86
2025-07-14 22:17:54,824 -     最新日期: 2025-07-14
2025-07-14 22:17:54,824 -     下跌趋势: 否
2025-07-14 22:17:54,824 -     高位上影线: 有
2025-07-14 22:17:54,824 -     温和放量: 是
2025-07-14 22:17:54,824 -     量比: 1.69
2025-07-14 22:17:54,825 -     放量原因: 温和放量，量比1.69
2025-07-14 22:17:54,825 -     MA5: 4.76
2025-07-14 22:17:54,825 -     MA20: 4.55
2025-07-14 22:17:54,825 -   ❌ 600982 未通过筛选，原因: 高位上影线
2025-07-14 22:17:55,826 - 
(30/37) 正在分析股票: 002676
2025-07-14 22:17:55,987 -   📊 数据量: 42 天
2025-07-14 22:17:55,988 -   📈 技术分析结果:
2025-07-14 22:17:55,989 -     最新价格: 7.98
2025-07-14 22:17:55,989 -     最新日期: 2025-07-14
2025-07-14 22:17:55,989 -     下跌趋势: 否
2025-07-14 22:17:55,989 -     高位上影线: 有
2025-07-14 22:17:55,989 -     温和放量: 否
2025-07-14 22:17:55,990 -     量比: 1.05
2025-07-14 22:17:55,990 -     放量原因: 成交量不足，量比1.05小于1.2
2025-07-14 22:17:55,990 -     MA5: 7.82
2025-07-14 22:17:55,991 -     MA20: 7.24
2025-07-14 22:17:55,991 -   ❌ 002676 未通过筛选，原因: 高位上影线, 非温和放量(成交量不足，量比1.05小于1.2)
2025-07-14 22:17:56,991 - 
(31/37) 正在分析股票: 301393
2025-07-14 22:17:57,144 -   📊 数据量: 42 天
2025-07-14 22:17:57,145 -   📈 技术分析结果:
2025-07-14 22:17:57,146 -     最新价格: 54.88
2025-07-14 22:17:57,146 -     最新日期: 2025-07-14
2025-07-14 22:17:57,146 -     下跌趋势: 否
2025-07-14 22:17:57,146 -     高位上影线: 有
2025-07-14 22:17:57,147 -     温和放量: 是
2025-07-14 22:17:57,147 -     量比: 1.26
2025-07-14 22:17:57,147 -     放量原因: 温和放量，量比1.26
2025-07-14 22:17:57,147 -     MA5: 53.01
2025-07-14 22:17:57,147 -     MA20: 52.21
2025-07-14 22:17:57,148 -   ❌ 301393 未通过筛选，原因: 高位上影线
2025-07-14 22:17:58,149 - 
(32/37) 正在分析股票: 600490
2025-07-14 22:17:58,321 -   📊 数据量: 42 天
2025-07-14 22:17:58,322 -   📈 技术分析结果:
2025-07-14 22:17:58,322 -     最新价格: 4.91
2025-07-14 22:17:58,323 -     最新日期: 2025-07-14
2025-07-14 22:17:58,323 -     下跌趋势: 否
2025-07-14 22:17:58,323 -     高位上影线: 有
2025-07-14 22:17:58,323 -     温和放量: 是
2025-07-14 22:17:58,324 -     量比: 1.36
2025-07-14 22:17:58,324 -     放量原因: 温和放量，量比1.36
2025-07-14 22:17:58,324 -     MA5: 4.67
2025-07-14 22:17:58,324 -     MA20: 4.46
2025-07-14 22:17:58,324 -   ❌ 600490 未通过筛选，原因: 高位上影线
2025-07-14 22:17:59,325 - 
(33/37) 正在分析股票: 605305
2025-07-14 22:17:59,581 -   📊 数据量: 42 天
2025-07-14 22:17:59,583 -   📈 技术分析结果:
2025-07-14 22:17:59,583 -     最新价格: 30.78
2025-07-14 22:17:59,583 -     最新日期: 2025-07-14
2025-07-14 22:17:59,583 -     下跌趋势: 否
2025-07-14 22:17:59,583 -     高位上影线: 有
2025-07-14 22:17:59,583 -     温和放量: 是
2025-07-14 22:17:59,584 -     量比: 1.55
2025-07-14 22:17:59,584 -     放量原因: 温和放量，量比1.55
2025-07-14 22:17:59,584 -     MA5: 29.31
2025-07-14 22:17:59,584 -     MA20: 28.02
2025-07-14 22:17:59,584 -   ❌ 605305 未通过筛选，原因: 高位上影线
2025-07-14 22:18:00,585 - 
(34/37) 正在分析股票: 300466
2025-07-14 22:18:00,860 -   📊 数据量: 42 天
2025-07-14 22:18:00,862 -   📈 技术分析结果:
2025-07-14 22:18:00,862 -     最新价格: 10.64
2025-07-14 22:18:00,862 -     最新日期: 2025-07-14
2025-07-14 22:18:00,862 -     下跌趋势: 否
2025-07-14 22:18:00,863 -     高位上影线: 无
2025-07-14 22:18:00,863 -     温和放量: 否
2025-07-14 22:18:00,863 -     量比: 2.40
2025-07-14 22:18:00,863 -     放量原因: 成交量过大，量比2.40超过1.8
2025-07-14 22:18:00,863 -     MA5: 10.36
2025-07-14 22:18:00,864 -     MA20: 10.24
2025-07-14 22:18:00,864 -   ❌ 300466 未通过筛选，原因: 非温和放量(成交量过大，量比2.40超过1.8)
2025-07-14 22:18:01,865 - 
(35/37) 正在分析股票: 601015
2025-07-14 22:18:02,127 -   📊 数据量: 42 天
2025-07-14 22:18:02,129 -   📈 技术分析结果:
2025-07-14 22:18:02,129 -     最新价格: 3.67
2025-07-14 22:18:02,130 -     最新日期: 2025-07-14
2025-07-14 22:18:02,131 -     下跌趋势: 否
2025-07-14 22:18:02,131 -     高位上影线: 有
2025-07-14 22:18:02,131 -     温和放量: 否
2025-07-14 22:18:02,131 -     量比: 3.17
2025-07-14 22:18:02,131 -     放量原因: 成交量过大，量比3.17超过1.8
2025-07-14 22:18:02,132 -     MA5: 3.50
2025-07-14 22:18:02,132 -     MA20: 3.33
2025-07-14 22:18:02,132 -   ❌ 601015 未通过筛选，原因: 高位上影线, 非温和放量(成交量过大，量比3.17超过1.8)
2025-07-14 22:18:03,133 - 
(36/37) 正在分析股票: 300129
2025-07-14 22:18:03,309 -   📊 数据量: 42 天
2025-07-14 22:18:03,311 -   📈 技术分析结果:
2025-07-14 22:18:03,311 -     最新价格: 7.40
2025-07-14 22:18:03,312 -     最新日期: 2025-07-14
2025-07-14 22:18:03,312 -     下跌趋势: 否
2025-07-14 22:18:03,312 -     高位上影线: 有
2025-07-14 22:18:03,312 -     温和放量: 否
2025-07-14 22:18:03,312 -     量比: 2.32
2025-07-14 22:18:03,313 -     放量原因: 成交量过大，量比2.32超过1.8
2025-07-14 22:18:03,313 -     MA5: 7.25
2025-07-14 22:18:03,313 -     MA20: 7.08
2025-07-14 22:18:03,313 -   ❌ 300129 未通过筛选，原因: 高位上影线, 非温和放量(成交量过大，量比2.32超过1.8)
2025-07-14 22:18:04,314 - 
(37/37) 正在分析股票: 600866
2025-07-14 22:18:04,650 -   📊 数据量: 42 天
2025-07-14 22:18:04,652 -   📈 技术分析结果:
2025-07-14 22:18:04,652 -     最新价格: 7.75
2025-07-14 22:18:04,653 -     最新日期: 2025-07-14
2025-07-14 22:18:04,653 -     下跌趋势: 否
2025-07-14 22:18:04,653 -     高位上影线: 有
2025-07-14 22:18:04,653 -     温和放量: 否
2025-07-14 22:18:04,654 -     量比: 2.55
2025-07-14 22:18:04,654 -     放量原因: 成交量过大，量比2.55超过1.8
2025-07-14 22:18:04,654 -     MA5: 7.37
2025-07-14 22:18:04,655 -     MA20: 7.12
2025-07-14 22:18:04,655 -   ❌ 600866 未通过筛选，原因: 高位上影线, 非温和放量(成交量过大，量比2.55超过1.8)
2025-07-14 22:18:05,655 - 
============================================================
2025-07-14 22:18:05,655 - 技术分析汇总结果:
2025-07-14 22:18:05,655 - ============================================================
2025-07-14 22:18:05,656 - ❌ 688233 - 未通过: 高位上影线
2025-07-14 22:18:05,656 - ❌ 603119 - 未通过: 下跌趋势
2025-07-14 22:18:05,656 - ❌ 605018 - 未通过: 高位上影线
2025-07-14 22:18:05,656 - ❌ 600343 - 未通过: 高位上影线
2025-07-14 22:18:05,657 - ❌ 688222 - 未通过: 高位上影线
2025-07-14 22:18:05,657 - ❌ 000811 - 未通过: 高位上影线
2025-07-14 22:18:05,657 - ❌ 603861 - 未通过: 高位上影线, 非温和放量
2025-07-14 22:18:05,657 - ✅ 000899 - 通过筛选
2025-07-14 22:18:05,657 - ❌ 603697 - 未通过: 下跌趋势, 高位上影线, 非温和放量
2025-07-14 22:18:05,657 - ❌ 688293 - 未通过: 高位上影线, 非温和放量
2025-07-14 22:18:05,658 - ❌ 002174 - 未通过: 高位上影线
2025-07-14 22:18:05,658 - ❌ 600179 - 未通过: 非温和放量
2025-07-14 22:18:05,658 - ❌ 301285 - 未通过: 高位上影线
2025-07-14 22:18:05,658 - ❌ 300503 - 未通过: 非温和放量
2025-07-14 22:18:05,658 - ❌ 002777 - 未通过: 非温和放量
2025-07-14 22:18:05,658 - ❌ 603063 - 未通过: 下跌趋势, 非温和放量
2025-07-14 22:18:05,659 - ❌ 002779 - 未通过: 下跌趋势, 高位上影线
2025-07-14 22:18:05,659 - ✅ 600531 - 通过筛选
2025-07-14 22:18:05,659 - ❌ 300497 - 未通过: 非温和放量
2025-07-14 22:18:05,659 - ❌ 002276 - 未通过: 高位上影线, 非温和放量
2025-07-14 22:18:05,659 - ✅ 300657 - 通过筛选
2025-07-14 22:18:05,659 - ❌ 688197 - 未通过: 高位上影线, 非温和放量
2025-07-14 22:18:05,660 - ❌ 000420 - 未通过: 高位上影线, 非温和放量
2025-07-14 22:18:05,660 - ❌ 300041 - 未通过: 高位上影线
2025-07-14 22:18:05,660 - ❌ 300276 - 未通过: 下跌趋势, 高位上影线, 非温和放量
2025-07-14 22:18:05,660 - ❌ 600650 - 未通过: 下跌趋势, 高位上影线, 非温和放量
2025-07-14 22:18:05,660 - ❌ 300693 - 未通过: 高位上影线
2025-07-14 22:18:05,660 - ❌ 600590 - 未通过: 非温和放量
2025-07-14 22:18:05,660 - ❌ 600982 - 未通过: 高位上影线
2025-07-14 22:18:05,661 - ❌ 002676 - 未通过: 高位上影线, 非温和放量
2025-07-14 22:18:05,661 - ❌ 301393 - 未通过: 高位上影线
2025-07-14 22:18:05,661 - ❌ 600490 - 未通过: 高位上影线
2025-07-14 22:18:05,661 - ❌ 605305 - 未通过: 高位上影线
2025-07-14 22:18:05,661 - ❌ 300466 - 未通过: 非温和放量
2025-07-14 22:18:05,661 - ❌ 601015 - 未通过: 高位上影线, 非温和放量
2025-07-14 22:18:05,661 - ❌ 300129 - 未通过: 高位上影线, 非温和放量
2025-07-14 22:18:05,662 - ❌ 600866 - 未通过: 高位上影线, 非温和放量
2025-07-14 22:18:05,662 - 
最终结果: 3 只股票通过技术分析筛选
2025-07-14 22:18:05,662 - 
✅ 准备传递给交易模块的股票代码:
2025-07-14 22:18:05,662 -    📊 000899
2025-07-14 22:18:05,662 -    📊 600531
2025-07-14 22:18:05,662 -    📊 300657
2025-07-14 22:18:05,663 - 
============================================================
2025-07-14 22:18:05,664 - 🚀 交易模块启动
2025-07-14 22:18:05,664 - ============================================================
2025-07-14 22:18:05,664 - 📊 筛选时间: 2025-07-14 22:18:05
2025-07-14 22:18:05,664 - 📈 待交易标的数量: 3
2025-07-14 22:18:05,665 - 📋 000899 交易计划:
2025-07-14 22:18:05,665 -    当前价: 9.93
2025-07-14 22:18:05,665 -    买入价: 10.13
2025-07-14 22:18:05,665 -    止损价: 9.43
2025-07-14 22:18:05,666 -    止盈价: 10.72
2025-07-14 22:18:05,666 -    仓位: 1000
2025-07-14 22:18:05,666 - 📋 600531 交易计划:
2025-07-14 22:18:05,667 -    当前价: 8.34
2025-07-14 22:18:05,667 -    买入价: 8.51
2025-07-14 22:18:05,667 -    止损价: 7.92
2025-07-14 22:18:05,667 -    止盈价: 9.01
2025-07-14 22:18:05,667 -    仓位: 1100
2025-07-14 22:18:05,668 - 📋 300657 交易计划:
2025-07-14 22:18:05,668 -    当前价: 27.90
2025-07-14 22:18:05,668 -    买入价: 28.46
2025-07-14 22:18:05,668 -    止损价: 26.50
2025-07-14 22:18:05,668 -    止盈价: 30.13
2025-07-14 22:18:05,668 -    仓位: 300
2025-07-14 22:18:05,669 - 
📈 准备执行 3 只股票的交易:
2025-07-14 22:18:05,669 - (1) 000899 - 优先级: 1
2025-07-14 22:18:05,669 - 🔄 模拟执行交易: 000899
2025-07-14 22:18:05,669 -    委托价格: 10.13
2025-07-14 22:18:05,669 -    委托数量: 1000 股
2025-07-14 22:18:05,669 - (2) 600531 - 优先级: 1
2025-07-14 22:18:05,669 - 🔄 模拟执行交易: 600531
2025-07-14 22:18:05,670 -    委托价格: 8.51
2025-07-14 22:18:05,670 -    委托数量: 1100 股
2025-07-14 22:18:05,670 - (3) 300657 - 优先级: 1
2025-07-14 22:18:05,670 - 🔄 模拟执行交易: 300657
2025-07-14 22:18:05,670 -    委托价格: 28.46
2025-07-14 22:18:05,671 -    委托数量: 300 股
2025-07-14 22:18:05,673 - 💾 交易计划已保存: data/trading_plans/trading_plan_20250714_221805.csv
2025-07-14 22:18:05,673 - 📊 共保存 3 个交易标的
