2025-06-08 20:13:28,646 - 📁 日志将保存到: logs\stock_analysis_20250608_201328.log
2025-06-08 20:13:28,647 - 📁 发现已存在的数据文件: data\stock_pool_data\stock_data_pool20250608.csv
2025-06-08 20:13:28,648 - 🔄 直接加载本地CSV文件
2025-06-08 20:13:28,678 - 准备分析初次筛选出的17 只股票
2025-06-08 20:13:28,678 - 股票代码: ['300191', '605123', '688503', '600715', '600279', '301367', '000045', '688488', '688518', '300925', '003002', '002645', '301500', '002424', '300210', '301303', '605088']
2025-06-08 20:13:28,678 - 数据日期范围: 20250409 到 20250608
2025-06-08 20:13:28,679 - ============================================================
2025-06-08 20:13:28,679 - 
(1/17) 正在分析股票: 300191
2025-06-08 20:13:28,777 -   📊 数据量: 39 天
2025-06-08 20:13:28,781 -   📈 技术分析结果:
2025-06-08 20:13:28,782 -     最新价格: 17.77
2025-06-08 20:13:28,782 -     最新日期: 2025-06-06
2025-06-08 20:13:28,782 -     下跌趋势: 否
2025-06-08 20:13:28,782 -     高位上影线: 有
2025-06-08 20:13:28,782 -     MA5: 17.31
2025-06-08 20:13:28,782 -     MA20: 16.55
2025-06-08 20:13:28,783 -   ❌ 300191 未通过筛选，原因: 高位上影线
2025-06-08 20:13:29,784 - 
(2/17) 正在分析股票: 605123
2025-06-08 20:13:29,880 -   📊 数据量: 39 天
2025-06-08 20:13:29,883 -   📈 技术分析结果:
2025-06-08 20:13:29,883 -     最新价格: 64.16
2025-06-08 20:13:29,883 -     最新日期: 2025-06-06
2025-06-08 20:13:29,883 -     下跌趋势: 否
2025-06-08 20:13:29,883 -     高位上影线: 有
2025-06-08 20:13:29,883 -     MA5: 61.04
2025-06-08 20:13:29,883 -     MA20: 57.60
2025-06-08 20:13:29,883 -   ❌ 605123 未通过筛选，原因: 高位上影线
2025-06-08 20:13:30,884 - 
(3/17) 正在分析股票: 688503
2025-06-08 20:13:30,989 -   📊 数据量: 39 天
2025-06-08 20:13:30,992 -   📈 技术分析结果:
2025-06-08 20:13:30,993 -     最新价格: 36.30
2025-06-08 20:13:30,993 -     最新日期: 2025-06-06
2025-06-08 20:13:30,993 -     下跌趋势: 否
2025-06-08 20:13:30,994 -     高位上影线: 有
2025-06-08 20:13:30,994 -     MA5: 33.16
2025-06-08 20:13:30,994 -     MA20: 33.13
2025-06-08 20:13:30,995 -   ❌ 688503 未通过筛选，原因: 高位上影线
2025-06-08 20:13:31,996 - 
(4/17) 正在分析股票: 600715
2025-06-08 20:13:32,093 -   📊 数据量: 38 天
2025-06-08 20:13:32,096 -   📈 技术分析结果:
2025-06-08 20:13:32,096 -     最新价格: 2.41
2025-06-08 20:13:32,096 -     最新日期: 2025-06-06
2025-06-08 20:13:32,097 -     下跌趋势: 否
2025-06-08 20:13:32,097 -     高位上影线: 有
2025-06-08 20:13:32,097 -     MA5: 2.34
2025-06-08 20:13:32,097 -     MA20: 2.31
2025-06-08 20:13:32,097 -   ❌ 600715 未通过筛选，原因: 高位上影线
2025-06-08 20:13:33,098 - 
(5/17) 正在分析股票: 600279
2025-06-08 20:13:33,196 -   📊 数据量: 39 天
2025-06-08 20:13:33,200 -   📈 技术分析结果:
2025-06-08 20:13:33,200 -     最新价格: 6.42
2025-06-08 20:13:33,200 -     最新日期: 2025-06-06
2025-06-08 20:13:33,200 -     下跌趋势: 否
2025-06-08 20:13:33,201 -     高位上影线: 有
2025-06-08 20:13:33,201 -     MA5: 6.20
2025-06-08 20:13:33,201 -     MA20: 6.08
2025-06-08 20:13:33,201 -   ❌ 600279 未通过筛选，原因: 高位上影线
2025-06-08 20:13:34,202 - 
(6/17) 正在分析股票: 301367
2025-06-08 20:13:34,295 -   📊 数据量: 39 天
2025-06-08 20:13:34,298 -   📈 技术分析结果:
2025-06-08 20:13:34,298 -     最新价格: 85.56
2025-06-08 20:13:34,298 -     最新日期: 2025-06-06
2025-06-08 20:13:34,299 -     下跌趋势: 是
2025-06-08 20:13:34,299 -     高位上影线: 有
2025-06-08 20:13:34,299 -     MA5: 83.88
2025-06-08 20:13:34,299 -     MA20: 85.16
2025-06-08 20:13:34,299 -   ❌ 301367 未通过筛选，原因: 下跌趋势, 高位上影线
2025-06-08 20:13:35,300 - 
(7/17) 正在分析股票: 000045
2025-06-08 20:13:35,415 -   📊 数据量: 39 天
2025-06-08 20:13:35,417 -   📈 技术分析结果:
2025-06-08 20:13:35,418 -     最新价格: 11.51
2025-06-08 20:13:35,418 -     最新日期: 2025-06-06
2025-06-08 20:13:35,418 -     下跌趋势: 否
2025-06-08 20:13:35,418 -     高位上影线: 有
2025-06-08 20:13:35,418 -     MA5: 11.22
2025-06-08 20:13:35,418 -     MA20: 10.64
2025-06-08 20:13:35,418 -   ❌ 000045 未通过筛选，原因: 高位上影线
2025-06-08 20:13:36,420 - 
(8/17) 正在分析股票: 688488
2025-06-08 20:13:36,515 -   📊 数据量: 39 天
2025-06-08 20:13:36,518 -   📈 技术分析结果:
2025-06-08 20:13:36,519 -     最新价格: 13.52
2025-06-08 20:13:36,519 -     最新日期: 2025-06-06
2025-06-08 20:13:36,519 -     下跌趋势: 否
2025-06-08 20:13:36,519 -     高位上影线: 有
2025-06-08 20:13:36,519 -     MA5: 13.58
2025-06-08 20:13:36,520 -     MA20: 12.05
2025-06-08 20:13:36,520 -   ❌ 688488 未通过筛选，原因: 高位上影线
2025-06-08 20:13:37,521 - 
(9/17) 正在分析股票: 688518
2025-06-08 20:13:37,610 -   📊 数据量: 39 天
2025-06-08 20:13:37,613 -   📈 技术分析结果:
2025-06-08 20:13:37,614 -     最新价格: 17.91
2025-06-08 20:13:37,614 -     最新日期: 2025-06-06
2025-06-08 20:13:37,614 -     下跌趋势: 否
2025-06-08 20:13:37,615 -     高位上影线: 有
2025-06-08 20:13:37,615 -     MA5: 16.71
2025-06-08 20:13:37,616 -     MA20: 16.40
2025-06-08 20:13:37,616 -   ❌ 688518 未通过筛选，原因: 高位上影线
2025-06-08 20:13:38,617 - 
(10/17) 正在分析股票: 300925
2025-06-08 20:13:38,701 -   📊 数据量: 39 天
2025-06-08 20:13:38,704 -   📈 技术分析结果:
2025-06-08 20:13:38,705 -     最新价格: 22.09
2025-06-08 20:13:38,705 -     最新日期: 2025-06-06
2025-06-08 20:13:38,705 -     下跌趋势: 是
2025-06-08 20:13:38,705 -     高位上影线: 无
2025-06-08 20:13:38,705 -     MA5: 21.13
2025-06-08 20:13:38,706 -     MA20: 21.50
2025-06-08 20:13:38,706 -   ❌ 300925 未通过筛选，原因: 下跌趋势
2025-06-08 20:13:39,707 - 
(11/17) 正在分析股票: 003002
2025-06-08 20:13:39,820 -   📊 数据量: 39 天
2025-06-08 20:13:39,823 -   📈 技术分析结果:
2025-06-08 20:13:39,823 -     最新价格: 27.79
2025-06-08 20:13:39,823 -     最新日期: 2025-06-06
2025-06-08 20:13:39,824 -     下跌趋势: 否
2025-06-08 20:13:39,824 -     高位上影线: 有
2025-06-08 20:13:39,824 -     MA5: 27.01
2025-06-08 20:13:39,824 -     MA20: 26.70
2025-06-08 20:13:39,824 -   ❌ 003002 未通过筛选，原因: 高位上影线
2025-06-08 20:13:40,825 - 
(12/17) 正在分析股票: 002645
2025-06-08 20:13:40,911 -   📊 数据量: 39 天
2025-06-08 20:13:40,914 -   📈 技术分析结果:
2025-06-08 20:13:40,914 -     最新价格: 8.63
2025-06-08 20:13:40,914 -     最新日期: 2025-06-06
2025-06-08 20:13:40,915 -     下跌趋势: 否
2025-06-08 20:13:40,915 -     高位上影线: 有
2025-06-08 20:13:40,915 -     MA5: 8.30
2025-06-08 20:13:40,915 -     MA20: 8.22
2025-06-08 20:13:40,915 -   ❌ 002645 未通过筛选，原因: 高位上影线
2025-06-08 20:13:41,917 - 
(13/17) 正在分析股票: 301500
2025-06-08 20:13:42,073 -   📊 数据量: 39 天
2025-06-08 20:13:42,075 -   📈 技术分析结果:
2025-06-08 20:13:42,076 -     最新价格: 20.80
2025-06-08 20:13:42,076 -     最新日期: 2025-06-06
2025-06-08 20:13:42,076 -     下跌趋势: 否
2025-06-08 20:13:42,076 -     高位上影线: 有
2025-06-08 20:13:42,076 -     MA5: 20.34
2025-06-08 20:13:42,077 -     MA20: 19.87
2025-06-08 20:13:42,077 -   ❌ 301500 未通过筛选，原因: 高位上影线
2025-06-08 20:13:43,078 - 
(14/17) 正在分析股票: 002424
2025-06-08 20:13:43,238 -   📊 数据量: 39 天
2025-06-08 20:13:43,241 -   📈 技术分析结果:
2025-06-08 20:13:43,241 -     最新价格: 4.28
2025-06-08 20:13:43,242 -     最新日期: 2025-06-06
2025-06-08 20:13:43,242 -     下跌趋势: 否
2025-06-08 20:13:43,242 -     高位上影线: 有
2025-06-08 20:13:43,242 -     MA5: 4.11
2025-06-08 20:13:43,243 -     MA20: 4.03
2025-06-08 20:13:43,243 -   ❌ 002424 未通过筛选，原因: 高位上影线
2025-06-08 20:13:44,243 - 
(15/17) 正在分析股票: 300210
2025-06-08 20:13:44,394 -   📊 数据量: 39 天
2025-06-08 20:13:44,398 -   📈 技术分析结果:
2025-06-08 20:13:44,398 -     最新价格: 10.97
2025-06-08 20:13:44,398 -     最新日期: 2025-06-06
2025-06-08 20:13:44,398 -     下跌趋势: 否
2025-06-08 20:13:44,398 -     高位上影线: 无
2025-06-08 20:13:44,399 -     MA5: 10.65
2025-06-08 20:13:44,399 -     MA20: 10.38
2025-06-08 20:13:44,399 -   ✅ 300210 通过技术分析筛选!
2025-06-08 20:13:45,400 - 
(16/17) 正在分析股票: 301303
2025-06-08 20:13:45,579 -   📊 数据量: 39 天
2025-06-08 20:13:45,582 -   📈 技术分析结果:
2025-06-08 20:13:45,582 -     最新价格: 14.09
2025-06-08 20:13:45,583 -     最新日期: 2025-06-06
2025-06-08 20:13:45,583 -     下跌趋势: 否
2025-06-08 20:13:45,584 -     高位上影线: 有
2025-06-08 20:13:45,584 -     MA5: 13.73
2025-06-08 20:13:45,584 -     MA20: 13.49
2025-06-08 20:13:45,584 -   ❌ 301303 未通过筛选，原因: 高位上影线
2025-06-08 20:13:46,585 - 
(17/17) 正在分析股票: 605088
2025-06-08 20:13:46,727 -   📊 数据量: 39 天
2025-06-08 20:13:46,730 -   📈 技术分析结果:
2025-06-08 20:13:46,730 -     最新价格: 36.42
2025-06-08 20:13:46,730 -     最新日期: 2025-06-06
2025-06-08 20:13:46,731 -     下跌趋势: 是
2025-06-08 20:13:46,731 -     高位上影线: 有
2025-06-08 20:13:46,731 -     MA5: 34.92
2025-06-08 20:13:46,731 -     MA20: 36.54
2025-06-08 20:13:46,731 -   ❌ 605088 未通过筛选，原因: 下跌趋势, 高位上影线
2025-06-08 20:13:47,732 - 
============================================================
2025-06-08 20:13:47,732 - 技术分析汇总结果:
2025-06-08 20:13:47,732 - ============================================================
2025-06-08 20:13:47,732 - ❌ 300191 - 未通过: 高位上影线
2025-06-08 20:13:47,733 - ❌ 605123 - 未通过: 高位上影线
2025-06-08 20:13:47,733 - ❌ 688503 - 未通过: 高位上影线
2025-06-08 20:13:47,733 - ❌ 600715 - 未通过: 高位上影线
2025-06-08 20:13:47,733 - ❌ 600279 - 未通过: 高位上影线
2025-06-08 20:13:47,733 - ❌ 301367 - 未通过: 下跌趋势, 高位上影线
2025-06-08 20:13:47,733 - ❌ 000045 - 未通过: 高位上影线
2025-06-08 20:13:47,733 - ❌ 688488 - 未通过: 高位上影线
2025-06-08 20:13:47,733 - ❌ 688518 - 未通过: 高位上影线
2025-06-08 20:13:47,734 - ❌ 300925 - 未通过: 下跌趋势
2025-06-08 20:13:47,734 - ❌ 003002 - 未通过: 高位上影线
2025-06-08 20:13:47,734 - ❌ 002645 - 未通过: 高位上影线
2025-06-08 20:13:47,734 - ❌ 301500 - 未通过: 高位上影线
2025-06-08 20:13:47,734 - ❌ 002424 - 未通过: 高位上影线
2025-06-08 20:13:47,734 - ✅ 300210 - 通过筛选
2025-06-08 20:13:47,734 - ❌ 301303 - 未通过: 高位上影线
2025-06-08 20:13:47,735 - ❌ 605088 - 未通过: 下跌趋势, 高位上影线
2025-06-08 20:13:47,735 - 
最终结果: 1 只股票通过技术分析筛选
2025-06-08 20:13:47,735 - 
符合条件的股票详情:
2025-06-08 20:13:47,735 - 代码: 300210
2025-06-08 20:13:47,735 -   最新价格: 10.97
2025-06-08 20:13:47,735 -   MA5: 10.65
2025-06-08 20:13:47,735 -   MA20: 10.38
2025-06-08 20:13:47,736 -   数据天数: 39
2025-06-08 20:13:47,736 - 🔄 在线获取数据模式
