2025-06-07 23:48:30,053 - 📁 日志将保存到: logs\stock_analysis_20250607_234830.log
2025-06-07 23:48:30,054 - ❌ 未找到当天数据文件: data\stock_pool_data\stock_data_pool20250607.csv
2025-06-07 23:48:30,055 - 🌐 正在从网络获取股票池数据...
2025-06-07 23:48:35,965 - 💾 数据已保存到: data\stock_pool_data\stock_data_pool20250607.csv
2025-06-07 23:48:35,966 - 准备分析初次筛选出的17 只股票
2025-06-07 23:48:35,966 - 股票代码: ['300191', '605123', '688503', '600715', '600279', '301367', '000045', '688488', '688518', '300925', '003002', '002645', '301500', '002424', '300210', '301303', '605088']
2025-06-07 23:48:35,966 - 数据日期范围: 20250408 到 20250607
2025-06-07 23:48:35,966 - ============================================================
2025-06-07 23:48:35,966 - 
(1/17) 正在分析股票: 300191
2025-06-07 23:48:36,122 -   📊 数据量: 40 天
2025-06-07 23:48:36,123 -   📈 技术分析结果:
2025-06-07 23:48:36,123 -     最新价格: 17.77
2025-06-07 23:48:36,124 -     最新日期: 2025-06-06
2025-06-07 23:48:36,124 -     下跌趋势: 否
2025-06-07 23:48:36,124 -     高位上影线: 是
2025-06-07 23:48:36,124 -     MA5: 17.31
2025-06-07 23:48:36,124 -     MA20: 16.55
2025-06-07 23:48:36,125 -   ❌ 300191 未通过筛选，原因: 高位上影线
2025-06-07 23:48:37,125 - 
(2/17) 正在分析股票: 605123
2025-06-07 23:48:37,254 -   📊 数据量: 40 天
2025-06-07 23:48:37,255 -   📈 技术分析结果:
2025-06-07 23:48:37,256 -     最新价格: 64.16
2025-06-07 23:48:37,256 -     最新日期: 2025-06-06
2025-06-07 23:48:37,256 -     下跌趋势: 否
2025-06-07 23:48:37,256 -     高位上影线: 是
2025-06-07 23:48:37,256 -     MA5: 61.04
2025-06-07 23:48:37,256 -     MA20: 57.60
2025-06-07 23:48:37,257 -   ❌ 605123 未通过筛选，原因: 高位上影线
2025-06-07 23:48:38,257 - 
(3/17) 正在分析股票: 688503
2025-06-07 23:48:38,385 -   📊 数据量: 40 天
2025-06-07 23:48:38,386 -   📈 技术分析结果:
2025-06-07 23:48:38,387 -     最新价格: 36.30
2025-06-07 23:48:38,387 -     最新日期: 2025-06-06
2025-06-07 23:48:38,387 -     下跌趋势: 否
2025-06-07 23:48:38,387 -     高位上影线: 是
2025-06-07 23:48:38,387 -     MA5: 33.16
2025-06-07 23:48:38,387 -     MA20: 33.13
2025-06-07 23:48:38,387 -   ❌ 688503 未通过筛选，原因: 高位上影线
2025-06-07 23:48:39,388 - 
(4/17) 正在分析股票: 600715
2025-06-07 23:48:39,513 -   📊 数据量: 39 天
2025-06-07 23:48:39,515 -   📈 技术分析结果:
2025-06-07 23:48:39,515 -     最新价格: 2.41
2025-06-07 23:48:39,516 -     最新日期: 2025-06-06
2025-06-07 23:48:39,516 -     下跌趋势: 否
2025-06-07 23:48:39,516 -     高位上影线: 是
2025-06-07 23:48:39,516 -     MA5: 2.34
2025-06-07 23:48:39,516 -     MA20: 2.31
2025-06-07 23:48:39,516 -   ❌ 600715 未通过筛选，原因: 高位上影线
2025-06-07 23:48:40,517 - 
(5/17) 正在分析股票: 600279
2025-06-07 23:48:40,639 -   📊 数据量: 40 天
2025-06-07 23:48:40,640 -   📈 技术分析结果:
2025-06-07 23:48:40,640 -     最新价格: 6.42
2025-06-07 23:48:40,640 -     最新日期: 2025-06-06
2025-06-07 23:48:40,641 -     下跌趋势: 否
2025-06-07 23:48:40,641 -     高位上影线: 是
2025-06-07 23:48:40,641 -     MA5: 6.20
2025-06-07 23:48:40,641 -     MA20: 6.07
2025-06-07 23:48:40,641 -   ❌ 600279 未通过筛选，原因: 高位上影线
2025-06-07 23:48:41,642 - 
(6/17) 正在分析股票: 301367
2025-06-07 23:48:41,775 -   📊 数据量: 40 天
2025-06-07 23:48:41,777 -   📈 技术分析结果:
2025-06-07 23:48:41,777 -     最新价格: 85.56
2025-06-07 23:48:41,777 -     最新日期: 2025-06-06
2025-06-07 23:48:41,778 -     下跌趋势: 是
2025-06-07 23:48:41,778 -     高位上影线: 是
2025-06-07 23:48:41,778 -     MA5: 83.88
2025-06-07 23:48:41,778 -     MA20: 85.16
2025-06-07 23:48:41,778 -   ❌ 301367 未通过筛选，原因: 下跌趋势, 高位上影线
2025-06-07 23:48:42,779 - 
(7/17) 正在分析股票: 000045
2025-06-07 23:48:42,909 -   📊 数据量: 40 天
2025-06-07 23:48:42,911 -   📈 技术分析结果:
2025-06-07 23:48:42,911 -     最新价格: 11.51
2025-06-07 23:48:42,911 -     最新日期: 2025-06-06
2025-06-07 23:48:42,911 -     下跌趋势: 否
2025-06-07 23:48:42,911 -     高位上影线: 是
2025-06-07 23:48:42,911 -     MA5: 11.22
2025-06-07 23:48:42,912 -     MA20: 10.64
2025-06-07 23:48:42,912 -   ❌ 000045 未通过筛选，原因: 高位上影线
2025-06-07 23:48:43,913 - 
(8/17) 正在分析股票: 688488
2025-06-07 23:48:44,026 -   📊 数据量: 40 天
2025-06-07 23:48:44,028 -   📈 技术分析结果:
2025-06-07 23:48:44,028 -     最新价格: 13.52
2025-06-07 23:48:44,028 -     最新日期: 2025-06-06
2025-06-07 23:48:44,028 -     下跌趋势: 否
2025-06-07 23:48:44,029 -     高位上影线: 是
2025-06-07 23:48:44,029 -     MA5: 13.58
2025-06-07 23:48:44,029 -     MA20: 12.05
2025-06-07 23:48:44,029 -   ❌ 688488 未通过筛选，原因: 高位上影线
2025-06-07 23:48:45,030 - 
(9/17) 正在分析股票: 688518
2025-06-07 23:48:45,170 -   📊 数据量: 40 天
2025-06-07 23:48:45,172 -   📈 技术分析结果:
2025-06-07 23:48:45,172 -     最新价格: 17.91
2025-06-07 23:48:45,172 -     最新日期: 2025-06-06
2025-06-07 23:48:45,172 -     下跌趋势: 否
2025-06-07 23:48:45,173 -     高位上影线: 是
2025-06-07 23:48:45,173 -     MA5: 16.71
2025-06-07 23:48:45,173 -     MA20: 16.40
2025-06-07 23:48:45,173 -   ❌ 688518 未通过筛选，原因: 高位上影线
2025-06-07 23:48:46,174 - 
(10/17) 正在分析股票: 300925
2025-06-07 23:48:46,306 -   📊 数据量: 40 天
2025-06-07 23:48:46,308 -   📈 技术分析结果:
2025-06-07 23:48:46,308 -     最新价格: 22.09
2025-06-07 23:48:46,308 -     最新日期: 2025-06-06
2025-06-07 23:48:46,308 -     下跌趋势: 是
2025-06-07 23:48:46,308 -     高位上影线: 否
2025-06-07 23:48:46,309 -     MA5: 21.13
2025-06-07 23:48:46,309 -     MA20: 21.50
2025-06-07 23:48:46,309 -   ❌ 300925 未通过筛选，原因: 下跌趋势
2025-06-07 23:48:47,310 - 
(11/17) 正在分析股票: 003002
2025-06-07 23:48:47,448 -   📊 数据量: 40 天
2025-06-07 23:48:47,449 -   📈 技术分析结果:
2025-06-07 23:48:47,449 -     最新价格: 27.79
2025-06-07 23:48:47,450 -     最新日期: 2025-06-06
2025-06-07 23:48:47,450 -     下跌趋势: 否
2025-06-07 23:48:47,450 -     高位上影线: 是
2025-06-07 23:48:47,450 -     MA5: 27.01
2025-06-07 23:48:47,450 -     MA20: 26.70
2025-06-07 23:48:47,451 -   ❌ 003002 未通过筛选，原因: 高位上影线
2025-06-07 23:48:48,452 - 
(12/17) 正在分析股票: 002645
2025-06-07 23:48:48,574 -   📊 数据量: 40 天
2025-06-07 23:48:48,575 -   📈 技术分析结果:
2025-06-07 23:48:48,576 -     最新价格: 8.63
2025-06-07 23:48:48,576 -     最新日期: 2025-06-06
2025-06-07 23:48:48,576 -     下跌趋势: 否
2025-06-07 23:48:48,576 -     高位上影线: 是
2025-06-07 23:48:48,576 -     MA5: 8.30
2025-06-07 23:48:48,577 -     MA20: 8.22
2025-06-07 23:48:48,577 -   ❌ 002645 未通过筛选，原因: 高位上影线
2025-06-07 23:48:49,578 - 
(13/17) 正在分析股票: 301500
2025-06-07 23:48:49,696 -   📊 数据量: 40 天
2025-06-07 23:48:49,697 -   📈 技术分析结果:
2025-06-07 23:48:49,698 -     最新价格: 20.80
2025-06-07 23:48:49,698 -     最新日期: 2025-06-06
2025-06-07 23:48:49,698 -     下跌趋势: 否
2025-06-07 23:48:49,698 -     高位上影线: 是
2025-06-07 23:48:49,698 -     MA5: 20.34
2025-06-07 23:48:49,699 -     MA20: 19.87
2025-06-07 23:48:49,699 -   ❌ 301500 未通过筛选，原因: 高位上影线
2025-06-07 23:48:50,700 - 
(14/17) 正在分析股票: 002424
2025-06-07 23:48:50,825 -   📊 数据量: 40 天
2025-06-07 23:48:50,826 -   📈 技术分析结果:
2025-06-07 23:48:50,827 -     最新价格: 4.28
2025-06-07 23:48:50,827 -     最新日期: 2025-06-06
2025-06-07 23:48:50,827 -     下跌趋势: 否
2025-06-07 23:48:50,827 -     高位上影线: 是
2025-06-07 23:48:50,828 -     MA5: 4.11
2025-06-07 23:48:50,828 -     MA20: 4.03
2025-06-07 23:48:50,828 -   ❌ 002424 未通过筛选，原因: 高位上影线
2025-06-07 23:48:51,829 - 
(15/17) 正在分析股票: 300210
2025-06-07 23:48:51,966 -   📊 数据量: 40 天
2025-06-07 23:48:51,967 -   📈 技术分析结果:
2025-06-07 23:48:51,967 -     最新价格: 10.97
2025-06-07 23:48:51,967 -     最新日期: 2025-06-06
2025-06-07 23:48:51,968 -     下跌趋势: 否
2025-06-07 23:48:51,968 -     高位上影线: 是
2025-06-07 23:48:51,968 -     MA5: 10.65
2025-06-07 23:48:51,968 -     MA20: 10.38
2025-06-07 23:48:51,968 -   ❌ 300210 未通过筛选，原因: 高位上影线
2025-06-07 23:48:52,969 - 
(16/17) 正在分析股票: 301303
2025-06-07 23:48:53,098 -   📊 数据量: 40 天
2025-06-07 23:48:53,099 -   📈 技术分析结果:
2025-06-07 23:48:53,100 -     最新价格: 14.09
2025-06-07 23:48:53,100 -     最新日期: 2025-06-06
2025-06-07 23:48:53,100 -     下跌趋势: 否
2025-06-07 23:48:53,100 -     高位上影线: 是
2025-06-07 23:48:53,100 -     MA5: 13.73
2025-06-07 23:48:53,100 -     MA20: 13.49
2025-06-07 23:48:53,100 -   ❌ 301303 未通过筛选，原因: 高位上影线
2025-06-07 23:48:54,102 - 
(17/17) 正在分析股票: 605088
2025-06-07 23:48:54,243 -   📊 数据量: 40 天
2025-06-07 23:48:54,244 -   📈 技术分析结果:
2025-06-07 23:48:54,245 -     最新价格: 36.42
2025-06-07 23:48:54,245 -     最新日期: 2025-06-06
2025-06-07 23:48:54,245 -     下跌趋势: 是
2025-06-07 23:48:54,245 -     高位上影线: 是
2025-06-07 23:48:54,246 -     MA5: 34.92
2025-06-07 23:48:54,246 -     MA20: 36.54
2025-06-07 23:48:54,246 -   ❌ 605088 未通过筛选，原因: 下跌趋势, 高位上影线
2025-06-07 23:48:55,247 - 
============================================================
2025-06-07 23:48:55,247 - 技术分析汇总结果:
2025-06-07 23:48:55,247 - ============================================================
2025-06-07 23:48:55,248 - ❌ 300191 - 未通过: 高位上影线
2025-06-07 23:48:55,248 - ❌ 605123 - 未通过: 高位上影线
2025-06-07 23:48:55,248 - ❌ 688503 - 未通过: 高位上影线
2025-06-07 23:48:55,249 - ❌ 600715 - 未通过: 高位上影线
2025-06-07 23:48:55,249 - ❌ 600279 - 未通过: 高位上影线
2025-06-07 23:48:55,249 - ❌ 301367 - 未通过: 下跌趋势, 高位上影线
2025-06-07 23:48:55,249 - ❌ 000045 - 未通过: 高位上影线
2025-06-07 23:48:55,250 - ❌ 688488 - 未通过: 高位上影线
2025-06-07 23:48:55,250 - ❌ 688518 - 未通过: 高位上影线
2025-06-07 23:48:55,250 - ❌ 300925 - 未通过: 下跌趋势
2025-06-07 23:48:55,250 - ❌ 003002 - 未通过: 高位上影线
2025-06-07 23:48:55,250 - ❌ 002645 - 未通过: 高位上影线
2025-06-07 23:48:55,250 - ❌ 301500 - 未通过: 高位上影线
2025-06-07 23:48:55,250 - ❌ 002424 - 未通过: 高位上影线
2025-06-07 23:48:55,250 - ❌ 300210 - 未通过: 高位上影线
2025-06-07 23:48:55,251 - ❌ 301303 - 未通过: 高位上影线
2025-06-07 23:48:55,251 - ❌ 605088 - 未通过: 下跌趋势, 高位上影线
2025-06-07 23:48:55,251 - 
最终结果: 0 只股票通过技术分析筛选
2025-06-07 23:48:55,251 - 🔄 在线获取数据模式
