2025-06-08 20:34:45,514 - 📁 日志将保存到: logs\stock_analysis_20250608_203445.log
2025-06-08 20:34:45,514 - 📁 发现已存在的数据文件: data\stock_pool_data\stock_data_pool20250608.csv
2025-06-08 20:34:45,514 - 🔄 直接加载本地CSV文件
2025-06-08 20:34:45,544 - 准备分析初次筛选出的17 只股票
2025-06-08 20:34:45,545 - 股票代码: ['300191', '605123', '688503', '600715', '600279', '301367', '000045', '688488', '688518', '300925', '003002', '002645', '301500', '002424', '300210', '301303', '605088']
2025-06-08 20:34:45,545 - 数据日期范围: 20250409 到 20250608
2025-06-08 20:34:45,545 - ============================================================
2025-06-08 20:34:45,546 - 
(1/17) 正在分析股票: 300191
2025-06-08 20:34:45,967 -   📊 数据量: 39 天
2025-06-08 20:34:45,970 -   📈 技术分析结果:
2025-06-08 20:34:45,970 -     最新价格: 17.77
2025-06-08 20:34:45,970 -     最新日期: 2025-06-06
2025-06-08 20:34:45,970 -     下跌趋势: 否
2025-06-08 20:34:45,970 -     高位上影线: 有
2025-06-08 20:34:45,971 -     MA5: 17.31
2025-06-08 20:34:45,971 -     MA20: 16.55
2025-06-08 20:34:45,971 -   ❌ 300191 未通过筛选，原因: 高位上影线
2025-06-08 20:34:46,972 - 
(2/17) 正在分析股票: 605123
2025-06-08 20:34:47,268 -   📊 数据量: 39 天
2025-06-08 20:34:47,270 -   📈 技术分析结果:
2025-06-08 20:34:47,270 -     最新价格: 64.16
2025-06-08 20:34:47,271 -     最新日期: 2025-06-06
2025-06-08 20:34:47,271 -     下跌趋势: 否
2025-06-08 20:34:47,271 -     高位上影线: 有
2025-06-08 20:34:47,271 -     MA5: 61.04
2025-06-08 20:34:47,272 -     MA20: 57.60
2025-06-08 20:34:47,272 -   ❌ 605123 未通过筛选，原因: 高位上影线
2025-06-08 20:34:48,272 - 
(3/17) 正在分析股票: 688503
2025-06-08 20:34:48,551 -   📊 数据量: 39 天
2025-06-08 20:34:48,555 -   📈 技术分析结果:
2025-06-08 20:34:48,555 -     最新价格: 36.30
2025-06-08 20:34:48,556 -     最新日期: 2025-06-06
2025-06-08 20:34:48,556 -     下跌趋势: 否
2025-06-08 20:34:48,556 -     高位上影线: 有
2025-06-08 20:34:48,556 -     MA5: 33.16
2025-06-08 20:34:48,556 -     MA20: 33.13
2025-06-08 20:34:48,556 -   ❌ 688503 未通过筛选，原因: 高位上影线
2025-06-08 20:34:49,558 - 
(4/17) 正在分析股票: 600715
2025-06-08 20:34:49,841 -   📊 数据量: 38 天
2025-06-08 20:34:49,843 -   📈 技术分析结果:
2025-06-08 20:34:49,843 -     最新价格: 2.41
2025-06-08 20:34:49,844 -     最新日期: 2025-06-06
2025-06-08 20:34:49,844 -     下跌趋势: 否
2025-06-08 20:34:49,844 -     高位上影线: 有
2025-06-08 20:34:49,845 -     MA5: 2.34
2025-06-08 20:34:49,845 -     MA20: 2.31
2025-06-08 20:34:49,845 -   ❌ 600715 未通过筛选，原因: 高位上影线
2025-06-08 20:34:50,845 - 
(5/17) 正在分析股票: 600279
2025-06-08 20:34:51,142 -   📊 数据量: 39 天
2025-06-08 20:34:51,144 -   📈 技术分析结果:
2025-06-08 20:34:51,144 -     最新价格: 6.42
2025-06-08 20:34:51,145 -     最新日期: 2025-06-06
2025-06-08 20:34:51,145 -     下跌趋势: 否
2025-06-08 20:34:51,145 -     高位上影线: 有
2025-06-08 20:34:51,145 -     MA5: 6.20
2025-06-08 20:34:51,145 -     MA20: 6.08
2025-06-08 20:34:51,145 -   ❌ 600279 未通过筛选，原因: 高位上影线
2025-06-08 20:34:52,146 - 
(6/17) 正在分析股票: 301367
2025-06-08 20:34:52,447 -   📊 数据量: 39 天
2025-06-08 20:34:52,449 -   📈 技术分析结果:
2025-06-08 20:34:52,449 -     最新价格: 85.56
2025-06-08 20:34:52,450 -     最新日期: 2025-06-06
2025-06-08 20:34:52,450 -     下跌趋势: 是
2025-06-08 20:34:52,450 -     高位上影线: 有
2025-06-08 20:34:52,450 -     MA5: 83.88
2025-06-08 20:34:52,450 -     MA20: 85.16
2025-06-08 20:34:52,451 -   ❌ 301367 未通过筛选，原因: 下跌趋势, 高位上影线
2025-06-08 20:34:53,451 - 
(7/17) 正在分析股票: 000045
2025-06-08 20:34:53,789 -   📊 数据量: 39 天
2025-06-08 20:34:53,792 -   📈 技术分析结果:
2025-06-08 20:34:53,793 -     最新价格: 11.51
2025-06-08 20:34:53,793 -     最新日期: 2025-06-06
2025-06-08 20:34:53,793 -     下跌趋势: 否
2025-06-08 20:34:53,793 -     高位上影线: 有
2025-06-08 20:34:53,793 -     MA5: 11.22
2025-06-08 20:34:53,794 -     MA20: 10.64
2025-06-08 20:34:53,794 -   ❌ 000045 未通过筛选，原因: 高位上影线
2025-06-08 20:34:54,794 - 
(8/17) 正在分析股票: 688488
2025-06-08 20:34:55,094 -   📊 数据量: 39 天
2025-06-08 20:34:55,096 -   📈 技术分析结果:
2025-06-08 20:34:55,096 -     最新价格: 13.52
2025-06-08 20:34:55,097 -     最新日期: 2025-06-06
2025-06-08 20:34:55,097 -     下跌趋势: 否
2025-06-08 20:34:55,097 -     高位上影线: 有
2025-06-08 20:34:55,098 -     MA5: 13.58
2025-06-08 20:34:55,098 -     MA20: 12.05
2025-06-08 20:34:55,098 -   ❌ 688488 未通过筛选，原因: 高位上影线
2025-06-08 20:34:56,099 - 
(9/17) 正在分析股票: 688518
2025-06-08 20:34:56,404 -   📊 数据量: 39 天
2025-06-08 20:34:56,406 -   📈 技术分析结果:
2025-06-08 20:34:56,406 -     最新价格: 17.91
2025-06-08 20:34:56,406 -     最新日期: 2025-06-06
2025-06-08 20:34:56,407 -     下跌趋势: 否
2025-06-08 20:34:56,407 -     高位上影线: 有
2025-06-08 20:34:56,407 -     MA5: 16.71
2025-06-08 20:34:56,408 -     MA20: 16.40
2025-06-08 20:34:56,408 -   ❌ 688518 未通过筛选，原因: 高位上影线
2025-06-08 20:34:57,408 - 
(10/17) 正在分析股票: 300925
2025-06-08 20:34:57,677 -   📊 数据量: 39 天
2025-06-08 20:34:57,680 -   📈 技术分析结果:
2025-06-08 20:34:57,680 -     最新价格: 22.09
2025-06-08 20:34:57,681 -     最新日期: 2025-06-06
2025-06-08 20:34:57,681 -     下跌趋势: 是
2025-06-08 20:34:57,682 -     高位上影线: 无
2025-06-08 20:34:57,682 -     MA5: 21.13
2025-06-08 20:34:57,682 -     MA20: 21.50
2025-06-08 20:34:57,682 -   ❌ 300925 未通过筛选，原因: 下跌趋势
2025-06-08 20:34:58,683 - 
(11/17) 正在分析股票: 003002
2025-06-08 20:34:58,971 -   📊 数据量: 39 天
2025-06-08 20:34:58,973 -   📈 技术分析结果:
2025-06-08 20:34:58,973 -     最新价格: 27.79
2025-06-08 20:34:58,973 -     最新日期: 2025-06-06
2025-06-08 20:34:58,973 -     下跌趋势: 否
2025-06-08 20:34:58,974 -     高位上影线: 有
2025-06-08 20:34:58,974 -     MA5: 27.01
2025-06-08 20:34:58,974 -     MA20: 26.70
2025-06-08 20:34:58,974 -   ❌ 003002 未通过筛选，原因: 高位上影线
2025-06-08 20:34:59,975 - 
(12/17) 正在分析股票: 002645
2025-06-08 20:35:00,285 -   📊 数据量: 39 天
2025-06-08 20:35:00,288 -   📈 技术分析结果:
2025-06-08 20:35:00,288 -     最新价格: 8.63
2025-06-08 20:35:00,289 -     最新日期: 2025-06-06
2025-06-08 20:35:00,289 -     下跌趋势: 否
2025-06-08 20:35:00,289 -     高位上影线: 有
2025-06-08 20:35:00,289 -     MA5: 8.30
2025-06-08 20:35:00,289 -     MA20: 8.22
2025-06-08 20:35:00,289 -   ❌ 002645 未通过筛选，原因: 高位上影线
2025-06-08 20:35:01,290 - 
(13/17) 正在分析股票: 301500
2025-06-08 20:35:01,562 -   📊 数据量: 39 天
2025-06-08 20:35:01,565 -   📈 技术分析结果:
2025-06-08 20:35:01,565 -     最新价格: 20.80
2025-06-08 20:35:01,565 -     最新日期: 2025-06-06
2025-06-08 20:35:01,565 -     下跌趋势: 否
2025-06-08 20:35:01,566 -     高位上影线: 有
2025-06-08 20:35:01,566 -     MA5: 20.34
2025-06-08 20:35:01,566 -     MA20: 19.87
2025-06-08 20:35:01,566 -   ❌ 301500 未通过筛选，原因: 高位上影线
2025-06-08 20:35:02,567 - 
(14/17) 正在分析股票: 002424
2025-06-08 20:35:03,050 -   📊 数据量: 39 天
2025-06-08 20:35:03,053 -   📈 技术分析结果:
2025-06-08 20:35:03,053 -     最新价格: 4.28
2025-06-08 20:35:03,053 -     最新日期: 2025-06-06
2025-06-08 20:35:03,054 -     下跌趋势: 否
2025-06-08 20:35:03,054 -     高位上影线: 有
2025-06-08 20:35:03,055 -     MA5: 4.11
2025-06-08 20:35:03,055 -     MA20: 4.03
2025-06-08 20:35:03,055 -   ❌ 002424 未通过筛选，原因: 高位上影线
2025-06-08 20:35:04,056 - 
(15/17) 正在分析股票: 300210
2025-06-08 20:35:04,345 -   📊 数据量: 39 天
2025-06-08 20:35:04,348 -   📈 技术分析结果:
2025-06-08 20:35:04,348 -     最新价格: 10.97
2025-06-08 20:35:04,348 -     最新日期: 2025-06-06
2025-06-08 20:35:04,348 -     下跌趋势: 否
2025-06-08 20:35:04,348 -     高位上影线: 无
2025-06-08 20:35:04,349 -     MA5: 10.65
2025-06-08 20:35:04,349 -     MA20: 10.38
2025-06-08 20:35:04,349 -   ✅ 300210 通过技术分析筛选!
2025-06-08 20:35:05,350 - 
(16/17) 正在分析股票: 301303
2025-06-08 20:35:05,659 -   📊 数据量: 39 天
2025-06-08 20:35:05,662 -   📈 技术分析结果:
2025-06-08 20:35:05,662 -     最新价格: 14.09
2025-06-08 20:35:05,663 -     最新日期: 2025-06-06
2025-06-08 20:35:05,663 -     下跌趋势: 否
2025-06-08 20:35:05,663 -     高位上影线: 有
2025-06-08 20:35:05,663 -     MA5: 13.73
2025-06-08 20:35:05,663 -     MA20: 13.49
2025-06-08 20:35:05,663 -   ❌ 301303 未通过筛选，原因: 高位上影线
2025-06-08 20:35:06,664 - 
(17/17) 正在分析股票: 605088
2025-06-08 20:35:06,955 -   📊 数据量: 39 天
2025-06-08 20:35:06,958 -   📈 技术分析结果:
2025-06-08 20:35:06,958 -     最新价格: 36.42
2025-06-08 20:35:06,959 -     最新日期: 2025-06-06
2025-06-08 20:35:06,959 -     下跌趋势: 是
2025-06-08 20:35:06,959 -     高位上影线: 有
2025-06-08 20:35:06,959 -     MA5: 34.92
2025-06-08 20:35:06,959 -     MA20: 36.54
2025-06-08 20:35:06,959 -   ❌ 605088 未通过筛选，原因: 下跌趋势, 高位上影线
2025-06-08 20:35:07,960 - 
============================================================
2025-06-08 20:35:07,960 - 技术分析汇总结果:
2025-06-08 20:35:07,961 - ============================================================
2025-06-08 20:35:07,961 - ❌ 300191 - 未通过: 高位上影线
2025-06-08 20:35:07,961 - ❌ 605123 - 未通过: 高位上影线
2025-06-08 20:35:07,962 - ❌ 688503 - 未通过: 高位上影线
2025-06-08 20:35:07,962 - ❌ 600715 - 未通过: 高位上影线
2025-06-08 20:35:07,962 - ❌ 600279 - 未通过: 高位上影线
2025-06-08 20:35:07,962 - ❌ 301367 - 未通过: 下跌趋势, 高位上影线
2025-06-08 20:35:07,962 - ❌ 000045 - 未通过: 高位上影线
2025-06-08 20:35:07,962 - ❌ 688488 - 未通过: 高位上影线
2025-06-08 20:35:07,962 - ❌ 688518 - 未通过: 高位上影线
2025-06-08 20:35:07,962 - ❌ 300925 - 未通过: 下跌趋势
2025-06-08 20:35:07,963 - ❌ 003002 - 未通过: 高位上影线
2025-06-08 20:35:07,963 - ❌ 002645 - 未通过: 高位上影线
2025-06-08 20:35:07,963 - ❌ 301500 - 未通过: 高位上影线
2025-06-08 20:35:07,963 - ❌ 002424 - 未通过: 高位上影线
2025-06-08 20:35:07,963 - ✅ 300210 - 通过筛选
2025-06-08 20:35:07,963 - ❌ 301303 - 未通过: 高位上影线
2025-06-08 20:35:07,963 - ❌ 605088 - 未通过: 下跌趋势, 高位上影线
2025-06-08 20:35:07,963 - 
最终结果: 1 只股票通过技术分析筛选
2025-06-08 20:35:07,964 - 
符合条件的股票详情:
2025-06-08 20:35:07,964 - 代码: 300210
2025-06-08 20:35:07,964 -   最新价格: 10.97
2025-06-08 20:35:07,964 -   MA5: 10.65
2025-06-08 20:35:07,964 -   MA20: 10.38
2025-06-08 20:35:07,964 -   数据天数: 39
2025-06-08 20:35:07,965 - 🔄 在线获取数据模式
