2025-06-08 00:10:40,318 - 📁 日志将保存到: logs\stock_analysis_20250608_001040.log
2025-06-08 00:10:40,319 - 📁 发现已存在的数据文件: data\stock_pool_data\stock_data_pool20250608.csv
2025-06-08 00:10:40,319 - 🔄 直接加载本地CSV文件
2025-06-08 00:10:40,344 - 准备分析初次筛选出的17 只股票
2025-06-08 00:10:40,345 - 股票代码: ['300191', '605123', '688503', '600715', '600279', '301367', '000045', '688488', '688518', '300925', '003002', '002645', '301500', '002424', '300210', '301303', '605088']
2025-06-08 00:10:40,345 - 数据日期范围: 20250409 到 20250608
2025-06-08 00:10:40,346 - ============================================================
2025-06-08 00:10:40,346 - 
(1/17) 正在分析股票: 300191
2025-06-08 00:10:40,477 -   📊 数据量: 39 天
2025-06-08 00:10:40,478 -   📈 技术分析结果:
2025-06-08 00:10:40,479 -     最新价格: 17.77
2025-06-08 00:10:40,479 -     最新日期: 2025-06-06
2025-06-08 00:10:40,479 -     下跌趋势: 否
2025-06-08 00:10:40,479 -     高位上影线: 是
2025-06-08 00:10:40,479 -     MA5: 17.31
2025-06-08 00:10:40,480 -     MA20: 16.55
2025-06-08 00:10:40,480 -   ❌ 300191 未通过筛选，原因: 高位上影线
2025-06-08 00:10:41,480 - 
(2/17) 正在分析股票: 605123
2025-06-08 00:10:41,577 -   📊 数据量: 39 天
2025-06-08 00:10:41,579 -   📈 技术分析结果:
2025-06-08 00:10:41,579 -     最新价格: 64.16
2025-06-08 00:10:41,579 -     最新日期: 2025-06-06
2025-06-08 00:10:41,579 -     下跌趋势: 否
2025-06-08 00:10:41,580 -     高位上影线: 是
2025-06-08 00:10:41,580 -     MA5: 61.04
2025-06-08 00:10:41,581 -     MA20: 57.60
2025-06-08 00:10:41,581 -   ❌ 605123 未通过筛选，原因: 高位上影线
2025-06-08 00:10:42,581 - 
(3/17) 正在分析股票: 688503
2025-06-08 00:10:42,686 -   📊 数据量: 39 天
2025-06-08 00:10:42,688 -   📈 技术分析结果:
2025-06-08 00:10:42,688 -     最新价格: 36.30
2025-06-08 00:10:42,688 -     最新日期: 2025-06-06
2025-06-08 00:10:42,688 -     下跌趋势: 否
2025-06-08 00:10:42,689 -     高位上影线: 是
2025-06-08 00:10:42,689 -     MA5: 33.16
2025-06-08 00:10:42,690 -     MA20: 33.13
2025-06-08 00:10:42,690 -   ❌ 688503 未通过筛选，原因: 高位上影线
2025-06-08 00:10:43,690 - 
(4/17) 正在分析股票: 600715
2025-06-08 00:10:43,787 -   📊 数据量: 38 天
2025-06-08 00:10:43,789 -   📈 技术分析结果:
2025-06-08 00:10:43,789 -     最新价格: 2.41
2025-06-08 00:10:43,789 -     最新日期: 2025-06-06
2025-06-08 00:10:43,789 -     下跌趋势: 否
2025-06-08 00:10:43,790 -     高位上影线: 是
2025-06-08 00:10:43,790 -     MA5: 2.34
2025-06-08 00:10:43,790 -     MA20: 2.31
2025-06-08 00:10:43,790 -   ❌ 600715 未通过筛选，原因: 高位上影线
2025-06-08 00:10:44,791 - 
(5/17) 正在分析股票: 600279
2025-06-08 00:10:44,877 -   📊 数据量: 39 天
2025-06-08 00:10:44,878 -   📈 技术分析结果:
2025-06-08 00:10:44,879 -     最新价格: 6.42
2025-06-08 00:10:44,879 -     最新日期: 2025-06-06
2025-06-08 00:10:44,879 -     下跌趋势: 否
2025-06-08 00:10:44,879 -     高位上影线: 是
2025-06-08 00:10:44,879 -     MA5: 6.20
2025-06-08 00:10:44,879 -     MA20: 6.08
2025-06-08 00:10:44,879 -   ❌ 600279 未通过筛选，原因: 高位上影线
2025-06-08 00:10:45,880 - 
(6/17) 正在分析股票: 301367
2025-06-08 00:10:45,993 -   📊 数据量: 39 天
2025-06-08 00:10:45,994 -   📈 技术分析结果:
2025-06-08 00:10:45,994 -     最新价格: 85.56
2025-06-08 00:10:45,994 -     最新日期: 2025-06-06
2025-06-08 00:10:45,994 -     下跌趋势: 是
2025-06-08 00:10:45,994 -     高位上影线: 是
2025-06-08 00:10:45,995 -     MA5: 83.88
2025-06-08 00:10:45,995 -     MA20: 85.16
2025-06-08 00:10:45,995 -   ❌ 301367 未通过筛选，原因: 下跌趋势, 高位上影线
2025-06-08 00:10:46,995 - 
(7/17) 正在分析股票: 000045
2025-06-08 00:10:47,090 -   📊 数据量: 39 天
2025-06-08 00:10:47,092 -   📈 技术分析结果:
2025-06-08 00:10:47,092 -     最新价格: 11.51
2025-06-08 00:10:47,092 -     最新日期: 2025-06-06
2025-06-08 00:10:47,092 -     下跌趋势: 否
2025-06-08 00:10:47,092 -     高位上影线: 是
2025-06-08 00:10:47,092 -     MA5: 11.22
2025-06-08 00:10:47,093 -     MA20: 10.64
2025-06-08 00:10:47,093 -   ❌ 000045 未通过筛选，原因: 高位上影线
2025-06-08 00:10:48,094 - 
(8/17) 正在分析股票: 688488
2025-06-08 00:10:48,192 -   📊 数据量: 39 天
2025-06-08 00:10:48,193 -   📈 技术分析结果:
2025-06-08 00:10:48,194 -     最新价格: 13.52
2025-06-08 00:10:48,194 -     最新日期: 2025-06-06
2025-06-08 00:10:48,194 -     下跌趋势: 否
2025-06-08 00:10:48,195 -     高位上影线: 是
2025-06-08 00:10:48,195 -     MA5: 13.58
2025-06-08 00:10:48,195 -     MA20: 12.05
2025-06-08 00:10:48,195 -   ❌ 688488 未通过筛选，原因: 高位上影线
2025-06-08 00:10:49,196 - 
(9/17) 正在分析股票: 688518
2025-06-08 00:10:49,285 -   📊 数据量: 39 天
2025-06-08 00:10:49,287 -   📈 技术分析结果:
2025-06-08 00:10:49,287 -     最新价格: 17.91
2025-06-08 00:10:49,287 -     最新日期: 2025-06-06
2025-06-08 00:10:49,288 -     下跌趋势: 否
2025-06-08 00:10:49,288 -     高位上影线: 是
2025-06-08 00:10:49,288 -     MA5: 16.71
2025-06-08 00:10:49,288 -     MA20: 16.40
2025-06-08 00:10:49,288 -   ❌ 688518 未通过筛选，原因: 高位上影线
2025-06-08 00:10:50,289 - 
(10/17) 正在分析股票: 300925
2025-06-08 00:10:50,410 -   📊 数据量: 39 天
2025-06-08 00:10:50,412 -   📈 技术分析结果:
2025-06-08 00:10:50,412 -     最新价格: 22.09
2025-06-08 00:10:50,412 -     最新日期: 2025-06-06
2025-06-08 00:10:50,413 -     下跌趋势: 是
2025-06-08 00:10:50,413 -     高位上影线: 否
2025-06-08 00:10:50,413 -     MA5: 21.13
2025-06-08 00:10:50,414 -     MA20: 21.50
2025-06-08 00:10:50,414 -   ❌ 300925 未通过筛选，原因: 下跌趋势
2025-06-08 00:10:51,415 - 
(11/17) 正在分析股票: 003002
2025-06-08 00:10:51,513 -   📊 数据量: 39 天
2025-06-08 00:10:51,514 -   📈 技术分析结果:
2025-06-08 00:10:51,514 -     最新价格: 27.79
2025-06-08 00:10:51,514 -     最新日期: 2025-06-06
2025-06-08 00:10:51,514 -     下跌趋势: 否
2025-06-08 00:10:51,515 -     高位上影线: 是
2025-06-08 00:10:51,515 -     MA5: 27.01
2025-06-08 00:10:51,515 -     MA20: 26.70
2025-06-08 00:10:51,515 -   ❌ 003002 未通过筛选，原因: 高位上影线
2025-06-08 00:10:52,516 - 
(12/17) 正在分析股票: 002645
2025-06-08 00:10:52,623 -   📊 数据量: 39 天
2025-06-08 00:10:52,625 -   📈 技术分析结果:
2025-06-08 00:10:52,625 -     最新价格: 8.63
2025-06-08 00:10:52,625 -     最新日期: 2025-06-06
2025-06-08 00:10:52,625 -     下跌趋势: 否
2025-06-08 00:10:52,626 -     高位上影线: 是
2025-06-08 00:10:52,626 -     MA5: 8.30
2025-06-08 00:10:52,626 -     MA20: 8.22
2025-06-08 00:10:52,626 -   ❌ 002645 未通过筛选，原因: 高位上影线
2025-06-08 00:10:53,627 - 
(13/17) 正在分析股票: 301500
2025-06-08 00:10:53,731 -   📊 数据量: 39 天
2025-06-08 00:10:53,732 -   📈 技术分析结果:
2025-06-08 00:10:53,732 -     最新价格: 20.80
2025-06-08 00:10:53,732 -     最新日期: 2025-06-06
2025-06-08 00:10:53,732 -     下跌趋势: 否
2025-06-08 00:10:53,732 -     高位上影线: 是
2025-06-08 00:10:53,733 -     MA5: 20.34
2025-06-08 00:10:53,733 -     MA20: 19.87
2025-06-08 00:10:53,733 -   ❌ 301500 未通过筛选，原因: 高位上影线
2025-06-08 00:10:54,733 - 
(14/17) 正在分析股票: 002424
2025-06-08 00:10:54,844 -   📊 数据量: 39 天
2025-06-08 00:10:54,846 -   📈 技术分析结果:
2025-06-08 00:10:54,846 -     最新价格: 4.28
2025-06-08 00:10:54,846 -     最新日期: 2025-06-06
2025-06-08 00:10:54,847 -     下跌趋势: 否
2025-06-08 00:10:54,847 -     高位上影线: 是
2025-06-08 00:10:54,847 -     MA5: 4.11
2025-06-08 00:10:54,847 -     MA20: 4.03
2025-06-08 00:10:54,848 -   ❌ 002424 未通过筛选，原因: 高位上影线
2025-06-08 00:10:55,849 - 
(15/17) 正在分析股票: 300210
2025-06-08 00:10:55,953 -   📊 数据量: 39 天
2025-06-08 00:10:55,955 -   📈 技术分析结果:
2025-06-08 00:10:55,955 -     最新价格: 10.97
2025-06-08 00:10:55,955 -     最新日期: 2025-06-06
2025-06-08 00:10:55,955 -     下跌趋势: 否
2025-06-08 00:10:55,955 -     高位上影线: 否
2025-06-08 00:10:55,956 -     MA5: 10.65
2025-06-08 00:10:55,956 -     MA20: 10.38
2025-06-08 00:10:55,956 -   ✅ 300210 通过技术分析筛选!
2025-06-08 00:10:56,957 - 
(16/17) 正在分析股票: 301303
2025-06-08 00:10:57,069 -   📊 数据量: 39 天
2025-06-08 00:10:57,071 -   📈 技术分析结果:
2025-06-08 00:10:57,071 -     最新价格: 14.09
2025-06-08 00:10:57,071 -     最新日期: 2025-06-06
2025-06-08 00:10:57,072 -     下跌趋势: 否
2025-06-08 00:10:57,072 -     高位上影线: 是
2025-06-08 00:10:57,072 -     MA5: 13.73
2025-06-08 00:10:57,072 -     MA20: 13.49
2025-06-08 00:10:57,072 -   ❌ 301303 未通过筛选，原因: 高位上影线
2025-06-08 00:10:58,073 - 
(17/17) 正在分析股票: 605088
2025-06-08 00:10:58,167 -   📊 数据量: 39 天
2025-06-08 00:10:58,169 -   📈 技术分析结果:
2025-06-08 00:10:58,169 -     最新价格: 36.42
2025-06-08 00:10:58,169 -     最新日期: 2025-06-06
2025-06-08 00:10:58,170 -     下跌趋势: 是
2025-06-08 00:10:58,170 -     高位上影线: 是
2025-06-08 00:10:58,170 -     MA5: 34.92
2025-06-08 00:10:58,170 -     MA20: 36.54
2025-06-08 00:10:58,171 -   ❌ 605088 未通过筛选，原因: 下跌趋势, 高位上影线
2025-06-08 00:10:59,171 - 
============================================================
2025-06-08 00:10:59,171 - 技术分析汇总结果:
2025-06-08 00:10:59,171 - ============================================================
2025-06-08 00:10:59,172 - ❌ 300191 - 未通过: 高位上影线
2025-06-08 00:10:59,172 - ❌ 605123 - 未通过: 高位上影线
2025-06-08 00:10:59,172 - ❌ 688503 - 未通过: 高位上影线
2025-06-08 00:10:59,172 - ❌ 600715 - 未通过: 高位上影线
2025-06-08 00:10:59,172 - ❌ 600279 - 未通过: 高位上影线
2025-06-08 00:10:59,173 - ❌ 301367 - 未通过: 下跌趋势, 高位上影线
2025-06-08 00:10:59,173 - ❌ 000045 - 未通过: 高位上影线
2025-06-08 00:10:59,173 - ❌ 688488 - 未通过: 高位上影线
2025-06-08 00:10:59,173 - ❌ 688518 - 未通过: 高位上影线
2025-06-08 00:10:59,173 - ❌ 300925 - 未通过: 下跌趋势
2025-06-08 00:10:59,173 - ❌ 003002 - 未通过: 高位上影线
2025-06-08 00:10:59,174 - ❌ 002645 - 未通过: 高位上影线
2025-06-08 00:10:59,174 - ❌ 301500 - 未通过: 高位上影线
2025-06-08 00:10:59,174 - ❌ 002424 - 未通过: 高位上影线
2025-06-08 00:10:59,174 - ✅ 300210 - 通过筛选
2025-06-08 00:10:59,174 - ❌ 301303 - 未通过: 高位上影线
2025-06-08 00:10:59,174 - ❌ 605088 - 未通过: 下跌趋势, 高位上影线
2025-06-08 00:10:59,174 - 
最终结果: 1 只股票通过技术分析筛选
2025-06-08 00:10:59,174 - 
符合条件的股票详情:
2025-06-08 00:10:59,175 - 代码: 300210
2025-06-08 00:10:59,175 -   最新价格: 10.97
2025-06-08 00:10:59,175 -   MA5: 10.65
2025-06-08 00:10:59,175 -   MA20: 10.38
2025-06-08 00:10:59,175 -   数据天数: 39
2025-06-08 00:10:59,175 - 🔄 在线获取数据模式
