2025-06-09 22:46:05,092 - 📁 日志将保存到: logs\stock_analysis_20250609_224605.log
2025-06-09 22:46:05,092 - 📁 发现已存在的数据文件: data\stock_pool_data\stock_data_pool20250609.csv
2025-06-09 22:46:05,092 - 🔄 直接加载本地CSV文件
2025-06-09 22:46:05,503 - 最新交易日: 2025-06-09
2025-06-09 22:46:05,503 - 准备分析初次筛选出的22 只股票
2025-06-09 22:46:05,503 - 股票代码: ['301325', '300067', '688025', '300814', '300005', '688601', '002645', '300201', '301246', '600366', '603091', '300681', '603322', '002095', '603666', '300725', '002827', '300793', '300063', '002122', '603068', '688535']
2025-06-09 22:46:05,503 - 数据日期范围: 20250410 到 20250609
2025-06-09 22:46:05,504 - ============================================================
2025-06-09 22:46:05,504 - 
(1/22) 正在分析股票: 301325
2025-06-09 22:46:05,601 -   📊 数据量: 39 天
2025-06-09 22:46:05,609 -   📈 技术分析结果:
2025-06-09 22:46:05,609 -     最新价格: 56.31
2025-06-09 22:46:05,609 -     最新日期: 2025-06-09
2025-06-09 22:46:05,610 -     下跌趋势: 否
2025-06-09 22:46:05,610 -     高位上影线: 有
2025-06-09 22:46:05,610 -     MA5: 53.86
2025-06-09 22:46:05,610 -     MA20: 55.67
2025-06-09 22:46:05,611 -   ❌ 分析过程出错: name 'volume_analysis' is not defined
2025-06-09 22:46:05,611 - 
(2/22) 正在分析股票: 300067
2025-06-09 22:46:05,726 -   📊 数据量: 39 天
2025-06-09 22:46:05,728 -   📈 技术分析结果:
2025-06-09 22:46:05,729 -     最新价格: 5.89
2025-06-09 22:46:05,729 -     最新日期: 2025-06-09
2025-06-09 22:46:05,729 -     下跌趋势: 否
2025-06-09 22:46:05,729 -     高位上影线: 有
2025-06-09 22:46:05,729 -     MA5: 5.65
2025-06-09 22:46:05,729 -     MA20: 5.53
2025-06-09 22:46:05,730 -   ❌ 300067 未通过筛选，原因: 高位上影线
2025-06-09 22:46:05,730 - 
(3/22) 正在分析股票: 688025
2025-06-09 22:46:05,826 -   📊 数据量: 39 天
2025-06-09 22:46:05,829 -   📈 技术分析结果:
2025-06-09 22:46:05,829 -     最新价格: 55.59
2025-06-09 22:46:05,829 -     最新日期: 2025-06-09
2025-06-09 22:46:05,829 -     下跌趋势: 否
2025-06-09 22:46:05,830 -     高位上影线: 有
2025-06-09 22:46:05,830 -     MA5: 50.10
2025-06-09 22:46:05,830 -     MA20: 50.10
2025-06-09 22:46:05,830 -   ❌ 688025 未通过筛选，原因: 高位上影线
2025-06-09 22:46:05,830 - 
(4/22) 正在分析股票: 300814
2025-06-09 22:46:05,934 -   📊 数据量: 39 天
2025-06-09 22:46:05,938 -   📈 技术分析结果:
2025-06-09 22:46:05,938 -     最新价格: 30.80
2025-06-09 22:46:05,938 -     最新日期: 2025-06-09
2025-06-09 22:46:05,939 -     下跌趋势: 否
2025-06-09 22:46:05,939 -     高位上影线: 有
2025-06-09 22:46:05,939 -     MA5: 28.96
2025-06-09 22:46:05,939 -     MA20: 28.75
2025-06-09 22:46:05,939 -   ❌ 分析过程出错: name 'volume_analysis' is not defined
2025-06-09 22:46:05,940 - 
(5/22) 正在分析股票: 300005
2025-06-09 22:46:06,038 -   📊 数据量: 39 天
2025-06-09 22:46:06,041 -   📈 技术分析结果:
2025-06-09 22:46:06,041 -     最新价格: 9.53
2025-06-09 22:46:06,041 -     最新日期: 2025-06-09
2025-06-09 22:46:06,041 -     下跌趋势: 是
2025-06-09 22:46:06,042 -     高位上影线: 有
2025-06-09 22:46:06,042 -     MA5: 9.29
2025-06-09 22:46:06,043 -     MA20: 9.47
2025-06-09 22:46:06,043 -   ❌ 300005 未通过筛选，原因: 下跌趋势, 高位上影线
2025-06-09 22:46:06,043 - 
(6/22) 正在分析股票: 688601
2025-06-09 22:46:06,132 -   📊 数据量: 39 天
2025-06-09 22:46:06,135 -   📈 技术分析结果:
2025-06-09 22:46:06,135 -     最新价格: 38.40
2025-06-09 22:46:06,136 -     最新日期: 2025-06-09
2025-06-09 22:46:06,136 -     下跌趋势: 否
2025-06-09 22:46:06,136 -     高位上影线: 无
2025-06-09 22:46:06,136 -     MA5: 36.13
2025-06-09 22:46:06,136 -     MA20: 36.06
2025-06-09 22:46:06,137 -   ❌ 分析过程出错: name 'volume_analysis' is not defined
2025-06-09 22:46:06,137 - 
(7/22) 正在分析股票: 002645
2025-06-09 22:46:06,231 -   📊 数据量: 39 天
2025-06-09 22:46:06,233 -   📈 技术分析结果:
2025-06-09 22:46:06,234 -     最新价格: 9.00
2025-06-09 22:46:06,234 -     最新日期: 2025-06-09
2025-06-09 22:46:06,234 -     下跌趋势: 否
2025-06-09 22:46:06,234 -     高位上影线: 有
2025-06-09 22:46:06,235 -     MA5: 8.48
2025-06-09 22:46:06,235 -     MA20: 8.28
2025-06-09 22:46:06,235 -   ❌ 分析过程出错: name 'volume_analysis' is not defined
2025-06-09 22:46:06,235 - 
(8/22) 正在分析股票: 300201
2025-06-09 22:46:06,337 -   📊 数据量: 39 天
2025-06-09 22:46:06,340 -   📈 技术分析结果:
2025-06-09 22:46:06,340 -     最新价格: 5.31
2025-06-09 22:46:06,340 -     最新日期: 2025-06-09
2025-06-09 22:46:06,340 -     下跌趋势: 否
2025-06-09 22:46:06,340 -     高位上影线: 有
2025-06-09 22:46:06,340 -     MA5: 5.10
2025-06-09 22:46:06,341 -     MA20: 5.06
2025-06-09 22:46:06,341 -   ❌ 分析过程出错: name 'volume_analysis' is not defined
2025-06-09 22:46:06,341 - 
(9/22) 正在分析股票: 301246
2025-06-09 22:46:06,429 -   📊 数据量: 39 天
2025-06-09 22:46:06,431 -   📈 技术分析结果:
2025-06-09 22:46:06,431 -     最新价格: 15.19
2025-06-09 22:46:06,431 -     最新日期: 2025-06-09
2025-06-09 22:46:06,431 -     下跌趋势: 否
2025-06-09 22:46:06,432 -     高位上影线: 有
2025-06-09 22:46:06,432 -     MA5: 14.59
2025-06-09 22:46:06,432 -     MA20: 14.02
2025-06-09 22:46:06,432 -   ❌ 分析过程出错: name 'volume_analysis' is not defined
2025-06-09 22:46:06,432 - 
(10/22) 正在分析股票: 600366
2025-06-09 22:46:06,526 -   📊 数据量: 39 天
2025-06-09 22:46:06,528 -   📈 技术分析结果:
2025-06-09 22:46:06,529 -     最新价格: 8.63
2025-06-09 22:46:06,529 -     最新日期: 2025-06-09
2025-06-09 22:46:06,530 -     下跌趋势: 否
2025-06-09 22:46:06,530 -     高位上影线: 有
2025-06-09 22:46:06,530 -     MA5: 8.24
2025-06-09 22:46:06,530 -     MA20: 8.16
2025-06-09 22:46:06,530 -   ❌ 分析过程出错: name 'volume_analysis' is not defined
2025-06-09 22:46:06,531 - 
(11/22) 正在分析股票: 603091
2025-06-09 22:46:06,646 -   📊 数据量: 39 天
2025-06-09 22:46:06,649 -   📈 技术分析结果:
2025-06-09 22:46:06,650 -     最新价格: 52.69
2025-06-09 22:46:06,650 -     最新日期: 2025-06-09
2025-06-09 22:46:06,650 -     下跌趋势: 否
2025-06-09 22:46:06,650 -     高位上影线: 有
2025-06-09 22:46:06,651 -     MA5: 51.34
2025-06-09 22:46:06,651 -     MA20: 49.59
2025-06-09 22:46:06,651 -   ❌ 分析过程出错: name 'volume_analysis' is not defined
2025-06-09 22:46:06,651 - 
(12/22) 正在分析股票: 300681
2025-06-09 22:46:06,759 -   📊 数据量: 39 天
2025-06-09 22:46:06,761 -   📈 技术分析结果:
2025-06-09 22:46:06,762 -     最新价格: 29.67
2025-06-09 22:46:06,762 -     最新日期: 2025-06-09
2025-06-09 22:46:06,762 -     下跌趋势: 是
2025-06-09 22:46:06,762 -     高位上影线: 有
2025-06-09 22:46:06,762 -     MA5: 28.76
2025-06-09 22:46:06,763 -     MA20: 30.12
2025-06-09 22:46:06,763 -   ❌ 分析过程出错: name 'volume_analysis' is not defined
2025-06-09 22:46:06,763 - 
(13/22) 正在分析股票: 603322
2025-06-09 22:46:06,861 -   📊 数据量: 39 天
2025-06-09 22:46:06,863 -   📈 技术分析结果:
2025-06-09 22:46:06,864 -     最新价格: 40.98
2025-06-09 22:46:06,864 -     最新日期: 2025-06-09
2025-06-09 22:46:06,865 -     下跌趋势: 否
2025-06-09 22:46:06,865 -     高位上影线: 无
2025-06-09 22:46:06,865 -     MA5: 39.02
2025-06-09 22:46:06,865 -     MA20: 36.21
2025-06-09 22:46:06,865 -   ❌ 分析过程出错: name 'volume_analysis' is not defined
2025-06-09 22:46:06,866 - 
(14/22) 正在分析股票: 002095
2025-06-09 22:46:06,962 -   📊 数据量: 39 天
2025-06-09 22:46:06,965 -   📈 技术分析结果:
2025-06-09 22:46:06,965 -     最新价格: 19.79
2025-06-09 22:46:06,965 -     最新日期: 2025-06-09
2025-06-09 22:46:06,965 -     下跌趋势: 是
2025-06-09 22:46:06,965 -     高位上影线: 有
2025-06-09 22:46:06,966 -     MA5: 19.26
2025-06-09 22:46:06,966 -     MA20: 19.75
2025-06-09 22:46:06,966 -   ❌ 分析过程出错: name 'volume_analysis' is not defined
2025-06-09 22:46:06,966 - 
(15/22) 正在分析股票: 603666
2025-06-09 22:46:07,063 -   📊 数据量: 39 天
2025-06-09 22:46:07,065 -   📈 技术分析结果:
2025-06-09 22:46:07,065 -     最新价格: 37.40
2025-06-09 22:46:07,066 -     最新日期: 2025-06-09
2025-06-09 22:46:07,066 -     下跌趋势: 否
2025-06-09 22:46:07,066 -     高位上影线: 有
2025-06-09 22:46:07,066 -     MA5: 35.76
2025-06-09 22:46:07,067 -     MA20: 35.23
2025-06-09 22:46:07,067 -   ❌ 603666 未通过筛选，原因: 高位上影线
2025-06-09 22:46:07,067 - 
(16/22) 正在分析股票: 300725
2025-06-09 22:46:07,160 -   📊 数据量: 39 天
2025-06-09 22:46:07,162 -   📈 技术分析结果:
2025-06-09 22:46:07,162 -     最新价格: 36.45
2025-06-09 22:46:07,163 -     最新日期: 2025-06-09
2025-06-09 22:46:07,163 -     下跌趋势: 否
2025-06-09 22:46:07,163 -     高位上影线: 有
2025-06-09 22:46:07,163 -     MA5: 35.67
2025-06-09 22:46:07,164 -     MA20: 33.23
2025-06-09 22:46:07,164 -   ❌ 分析过程出错: name 'volume_analysis' is not defined
2025-06-09 22:46:07,164 - 
(17/22) 正在分析股票: 002827
2025-06-09 22:46:07,281 -   📊 数据量: 39 天
2025-06-09 22:46:07,283 -   📈 技术分析结果:
2025-06-09 22:46:07,283 -     最新价格: 32.15
2025-06-09 22:46:07,283 -     最新日期: 2025-06-09
2025-06-09 22:46:07,284 -     下跌趋势: 否
2025-06-09 22:46:07,284 -     高位上影线: 有
2025-06-09 22:46:07,284 -     MA5: 30.33
2025-06-09 22:46:07,284 -     MA20: 28.92
2025-06-09 22:46:07,284 -   ❌ 002827 未通过筛选，原因: 高位上影线
2025-06-09 22:46:07,285 - 
(18/22) 正在分析股票: 300793
2025-06-09 22:46:07,395 -   📊 数据量: 39 天
2025-06-09 22:46:07,397 -   📈 技术分析结果:
2025-06-09 22:46:07,397 -     最新价格: 17.17
2025-06-09 22:46:07,397 -     最新日期: 2025-06-09
2025-06-09 22:46:07,397 -     下跌趋势: 否
2025-06-09 22:46:07,398 -     高位上影线: 有
2025-06-09 22:46:07,398 -     MA5: 16.58
2025-06-09 22:46:07,398 -     MA20: 16.33
2025-06-09 22:46:07,398 -   ❌ 分析过程出错: name 'volume_analysis' is not defined
2025-06-09 22:46:07,398 - 
(19/22) 正在分析股票: 300063
2025-06-09 22:46:07,497 -   📊 数据量: 39 天
2025-06-09 22:46:07,500 -   📈 技术分析结果:
2025-06-09 22:46:07,500 -     最新价格: 8.35
2025-06-09 22:46:07,500 -     最新日期: 2025-06-09
2025-06-09 22:46:07,500 -     下跌趋势: 是
2025-06-09 22:46:07,501 -     高位上影线: 无
2025-06-09 22:46:07,501 -     MA5: 8.15
2025-06-09 22:46:07,501 -     MA20: 8.35
2025-06-09 22:46:07,502 -   ❌ 分析过程出错: name 'volume_analysis' is not defined
2025-06-09 22:46:07,502 - 
(20/22) 正在分析股票: 002122
2025-06-09 22:46:07,637 -   📊 数据量: 39 天
2025-06-09 22:46:07,640 -   📈 技术分析结果:
2025-06-09 22:46:07,640 -     最新价格: 4.24
2025-06-09 22:46:07,641 -     最新日期: 2025-06-09
2025-06-09 22:46:07,641 -     下跌趋势: 否
2025-06-09 22:46:07,641 -     高位上影线: 有
2025-06-09 22:46:07,641 -     MA5: 4.18
2025-06-09 22:46:07,641 -     MA20: 4.12
2025-06-09 22:46:07,642 -   ❌ 分析过程出错: name 'volume_analysis' is not defined
2025-06-09 22:46:07,642 - 
(21/22) 正在分析股票: 603068
2025-06-09 22:46:07,734 -   📊 数据量: 39 天
2025-06-09 22:46:07,737 -   📈 技术分析结果:
2025-06-09 22:46:07,737 -     最新价格: 35.05
2025-06-09 22:46:07,737 -     最新日期: 2025-06-09
2025-06-09 22:46:07,738 -     下跌趋势: 否
2025-06-09 22:46:07,738 -     高位上影线: 有
2025-06-09 22:46:07,738 -     MA5: 32.80
2025-06-09 22:46:07,738 -     MA20: 32.70
2025-06-09 22:46:07,738 -   ❌ 分析过程出错: name 'volume_analysis' is not defined
2025-06-09 22:46:07,739 - 
(22/22) 正在分析股票: 688535
2025-06-09 22:46:07,840 -   📊 数据量: 39 天
2025-06-09 22:46:07,844 -   📈 技术分析结果:
2025-06-09 22:46:07,844 -     最新价格: 72.80
2025-06-09 22:46:07,844 -     最新日期: 2025-06-09
2025-06-09 22:46:07,844 -     下跌趋势: 否
2025-06-09 22:46:07,845 -     高位上影线: 有
2025-06-09 22:46:07,845 -     MA5: 70.82
2025-06-09 22:46:07,845 -     MA20: 70.02
2025-06-09 22:46:07,845 -   ❌ 分析过程出错: name 'volume_analysis' is not defined
2025-06-09 22:46:07,845 - 
============================================================
2025-06-09 22:46:07,846 - 技术分析汇总结果:
2025-06-09 22:46:07,846 - ============================================================
2025-06-09 22:46:07,846 - ❌ 301325 - 未通过: 高位上影线, 非温和放量
2025-06-09 22:46:07,846 - ⚠️ 301325 - 错误: name 'volume_analysis' is not defined
2025-06-09 22:46:07,846 - ❌ 300067 - 未通过: 高位上影线
2025-06-09 22:46:07,846 - ❌ 688025 - 未通过: 高位上影线
2025-06-09 22:46:07,847 - ❌ 300814 - 未通过: 高位上影线, 非温和放量
2025-06-09 22:46:07,847 - ⚠️ 300814 - 错误: name 'volume_analysis' is not defined
2025-06-09 22:46:07,847 - ❌ 300005 - 未通过: 下跌趋势, 高位上影线
2025-06-09 22:46:07,847 - ❌ 688601 - 未通过: 非温和放量
2025-06-09 22:46:07,847 - ⚠️ 688601 - 错误: name 'volume_analysis' is not defined
2025-06-09 22:46:07,847 - ❌ 002645 - 未通过: 高位上影线, 非温和放量
2025-06-09 22:46:07,847 - ⚠️ 002645 - 错误: name 'volume_analysis' is not defined
2025-06-09 22:46:07,847 - ❌ 300201 - 未通过: 高位上影线, 非温和放量
2025-06-09 22:46:07,847 - ⚠️ 300201 - 错误: name 'volume_analysis' is not defined
2025-06-09 22:46:07,847 - ❌ 301246 - 未通过: 高位上影线, 非温和放量
2025-06-09 22:46:07,848 - ⚠️ 301246 - 错误: name 'volume_analysis' is not defined
2025-06-09 22:46:07,848 - ❌ 600366 - 未通过: 高位上影线, 非温和放量
2025-06-09 22:46:07,848 - ⚠️ 600366 - 错误: name 'volume_analysis' is not defined
2025-06-09 22:46:07,848 - ❌ 603091 - 未通过: 高位上影线, 非温和放量
2025-06-09 22:46:07,848 - ⚠️ 603091 - 错误: name 'volume_analysis' is not defined
2025-06-09 22:46:07,848 - ❌ 300681 - 未通过: 下跌趋势, 高位上影线, 非温和放量
2025-06-09 22:46:07,848 - ⚠️ 300681 - 错误: name 'volume_analysis' is not defined
2025-06-09 22:46:07,849 - ❌ 603322 - 未通过: 非温和放量
2025-06-09 22:46:07,849 - ⚠️ 603322 - 错误: name 'volume_analysis' is not defined
2025-06-09 22:46:07,849 - ❌ 002095 - 未通过: 下跌趋势, 高位上影线, 非温和放量
2025-06-09 22:46:07,849 - ⚠️ 002095 - 错误: name 'volume_analysis' is not defined
2025-06-09 22:46:07,849 - ❌ 603666 - 未通过: 高位上影线
2025-06-09 22:46:07,849 - ❌ 300725 - 未通过: 高位上影线, 非温和放量
2025-06-09 22:46:07,849 - ⚠️ 300725 - 错误: name 'volume_analysis' is not defined
2025-06-09 22:46:07,849 - ❌ 002827 - 未通过: 高位上影线
2025-06-09 22:46:07,850 - ❌ 300793 - 未通过: 高位上影线, 非温和放量
2025-06-09 22:46:07,850 - ⚠️ 300793 - 错误: name 'volume_analysis' is not defined
2025-06-09 22:46:07,850 - ❌ 300063 - 未通过: 下跌趋势, 非温和放量
2025-06-09 22:46:07,850 - ⚠️ 300063 - 错误: name 'volume_analysis' is not defined
2025-06-09 22:46:07,850 - ❌ 002122 - 未通过: 高位上影线, 非温和放量
2025-06-09 22:46:07,850 - ⚠️ 002122 - 错误: name 'volume_analysis' is not defined
2025-06-09 22:46:07,850 - ❌ 603068 - 未通过: 高位上影线, 非温和放量
2025-06-09 22:46:07,850 - ⚠️ 603068 - 错误: name 'volume_analysis' is not defined
2025-06-09 22:46:07,850 - ❌ 688535 - 未通过: 高位上影线, 非温和放量
2025-06-09 22:46:07,851 - ⚠️ 688535 - 错误: name 'volume_analysis' is not defined
2025-06-09 22:46:07,851 - 
最终结果: 0 只股票通过技术分析筛选
