2025-06-08 21:35:22,077 - 📁 日志将保存到: logs\stock_analysis_20250608_213522.log
2025-06-08 21:35:22,077 - 📁 发现已存在的数据文件: data\stock_pool_data\stock_data_pool20250608.csv
2025-06-08 21:35:22,077 - 🔄 直接加载本地CSV文件
2025-06-08 21:35:22,105 - 准备分析初次筛选出的17 只股票
2025-06-08 21:35:22,106 - 股票代码: ['300191', '605123', '688503', '600715', '600279', '301367', '000045', '688488', '688518', '300925', '003002', '002645', '301500', '002424', '300210', '301303', '605088']
2025-06-08 21:35:22,106 - 数据日期范围: 20250409 到 20250608
2025-06-08 21:35:22,106 - ============================================================
2025-06-08 21:35:22,107 - 
(1/17) 正在分析股票: 300191
2025-06-08 21:35:23,475 -   📊 数据量: 39 天
2025-06-08 21:35:23,478 -   📈 技术分析结果:
2025-06-08 21:35:23,478 -     最新价格: 17.77
2025-06-08 21:35:23,478 -     最新日期: 2025-06-06
2025-06-08 21:35:23,478 -     下跌趋势: 否
2025-06-08 21:35:23,478 -     高位上影线: 有
2025-06-08 21:35:23,479 -     MA5: 17.31
2025-06-08 21:35:23,479 -     MA20: 16.55
2025-06-08 21:35:23,479 -   ❌ 300191 未通过筛选，原因: 高位上影线
2025-06-08 21:35:24,480 - 
(2/17) 正在分析股票: 605123
2025-06-08 21:35:25,042 -   📊 数据量: 39 天
2025-06-08 21:35:25,044 -   📈 技术分析结果:
2025-06-08 21:35:25,044 -     最新价格: 64.16
2025-06-08 21:35:25,045 -     最新日期: 2025-06-06
2025-06-08 21:35:25,045 -     下跌趋势: 否
2025-06-08 21:35:25,045 -     高位上影线: 有
2025-06-08 21:35:25,045 -     MA5: 61.04
2025-06-08 21:35:25,045 -     MA20: 57.60
2025-06-08 21:35:25,045 -   ❌ 605123 未通过筛选，原因: 高位上影线
2025-06-08 21:35:26,047 - 
(3/17) 正在分析股票: 688503
2025-06-08 21:35:26,251 -   📊 数据量: 39 天
2025-06-08 21:35:26,254 -   📈 技术分析结果:
2025-06-08 21:35:26,255 -     最新价格: 36.30
2025-06-08 21:35:26,255 -     最新日期: 2025-06-06
2025-06-08 21:35:26,255 -     下跌趋势: 否
2025-06-08 21:35:26,255 -     高位上影线: 有
2025-06-08 21:35:26,255 -     MA5: 33.16
2025-06-08 21:35:26,256 -     MA20: 33.13
2025-06-08 21:35:26,256 -   ❌ 688503 未通过筛选，原因: 高位上影线
2025-06-08 21:35:27,256 - 
(4/17) 正在分析股票: 600715
2025-06-08 21:35:27,500 -   📊 数据量: 38 天
2025-06-08 21:35:27,502 -   📈 技术分析结果:
2025-06-08 21:35:27,503 -     最新价格: 2.41
2025-06-08 21:35:27,503 -     最新日期: 2025-06-06
2025-06-08 21:35:27,504 -     下跌趋势: 否
2025-06-08 21:35:27,504 -     高位上影线: 有
2025-06-08 21:35:27,504 -     MA5: 2.34
2025-06-08 21:35:27,504 -     MA20: 2.31
2025-06-08 21:35:27,504 -   ❌ 600715 未通过筛选，原因: 高位上影线
2025-06-08 21:35:28,505 - 
(5/17) 正在分析股票: 600279
2025-06-08 21:35:28,755 -   📊 数据量: 39 天
2025-06-08 21:35:28,758 -   📈 技术分析结果:
2025-06-08 21:35:28,758 -     最新价格: 6.42
2025-06-08 21:35:28,758 -     最新日期: 2025-06-06
2025-06-08 21:35:28,759 -     下跌趋势: 否
2025-06-08 21:35:28,759 -     高位上影线: 有
2025-06-08 21:35:28,759 -     MA5: 6.20
2025-06-08 21:35:28,759 -     MA20: 6.08
2025-06-08 21:35:28,759 -   ❌ 600279 未通过筛选，原因: 高位上影线
2025-06-08 21:35:29,760 - 
(6/17) 正在分析股票: 301367
2025-06-08 21:35:29,988 -   📊 数据量: 39 天
2025-06-08 21:35:29,990 -   📈 技术分析结果:
2025-06-08 21:35:29,990 -     最新价格: 85.56
2025-06-08 21:35:29,991 -     最新日期: 2025-06-06
2025-06-08 21:35:29,991 -     下跌趋势: 是
2025-06-08 21:35:29,991 -     高位上影线: 有
2025-06-08 21:35:29,991 -     MA5: 83.88
2025-06-08 21:35:29,992 -     MA20: 85.16
2025-06-08 21:35:29,992 -   ❌ 301367 未通过筛选，原因: 下跌趋势, 高位上影线
2025-06-08 21:35:30,992 - 
(7/17) 正在分析股票: 000045
2025-06-08 21:35:31,667 -   📊 数据量: 39 天
2025-06-08 21:35:31,669 -   📈 技术分析结果:
2025-06-08 21:35:31,670 -     最新价格: 11.51
2025-06-08 21:35:31,670 -     最新日期: 2025-06-06
2025-06-08 21:35:31,670 -     下跌趋势: 否
2025-06-08 21:35:31,670 -     高位上影线: 有
2025-06-08 21:35:31,671 -     MA5: 11.22
2025-06-08 21:35:31,671 -     MA20: 10.64
2025-06-08 21:35:31,671 -   ❌ 000045 未通过筛选，原因: 高位上影线
2025-06-08 21:35:32,672 - 
(8/17) 正在分析股票: 688488
2025-06-08 21:35:33,680 -   📊 数据量: 39 天
2025-06-08 21:35:33,683 -   📈 技术分析结果:
2025-06-08 21:35:33,683 -     最新价格: 13.52
2025-06-08 21:35:33,684 -     最新日期: 2025-06-06
2025-06-08 21:35:33,684 -     下跌趋势: 否
2025-06-08 21:35:33,684 -     高位上影线: 有
2025-06-08 21:35:33,684 -     MA5: 13.58
2025-06-08 21:35:33,684 -     MA20: 12.05
2025-06-08 21:35:33,684 -   ❌ 688488 未通过筛选，原因: 高位上影线
2025-06-08 21:35:34,685 - 
(9/17) 正在分析股票: 688518
2025-06-08 21:35:34,938 -   📊 数据量: 39 天
2025-06-08 21:35:34,941 -   📈 技术分析结果:
2025-06-08 21:35:34,941 -     最新价格: 17.91
2025-06-08 21:35:34,942 -     最新日期: 2025-06-06
2025-06-08 21:35:34,942 -     下跌趋势: 否
2025-06-08 21:35:34,942 -     高位上影线: 有
2025-06-08 21:35:34,942 -     MA5: 16.71
2025-06-08 21:35:34,942 -     MA20: 16.40
2025-06-08 21:35:34,942 -   ❌ 688518 未通过筛选，原因: 高位上影线
2025-06-08 21:35:35,944 - 
(10/17) 正在分析股票: 300925
2025-06-08 21:35:36,190 -   📊 数据量: 39 天
2025-06-08 21:35:36,193 -   📈 技术分析结果:
2025-06-08 21:35:36,193 -     最新价格: 22.09
2025-06-08 21:35:36,193 -     最新日期: 2025-06-06
2025-06-08 21:35:36,193 -     下跌趋势: 是
2025-06-08 21:35:36,193 -     高位上影线: 无
2025-06-08 21:35:36,193 -     MA5: 21.13
2025-06-08 21:35:36,193 -     MA20: 21.50
2025-06-08 21:35:36,193 -   ❌ 300925 未通过筛选，原因: 下跌趋势
2025-06-08 21:35:37,195 - 
(11/17) 正在分析股票: 003002
2025-06-08 21:35:37,418 -   📊 数据量: 39 天
2025-06-08 21:35:37,421 -   📈 技术分析结果:
2025-06-08 21:35:37,421 -     最新价格: 27.79
2025-06-08 21:35:37,421 -     最新日期: 2025-06-06
2025-06-08 21:35:37,421 -     下跌趋势: 否
2025-06-08 21:35:37,421 -     高位上影线: 有
2025-06-08 21:35:37,421 -     MA5: 27.01
2025-06-08 21:35:37,422 -     MA20: 26.70
2025-06-08 21:35:37,422 -   ❌ 003002 未通过筛选，原因: 高位上影线
2025-06-08 21:35:38,422 - 
(12/17) 正在分析股票: 002645
2025-06-08 21:35:38,641 -   📊 数据量: 39 天
2025-06-08 21:35:38,645 -   📈 技术分析结果:
2025-06-08 21:35:38,645 -     最新价格: 8.63
2025-06-08 21:35:38,645 -     最新日期: 2025-06-06
2025-06-08 21:35:38,645 -     下跌趋势: 否
2025-06-08 21:35:38,645 -     高位上影线: 有
2025-06-08 21:35:38,646 -     MA5: 8.30
2025-06-08 21:35:38,646 -     MA20: 8.22
2025-06-08 21:35:38,646 -   ❌ 002645 未通过筛选，原因: 高位上影线
2025-06-08 21:35:39,647 - 
(13/17) 正在分析股票: 301500
2025-06-08 21:35:39,883 -   📊 数据量: 39 天
2025-06-08 21:35:39,885 -   📈 技术分析结果:
2025-06-08 21:35:39,885 -     最新价格: 20.80
2025-06-08 21:35:39,886 -     最新日期: 2025-06-06
2025-06-08 21:35:39,886 -     下跌趋势: 否
2025-06-08 21:35:39,886 -     高位上影线: 有
2025-06-08 21:35:39,886 -     MA5: 20.34
2025-06-08 21:35:39,886 -     MA20: 19.87
2025-06-08 21:35:39,886 -   ❌ 301500 未通过筛选，原因: 高位上影线
2025-06-08 21:35:40,887 - 
(14/17) 正在分析股票: 002424
2025-06-08 21:35:41,127 -   📊 数据量: 39 天
2025-06-08 21:35:41,129 -   📈 技术分析结果:
2025-06-08 21:35:41,129 -     最新价格: 4.28
2025-06-08 21:35:41,130 -     最新日期: 2025-06-06
2025-06-08 21:35:41,130 -     下跌趋势: 否
2025-06-08 21:35:41,130 -     高位上影线: 有
2025-06-08 21:35:41,130 -     MA5: 4.11
2025-06-08 21:35:41,130 -     MA20: 4.03
2025-06-08 21:35:41,130 -   ❌ 002424 未通过筛选，原因: 高位上影线
2025-06-08 21:35:42,131 - 
(15/17) 正在分析股票: 300210
2025-06-08 21:35:43,380 -   📊 数据量: 39 天
2025-06-08 21:35:43,384 -   📈 技术分析结果:
2025-06-08 21:35:43,384 -     最新价格: 10.97
2025-06-08 21:35:43,384 -     最新日期: 2025-06-06
2025-06-08 21:35:43,384 -     下跌趋势: 否
2025-06-08 21:35:43,384 -     高位上影线: 无
2025-06-08 21:35:43,384 -     MA5: 10.65
2025-06-08 21:35:43,384 -     MA20: 10.38
2025-06-08 21:35:43,385 -   ✅ 300210 通过技术分析筛选!
2025-06-08 21:35:44,386 - 
(16/17) 正在分析股票: 301303
2025-06-08 21:35:45,706 -   📊 数据量: 39 天
2025-06-08 21:35:45,709 -   📈 技术分析结果:
2025-06-08 21:35:45,709 -     最新价格: 14.09
2025-06-08 21:35:45,709 -     最新日期: 2025-06-06
2025-06-08 21:35:45,709 -     下跌趋势: 否
2025-06-08 21:35:45,710 -     高位上影线: 有
2025-06-08 21:35:45,710 -     MA5: 13.73
2025-06-08 21:35:45,710 -     MA20: 13.49
2025-06-08 21:35:45,710 -   ❌ 301303 未通过筛选，原因: 高位上影线
2025-06-08 21:35:46,711 - 
(17/17) 正在分析股票: 605088
2025-06-08 21:35:46,964 -   📊 数据量: 39 天
2025-06-08 21:35:46,967 -   📈 技术分析结果:
2025-06-08 21:35:46,968 -     最新价格: 36.42
2025-06-08 21:35:46,968 -     最新日期: 2025-06-06
2025-06-08 21:35:46,968 -     下跌趋势: 是
2025-06-08 21:35:46,968 -     高位上影线: 有
2025-06-08 21:35:46,968 -     MA5: 34.92
2025-06-08 21:35:46,968 -     MA20: 36.54
2025-06-08 21:35:46,969 -   ❌ 605088 未通过筛选，原因: 下跌趋势, 高位上影线
2025-06-08 21:35:47,970 - 
============================================================
2025-06-08 21:35:47,971 - 技术分析汇总结果:
2025-06-08 21:35:47,972 - ============================================================
2025-06-08 21:35:47,973 - ❌ 300191 - 未通过: 高位上影线
2025-06-08 21:35:47,974 - ❌ 605123 - 未通过: 高位上影线
2025-06-08 21:35:47,975 - ❌ 688503 - 未通过: 高位上影线
2025-06-08 21:35:47,975 - ❌ 600715 - 未通过: 高位上影线
2025-06-08 21:35:47,976 - ❌ 600279 - 未通过: 高位上影线
2025-06-08 21:35:47,977 - ❌ 301367 - 未通过: 下跌趋势, 高位上影线
2025-06-08 21:35:47,977 - ❌ 000045 - 未通过: 高位上影线
2025-06-08 21:35:47,977 - ❌ 688488 - 未通过: 高位上影线
2025-06-08 21:35:47,977 - ❌ 688518 - 未通过: 高位上影线
2025-06-08 21:35:47,977 - ❌ 300925 - 未通过: 下跌趋势
2025-06-08 21:35:47,977 - ❌ 003002 - 未通过: 高位上影线
2025-06-08 21:35:47,977 - ❌ 002645 - 未通过: 高位上影线
2025-06-08 21:35:47,977 - ❌ 301500 - 未通过: 高位上影线
2025-06-08 21:35:47,978 - ❌ 002424 - 未通过: 高位上影线
2025-06-08 21:35:47,978 - ✅ 300210 - 通过筛选
2025-06-08 21:35:47,978 - ❌ 301303 - 未通过: 高位上影线
2025-06-08 21:35:47,978 - ❌ 605088 - 未通过: 下跌趋势, 高位上影线
2025-06-08 21:35:47,978 - 
最终结果: 1 只股票通过技术分析筛选
2025-06-08 21:35:47,978 - 
符合条件的股票详情:
2025-06-08 21:35:47,979 - 代码: 300210
2025-06-08 21:35:47,979 -   最新价格: 10.97
2025-06-08 21:35:47,979 -   MA5: 10.65
2025-06-08 21:35:47,979 -   MA20: 10.38
2025-06-08 21:35:47,979 -   数据天数: 39
2025-06-08 21:35:47,980 - 🔄 在线获取数据模式
