2025-06-09 22:52:49,068 - 📁 日志将保存到: logs\stock_analysis_20250609_225249.log
2025-06-09 22:52:49,069 - 📁 发现已存在的数据文件: data\stock_pool_data\stock_data_pool20250609.csv
2025-06-09 22:52:49,069 - 🔄 直接加载本地CSV文件
2025-06-09 22:52:49,231 - 最新交易日: 2025-06-09
2025-06-09 22:52:49,232 - 准备分析初次筛选出的22 只股票
2025-06-09 22:52:49,232 - 股票代码: ['301325', '300067', '688025', '300814', '300005', '688601', '002645', '300201', '301246', '600366', '603091', '300681', '603322', '002095', '603666', '300725', '002827', '300793', '300063', '002122', '603068', '688535']
2025-06-09 22:52:49,233 - 数据日期范围: 20250410 到 20250609
2025-06-09 22:52:49,233 - ============================================================
2025-06-09 22:52:49,233 - 
(1/22) 正在分析股票: 301325
2025-06-09 22:52:49,525 -   📊 数据量: 39 天
2025-06-09 22:52:49,529 -   📈 技术分析结果:
2025-06-09 22:52:49,529 -     最新价格: 56.49
2025-06-09 22:52:49,529 -     最新日期: 2025-06-09
2025-06-09 22:52:49,529 -     下跌趋势: 否
2025-06-09 22:52:49,529 -     高位上影线: 有
2025-06-09 22:52:49,530 -     温和放量: 否
2025-06-09 22:52:49,530 -     量比: 2.35
2025-06-09 22:52:49,530 -     放量原因: 成交量过大，量比2.35超过1.8
2025-06-09 22:52:49,530 -     MA5: 53.90
2025-06-09 22:52:49,530 -     MA20: 55.68
2025-06-09 22:52:49,531 -   ❌ 301325 未通过筛选，原因: 高位上影线, 非温和放量(成交量过大，量比2.35超过1.8)
2025-06-09 22:52:50,532 - 
(2/22) 正在分析股票: 300067
2025-06-09 22:52:50,829 -   📊 数据量: 39 天
2025-06-09 22:52:50,831 -   📈 技术分析结果:
2025-06-09 22:52:50,832 -     最新价格: 5.88
2025-06-09 22:52:50,832 -     最新日期: 2025-06-09
2025-06-09 22:52:50,832 -     下跌趋势: 否
2025-06-09 22:52:50,832 -     高位上影线: 有
2025-06-09 22:52:50,832 -     温和放量: 是
2025-06-09 22:52:50,833 -     量比: 1.71
2025-06-09 22:52:50,833 -     放量原因: 温和放量，量比1.71
2025-06-09 22:52:50,833 -     MA5: 5.65
2025-06-09 22:52:50,833 -     MA20: 5.53
2025-06-09 22:52:50,834 -   ❌ 300067 未通过筛选，原因: 高位上影线
2025-06-09 22:52:51,834 - 
(3/22) 正在分析股票: 688025
2025-06-09 22:52:52,040 -   📊 数据量: 39 天
2025-06-09 22:52:52,043 -   📈 技术分析结果:
2025-06-09 22:52:52,043 -     最新价格: 55.74
2025-06-09 22:52:52,043 -     最新日期: 2025-06-09
2025-06-09 22:52:52,043 -     下跌趋势: 否
2025-06-09 22:52:52,044 -     高位上影线: 有
2025-06-09 22:52:52,044 -     温和放量: 是
2025-06-09 22:52:52,044 -     量比: 1.74
2025-06-09 22:52:52,044 -     放量原因: 温和放量，量比1.74
2025-06-09 22:52:52,044 -     MA5: 50.13
2025-06-09 22:52:52,044 -     MA20: 50.10
2025-06-09 22:52:52,044 -   ❌ 688025 未通过筛选，原因: 高位上影线
2025-06-09 22:52:53,045 - 
(4/22) 正在分析股票: 300814
2025-06-09 22:52:53,254 -   📊 数据量: 39 天
2025-06-09 22:52:53,256 -   📈 技术分析结果:
2025-06-09 22:52:53,257 -     最新价格: 31.00
2025-06-09 22:52:53,257 -     最新日期: 2025-06-09
2025-06-09 22:52:53,257 -     下跌趋势: 否
2025-06-09 22:52:53,258 -     高位上影线: 有
2025-06-09 22:52:53,258 -     温和放量: 否
2025-06-09 22:52:53,258 -     量比: 2.11
2025-06-09 22:52:53,258 -     放量原因: 成交量过大，量比2.11超过1.8
2025-06-09 22:52:53,258 -     MA5: 29.00
2025-06-09 22:52:53,258 -     MA20: 28.76
2025-06-09 22:52:53,259 -   ❌ 300814 未通过筛选，原因: 高位上影线, 非温和放量(成交量过大，量比2.11超过1.8)
2025-06-09 22:52:54,260 - 
(5/22) 正在分析股票: 300005
2025-06-09 22:52:54,475 -   📊 数据量: 39 天
2025-06-09 22:52:54,478 -   📈 技术分析结果:
2025-06-09 22:52:54,478 -     最新价格: 9.66
2025-06-09 22:52:54,478 -     最新日期: 2025-06-09
2025-06-09 22:52:54,478 -     下跌趋势: 是
2025-06-09 22:52:54,479 -     高位上影线: 有
2025-06-09 22:52:54,479 -     温和放量: 是
2025-06-09 22:52:54,479 -     量比: 1.77
2025-06-09 22:52:54,479 -     放量原因: 温和放量，量比1.77
2025-06-09 22:52:54,479 -     MA5: 9.32
2025-06-09 22:52:54,479 -     MA20: 9.48
2025-06-09 22:52:54,479 -   ❌ 300005 未通过筛选，原因: 下跌趋势, 高位上影线
2025-06-09 22:52:55,480 - 
(6/22) 正在分析股票: 688601
2025-06-09 22:52:55,694 -   📊 数据量: 39 天
2025-06-09 22:52:55,697 -   📈 技术分析结果:
2025-06-09 22:52:55,697 -     最新价格: 39.29
2025-06-09 22:52:55,698 -     最新日期: 2025-06-09
2025-06-09 22:52:55,698 -     下跌趋势: 否
2025-06-09 22:52:55,698 -     高位上影线: 无
2025-06-09 22:52:55,698 -     温和放量: 否
2025-06-09 22:52:55,698 -     量比: 3.82
2025-06-09 22:52:55,698 -     放量原因: 成交量过大，量比3.82超过1.8
2025-06-09 22:52:55,699 -     MA5: 36.31
2025-06-09 22:52:55,699 -     MA20: 36.11
2025-06-09 22:52:55,699 -   ❌ 688601 未通过筛选，原因: 非温和放量(成交量过大，量比3.82超过1.8)
2025-06-09 22:52:56,700 - 
(7/22) 正在分析股票: 002645
2025-06-09 22:52:56,943 -   📊 数据量: 39 天
2025-06-09 22:52:56,946 -   📈 技术分析结果:
2025-06-09 22:52:56,946 -     最新价格: 8.95
2025-06-09 22:52:56,946 -     最新日期: 2025-06-09
2025-06-09 22:52:56,946 -     下跌趋势: 否
2025-06-09 22:52:56,947 -     高位上影线: 有
2025-06-09 22:52:56,947 -     温和放量: 否
2025-06-09 22:52:56,947 -     量比: 3.62
2025-06-09 22:52:56,948 -     放量原因: 成交量过大，量比3.62超过1.8
2025-06-09 22:52:56,948 -     MA5: 8.47
2025-06-09 22:52:56,948 -     MA20: 8.28
2025-06-09 22:52:56,948 -   ❌ 002645 未通过筛选，原因: 高位上影线, 非温和放量(成交量过大，量比3.62超过1.8)
2025-06-09 22:52:57,948 - 
(8/22) 正在分析股票: 300201
2025-06-09 22:52:58,156 -   📊 数据量: 39 天
2025-06-09 22:52:58,159 -   📈 技术分析结果:
2025-06-09 22:52:58,160 -     最新价格: 5.31
2025-06-09 22:52:58,160 -     最新日期: 2025-06-09
2025-06-09 22:52:58,160 -     下跌趋势: 否
2025-06-09 22:52:58,160 -     高位上影线: 有
2025-06-09 22:52:58,160 -     温和放量: 否
2025-06-09 22:52:58,161 -     量比: 3.24
2025-06-09 22:52:58,161 -     放量原因: 成交量过大，量比3.24超过1.8
2025-06-09 22:52:58,161 -     MA5: 5.10
2025-06-09 22:52:58,161 -     MA20: 5.06
2025-06-09 22:52:58,161 -   ❌ 300201 未通过筛选，原因: 高位上影线, 非温和放量(成交量过大，量比3.24超过1.8)
2025-06-09 22:52:59,162 - 
(9/22) 正在分析股票: 301246
2025-06-09 22:52:59,400 -   📊 数据量: 39 天
2025-06-09 22:52:59,403 -   📈 技术分析结果:
2025-06-09 22:52:59,403 -     最新价格: 15.24
2025-06-09 22:52:59,403 -     最新日期: 2025-06-09
2025-06-09 22:52:59,403 -     下跌趋势: 否
2025-06-09 22:52:59,404 -     高位上影线: 有
2025-06-09 22:52:59,404 -     温和放量: 否
2025-06-09 22:52:59,404 -     量比: 2.24
2025-06-09 22:52:59,404 -     放量原因: 成交量过大，量比2.24超过1.8
2025-06-09 22:52:59,404 -     MA5: 14.60
2025-06-09 22:52:59,404 -     MA20: 14.02
2025-06-09 22:52:59,405 -   ❌ 301246 未通过筛选，原因: 高位上影线, 非温和放量(成交量过大，量比2.24超过1.8)
2025-06-09 22:53:00,406 - 
(10/22) 正在分析股票: 600366
2025-06-09 22:53:00,640 -   📊 数据量: 39 天
2025-06-09 22:53:00,643 -   📈 技术分析结果:
2025-06-09 22:53:00,643 -     最新价格: 8.64
2025-06-09 22:53:00,644 -     最新日期: 2025-06-09
2025-06-09 22:53:00,644 -     下跌趋势: 否
2025-06-09 22:53:00,644 -     高位上影线: 有
2025-06-09 22:53:00,644 -     温和放量: 否
2025-06-09 22:53:00,644 -     量比: 2.12
2025-06-09 22:53:00,644 -     放量原因: 成交量过大，量比2.12超过1.8
2025-06-09 22:53:00,645 -     MA5: 8.24
2025-06-09 22:53:00,645 -     MA20: 8.16
2025-06-09 22:53:00,646 -   ❌ 600366 未通过筛选，原因: 高位上影线, 非温和放量(成交量过大，量比2.12超过1.8)
2025-06-09 22:53:01,646 - 
(11/22) 正在分析股票: 603091
2025-06-09 22:53:01,890 -   📊 数据量: 39 天
2025-06-09 22:53:01,893 -   📈 技术分析结果:
2025-06-09 22:53:01,893 -     最新价格: 52.90
2025-06-09 22:53:01,894 -     最新日期: 2025-06-09
2025-06-09 22:53:01,894 -     下跌趋势: 否
2025-06-09 22:53:01,894 -     高位上影线: 有
2025-06-09 22:53:01,894 -     温和放量: 否
2025-06-09 22:53:01,894 -     量比: 0.92
2025-06-09 22:53:01,895 -     放量原因: 成交量不足，量比0.92小于1.2
2025-06-09 22:53:01,895 -     MA5: 51.38
2025-06-09 22:53:01,895 -     MA20: 49.60
2025-06-09 22:53:01,895 -   ❌ 603091 未通过筛选，原因: 高位上影线, 非温和放量(成交量不足，量比0.92小于1.2)
2025-06-09 22:53:02,896 - 
(12/22) 正在分析股票: 300681
2025-06-09 22:53:03,101 -   📊 数据量: 39 天
2025-06-09 22:53:03,103 -   📈 技术分析结果:
2025-06-09 22:53:03,103 -     最新价格: 29.63
2025-06-09 22:53:03,104 -     最新日期: 2025-06-09
2025-06-09 22:53:03,104 -     下跌趋势: 是
2025-06-09 22:53:03,104 -     高位上影线: 有
2025-06-09 22:53:03,105 -     温和放量: 是
2025-06-09 22:53:03,105 -     量比: 1.38
2025-06-09 22:53:03,105 -     放量原因: 温和放量，量比1.38
2025-06-09 22:53:03,105 -     MA5: 28.75
2025-06-09 22:53:03,105 -     MA20: 30.12
2025-06-09 22:53:03,105 -   ❌ 300681 未通过筛选，原因: 下跌趋势, 高位上影线
2025-06-09 22:53:04,106 - 
(13/22) 正在分析股票: 603322
2025-06-09 22:53:04,332 -   📊 数据量: 39 天
2025-06-09 22:53:04,335 -   📈 技术分析结果:
2025-06-09 22:53:04,336 -     最新价格: 41.03
2025-06-09 22:53:04,336 -     最新日期: 2025-06-09
2025-06-09 22:53:04,336 -     下跌趋势: 否
2025-06-09 22:53:04,336 -     高位上影线: 无
2025-06-09 22:53:04,337 -     温和放量: 否
2025-06-09 22:53:04,337 -     量比: 1.09
2025-06-09 22:53:04,337 -     放量原因: 成交量不足，量比1.09小于1.2
2025-06-09 22:53:04,337 -     MA5: 39.03
2025-06-09 22:53:04,338 -     MA20: 36.22
2025-06-09 22:53:04,338 -   ❌ 603322 未通过筛选，原因: 非温和放量(成交量不足，量比1.09小于1.2)
2025-06-09 22:53:05,339 - 
(14/22) 正在分析股票: 002095
2025-06-09 22:53:05,557 -   📊 数据量: 39 天
2025-06-09 22:53:05,560 -   📈 技术分析结果:
2025-06-09 22:53:05,560 -     最新价格: 19.75
2025-06-09 22:53:05,560 -     最新日期: 2025-06-09
2025-06-09 22:53:05,561 -     下跌趋势: 是
2025-06-09 22:53:05,561 -     高位上影线: 有
2025-06-09 22:53:05,561 -     温和放量: 是
2025-06-09 22:53:05,561 -     量比: 1.43
2025-06-09 22:53:05,561 -     放量原因: 温和放量，量比1.43
2025-06-09 22:53:05,562 -     MA5: 19.25
2025-06-09 22:53:05,562 -     MA20: 19.74
2025-06-09 22:53:05,562 -   ❌ 002095 未通过筛选，原因: 下跌趋势, 高位上影线
2025-06-09 22:53:06,562 - 
(15/22) 正在分析股票: 603666
2025-06-09 22:53:06,781 -   📊 数据量: 39 天
2025-06-09 22:53:06,783 -   📈 技术分析结果:
2025-06-09 22:53:06,783 -     最新价格: 37.20
2025-06-09 22:53:06,784 -     最新日期: 2025-06-09
2025-06-09 22:53:06,784 -     下跌趋势: 否
2025-06-09 22:53:06,785 -     高位上影线: 有
2025-06-09 22:53:06,785 -     温和放量: 是
2025-06-09 22:53:06,785 -     量比: 1.69
2025-06-09 22:53:06,785 -     放量原因: 温和放量，量比1.69
2025-06-09 22:53:06,785 -     MA5: 35.72
2025-06-09 22:53:06,785 -     MA20: 35.22
2025-06-09 22:53:06,786 -   ❌ 603666 未通过筛选，原因: 高位上影线
2025-06-09 22:53:07,786 - 
(16/22) 正在分析股票: 300725
2025-06-09 22:53:08,029 -   📊 数据量: 39 天
2025-06-09 22:53:08,031 -   📈 技术分析结果:
2025-06-09 22:53:08,032 -     最新价格: 36.29
2025-06-09 22:53:08,032 -     最新日期: 2025-06-09
2025-06-09 22:53:08,032 -     下跌趋势: 否
2025-06-09 22:53:08,033 -     高位上影线: 有
2025-06-09 22:53:08,033 -     温和放量: 是
2025-06-09 22:53:08,033 -     量比: 1.36
2025-06-09 22:53:08,033 -     放量原因: 温和放量，量比1.36
2025-06-09 22:53:08,033 -     MA5: 35.64
2025-06-09 22:53:08,033 -     MA20: 33.22
2025-06-09 22:53:08,034 -   ❌ 300725 未通过筛选，原因: 高位上影线
2025-06-09 22:53:09,034 - 
(17/22) 正在分析股票: 002827
2025-06-09 22:53:09,238 -   📊 数据量: 39 天
2025-06-09 22:53:09,241 -   📈 技术分析结果:
2025-06-09 22:53:09,241 -     最新价格: 32.26
2025-06-09 22:53:09,241 -     最新日期: 2025-06-09
2025-06-09 22:53:09,241 -     下跌趋势: 否
2025-06-09 22:53:09,242 -     高位上影线: 有
2025-06-09 22:53:09,242 -     温和放量: 是
2025-06-09 22:53:09,242 -     量比: 1.54
2025-06-09 22:53:09,242 -     放量原因: 温和放量，量比1.54
2025-06-09 22:53:09,242 -     MA5: 30.35
2025-06-09 22:53:09,243 -     MA20: 28.92
2025-06-09 22:53:09,243 -   ❌ 002827 未通过筛选，原因: 高位上影线
2025-06-09 22:53:10,243 - 
(18/22) 正在分析股票: 300793
2025-06-09 22:53:10,484 -   📊 数据量: 39 天
2025-06-09 22:53:10,486 -   📈 技术分析结果:
2025-06-09 22:53:10,486 -     最新价格: 17.15
2025-06-09 22:53:10,487 -     最新日期: 2025-06-09
2025-06-09 22:53:10,487 -     下跌趋势: 否
2025-06-09 22:53:10,487 -     高位上影线: 有
2025-06-09 22:53:10,487 -     温和放量: 否
2025-06-09 22:53:10,488 -     量比: 2.72
2025-06-09 22:53:10,488 -     放量原因: 成交量过大，量比2.72超过1.8
2025-06-09 22:53:10,488 -     MA5: 16.58
2025-06-09 22:53:10,488 -     MA20: 16.33
2025-06-09 22:53:10,488 -   ❌ 300793 未通过筛选，原因: 高位上影线, 非温和放量(成交量过大，量比2.72超过1.8)
2025-06-09 22:53:11,489 - 
(19/22) 正在分析股票: 300063
2025-06-09 22:53:11,669 -   📊 数据量: 39 天
2025-06-09 22:53:11,672 -   📈 技术分析结果:
2025-06-09 22:53:11,672 -     最新价格: 8.35
2025-06-09 22:53:11,672 -     最新日期: 2025-06-09
2025-06-09 22:53:11,672 -     下跌趋势: 是
2025-06-09 22:53:11,672 -     高位上影线: 无
2025-06-09 22:53:11,673 -     温和放量: 否
2025-06-09 22:53:11,673 -     量比: 2.27
2025-06-09 22:53:11,673 -     放量原因: 成交量过大，量比2.27超过1.8
2025-06-09 22:53:11,673 -     MA5: 8.15
2025-06-09 22:53:11,673 -     MA20: 8.35
2025-06-09 22:53:11,673 -   ❌ 300063 未通过筛选，原因: 下跌趋势, 非温和放量(成交量过大，量比2.27超过1.8)
2025-06-09 22:53:12,674 - 
(20/22) 正在分析股票: 002122
2025-06-09 22:53:12,892 -   📊 数据量: 39 天
2025-06-09 22:53:12,895 -   📈 技术分析结果:
2025-06-09 22:53:12,895 -     最新价格: 4.25
2025-06-09 22:53:12,895 -     最新日期: 2025-06-09
2025-06-09 22:53:12,895 -     下跌趋势: 否
2025-06-09 22:53:12,895 -     高位上影线: 有
2025-06-09 22:53:12,895 -     温和放量: 是
2025-06-09 22:53:12,896 -     量比: 1.53
2025-06-09 22:53:12,896 -     放量原因: 温和放量，量比1.53
2025-06-09 22:53:12,896 -     MA5: 4.18
2025-06-09 22:53:12,896 -     MA20: 4.12
2025-06-09 22:53:12,896 -   ❌ 002122 未通过筛选，原因: 高位上影线
2025-06-09 22:53:13,898 - 
(21/22) 正在分析股票: 603068
2025-06-09 22:53:14,124 -   📊 数据量: 39 天
2025-06-09 22:53:14,126 -   📈 技术分析结果:
2025-06-09 22:53:14,127 -     最新价格: 35.00
2025-06-09 22:53:14,127 -     最新日期: 2025-06-09
2025-06-09 22:53:14,127 -     下跌趋势: 否
2025-06-09 22:53:14,128 -     高位上影线: 有
2025-06-09 22:53:14,128 -     温和放量: 否
2025-06-09 22:53:14,128 -     量比: 2.28
2025-06-09 22:53:14,128 -     放量原因: 成交量过大，量比2.28超过1.8
2025-06-09 22:53:14,128 -     MA5: 32.79
2025-06-09 22:53:14,129 -     MA20: 32.70
2025-06-09 22:53:14,129 -   ❌ 603068 未通过筛选，原因: 高位上影线, 非温和放量(成交量过大，量比2.28超过1.8)
2025-06-09 22:53:15,129 - 
(22/22) 正在分析股票: 688535
2025-06-09 22:53:15,351 -   📊 数据量: 39 天
2025-06-09 22:53:15,354 -   📈 技术分析结果:
2025-06-09 22:53:15,354 -     最新价格: 72.99
2025-06-09 22:53:15,354 -     最新日期: 2025-06-09
2025-06-09 22:53:15,355 -     下跌趋势: 否
2025-06-09 22:53:15,355 -     高位上影线: 无
2025-06-09 22:53:15,355 -     温和放量: 否
2025-06-09 22:53:15,355 -     量比: 2.28
2025-06-09 22:53:15,355 -     放量原因: 成交量过大，量比2.28超过1.8
2025-06-09 22:53:15,355 -     MA5: 70.86
2025-06-09 22:53:15,356 -     MA20: 70.03
2025-06-09 22:53:15,356 -   ❌ 688535 未通过筛选，原因: 非温和放量(成交量过大，量比2.28超过1.8)
2025-06-09 22:53:16,357 - 
============================================================
2025-06-09 22:53:16,357 - 技术分析汇总结果:
2025-06-09 22:53:16,357 - ============================================================
2025-06-09 22:53:16,358 - ❌ 301325 - 未通过: 高位上影线, 非温和放量
2025-06-09 22:53:16,358 - ❌ 301325 - 未通过: 高位上影线, 非温和放量
2025-06-09 22:53:16,358 - ❌ 300067 - 未通过: 高位上影线
2025-06-09 22:53:16,358 - ❌ 300067 - 未通过: 高位上影线
2025-06-09 22:53:16,359 - ❌ 688025 - 未通过: 高位上影线
2025-06-09 22:53:16,359 - ❌ 688025 - 未通过: 高位上影线
2025-06-09 22:53:16,359 - ❌ 300814 - 未通过: 高位上影线, 非温和放量
2025-06-09 22:53:16,359 - ❌ 300814 - 未通过: 高位上影线, 非温和放量
2025-06-09 22:53:16,359 - ❌ 300005 - 未通过: 下跌趋势, 高位上影线
2025-06-09 22:53:16,359 - ❌ 300005 - 未通过: 下跌趋势, 高位上影线
2025-06-09 22:53:16,360 - ❌ 688601 - 未通过: 非温和放量
2025-06-09 22:53:16,360 - ❌ 688601 - 未通过: 非温和放量
2025-06-09 22:53:16,360 - ❌ 002645 - 未通过: 高位上影线, 非温和放量
2025-06-09 22:53:16,360 - ❌ 002645 - 未通过: 高位上影线, 非温和放量
2025-06-09 22:53:16,360 - ❌ 300201 - 未通过: 高位上影线, 非温和放量
2025-06-09 22:53:16,360 - ❌ 300201 - 未通过: 高位上影线, 非温和放量
2025-06-09 22:53:16,360 - ❌ 301246 - 未通过: 高位上影线, 非温和放量
2025-06-09 22:53:16,360 - ❌ 301246 - 未通过: 高位上影线, 非温和放量
2025-06-09 22:53:16,361 - ❌ 600366 - 未通过: 高位上影线, 非温和放量
2025-06-09 22:53:16,361 - ❌ 600366 - 未通过: 高位上影线, 非温和放量
2025-06-09 22:53:16,361 - ❌ 603091 - 未通过: 高位上影线, 非温和放量
2025-06-09 22:53:16,361 - ❌ 603091 - 未通过: 高位上影线, 非温和放量
2025-06-09 22:53:16,361 - ❌ 300681 - 未通过: 下跌趋势, 高位上影线
2025-06-09 22:53:16,361 - ❌ 300681 - 未通过: 下跌趋势, 高位上影线
2025-06-09 22:53:16,361 - ❌ 603322 - 未通过: 非温和放量
2025-06-09 22:53:16,361 - ❌ 603322 - 未通过: 非温和放量
2025-06-09 22:53:16,361 - ❌ 002095 - 未通过: 下跌趋势, 高位上影线
2025-06-09 22:53:16,362 - ❌ 002095 - 未通过: 下跌趋势, 高位上影线
2025-06-09 22:53:16,362 - ❌ 603666 - 未通过: 高位上影线
2025-06-09 22:53:16,362 - ❌ 603666 - 未通过: 高位上影线
2025-06-09 22:53:16,362 - ❌ 300725 - 未通过: 高位上影线
2025-06-09 22:53:16,362 - ❌ 300725 - 未通过: 高位上影线
2025-06-09 22:53:16,362 - ❌ 002827 - 未通过: 高位上影线
2025-06-09 22:53:16,362 - ❌ 002827 - 未通过: 高位上影线
2025-06-09 22:53:16,362 - ❌ 300793 - 未通过: 高位上影线, 非温和放量
2025-06-09 22:53:16,363 - ❌ 300793 - 未通过: 高位上影线, 非温和放量
2025-06-09 22:53:16,363 - ❌ 300063 - 未通过: 下跌趋势, 非温和放量
2025-06-09 22:53:16,363 - ❌ 300063 - 未通过: 下跌趋势, 非温和放量
2025-06-09 22:53:16,363 - ❌ 002122 - 未通过: 高位上影线
2025-06-09 22:53:16,363 - ❌ 002122 - 未通过: 高位上影线
2025-06-09 22:53:16,364 - ❌ 603068 - 未通过: 高位上影线, 非温和放量
2025-06-09 22:53:16,364 - ❌ 603068 - 未通过: 高位上影线, 非温和放量
2025-06-09 22:53:16,364 - ❌ 688535 - 未通过: 非温和放量
2025-06-09 22:53:16,364 - ❌ 688535 - 未通过: 非温和放量
2025-06-09 22:53:16,364 - 
最终结果: 0 只股票通过技术分析筛选
