2025-06-08 20:30:14,657 - 📁 日志将保存到: logs\stock_analysis_20250608_203014.log
2025-06-08 20:30:14,657 - 📁 发现已存在的数据文件: data\stock_pool_data\stock_data_pool20250608.csv
2025-06-08 20:30:14,658 - 🔄 直接加载本地CSV文件
2025-06-08 20:30:14,687 - 准备分析初次筛选出的17 只股票
2025-06-08 20:30:14,688 - 股票代码: ['300191', '605123', '688503', '600715', '600279', '301367', '000045', '688488', '688518', '300925', '003002', '002645', '301500', '002424', '300210', '301303', '605088']
2025-06-08 20:30:14,688 - 数据日期范围: 20250409 到 20250608
2025-06-08 20:30:14,688 - ============================================================
2025-06-08 20:30:14,689 - 
(1/17) 正在分析股票: 300191
2025-06-08 20:30:15,418 -   📊 数据量: 39 天
2025-06-08 20:30:15,420 -   📈 技术分析结果:
2025-06-08 20:30:15,421 -     最新价格: 17.77
2025-06-08 20:30:15,421 -     最新日期: 2025-06-06
2025-06-08 20:30:15,422 -     下跌趋势: 否
2025-06-08 20:30:15,422 -     高位上影线: 有
2025-06-08 20:30:15,422 -     MA5: 17.31
2025-06-08 20:30:15,422 -     MA20: 16.55
2025-06-08 20:30:15,422 -   ❌ 300191 未通过筛选，原因: 高位上影线
2025-06-08 20:30:16,423 - 
(2/17) 正在分析股票: 605123
2025-06-08 20:30:16,941 -   📊 数据量: 39 天
2025-06-08 20:30:16,943 -   📈 技术分析结果:
2025-06-08 20:30:16,944 -     最新价格: 64.16
2025-06-08 20:30:16,944 -     最新日期: 2025-06-06
2025-06-08 20:30:16,944 -     下跌趋势: 否
2025-06-08 20:30:16,945 -     高位上影线: 有
2025-06-08 20:30:16,945 -     MA5: 61.04
2025-06-08 20:30:16,945 -     MA20: 57.60
2025-06-08 20:30:16,945 -   ❌ 605123 未通过筛选，原因: 高位上影线
2025-06-08 20:30:17,946 - 
(3/17) 正在分析股票: 688503
2025-06-08 20:30:18,849 -   📊 数据量: 39 天
2025-06-08 20:30:18,852 -   📈 技术分析结果:
2025-06-08 20:30:18,852 -     最新价格: 36.30
2025-06-08 20:30:18,852 -     最新日期: 2025-06-06
2025-06-08 20:30:18,852 -     下跌趋势: 否
2025-06-08 20:30:18,852 -     高位上影线: 有
2025-06-08 20:30:18,853 -     MA5: 33.16
2025-06-08 20:30:18,853 -     MA20: 33.13
2025-06-08 20:30:18,853 -   ❌ 688503 未通过筛选，原因: 高位上影线
2025-06-08 20:30:19,854 - 
(4/17) 正在分析股票: 600715
2025-06-08 20:30:20,252 -   📊 数据量: 38 天
2025-06-08 20:30:20,254 -   📈 技术分析结果:
2025-06-08 20:30:20,254 -     最新价格: 2.41
2025-06-08 20:30:20,254 -     最新日期: 2025-06-06
2025-06-08 20:30:20,254 -     下跌趋势: 否
2025-06-08 20:30:20,255 -     高位上影线: 有
2025-06-08 20:30:20,255 -     MA5: 2.34
2025-06-08 20:30:20,255 -     MA20: 2.31
2025-06-08 20:30:20,256 -   ❌ 600715 未通过筛选，原因: 高位上影线
2025-06-08 20:30:21,256 - 
(5/17) 正在分析股票: 600279
2025-06-08 20:30:23,466 -   📊 数据量: 39 天
2025-06-08 20:30:23,469 -   📈 技术分析结果:
2025-06-08 20:30:23,470 -     最新价格: 6.42
2025-06-08 20:30:23,470 -     最新日期: 2025-06-06
2025-06-08 20:30:23,470 -     下跌趋势: 否
2025-06-08 20:30:23,470 -     高位上影线: 有
2025-06-08 20:30:23,471 -     MA5: 6.20
2025-06-08 20:30:23,471 -     MA20: 6.08
2025-06-08 20:30:23,471 -   ❌ 600279 未通过筛选，原因: 高位上影线
2025-06-08 20:30:24,473 - 
(6/17) 正在分析股票: 301367
2025-06-08 20:30:25,888 -   📊 数据量: 39 天
2025-06-08 20:30:25,890 -   📈 技术分析结果:
2025-06-08 20:30:25,890 -     最新价格: 85.56
2025-06-08 20:30:25,890 -     最新日期: 2025-06-06
2025-06-08 20:30:25,890 -     下跌趋势: 是
2025-06-08 20:30:25,891 -     高位上影线: 有
2025-06-08 20:30:25,891 -     MA5: 83.88
2025-06-08 20:30:25,891 -     MA20: 85.16
2025-06-08 20:30:25,891 -   ❌ 301367 未通过筛选，原因: 下跌趋势, 高位上影线
2025-06-08 20:30:26,892 - 
(7/17) 正在分析股票: 000045
2025-06-08 20:30:27,237 -   📊 数据量: 39 天
2025-06-08 20:30:27,239 -   📈 技术分析结果:
2025-06-08 20:30:27,239 -     最新价格: 11.51
2025-06-08 20:30:27,240 -     最新日期: 2025-06-06
2025-06-08 20:30:27,240 -     下跌趋势: 否
2025-06-08 20:30:27,240 -     高位上影线: 有
2025-06-08 20:30:27,240 -     MA5: 11.22
2025-06-08 20:30:27,240 -     MA20: 10.64
2025-06-08 20:30:27,241 -   ❌ 000045 未通过筛选，原因: 高位上影线
2025-06-08 20:30:28,242 - 
(8/17) 正在分析股票: 688488
2025-06-08 20:30:28,647 -   📊 数据量: 39 天
2025-06-08 20:30:28,649 -   📈 技术分析结果:
2025-06-08 20:30:28,650 -     最新价格: 13.52
2025-06-08 20:30:28,650 -     最新日期: 2025-06-06
2025-06-08 20:30:28,650 -     下跌趋势: 否
2025-06-08 20:30:28,650 -     高位上影线: 有
2025-06-08 20:30:28,650 -     MA5: 13.58
2025-06-08 20:30:28,651 -     MA20: 12.05
2025-06-08 20:30:28,651 -   ❌ 688488 未通过筛选，原因: 高位上影线
2025-06-08 20:30:29,651 - 
(9/17) 正在分析股票: 688518
2025-06-08 20:30:30,007 -   📊 数据量: 39 天
2025-06-08 20:30:30,009 -   📈 技术分析结果:
2025-06-08 20:30:30,009 -     最新价格: 17.91
2025-06-08 20:30:30,010 -     最新日期: 2025-06-06
2025-06-08 20:30:30,010 -     下跌趋势: 否
2025-06-08 20:30:30,010 -     高位上影线: 有
2025-06-08 20:30:30,010 -     MA5: 16.71
2025-06-08 20:30:30,011 -     MA20: 16.40
2025-06-08 20:30:30,011 -   ❌ 688518 未通过筛选，原因: 高位上影线
2025-06-08 20:30:31,011 - 
(10/17) 正在分析股票: 300925
2025-06-08 20:30:31,994 -   📊 数据量: 39 天
2025-06-08 20:30:31,997 -   📈 技术分析结果:
2025-06-08 20:30:31,997 -     最新价格: 22.09
2025-06-08 20:30:31,997 -     最新日期: 2025-06-06
2025-06-08 20:30:31,997 -     下跌趋势: 是
2025-06-08 20:30:31,997 -     高位上影线: 无
2025-06-08 20:30:31,998 -     MA5: 21.13
2025-06-08 20:30:31,998 -     MA20: 21.50
2025-06-08 20:30:31,998 -   ❌ 300925 未通过筛选，原因: 下跌趋势
2025-06-08 20:30:32,999 - 
(11/17) 正在分析股票: 003002
2025-06-08 20:30:34,685 -   📊 数据量: 39 天
2025-06-08 20:30:34,687 -   📈 技术分析结果:
2025-06-08 20:30:34,687 -     最新价格: 27.79
2025-06-08 20:30:34,688 -     最新日期: 2025-06-06
2025-06-08 20:30:34,688 -     下跌趋势: 否
2025-06-08 20:30:34,688 -     高位上影线: 有
2025-06-08 20:30:34,688 -     MA5: 27.01
2025-06-08 20:30:34,689 -     MA20: 26.70
2025-06-08 20:30:34,689 -   ❌ 003002 未通过筛选，原因: 高位上影线
2025-06-08 20:30:35,690 - 
(12/17) 正在分析股票: 002645
2025-06-08 20:30:36,383 -   📊 数据量: 39 天
2025-06-08 20:30:36,386 -   📈 技术分析结果:
2025-06-08 20:30:36,386 -     最新价格: 8.63
2025-06-08 20:30:36,386 -     最新日期: 2025-06-06
2025-06-08 20:30:36,386 -     下跌趋势: 否
2025-06-08 20:30:36,386 -     高位上影线: 有
2025-06-08 20:30:36,386 -     MA5: 8.30
2025-06-08 20:30:36,387 -     MA20: 8.22
2025-06-08 20:30:36,387 -   ❌ 002645 未通过筛选，原因: 高位上影线
2025-06-08 20:30:37,388 - 
(13/17) 正在分析股票: 301500
2025-06-08 20:30:37,805 -   📊 数据量: 39 天
2025-06-08 20:30:37,807 -   📈 技术分析结果:
2025-06-08 20:30:37,807 -     最新价格: 20.80
2025-06-08 20:30:37,807 -     最新日期: 2025-06-06
2025-06-08 20:30:37,808 -     下跌趋势: 否
2025-06-08 20:30:37,808 -     高位上影线: 有
2025-06-08 20:30:37,808 -     MA5: 20.34
2025-06-08 20:30:37,808 -     MA20: 19.87
2025-06-08 20:30:37,808 -   ❌ 301500 未通过筛选，原因: 高位上影线
2025-06-08 20:30:38,809 - 
(14/17) 正在分析股票: 002424
2025-06-08 20:30:39,480 -   📊 数据量: 39 天
2025-06-08 20:30:39,482 -   📈 技术分析结果:
2025-06-08 20:30:39,482 -     最新价格: 4.28
2025-06-08 20:30:39,482 -     最新日期: 2025-06-06
2025-06-08 20:30:39,483 -     下跌趋势: 否
2025-06-08 20:30:39,483 -     高位上影线: 有
2025-06-08 20:30:39,483 -     MA5: 4.11
2025-06-08 20:30:39,483 -     MA20: 4.03
2025-06-08 20:30:39,483 -   ❌ 002424 未通过筛选，原因: 高位上影线
2025-06-08 20:30:40,484 - 
(15/17) 正在分析股票: 300210
2025-06-08 20:30:41,013 -   📊 数据量: 39 天
2025-06-08 20:30:41,015 -   📈 技术分析结果:
2025-06-08 20:30:41,016 -     最新价格: 10.97
2025-06-08 20:30:41,016 -     最新日期: 2025-06-06
2025-06-08 20:30:41,016 -     下跌趋势: 否
2025-06-08 20:30:41,016 -     高位上影线: 无
2025-06-08 20:30:41,016 -     MA5: 10.65
2025-06-08 20:30:41,016 -     MA20: 10.38
2025-06-08 20:30:41,017 -   ✅ 300210 通过技术分析筛选!
2025-06-08 20:30:42,017 - 
(16/17) 正在分析股票: 301303
2025-06-08 20:30:42,751 -   📊 数据量: 39 天
2025-06-08 20:30:42,754 -   📈 技术分析结果:
2025-06-08 20:30:42,754 -     最新价格: 14.09
2025-06-08 20:30:42,755 -     最新日期: 2025-06-06
2025-06-08 20:30:42,755 -     下跌趋势: 否
2025-06-08 20:30:42,755 -     高位上影线: 有
2025-06-08 20:30:42,755 -     MA5: 13.73
2025-06-08 20:30:42,756 -     MA20: 13.49
2025-06-08 20:30:42,756 -   ❌ 301303 未通过筛选，原因: 高位上影线
2025-06-08 20:30:43,757 - 
(17/17) 正在分析股票: 605088
2025-06-08 20:30:44,807 -   📊 数据量: 39 天
2025-06-08 20:30:44,810 -   📈 技术分析结果:
2025-06-08 20:30:44,810 -     最新价格: 36.42
2025-06-08 20:30:44,810 -     最新日期: 2025-06-06
2025-06-08 20:30:44,811 -     下跌趋势: 是
2025-06-08 20:30:44,811 -     高位上影线: 有
2025-06-08 20:30:44,811 -     MA5: 34.92
2025-06-08 20:30:44,811 -     MA20: 36.54
2025-06-08 20:30:44,811 -   ❌ 605088 未通过筛选，原因: 下跌趋势, 高位上影线
