2025-06-08 21:40:29,623 - 📁 日志将保存到: logs\stock_analysis_20250608_214029.log
2025-06-08 21:40:29,624 - 📁 发现已存在的数据文件: data\stock_pool_data\stock_data_pool20250608.csv
2025-06-08 21:40:29,625 - 🔄 直接加载本地CSV文件
2025-06-08 21:40:29,656 - 准备分析初次筛选出的17 只股票
2025-06-08 21:40:29,656 - 股票代码: ['300191', '605123', '688503', '600715', '600279', '301367', '000045', '688488', '688518', '300925', '003002', '002645', '301500', '002424', '300210', '301303', '605088']
2025-06-08 21:40:29,656 - 数据日期范围: 20250409 到 20250608
2025-06-08 21:40:29,657 - ============================================================
2025-06-08 21:40:29,657 - 
(1/17) 正在分析股票: 300191
2025-06-08 21:40:29,909 -   📊 数据量: 39 天
2025-06-08 21:40:29,911 -   📈 技术分析结果:
2025-06-08 21:40:29,911 -     最新价格: 17.77
2025-06-08 21:40:29,912 -     最新日期: 2025-06-06
2025-06-08 21:40:29,912 -     下跌趋势: 否
2025-06-08 21:40:29,912 -     高位上影线: 有
2025-06-08 21:40:29,912 -     MA5: 17.31
2025-06-08 21:40:29,913 -     MA20: 16.55
2025-06-08 21:40:29,913 -   ❌ 300191 未通过筛选，原因: 高位上影线
2025-06-08 21:40:30,914 - 
(2/17) 正在分析股票: 605123
2025-06-08 21:40:31,129 -   📊 数据量: 39 天
2025-06-08 21:40:31,131 -   📈 技术分析结果:
2025-06-08 21:40:31,131 -     最新价格: 64.16
2025-06-08 21:40:31,131 -     最新日期: 2025-06-06
2025-06-08 21:40:31,131 -     下跌趋势: 否
2025-06-08 21:40:31,132 -     高位上影线: 有
2025-06-08 21:40:31,132 -     MA5: 61.04
2025-06-08 21:40:31,132 -     MA20: 57.60
2025-06-08 21:40:31,132 -   ❌ 605123 未通过筛选，原因: 高位上影线
2025-06-08 21:40:32,133 - 
(3/17) 正在分析股票: 688503
2025-06-08 21:40:32,389 -   📊 数据量: 39 天
2025-06-08 21:40:32,392 -   📈 技术分析结果:
2025-06-08 21:40:32,392 -     最新价格: 36.30
2025-06-08 21:40:32,392 -     最新日期: 2025-06-06
2025-06-08 21:40:32,393 -     下跌趋势: 否
2025-06-08 21:40:32,393 -     高位上影线: 有
2025-06-08 21:40:32,393 -     MA5: 33.16
2025-06-08 21:40:32,393 -     MA20: 33.13
2025-06-08 21:40:32,394 -   ❌ 688503 未通过筛选，原因: 高位上影线
2025-06-08 21:40:33,395 - 
(4/17) 正在分析股票: 600715
2025-06-08 21:40:33,611 -   📊 数据量: 38 天
2025-06-08 21:40:33,613 -   📈 技术分析结果:
2025-06-08 21:40:33,614 -     最新价格: 2.41
2025-06-08 21:40:33,614 -     最新日期: 2025-06-06
2025-06-08 21:40:33,614 -     下跌趋势: 否
2025-06-08 21:40:33,614 -     高位上影线: 有
2025-06-08 21:40:33,614 -     MA5: 2.34
2025-06-08 21:40:33,614 -     MA20: 2.31
2025-06-08 21:40:33,614 -   ❌ 600715 未通过筛选，原因: 高位上影线
2025-06-08 21:40:34,616 - 
(5/17) 正在分析股票: 600279
2025-06-08 21:40:34,825 -   📊 数据量: 39 天
2025-06-08 21:40:34,828 -   📈 技术分析结果:
2025-06-08 21:40:34,828 -     最新价格: 6.42
2025-06-08 21:40:34,829 -     最新日期: 2025-06-06
2025-06-08 21:40:34,829 -     下跌趋势: 否
2025-06-08 21:40:34,829 -     高位上影线: 有
2025-06-08 21:40:34,829 -     MA5: 6.20
2025-06-08 21:40:34,830 -     MA20: 6.08
2025-06-08 21:40:34,830 -   ❌ 600279 未通过筛选，原因: 高位上影线
2025-06-08 21:40:35,830 - 
(6/17) 正在分析股票: 301367
2025-06-08 21:40:36,044 -   📊 数据量: 39 天
2025-06-08 21:40:36,046 -   📈 技术分析结果:
2025-06-08 21:40:36,046 -     最新价格: 85.56
2025-06-08 21:40:36,046 -     最新日期: 2025-06-06
2025-06-08 21:40:36,046 -     下跌趋势: 是
2025-06-08 21:40:36,047 -     高位上影线: 有
2025-06-08 21:40:36,047 -     MA5: 83.88
2025-06-08 21:40:36,047 -     MA20: 85.16
2025-06-08 21:40:36,047 -   ❌ 301367 未通过筛选，原因: 下跌趋势, 高位上影线
2025-06-08 21:40:37,048 - 
(7/17) 正在分析股票: 000045
2025-06-08 21:40:37,239 -   📊 数据量: 39 天
2025-06-08 21:40:37,242 -   📈 技术分析结果:
2025-06-08 21:40:37,242 -     最新价格: 11.51
2025-06-08 21:40:37,242 -     最新日期: 2025-06-06
2025-06-08 21:40:37,243 -     下跌趋势: 否
2025-06-08 21:40:37,243 -     高位上影线: 有
2025-06-08 21:40:37,243 -     MA5: 11.22
2025-06-08 21:40:37,243 -     MA20: 10.64
2025-06-08 21:40:37,244 -   ❌ 000045 未通过筛选，原因: 高位上影线
2025-06-08 21:40:38,244 - 
(8/17) 正在分析股票: 688488
2025-06-08 21:40:38,601 -   📊 数据量: 39 天
2025-06-08 21:40:38,604 -   📈 技术分析结果:
2025-06-08 21:40:38,604 -     最新价格: 13.52
2025-06-08 21:40:38,604 -     最新日期: 2025-06-06
2025-06-08 21:40:38,604 -     下跌趋势: 否
2025-06-08 21:40:38,605 -     高位上影线: 有
2025-06-08 21:40:38,605 -     MA5: 13.58
2025-06-08 21:40:38,605 -     MA20: 12.05
2025-06-08 21:40:38,605 -   ❌ 688488 未通过筛选，原因: 高位上影线
2025-06-08 21:40:39,606 - 
(9/17) 正在分析股票: 688518
2025-06-08 21:40:39,847 -   📊 数据量: 39 天
2025-06-08 21:40:39,850 -   📈 技术分析结果:
2025-06-08 21:40:39,850 -     最新价格: 17.91
2025-06-08 21:40:39,850 -     最新日期: 2025-06-06
2025-06-08 21:40:39,850 -     下跌趋势: 否
2025-06-08 21:40:39,850 -     高位上影线: 有
2025-06-08 21:40:39,851 -     MA5: 16.71
2025-06-08 21:40:39,851 -     MA20: 16.40
2025-06-08 21:40:39,851 -   ❌ 688518 未通过筛选，原因: 高位上影线
2025-06-08 21:40:40,851 - 
(10/17) 正在分析股票: 300925
2025-06-08 21:40:41,128 -   📊 数据量: 39 天
2025-06-08 21:40:41,131 -   📈 技术分析结果:
2025-06-08 21:40:41,132 -     最新价格: 22.09
2025-06-08 21:40:41,132 -     最新日期: 2025-06-06
2025-06-08 21:40:41,132 -     下跌趋势: 是
2025-06-08 21:40:41,132 -     高位上影线: 无
2025-06-08 21:40:41,133 -     MA5: 21.13
2025-06-08 21:40:41,133 -     MA20: 21.50
2025-06-08 21:40:41,133 -   ❌ 300925 未通过筛选，原因: 下跌趋势
2025-06-08 21:40:42,135 - 
(11/17) 正在分析股票: 003002
2025-06-08 21:40:42,385 -   📊 数据量: 39 天
2025-06-08 21:40:42,387 -   📈 技术分析结果:
2025-06-08 21:40:42,387 -     最新价格: 27.79
2025-06-08 21:40:42,387 -     最新日期: 2025-06-06
2025-06-08 21:40:42,387 -     下跌趋势: 否
2025-06-08 21:40:42,387 -     高位上影线: 有
2025-06-08 21:40:42,387 -     MA5: 27.01
2025-06-08 21:40:42,387 -     MA20: 26.70
2025-06-08 21:40:42,388 -   ❌ 003002 未通过筛选，原因: 高位上影线
2025-06-08 21:40:43,388 - 
(12/17) 正在分析股票: 002645
2025-06-08 21:40:44,547 -   📊 数据量: 39 天
2025-06-08 21:40:44,551 -   📈 技术分析结果:
2025-06-08 21:40:44,551 -     最新价格: 8.63
2025-06-08 21:40:44,551 -     最新日期: 2025-06-06
2025-06-08 21:40:44,552 -     下跌趋势: 否
2025-06-08 21:40:44,552 -     高位上影线: 有
2025-06-08 21:40:44,552 -     MA5: 8.30
2025-06-08 21:40:44,552 -     MA20: 8.22
2025-06-08 21:40:44,552 -   ❌ 002645 未通过筛选，原因: 高位上影线
2025-06-08 21:40:45,553 - 
(13/17) 正在分析股票: 301500
2025-06-08 21:40:45,805 -   📊 数据量: 39 天
2025-06-08 21:40:45,808 -   📈 技术分析结果:
2025-06-08 21:40:45,808 -     最新价格: 20.80
2025-06-08 21:40:45,808 -     最新日期: 2025-06-06
2025-06-08 21:40:45,808 -     下跌趋势: 否
2025-06-08 21:40:45,809 -     高位上影线: 有
2025-06-08 21:40:45,809 -     MA5: 20.34
2025-06-08 21:40:45,809 -     MA20: 19.87
2025-06-08 21:40:45,810 -   ❌ 301500 未通过筛选，原因: 高位上影线
2025-06-08 21:40:46,810 - 
(14/17) 正在分析股票: 002424
2025-06-08 21:40:47,436 -   📊 数据量: 39 天
2025-06-08 21:40:47,439 -   📈 技术分析结果:
2025-06-08 21:40:47,439 -     最新价格: 4.28
2025-06-08 21:40:47,439 -     最新日期: 2025-06-06
2025-06-08 21:40:47,439 -     下跌趋势: 否
2025-06-08 21:40:47,440 -     高位上影线: 有
2025-06-08 21:40:47,440 -     MA5: 4.11
2025-06-08 21:40:47,440 -     MA20: 4.03
2025-06-08 21:40:47,440 -   ❌ 002424 未通过筛选，原因: 高位上影线
2025-06-08 21:40:48,441 - 
(15/17) 正在分析股票: 300210
2025-06-08 21:40:48,682 -   📊 数据量: 39 天
2025-06-08 21:40:48,685 -   📈 技术分析结果:
2025-06-08 21:40:48,686 -     最新价格: 10.97
2025-06-08 21:40:48,686 -     最新日期: 2025-06-06
2025-06-08 21:40:48,686 -     下跌趋势: 否
2025-06-08 21:40:48,687 -     高位上影线: 无
2025-06-08 21:40:48,687 -     MA5: 10.65
2025-06-08 21:40:48,687 -     MA20: 10.38
2025-06-08 21:40:48,687 -   ✅ 300210 通过技术分析筛选!
2025-06-08 21:40:49,688 - 
(16/17) 正在分析股票: 301303
2025-06-08 21:40:49,913 -   📊 数据量: 39 天
2025-06-08 21:40:49,916 -   📈 技术分析结果:
2025-06-08 21:40:49,916 -     最新价格: 14.09
2025-06-08 21:40:49,916 -     最新日期: 2025-06-06
2025-06-08 21:40:49,916 -     下跌趋势: 否
2025-06-08 21:40:49,916 -     高位上影线: 有
2025-06-08 21:40:49,916 -     MA5: 13.73
2025-06-08 21:40:49,917 -     MA20: 13.49
2025-06-08 21:40:49,917 -   ❌ 301303 未通过筛选，原因: 高位上影线
2025-06-08 21:40:50,918 - 
(17/17) 正在分析股票: 605088
2025-06-08 21:40:51,177 -   📊 数据量: 39 天
2025-06-08 21:40:51,181 -   📈 技术分析结果:
2025-06-08 21:40:51,181 -     最新价格: 36.42
2025-06-08 21:40:51,181 -     最新日期: 2025-06-06
2025-06-08 21:40:51,181 -     下跌趋势: 是
2025-06-08 21:40:51,182 -     高位上影线: 有
2025-06-08 21:40:51,182 -     MA5: 34.92
2025-06-08 21:40:51,182 -     MA20: 36.54
2025-06-08 21:40:51,182 -   ❌ 605088 未通过筛选，原因: 下跌趋势, 高位上影线
2025-06-08 21:40:52,184 - 
============================================================
2025-06-08 21:40:52,184 - 技术分析汇总结果:
2025-06-08 21:40:52,184 - ============================================================
2025-06-08 21:40:52,185 - ❌ 300191 - 未通过: 高位上影线
2025-06-08 21:40:52,185 - ❌ 605123 - 未通过: 高位上影线
2025-06-08 21:40:52,185 - ❌ 688503 - 未通过: 高位上影线
2025-06-08 21:40:52,185 - ❌ 600715 - 未通过: 高位上影线
2025-06-08 21:40:52,186 - ❌ 600279 - 未通过: 高位上影线
2025-06-08 21:40:52,186 - ❌ 301367 - 未通过: 下跌趋势, 高位上影线
2025-06-08 21:40:52,186 - ❌ 000045 - 未通过: 高位上影线
2025-06-08 21:40:52,186 - ❌ 688488 - 未通过: 高位上影线
2025-06-08 21:40:52,187 - ❌ 688518 - 未通过: 高位上影线
2025-06-08 21:40:52,187 - ❌ 300925 - 未通过: 下跌趋势
2025-06-08 21:40:52,187 - ❌ 003002 - 未通过: 高位上影线
2025-06-08 21:40:52,187 - ❌ 002645 - 未通过: 高位上影线
2025-06-08 21:40:52,187 - ❌ 301500 - 未通过: 高位上影线
2025-06-08 21:40:52,187 - ❌ 002424 - 未通过: 高位上影线
2025-06-08 21:40:52,187 - ✅ 300210 - 通过筛选
2025-06-08 21:40:52,187 - ❌ 301303 - 未通过: 高位上影线
2025-06-08 21:40:52,187 - ❌ 605088 - 未通过: 下跌趋势, 高位上影线
2025-06-08 21:40:52,188 - 
最终结果: 1 只股票通过技术分析筛选
2025-06-08 21:40:52,188 - 
符合条件的股票详情:
2025-06-08 21:40:52,188 - 代码: 300210
2025-06-08 21:40:52,188 -   最新价格: 10.97
2025-06-08 21:40:52,188 -   MA5: 10.65
2025-06-08 21:40:52,188 -   MA20: 10.38
2025-06-08 21:40:52,188 -   数据天数: 39
