2025-06-08 21:56:28,737 - 📁 日志将保存到: logs\stock_analysis_20250608_215628.log
2025-06-08 21:56:28,737 - 📁 发现已存在的数据文件: data\stock_pool_data\stock_data_pool20250608.csv
2025-06-08 21:56:28,737 - 🔄 直接加载本地CSV文件
2025-06-08 21:56:28,872 - 最新交易日: 2025-06-06
2025-06-08 21:56:28,872 - 准备分析初次筛选出的17 只股票
2025-06-08 21:56:28,872 - 股票代码: ['300191', '605123', '688503', '600715', '600279', '301367', '000045', '688488', '688518', '300925', '003002', '002645', '301500', '002424', '300210', '301303', '605088']
2025-06-08 21:56:28,873 - 数据日期范围: 20250409 到 20250608
2025-06-08 21:56:28,873 - ============================================================
2025-06-08 21:56:28,874 - 
(1/17) 正在分析股票: 300191
2025-06-08 21:56:28,983 -   📊 数据量: 39 天
2025-06-08 21:56:28,986 -   📈 技术分析结果:
2025-06-08 21:56:28,986 -     最新价格: 17.77
2025-06-08 21:56:28,986 -     最新日期: 2025-06-06
2025-06-08 21:56:28,987 -     下跌趋势: 否
2025-06-08 21:56:28,987 -     高位上影线: 有
2025-06-08 21:56:28,987 -     MA5: 17.31
2025-06-08 21:56:28,988 -     MA20: 16.55
2025-06-08 21:56:28,988 -   ❌ 300191 未通过筛选，原因: 高位上影线
2025-06-08 21:56:28,988 - 
(2/17) 正在分析股票: 605123
2025-06-08 21:56:29,184 -   📊 数据量: 39 天
2025-06-08 21:56:29,186 -   📈 技术分析结果:
2025-06-08 21:56:29,186 -     最新价格: 64.16
2025-06-08 21:56:29,186 -     最新日期: 2025-06-06
2025-06-08 21:56:29,187 -     下跌趋势: 否
2025-06-08 21:56:29,187 -     高位上影线: 有
2025-06-08 21:56:29,187 -     MA5: 61.04
2025-06-08 21:56:29,187 -     MA20: 57.60
2025-06-08 21:56:29,188 -   ❌ 605123 未通过筛选，原因: 高位上影线
2025-06-08 21:56:29,188 - 
(3/17) 正在分析股票: 688503
2025-06-08 21:56:29,278 -   📊 数据量: 39 天
2025-06-08 21:56:29,281 -   📈 技术分析结果:
2025-06-08 21:56:29,281 -     最新价格: 36.30
2025-06-08 21:56:29,281 -     最新日期: 2025-06-06
2025-06-08 21:56:29,281 -     下跌趋势: 否
2025-06-08 21:56:29,282 -     高位上影线: 有
2025-06-08 21:56:29,282 -     MA5: 33.16
2025-06-08 21:56:29,282 -     MA20: 33.13
2025-06-08 21:56:29,283 -   ❌ 688503 未通过筛选，原因: 高位上影线
2025-06-08 21:56:29,283 - 
(4/17) 正在分析股票: 600715
2025-06-08 21:56:29,371 -   📊 数据量: 38 天
2025-06-08 21:56:29,373 -   📈 技术分析结果:
2025-06-08 21:56:29,373 -     最新价格: 2.41
2025-06-08 21:56:29,373 -     最新日期: 2025-06-06
2025-06-08 21:56:29,374 -     下跌趋势: 否
2025-06-08 21:56:29,374 -     高位上影线: 有
2025-06-08 21:56:29,374 -     MA5: 2.34
2025-06-08 21:56:29,374 -     MA20: 2.31
2025-06-08 21:56:29,374 -   ❌ 600715 未通过筛选，原因: 高位上影线
2025-06-08 21:56:29,374 - 
(5/17) 正在分析股票: 600279
2025-06-08 21:56:29,447 -   📊 数据量: 39 天
2025-06-08 21:56:29,450 -   📈 技术分析结果:
2025-06-08 21:56:29,450 -     最新价格: 6.42
2025-06-08 21:56:29,450 -     最新日期: 2025-06-06
2025-06-08 21:56:29,450 -     下跌趋势: 否
2025-06-08 21:56:29,451 -     高位上影线: 有
2025-06-08 21:56:29,451 -     MA5: 6.20
2025-06-08 21:56:29,451 -     MA20: 6.08
2025-06-08 21:56:29,451 -   ❌ 600279 未通过筛选，原因: 高位上影线
2025-06-08 21:56:29,451 - 
(6/17) 正在分析股票: 301367
2025-06-08 21:56:29,541 -   📊 数据量: 39 天
2025-06-08 21:56:29,542 -   📈 技术分析结果:
2025-06-08 21:56:29,543 -     最新价格: 85.56
2025-06-08 21:56:29,543 -     最新日期: 2025-06-06
2025-06-08 21:56:29,543 -     下跌趋势: 是
2025-06-08 21:56:29,543 -     高位上影线: 有
2025-06-08 21:56:29,543 -     MA5: 83.88
2025-06-08 21:56:29,544 -     MA20: 85.16
2025-06-08 21:56:29,544 -   ❌ 301367 未通过筛选，原因: 下跌趋势, 高位上影线
2025-06-08 21:56:29,544 - 
(7/17) 正在分析股票: 000045
2025-06-08 21:56:29,621 -   📊 数据量: 39 天
2025-06-08 21:56:29,623 -   📈 技术分析结果:
2025-06-08 21:56:29,624 -     最新价格: 11.51
2025-06-08 21:56:29,624 -     最新日期: 2025-06-06
2025-06-08 21:56:29,624 -     下跌趋势: 否
2025-06-08 21:56:29,625 -     高位上影线: 有
2025-06-08 21:56:29,625 -     MA5: 11.22
2025-06-08 21:56:29,625 -     MA20: 10.64
2025-06-08 21:56:29,625 -   ❌ 000045 未通过筛选，原因: 高位上影线
2025-06-08 21:56:29,625 - 
(8/17) 正在分析股票: 688488
2025-06-08 21:56:29,702 -   📊 数据量: 39 天
2025-06-08 21:56:29,705 -   📈 技术分析结果:
2025-06-08 21:56:29,705 -     最新价格: 13.52
2025-06-08 21:56:29,705 -     最新日期: 2025-06-06
2025-06-08 21:56:29,706 -     下跌趋势: 否
2025-06-08 21:56:29,706 -     高位上影线: 有
2025-06-08 21:56:29,706 -     MA5: 13.58
2025-06-08 21:56:29,706 -     MA20: 12.05
2025-06-08 21:56:29,707 -   ❌ 688488 未通过筛选，原因: 高位上影线
2025-06-08 21:56:29,707 - 
(9/17) 正在分析股票: 688518
2025-06-08 21:56:29,834 -   📊 数据量: 39 天
2025-06-08 21:56:29,837 -   📈 技术分析结果:
2025-06-08 21:56:29,837 -     最新价格: 17.91
2025-06-08 21:56:29,838 -     最新日期: 2025-06-06
2025-06-08 21:56:29,838 -     下跌趋势: 否
2025-06-08 21:56:29,838 -     高位上影线: 有
2025-06-08 21:56:29,838 -     MA5: 16.71
2025-06-08 21:56:29,838 -     MA20: 16.40
2025-06-08 21:56:29,839 -   ❌ 688518 未通过筛选，原因: 高位上影线
2025-06-08 21:56:29,839 - 
(10/17) 正在分析股票: 300925
2025-06-08 21:56:29,912 -   📊 数据量: 39 天
2025-06-08 21:56:29,915 -   📈 技术分析结果:
2025-06-08 21:56:29,915 -     最新价格: 22.09
2025-06-08 21:56:29,916 -     最新日期: 2025-06-06
2025-06-08 21:56:29,916 -     下跌趋势: 是
2025-06-08 21:56:29,916 -     高位上影线: 无
2025-06-08 21:56:29,916 -     MA5: 21.13
2025-06-08 21:56:29,916 -     MA20: 21.50
2025-06-08 21:56:29,917 -   ❌ 300925 未通过筛选，原因: 下跌趋势
2025-06-08 21:56:29,917 - 
(11/17) 正在分析股票: 003002
2025-06-08 21:56:29,990 -   📊 数据量: 39 天
2025-06-08 21:56:29,992 -   📈 技术分析结果:
2025-06-08 21:56:29,992 -     最新价格: 27.79
2025-06-08 21:56:29,993 -     最新日期: 2025-06-06
2025-06-08 21:56:29,993 -     下跌趋势: 否
2025-06-08 21:56:29,993 -     高位上影线: 有
2025-06-08 21:56:29,993 -     MA5: 27.01
2025-06-08 21:56:29,993 -     MA20: 26.70
2025-06-08 21:56:29,994 -   ❌ 003002 未通过筛选，原因: 高位上影线
2025-06-08 21:56:29,994 - 
(12/17) 正在分析股票: 002645
2025-06-08 21:56:30,076 -   📊 数据量: 39 天
2025-06-08 21:56:30,079 -   📈 技术分析结果:
2025-06-08 21:56:30,079 -     最新价格: 8.63
2025-06-08 21:56:30,080 -     最新日期: 2025-06-06
2025-06-08 21:56:30,080 -     下跌趋势: 否
2025-06-08 21:56:30,080 -     高位上影线: 有
2025-06-08 21:56:30,080 -     MA5: 8.30
2025-06-08 21:56:30,081 -     MA20: 8.22
2025-06-08 21:56:30,081 -   ❌ 002645 未通过筛选，原因: 高位上影线
2025-06-08 21:56:30,081 - 
(13/17) 正在分析股票: 301500
2025-06-08 21:56:30,157 -   📊 数据量: 39 天
2025-06-08 21:56:30,159 -   📈 技术分析结果:
2025-06-08 21:56:30,159 -     最新价格: 20.80
2025-06-08 21:56:30,159 -     最新日期: 2025-06-06
2025-06-08 21:56:30,160 -     下跌趋势: 否
2025-06-08 21:56:30,160 -     高位上影线: 有
2025-06-08 21:56:30,160 -     MA5: 20.34
2025-06-08 21:56:30,161 -     MA20: 19.87
2025-06-08 21:56:30,161 -   ❌ 301500 未通过筛选，原因: 高位上影线
2025-06-08 21:56:30,161 - 
(14/17) 正在分析股票: 002424
2025-06-08 21:56:30,237 -   📊 数据量: 39 天
2025-06-08 21:56:30,239 -   📈 技术分析结果:
2025-06-08 21:56:30,239 -     最新价格: 4.28
2025-06-08 21:56:30,240 -     最新日期: 2025-06-06
2025-06-08 21:56:30,240 -     下跌趋势: 否
2025-06-08 21:56:30,240 -     高位上影线: 有
2025-06-08 21:56:30,241 -     MA5: 4.11
2025-06-08 21:56:30,241 -     MA20: 4.03
2025-06-08 21:56:30,241 -   ❌ 002424 未通过筛选，原因: 高位上影线
2025-06-08 21:56:30,241 - 
(15/17) 正在分析股票: 300210
2025-06-08 21:56:30,319 -   📊 数据量: 39 天
2025-06-08 21:56:30,321 -   📈 技术分析结果:
2025-06-08 21:56:30,321 -     最新价格: 10.97
2025-06-08 21:56:30,322 -     最新日期: 2025-06-06
2025-06-08 21:56:30,322 -     下跌趋势: 否
2025-06-08 21:56:30,322 -     高位上影线: 无
2025-06-08 21:56:30,322 -     MA5: 10.65
2025-06-08 21:56:30,322 -     MA20: 10.38
2025-06-08 21:56:30,322 -   ✅ 300210 通过技术分析筛选!
2025-06-08 21:56:30,322 - 
(16/17) 正在分析股票: 301303
2025-06-08 21:56:30,395 -   📊 数据量: 39 天
2025-06-08 21:56:30,398 -   📈 技术分析结果:
2025-06-08 21:56:30,398 -     最新价格: 14.09
2025-06-08 21:56:30,398 -     最新日期: 2025-06-06
2025-06-08 21:56:30,399 -     下跌趋势: 否
2025-06-08 21:56:30,399 -     高位上影线: 有
2025-06-08 21:56:30,400 -     MA5: 13.73
2025-06-08 21:56:30,400 -     MA20: 13.49
2025-06-08 21:56:30,400 -   ❌ 301303 未通过筛选，原因: 高位上影线
2025-06-08 21:56:30,400 - 
(17/17) 正在分析股票: 605088
2025-06-08 21:56:30,473 -   📊 数据量: 39 天
2025-06-08 21:56:30,477 -   📈 技术分析结果:
2025-06-08 21:56:30,477 -     最新价格: 36.42
2025-06-08 21:56:30,477 -     最新日期: 2025-06-06
2025-06-08 21:56:30,477 -     下跌趋势: 是
2025-06-08 21:56:30,478 -     高位上影线: 有
2025-06-08 21:56:30,478 -     MA5: 34.92
2025-06-08 21:56:30,478 -     MA20: 36.54
2025-06-08 21:56:30,478 -   ❌ 605088 未通过筛选，原因: 下跌趋势, 高位上影线
2025-06-08 21:56:30,479 - 
============================================================
2025-06-08 21:56:30,479 - 技术分析汇总结果:
2025-06-08 21:56:30,479 - ============================================================
2025-06-08 21:56:30,479 - ❌ 300191 - 未通过: 高位上影线
2025-06-08 21:56:30,479 - ❌ 605123 - 未通过: 高位上影线
2025-06-08 21:56:30,480 - ❌ 688503 - 未通过: 高位上影线
2025-06-08 21:56:30,480 - ❌ 600715 - 未通过: 高位上影线
2025-06-08 21:56:30,480 - ❌ 600279 - 未通过: 高位上影线
2025-06-08 21:56:30,480 - ❌ 301367 - 未通过: 下跌趋势, 高位上影线
2025-06-08 21:56:30,480 - ❌ 000045 - 未通过: 高位上影线
2025-06-08 21:56:30,480 - ❌ 688488 - 未通过: 高位上影线
2025-06-08 21:56:30,480 - ❌ 688518 - 未通过: 高位上影线
2025-06-08 21:56:30,481 - ❌ 300925 - 未通过: 下跌趋势
2025-06-08 21:56:30,481 - ❌ 003002 - 未通过: 高位上影线
2025-06-08 21:56:30,481 - ❌ 002645 - 未通过: 高位上影线
2025-06-08 21:56:30,481 - ❌ 301500 - 未通过: 高位上影线
2025-06-08 21:56:30,481 - ❌ 002424 - 未通过: 高位上影线
2025-06-08 21:56:30,481 - ✅ 300210 - 通过筛选
2025-06-08 21:56:30,482 - ❌ 301303 - 未通过: 高位上影线
2025-06-08 21:56:30,482 - ❌ 605088 - 未通过: 下跌趋势, 高位上影线
2025-06-08 21:56:30,482 - 
最终结果: 1 只股票通过技术分析筛选
2025-06-08 21:56:30,482 - 
符合条件的股票详情:
2025-06-08 21:56:30,482 - 代码: 300210
2025-06-08 21:56:30,482 -   最新价格: 10.97
2025-06-08 21:56:30,482 -   MA5: 10.65
2025-06-08 21:56:30,483 -   MA20: 10.38
2025-06-08 21:56:30,483 -   数据天数: 39
