2025-06-09 23:02:18,115 - 📁 日志将保存到: logs\stock_analysis_20250609_230218.log
2025-06-09 23:02:18,116 - 📁 发现已存在的数据文件: data\stock_pool_data\stock_data_pool20250609.csv
2025-06-09 23:02:18,117 - 🔄 直接加载本地CSV文件
2025-06-09 23:02:18,272 - 最新交易日: 2025-06-09
2025-06-09 23:02:18,272 - 准备分析初次筛选出的22 只股票
2025-06-09 23:02:18,273 - 股票代码: ['301325', '300067', '688025', '300814', '300005', '688601', '002645', '300201', '301246', '600366', '603091', '300681', '603322', '002095', '603666', '300725', '002827', '300793', '300063', '002122', '603068', '688535']
2025-06-09 23:02:18,273 - 数据日期范围: 20250410 到 20250609
2025-06-09 23:02:18,273 - ============================================================
2025-06-09 23:02:18,273 - 
(1/22) 正在分析股票: 301325
2025-06-09 23:02:18,395 -   📊 数据量: 39 天
2025-06-09 23:02:18,399 -   📈 技术分析结果:
2025-06-09 23:02:18,400 -     最新价格: 56.49
2025-06-09 23:02:18,400 -     最新日期: 2025-06-09
2025-06-09 23:02:18,400 -     下跌趋势: 否
2025-06-09 23:02:18,400 -     高位上影线: 有
2025-06-09 23:02:18,401 -     温和放量: 否
2025-06-09 23:02:18,401 -     量比: 2.35
2025-06-09 23:02:18,401 -     放量原因: 成交量过大，量比2.35超过1.8
2025-06-09 23:02:18,401 -     MA5: 53.90
2025-06-09 23:02:18,401 -     MA20: 55.68
2025-06-09 23:02:18,402 -   ❌ 301325 未通过筛选，原因: 高位上影线, 非温和放量(成交量过大，量比2.35超过1.8)
2025-06-09 23:02:18,402 - 
(2/22) 正在分析股票: 300067
2025-06-09 23:02:18,503 -   📊 数据量: 39 天
2025-06-09 23:02:18,505 -   📈 技术分析结果:
2025-06-09 23:02:18,506 -     最新价格: 5.88
2025-06-09 23:02:18,506 -     最新日期: 2025-06-09
2025-06-09 23:02:18,506 -     下跌趋势: 否
2025-06-09 23:02:18,506 -     高位上影线: 有
2025-06-09 23:02:18,506 -     温和放量: 是
2025-06-09 23:02:18,506 -     量比: 1.71
2025-06-09 23:02:18,507 -     放量原因: 温和放量，量比1.71
2025-06-09 23:02:18,507 -     MA5: 5.65
2025-06-09 23:02:18,507 -     MA20: 5.53
2025-06-09 23:02:18,507 -   ❌ 300067 未通过筛选，原因: 高位上影线
2025-06-09 23:02:18,507 - 
(3/22) 正在分析股票: 688025
2025-06-09 23:02:18,610 -   📊 数据量: 39 天
2025-06-09 23:02:18,612 -   📈 技术分析结果:
2025-06-09 23:02:18,613 -     最新价格: 55.74
2025-06-09 23:02:18,613 -     最新日期: 2025-06-09
2025-06-09 23:02:18,613 -     下跌趋势: 否
2025-06-09 23:02:18,613 -     高位上影线: 有
2025-06-09 23:02:18,613 -     温和放量: 是
2025-06-09 23:02:18,614 -     量比: 1.74
2025-06-09 23:02:18,614 -     放量原因: 温和放量，量比1.74
2025-06-09 23:02:18,614 -     MA5: 50.13
2025-06-09 23:02:18,614 -     MA20: 50.10
2025-06-09 23:02:18,614 -   ❌ 688025 未通过筛选，原因: 高位上影线
2025-06-09 23:02:18,614 - 
(4/22) 正在分析股票: 300814
2025-06-09 23:02:18,711 -   📊 数据量: 39 天
2025-06-09 23:02:18,714 -   📈 技术分析结果:
2025-06-09 23:02:18,714 -     最新价格: 31.00
2025-06-09 23:02:18,714 -     最新日期: 2025-06-09
2025-06-09 23:02:18,715 -     下跌趋势: 否
2025-06-09 23:02:18,715 -     高位上影线: 有
2025-06-09 23:02:18,715 -     温和放量: 否
2025-06-09 23:02:18,715 -     量比: 2.11
2025-06-09 23:02:18,715 -     放量原因: 成交量过大，量比2.11超过1.8
2025-06-09 23:02:18,716 -     MA5: 29.00
2025-06-09 23:02:18,716 -     MA20: 28.76
2025-06-09 23:02:18,717 -   ❌ 300814 未通过筛选，原因: 高位上影线, 非温和放量(成交量过大，量比2.11超过1.8)
2025-06-09 23:02:18,717 - 
(5/22) 正在分析股票: 300005
2025-06-09 23:02:18,809 -   📊 数据量: 39 天
2025-06-09 23:02:18,811 -   📈 技术分析结果:
2025-06-09 23:02:18,812 -     最新价格: 9.66
2025-06-09 23:02:18,812 -     最新日期: 2025-06-09
2025-06-09 23:02:18,812 -     下跌趋势: 是
2025-06-09 23:02:18,812 -     高位上影线: 有
2025-06-09 23:02:18,813 -     温和放量: 是
2025-06-09 23:02:18,813 -     量比: 1.77
2025-06-09 23:02:18,813 -     放量原因: 温和放量，量比1.77
2025-06-09 23:02:18,814 -     MA5: 9.32
2025-06-09 23:02:18,814 -     MA20: 9.48
2025-06-09 23:02:18,814 -   ❌ 300005 未通过筛选，原因: 下跌趋势, 高位上影线
2025-06-09 23:02:18,814 - 
(6/22) 正在分析股票: 688601
2025-06-09 23:02:18,914 -   📊 数据量: 39 天
2025-06-09 23:02:18,917 -   📈 技术分析结果:
2025-06-09 23:02:18,917 -     最新价格: 39.29
2025-06-09 23:02:18,917 -     最新日期: 2025-06-09
2025-06-09 23:02:18,918 -     下跌趋势: 否
2025-06-09 23:02:18,918 -     高位上影线: 无
2025-06-09 23:02:18,918 -     温和放量: 否
2025-06-09 23:02:18,918 -     量比: 3.82
2025-06-09 23:02:18,918 -     放量原因: 成交量过大，量比3.82超过1.8
2025-06-09 23:02:18,919 -     MA5: 36.31
2025-06-09 23:02:18,919 -     MA20: 36.11
2025-06-09 23:02:18,920 -   ❌ 688601 未通过筛选，原因: 非温和放量(成交量过大，量比3.82超过1.8)
2025-06-09 23:02:18,920 - 
(7/22) 正在分析股票: 002645
2025-06-09 23:02:19,019 -   📊 数据量: 39 天
2025-06-09 23:02:19,022 -   📈 技术分析结果:
2025-06-09 23:02:19,023 -     最新价格: 8.95
2025-06-09 23:02:19,023 -     最新日期: 2025-06-09
2025-06-09 23:02:19,023 -     下跌趋势: 否
2025-06-09 23:02:19,024 -     高位上影线: 有
2025-06-09 23:02:19,024 -     温和放量: 否
2025-06-09 23:02:19,024 -     量比: 3.62
2025-06-09 23:02:19,024 -     放量原因: 成交量过大，量比3.62超过1.8
2025-06-09 23:02:19,024 -     MA5: 8.47
2025-06-09 23:02:19,024 -     MA20: 8.28
2025-06-09 23:02:19,025 -   ❌ 002645 未通过筛选，原因: 高位上影线, 非温和放量(成交量过大，量比3.62超过1.8)
2025-06-09 23:02:19,025 - 
(8/22) 正在分析股票: 300201
2025-06-09 23:02:19,118 -   📊 数据量: 39 天
2025-06-09 23:02:19,120 -   📈 技术分析结果:
2025-06-09 23:02:19,121 -     最新价格: 5.31
2025-06-09 23:02:19,121 -     最新日期: 2025-06-09
2025-06-09 23:02:19,121 -     下跌趋势: 否
2025-06-09 23:02:19,122 -     高位上影线: 有
2025-06-09 23:02:19,122 -     温和放量: 否
2025-06-09 23:02:19,122 -     量比: 3.24
2025-06-09 23:02:19,122 -     放量原因: 成交量过大，量比3.24超过1.8
2025-06-09 23:02:19,122 -     MA5: 5.10
2025-06-09 23:02:19,122 -     MA20: 5.06
2025-06-09 23:02:19,122 -   ❌ 300201 未通过筛选，原因: 高位上影线, 非温和放量(成交量过大，量比3.24超过1.8)
2025-06-09 23:02:19,123 - 
(9/22) 正在分析股票: 301246
2025-06-09 23:02:19,219 -   📊 数据量: 39 天
2025-06-09 23:02:19,222 -   📈 技术分析结果:
2025-06-09 23:02:19,222 -     最新价格: 15.24
2025-06-09 23:02:19,222 -     最新日期: 2025-06-09
2025-06-09 23:02:19,222 -     下跌趋势: 否
2025-06-09 23:02:19,222 -     高位上影线: 有
2025-06-09 23:02:19,223 -     温和放量: 否
2025-06-09 23:02:19,223 -     量比: 2.24
2025-06-09 23:02:19,223 -     放量原因: 成交量过大，量比2.24超过1.8
2025-06-09 23:02:19,223 -     MA5: 14.60
2025-06-09 23:02:19,223 -     MA20: 14.02
2025-06-09 23:02:19,223 -   ❌ 301246 未通过筛选，原因: 高位上影线, 非温和放量(成交量过大，量比2.24超过1.8)
2025-06-09 23:02:19,223 - 
(10/22) 正在分析股票: 600366
2025-06-09 23:02:19,315 -   📊 数据量: 39 天
2025-06-09 23:02:19,317 -   📈 技术分析结果:
2025-06-09 23:02:19,318 -     最新价格: 8.64
2025-06-09 23:02:19,318 -     最新日期: 2025-06-09
2025-06-09 23:02:19,318 -     下跌趋势: 否
2025-06-09 23:02:19,318 -     高位上影线: 有
2025-06-09 23:02:19,319 -     温和放量: 否
2025-06-09 23:02:19,319 -     量比: 2.12
2025-06-09 23:02:19,319 -     放量原因: 成交量过大，量比2.12超过1.8
2025-06-09 23:02:19,319 -     MA5: 8.24
2025-06-09 23:02:19,320 -     MA20: 8.16
2025-06-09 23:02:19,320 -   ❌ 600366 未通过筛选，原因: 高位上影线, 非温和放量(成交量过大，量比2.12超过1.8)
2025-06-09 23:02:19,320 - 
(11/22) 正在分析股票: 603091
2025-06-09 23:02:19,424 -   📊 数据量: 39 天
2025-06-09 23:02:19,427 -   📈 技术分析结果:
2025-06-09 23:02:19,428 -     最新价格: 52.90
2025-06-09 23:02:19,428 -     最新日期: 2025-06-09
2025-06-09 23:02:19,428 -     下跌趋势: 否
2025-06-09 23:02:19,428 -     高位上影线: 有
2025-06-09 23:02:19,428 -     温和放量: 否
2025-06-09 23:02:19,428 -     量比: 0.92
2025-06-09 23:02:19,428 -     放量原因: 成交量不足，量比0.92小于1.2
2025-06-09 23:02:19,429 -     MA5: 51.38
2025-06-09 23:02:19,429 -     MA20: 49.60
2025-06-09 23:02:19,429 -   ❌ 603091 未通过筛选，原因: 高位上影线, 非温和放量(成交量不足，量比0.92小于1.2)
2025-06-09 23:02:19,429 - 
(12/22) 正在分析股票: 300681
2025-06-09 23:02:19,542 -   📊 数据量: 39 天
2025-06-09 23:02:19,544 -   📈 技术分析结果:
2025-06-09 23:02:19,544 -     最新价格: 29.63
2025-06-09 23:02:19,544 -     最新日期: 2025-06-09
2025-06-09 23:02:19,544 -     下跌趋势: 是
2025-06-09 23:02:19,544 -     高位上影线: 有
2025-06-09 23:02:19,545 -     温和放量: 是
2025-06-09 23:02:19,545 -     量比: 1.38
2025-06-09 23:02:19,545 -     放量原因: 温和放量，量比1.38
2025-06-09 23:02:19,545 -     MA5: 28.75
2025-06-09 23:02:19,545 -     MA20: 30.12
2025-06-09 23:02:19,546 -   ❌ 300681 未通过筛选，原因: 下跌趋势, 高位上影线
2025-06-09 23:02:19,546 - 
(13/22) 正在分析股票: 603322
2025-06-09 23:02:19,644 -   📊 数据量: 39 天
2025-06-09 23:02:19,647 -   📈 技术分析结果:
2025-06-09 23:02:19,647 -     最新价格: 41.03
2025-06-09 23:02:19,648 -     最新日期: 2025-06-09
2025-06-09 23:02:19,648 -     下跌趋势: 否
2025-06-09 23:02:19,649 -     高位上影线: 无
2025-06-09 23:02:19,649 -     温和放量: 否
2025-06-09 23:02:19,649 -     量比: 1.09
2025-06-09 23:02:19,649 -     放量原因: 成交量不足，量比1.09小于1.2
2025-06-09 23:02:19,649 -     MA5: 39.03
2025-06-09 23:02:19,649 -     MA20: 36.22
2025-06-09 23:02:19,649 -   ❌ 603322 未通过筛选，原因: 非温和放量(成交量不足，量比1.09小于1.2)
2025-06-09 23:02:19,650 - 
(14/22) 正在分析股票: 002095
2025-06-09 23:02:19,752 -   📊 数据量: 39 天
2025-06-09 23:02:19,755 -   📈 技术分析结果:
2025-06-09 23:02:19,755 -     最新价格: 19.75
2025-06-09 23:02:19,756 -     最新日期: 2025-06-09
2025-06-09 23:02:19,756 -     下跌趋势: 是
2025-06-09 23:02:19,756 -     高位上影线: 有
2025-06-09 23:02:19,756 -     温和放量: 是
2025-06-09 23:02:19,757 -     量比: 1.43
2025-06-09 23:02:19,757 -     放量原因: 温和放量，量比1.43
2025-06-09 23:02:19,757 -     MA5: 19.25
2025-06-09 23:02:19,757 -     MA20: 19.74
2025-06-09 23:02:19,757 -   ❌ 002095 未通过筛选，原因: 下跌趋势, 高位上影线
2025-06-09 23:02:19,758 - 
(15/22) 正在分析股票: 603666
2025-06-09 23:02:19,851 -   📊 数据量: 39 天
2025-06-09 23:02:19,854 -   📈 技术分析结果:
2025-06-09 23:02:19,854 -     最新价格: 37.20
2025-06-09 23:02:19,854 -     最新日期: 2025-06-09
2025-06-09 23:02:19,855 -     下跌趋势: 否
2025-06-09 23:02:19,855 -     高位上影线: 有
2025-06-09 23:02:19,855 -     温和放量: 是
2025-06-09 23:02:19,855 -     量比: 1.69
2025-06-09 23:02:19,855 -     放量原因: 温和放量，量比1.69
2025-06-09 23:02:19,855 -     MA5: 35.72
2025-06-09 23:02:19,855 -     MA20: 35.22
2025-06-09 23:02:19,855 -   ❌ 603666 未通过筛选，原因: 高位上影线
2025-06-09 23:02:19,856 - 
(16/22) 正在分析股票: 300725
2025-06-09 23:02:19,950 -   📊 数据量: 39 天
2025-06-09 23:02:19,952 -   📈 技术分析结果:
2025-06-09 23:02:19,953 -     最新价格: 36.29
2025-06-09 23:02:19,953 -     最新日期: 2025-06-09
2025-06-09 23:02:19,953 -     下跌趋势: 否
2025-06-09 23:02:19,953 -     高位上影线: 有
2025-06-09 23:02:19,953 -     温和放量: 是
2025-06-09 23:02:19,954 -     量比: 1.36
2025-06-09 23:02:19,954 -     放量原因: 温和放量，量比1.36
2025-06-09 23:02:19,954 -     MA5: 35.64
2025-06-09 23:02:19,954 -     MA20: 33.22
2025-06-09 23:02:19,955 -   ❌ 300725 未通过筛选，原因: 高位上影线
2025-06-09 23:02:19,955 - 
(17/22) 正在分析股票: 002827
2025-06-09 23:02:20,058 -   📊 数据量: 39 天
2025-06-09 23:02:20,061 -   📈 技术分析结果:
2025-06-09 23:02:20,061 -     最新价格: 32.26
2025-06-09 23:02:20,062 -     最新日期: 2025-06-09
2025-06-09 23:02:20,062 -     下跌趋势: 否
2025-06-09 23:02:20,062 -     高位上影线: 有
2025-06-09 23:02:20,062 -     温和放量: 是
2025-06-09 23:02:20,062 -     量比: 1.54
2025-06-09 23:02:20,063 -     放量原因: 温和放量，量比1.54
2025-06-09 23:02:20,063 -     MA5: 30.35
2025-06-09 23:02:20,063 -     MA20: 28.92
2025-06-09 23:02:20,063 -   ❌ 002827 未通过筛选，原因: 高位上影线
2025-06-09 23:02:20,063 - 
(18/22) 正在分析股票: 300793
2025-06-09 23:02:20,175 -   📊 数据量: 39 天
2025-06-09 23:02:20,177 -   📈 技术分析结果:
2025-06-09 23:02:20,177 -     最新价格: 17.15
2025-06-09 23:02:20,177 -     最新日期: 2025-06-09
2025-06-09 23:02:20,178 -     下跌趋势: 否
2025-06-09 23:02:20,178 -     高位上影线: 有
2025-06-09 23:02:20,178 -     温和放量: 否
2025-06-09 23:02:20,178 -     量比: 2.72
2025-06-09 23:02:20,178 -     放量原因: 成交量过大，量比2.72超过1.8
2025-06-09 23:02:20,178 -     MA5: 16.58
2025-06-09 23:02:20,178 -     MA20: 16.33
2025-06-09 23:02:20,179 -   ❌ 300793 未通过筛选，原因: 高位上影线, 非温和放量(成交量过大，量比2.72超过1.8)
2025-06-09 23:02:20,179 - 
(19/22) 正在分析股票: 300063
2025-06-09 23:02:20,278 -   📊 数据量: 39 天
2025-06-09 23:02:20,281 -   📈 技术分析结果:
2025-06-09 23:02:20,281 -     最新价格: 8.35
2025-06-09 23:02:20,281 -     最新日期: 2025-06-09
2025-06-09 23:02:20,281 -     下跌趋势: 是
2025-06-09 23:02:20,282 -     高位上影线: 无
2025-06-09 23:02:20,282 -     温和放量: 否
2025-06-09 23:02:20,282 -     量比: 2.27
2025-06-09 23:02:20,282 -     放量原因: 成交量过大，量比2.27超过1.8
2025-06-09 23:02:20,282 -     MA5: 8.15
2025-06-09 23:02:20,282 -     MA20: 8.35
2025-06-09 23:02:20,283 -   ❌ 300063 未通过筛选，原因: 下跌趋势, 非温和放量(成交量过大，量比2.27超过1.8)
2025-06-09 23:02:20,283 - 
(20/22) 正在分析股票: 002122
2025-06-09 23:02:20,450 -   📊 数据量: 39 天
2025-06-09 23:02:20,453 -   📈 技术分析结果:
2025-06-09 23:02:20,453 -     最新价格: 4.25
2025-06-09 23:02:20,453 -     最新日期: 2025-06-09
2025-06-09 23:02:20,454 -     下跌趋势: 否
2025-06-09 23:02:20,454 -     高位上影线: 有
2025-06-09 23:02:20,454 -     温和放量: 是
2025-06-09 23:02:20,454 -     量比: 1.53
2025-06-09 23:02:20,454 -     放量原因: 温和放量，量比1.53
2025-06-09 23:02:20,455 -     MA5: 4.18
2025-06-09 23:02:20,455 -     MA20: 4.12
2025-06-09 23:02:20,455 -   ❌ 002122 未通过筛选，原因: 高位上影线
2025-06-09 23:02:20,455 - 
(21/22) 正在分析股票: 603068
2025-06-09 23:02:20,555 -   📊 数据量: 39 天
2025-06-09 23:02:20,557 -   📈 技术分析结果:
2025-06-09 23:02:20,558 -     最新价格: 35.00
2025-06-09 23:02:20,558 -     最新日期: 2025-06-09
2025-06-09 23:02:20,558 -     下跌趋势: 否
2025-06-09 23:02:20,558 -     高位上影线: 有
2025-06-09 23:02:20,558 -     温和放量: 否
2025-06-09 23:02:20,558 -     量比: 2.28
2025-06-09 23:02:20,559 -     放量原因: 成交量过大，量比2.28超过1.8
2025-06-09 23:02:20,559 -     MA5: 32.79
2025-06-09 23:02:20,559 -     MA20: 32.70
2025-06-09 23:02:20,559 -   ❌ 603068 未通过筛选，原因: 高位上影线, 非温和放量(成交量过大，量比2.28超过1.8)
2025-06-09 23:02:20,559 - 
(22/22) 正在分析股票: 688535
2025-06-09 23:02:20,659 -   📊 数据量: 39 天
2025-06-09 23:02:20,662 -   📈 技术分析结果:
2025-06-09 23:02:20,662 -     最新价格: 72.99
2025-06-09 23:02:20,662 -     最新日期: 2025-06-09
2025-06-09 23:02:20,663 -     下跌趋势: 否
2025-06-09 23:02:20,663 -     高位上影线: 无
2025-06-09 23:02:20,663 -     温和放量: 否
2025-06-09 23:02:20,663 -     量比: 2.28
2025-06-09 23:02:20,663 -     放量原因: 成交量过大，量比2.28超过1.8
2025-06-09 23:02:20,664 -     MA5: 70.86
2025-06-09 23:02:20,664 -     MA20: 70.03
2025-06-09 23:02:20,664 -   ❌ 688535 未通过筛选，原因: 非温和放量(成交量过大，量比2.28超过1.8)
2025-06-09 23:02:20,664 - 
============================================================
2025-06-09 23:02:20,664 - 技术分析汇总结果:
2025-06-09 23:02:20,665 - ============================================================
2025-06-09 23:02:20,665 - ❌ 301325 - 未通过: 高位上影线, 非温和放量
2025-06-09 23:02:20,665 - ❌ 300067 - 未通过: 高位上影线
2025-06-09 23:02:20,665 - ❌ 688025 - 未通过: 高位上影线
2025-06-09 23:02:20,665 - ❌ 300814 - 未通过: 高位上影线, 非温和放量
2025-06-09 23:02:20,665 - ❌ 300005 - 未通过: 下跌趋势, 高位上影线
2025-06-09 23:02:20,665 - ❌ 688601 - 未通过: 非温和放量
2025-06-09 23:02:20,665 - ❌ 002645 - 未通过: 高位上影线, 非温和放量
2025-06-09 23:02:20,665 - ❌ 300201 - 未通过: 高位上影线, 非温和放量
2025-06-09 23:02:20,666 - ❌ 301246 - 未通过: 高位上影线, 非温和放量
2025-06-09 23:02:20,666 - ❌ 600366 - 未通过: 高位上影线, 非温和放量
2025-06-09 23:02:20,666 - ❌ 603091 - 未通过: 高位上影线, 非温和放量
2025-06-09 23:02:20,666 - ❌ 300681 - 未通过: 下跌趋势, 高位上影线
2025-06-09 23:02:20,666 - ❌ 603322 - 未通过: 非温和放量
2025-06-09 23:02:20,666 - ❌ 002095 - 未通过: 下跌趋势, 高位上影线
2025-06-09 23:02:20,666 - ❌ 603666 - 未通过: 高位上影线
2025-06-09 23:02:20,666 - ❌ 300725 - 未通过: 高位上影线
2025-06-09 23:02:20,667 - ❌ 002827 - 未通过: 高位上影线
2025-06-09 23:02:20,667 - ❌ 300793 - 未通过: 高位上影线, 非温和放量
2025-06-09 23:02:20,667 - ❌ 300063 - 未通过: 下跌趋势, 非温和放量
2025-06-09 23:02:20,667 - ❌ 002122 - 未通过: 高位上影线
2025-06-09 23:02:20,667 - ❌ 603068 - 未通过: 高位上影线, 非温和放量
2025-06-09 23:02:20,667 - ❌ 688535 - 未通过: 非温和放量
2025-06-09 23:02:20,668 - 
最终结果: 0 只股票通过技术分析筛选
