2025-06-09 14:00:44,390 - 📁 日志将保存到: logs\stock_analysis_20250609_140044.log
2025-06-09 14:00:44,391 - ❌ 未找到当天数据文件: data\stock_pool_data\stock_data_pool20250609.csv
2025-06-09 14:00:44,392 - 🌐 正在从网络获取股票池数据...
2025-06-09 14:00:55,794 - 💾 数据已保存到: data\stock_pool_data\stock_data_pool20250609.csv
2025-06-09 14:00:56,271 - 最新交易日: 2025-06-09
2025-06-09 14:00:56,271 - 准备分析初次筛选出的22 只股票
2025-06-09 14:00:56,272 - 股票代码: ['301325', '300067', '688025', '300814', '300005', '688601', '002645', '300201', '301246', '600366', '603091', '300681', '603322', '002095', '603666', '300725', '002827', '300793', '300063', '002122', '603068', '688535']
2025-06-09 14:00:56,273 - 数据日期范围: 20250410 到 20250609
2025-06-09 14:00:56,273 - ============================================================
2025-06-09 14:00:56,274 - 
(1/22) 正在分析股票: 301325
2025-06-09 14:00:56,649 -   📊 数据量: 39 天
2025-06-09 14:00:56,655 -   📈 技术分析结果:
2025-06-09 14:00:56,656 -     最新价格: 56.31
2025-06-09 14:00:56,656 -     最新日期: 2025-06-09
2025-06-09 14:00:56,657 -     下跌趋势: 否
2025-06-09 14:00:56,657 -     高位上影线: 有
2025-06-09 14:00:56,659 -     MA5: 53.86
2025-06-09 14:00:56,659 -     MA20: 55.67
2025-06-09 14:00:56,659 -   ❌ 301325 未通过筛选，原因: 高位上影线
2025-06-09 14:00:57,660 - 
(2/22) 正在分析股票: 300067
2025-06-09 14:00:58,058 -   📊 数据量: 39 天
2025-06-09 14:00:58,063 -   📈 技术分析结果:
2025-06-09 14:00:58,064 -     最新价格: 5.89
2025-06-09 14:00:58,065 -     最新日期: 2025-06-09
2025-06-09 14:00:58,066 -     下跌趋势: 否
2025-06-09 14:00:58,066 -     高位上影线: 有
2025-06-09 14:00:58,067 -     MA5: 5.65
2025-06-09 14:00:58,068 -     MA20: 5.53
2025-06-09 14:00:58,068 -   ❌ 300067 未通过筛选，原因: 高位上影线
2025-06-09 14:00:59,070 - 
(3/22) 正在分析股票: 688025
2025-06-09 14:00:59,387 -   📊 数据量: 39 天
2025-06-09 14:00:59,390 -   📈 技术分析结果:
2025-06-09 14:00:59,390 -     最新价格: 55.59
2025-06-09 14:00:59,391 -     最新日期: 2025-06-09
2025-06-09 14:00:59,391 -     下跌趋势: 否
2025-06-09 14:00:59,392 -     高位上影线: 有
2025-06-09 14:00:59,392 -     MA5: 50.10
2025-06-09 14:00:59,393 -     MA20: 50.10
2025-06-09 14:00:59,393 -   ❌ 688025 未通过筛选，原因: 高位上影线
2025-06-09 14:01:00,395 - 
(4/22) 正在分析股票: 300814
2025-06-09 14:01:00,697 -   📊 数据量: 39 天
2025-06-09 14:01:00,700 -   📈 技术分析结果:
2025-06-09 14:01:00,701 -     最新价格: 30.80
2025-06-09 14:01:00,701 -     最新日期: 2025-06-09
2025-06-09 14:01:00,702 -     下跌趋势: 否
2025-06-09 14:01:00,702 -     高位上影线: 有
2025-06-09 14:01:00,703 -     MA5: 28.96
2025-06-09 14:01:00,703 -     MA20: 28.75
2025-06-09 14:01:00,704 -   ❌ 300814 未通过筛选，原因: 高位上影线
2025-06-09 14:01:01,705 - 
(5/22) 正在分析股票: 300005
2025-06-09 14:01:02,009 -   📊 数据量: 39 天
2025-06-09 14:01:02,013 -   📈 技术分析结果:
2025-06-09 14:01:02,013 -     最新价格: 9.53
2025-06-09 14:01:02,014 -     最新日期: 2025-06-09
2025-06-09 14:01:02,014 -     下跌趋势: 是
2025-06-09 14:01:02,015 -     高位上影线: 有
2025-06-09 14:01:02,015 -     MA5: 9.29
2025-06-09 14:01:02,016 -     MA20: 9.47
2025-06-09 14:01:02,016 -   ❌ 300005 未通过筛选，原因: 下跌趋势, 高位上影线
2025-06-09 14:01:03,018 - 
(6/22) 正在分析股票: 688601
2025-06-09 14:01:03,356 -   📊 数据量: 39 天
2025-06-09 14:01:03,360 -   📈 技术分析结果:
2025-06-09 14:01:03,360 -     最新价格: 38.40
2025-06-09 14:01:03,361 -     最新日期: 2025-06-09
2025-06-09 14:01:03,361 -     下跌趋势: 否
2025-06-09 14:01:03,362 -     高位上影线: 无
2025-06-09 14:01:03,362 -     MA5: 36.13
2025-06-09 14:01:03,363 -     MA20: 36.06
2025-06-09 14:01:03,363 -   ✅ 688601 通过技术分析筛选!
2025-06-09 14:01:04,364 - 
(7/22) 正在分析股票: 002645
2025-06-09 14:01:04,739 -   📊 数据量: 39 天
2025-06-09 14:01:04,744 -   📈 技术分析结果:
2025-06-09 14:01:04,744 -     最新价格: 9.00
2025-06-09 14:01:04,744 -     最新日期: 2025-06-09
2025-06-09 14:01:04,744 -     下跌趋势: 否
2025-06-09 14:01:04,745 -     高位上影线: 有
2025-06-09 14:01:04,746 -     MA5: 8.48
2025-06-09 14:01:04,746 -     MA20: 8.28
2025-06-09 14:01:04,746 -   ❌ 002645 未通过筛选，原因: 高位上影线
2025-06-09 14:01:05,748 - 
(8/22) 正在分析股票: 300201
2025-06-09 14:01:06,062 -   📊 数据量: 39 天
2025-06-09 14:01:06,066 -   📈 技术分析结果:
2025-06-09 14:01:06,066 -     最新价格: 5.31
2025-06-09 14:01:06,067 -     最新日期: 2025-06-09
2025-06-09 14:01:06,067 -     下跌趋势: 否
2025-06-09 14:01:06,068 -     高位上影线: 有
2025-06-09 14:01:06,068 -     MA5: 5.10
2025-06-09 14:01:06,068 -     MA20: 5.06
2025-06-09 14:01:06,069 -   ❌ 300201 未通过筛选，原因: 高位上影线
2025-06-09 14:01:07,071 - 
(9/22) 正在分析股票: 301246
2025-06-09 14:01:07,394 -   📊 数据量: 39 天
2025-06-09 14:01:07,397 -   📈 技术分析结果:
2025-06-09 14:01:07,397 -     最新价格: 15.19
2025-06-09 14:01:07,398 -     最新日期: 2025-06-09
2025-06-09 14:01:07,398 -     下跌趋势: 否
2025-06-09 14:01:07,399 -     高位上影线: 有
2025-06-09 14:01:07,399 -     MA5: 14.59
2025-06-09 14:01:07,400 -     MA20: 14.02
2025-06-09 14:01:07,401 -   ❌ 301246 未通过筛选，原因: 高位上影线
2025-06-09 14:01:08,401 - 
(10/22) 正在分析股票: 600366
2025-06-09 14:01:08,695 -   📊 数据量: 39 天
2025-06-09 14:01:08,698 -   📈 技术分析结果:
2025-06-09 14:01:08,698 -     最新价格: 8.63
2025-06-09 14:01:08,699 -     最新日期: 2025-06-09
2025-06-09 14:01:08,699 -     下跌趋势: 否
2025-06-09 14:01:08,700 -     高位上影线: 有
2025-06-09 14:01:08,700 -     MA5: 8.24
2025-06-09 14:01:08,701 -     MA20: 8.16
2025-06-09 14:01:08,701 -   ❌ 600366 未通过筛选，原因: 高位上影线
2025-06-09 14:01:09,703 - 
(11/22) 正在分析股票: 603091
2025-06-09 14:01:10,058 -   📊 数据量: 39 天
2025-06-09 14:01:10,063 -   📈 技术分析结果:
2025-06-09 14:01:10,063 -     最新价格: 52.69
2025-06-09 14:01:10,064 -     最新日期: 2025-06-09
2025-06-09 14:01:10,064 -     下跌趋势: 否
2025-06-09 14:01:10,065 -     高位上影线: 有
2025-06-09 14:01:10,065 -     MA5: 51.34
2025-06-09 14:01:10,066 -     MA20: 49.59
2025-06-09 14:01:10,066 -   ❌ 603091 未通过筛选，原因: 高位上影线
2025-06-09 14:01:11,067 - 
(12/22) 正在分析股票: 300681
2025-06-09 14:01:11,392 -   📊 数据量: 39 天
2025-06-09 14:01:11,396 -   📈 技术分析结果:
2025-06-09 14:01:11,396 -     最新价格: 29.67
2025-06-09 14:01:11,396 -     最新日期: 2025-06-09
2025-06-09 14:01:11,396 -     下跌趋势: 是
2025-06-09 14:01:11,397 -     高位上影线: 有
2025-06-09 14:01:11,397 -     MA5: 28.76
2025-06-09 14:01:11,398 -     MA20: 30.12
2025-06-09 14:01:11,398 -   ❌ 300681 未通过筛选，原因: 下跌趋势, 高位上影线
2025-06-09 14:01:12,400 - 
(13/22) 正在分析股票: 603322
2025-06-09 14:01:12,689 -   📊 数据量: 39 天
2025-06-09 14:01:12,693 -   📈 技术分析结果:
2025-06-09 14:01:12,694 -     最新价格: 40.98
2025-06-09 14:01:12,694 -     最新日期: 2025-06-09
2025-06-09 14:01:12,694 -     下跌趋势: 否
2025-06-09 14:01:12,695 -     高位上影线: 无
2025-06-09 14:01:12,695 -     MA5: 39.02
2025-06-09 14:01:12,696 -     MA20: 36.21
2025-06-09 14:01:12,696 -   ✅ 603322 通过技术分析筛选!
2025-06-09 14:01:13,698 - 
(14/22) 正在分析股票: 002095
2025-06-09 14:01:14,022 -   📊 数据量: 39 天
2025-06-09 14:01:14,026 -   📈 技术分析结果:
2025-06-09 14:01:14,026 -     最新价格: 19.79
2025-06-09 14:01:14,027 -     最新日期: 2025-06-09
2025-06-09 14:01:14,028 -     下跌趋势: 是
2025-06-09 14:01:14,028 -     高位上影线: 有
2025-06-09 14:01:14,029 -     MA5: 19.26
2025-06-09 14:01:14,029 -     MA20: 19.75
2025-06-09 14:01:14,030 -   ❌ 002095 未通过筛选，原因: 下跌趋势, 高位上影线
2025-06-09 14:01:15,032 - 
(15/22) 正在分析股票: 603666
2025-06-09 14:01:15,359 -   📊 数据量: 39 天
2025-06-09 14:01:15,362 -   📈 技术分析结果:
2025-06-09 14:01:15,363 -     最新价格: 37.40
2025-06-09 14:01:15,363 -     最新日期: 2025-06-09
2025-06-09 14:01:15,364 -     下跌趋势: 否
2025-06-09 14:01:15,365 -     高位上影线: 有
2025-06-09 14:01:15,365 -     MA5: 35.76
2025-06-09 14:01:15,365 -     MA20: 35.23
2025-06-09 14:01:15,366 -   ❌ 603666 未通过筛选，原因: 高位上影线
2025-06-09 14:01:16,367 - 
(16/22) 正在分析股票: 300725
2025-06-09 14:01:16,669 -   📊 数据量: 39 天
2025-06-09 14:01:16,673 -   📈 技术分析结果:
2025-06-09 14:01:16,673 -     最新价格: 36.45
2025-06-09 14:01:16,674 -     最新日期: 2025-06-09
2025-06-09 14:01:16,674 -     下跌趋势: 否
2025-06-09 14:01:16,674 -     高位上影线: 有
2025-06-09 14:01:16,675 -     MA5: 35.67
2025-06-09 14:01:16,675 -     MA20: 33.23
2025-06-09 14:01:16,676 -   ❌ 300725 未通过筛选，原因: 高位上影线
2025-06-09 14:01:17,678 - 
(17/22) 正在分析股票: 002827
2025-06-09 14:01:18,017 -   📊 数据量: 39 天
2025-06-09 14:01:18,020 -   📈 技术分析结果:
2025-06-09 14:01:18,021 -     最新价格: 32.15
2025-06-09 14:01:18,021 -     最新日期: 2025-06-09
2025-06-09 14:01:18,022 -     下跌趋势: 否
2025-06-09 14:01:18,022 -     高位上影线: 有
2025-06-09 14:01:18,022 -     MA5: 30.33
2025-06-09 14:01:18,023 -     MA20: 28.92
2025-06-09 14:01:18,023 -   ❌ 002827 未通过筛选，原因: 高位上影线
2025-06-09 14:01:19,024 - 
(18/22) 正在分析股票: 300793
2025-06-09 14:01:19,354 -   📊 数据量: 39 天
2025-06-09 14:01:19,357 -   📈 技术分析结果:
2025-06-09 14:01:19,358 -     最新价格: 17.17
2025-06-09 14:01:19,358 -     最新日期: 2025-06-09
2025-06-09 14:01:19,359 -     下跌趋势: 否
2025-06-09 14:01:19,359 -     高位上影线: 有
2025-06-09 14:01:19,360 -     MA5: 16.58
2025-06-09 14:01:19,360 -     MA20: 16.33
2025-06-09 14:01:19,360 -   ❌ 300793 未通过筛选，原因: 高位上影线
2025-06-09 14:01:20,362 - 
(19/22) 正在分析股票: 300063
2025-06-09 14:01:20,691 -   📊 数据量: 39 天
2025-06-09 14:01:20,695 -   📈 技术分析结果:
2025-06-09 14:01:20,695 -     最新价格: 8.35
2025-06-09 14:01:20,696 -     最新日期: 2025-06-09
2025-06-09 14:01:20,696 -     下跌趋势: 是
2025-06-09 14:01:20,697 -     高位上影线: 无
2025-06-09 14:01:20,697 -     MA5: 8.15
2025-06-09 14:01:20,698 -     MA20: 8.35
2025-06-09 14:01:20,698 -   ❌ 300063 未通过筛选，原因: 下跌趋势
2025-06-09 14:01:21,699 - 
(20/22) 正在分析股票: 002122
2025-06-09 14:01:22,001 -   📊 数据量: 39 天
2025-06-09 14:01:22,004 -   📈 技术分析结果:
2025-06-09 14:01:22,005 -     最新价格: 4.24
2025-06-09 14:01:22,005 -     最新日期: 2025-06-09
2025-06-09 14:01:22,006 -     下跌趋势: 否
2025-06-09 14:01:22,006 -     高位上影线: 有
2025-06-09 14:01:22,007 -     MA5: 4.18
2025-06-09 14:01:22,007 -     MA20: 4.12
2025-06-09 14:01:22,008 -   ❌ 002122 未通过筛选，原因: 高位上影线
2025-06-09 14:01:23,009 - 
(21/22) 正在分析股票: 603068
2025-06-09 14:01:23,334 -   📊 数据量: 39 天
2025-06-09 14:01:23,337 -   📈 技术分析结果:
2025-06-09 14:01:23,338 -     最新价格: 35.05
2025-06-09 14:01:23,338 -     最新日期: 2025-06-09
2025-06-09 14:01:23,339 -     下跌趋势: 否
2025-06-09 14:01:23,339 -     高位上影线: 有
2025-06-09 14:01:23,339 -     MA5: 32.80
2025-06-09 14:01:23,340 -     MA20: 32.70
2025-06-09 14:01:23,340 -   ❌ 603068 未通过筛选，原因: 高位上影线
2025-06-09 14:01:24,342 - 
(22/22) 正在分析股票: 688535
2025-06-09 14:01:24,666 -   📊 数据量: 39 天
2025-06-09 14:01:24,670 -   📈 技术分析结果:
2025-06-09 14:01:24,671 -     最新价格: 72.80
2025-06-09 14:01:24,671 -     最新日期: 2025-06-09
2025-06-09 14:01:24,672 -     下跌趋势: 否
2025-06-09 14:01:24,672 -     高位上影线: 有
2025-06-09 14:01:24,673 -     MA5: 70.82
2025-06-09 14:01:24,673 -     MA20: 70.02
2025-06-09 14:01:24,674 -   ❌ 688535 未通过筛选，原因: 高位上影线
2025-06-09 14:01:25,675 - 
============================================================
2025-06-09 14:01:25,675 - 技术分析汇总结果:
2025-06-09 14:01:25,676 - ============================================================
2025-06-09 14:01:25,676 - ❌ 301325 - 未通过: 高位上影线
2025-06-09 14:01:25,677 - ❌ 300067 - 未通过: 高位上影线
2025-06-09 14:01:25,677 - ❌ 688025 - 未通过: 高位上影线
2025-06-09 14:01:25,678 - ❌ 300814 - 未通过: 高位上影线
2025-06-09 14:01:25,678 - ❌ 300005 - 未通过: 下跌趋势, 高位上影线
2025-06-09 14:01:25,678 - ✅ 688601 - 通过筛选
2025-06-09 14:01:25,679 - ❌ 002645 - 未通过: 高位上影线
2025-06-09 14:01:25,679 - ❌ 300201 - 未通过: 高位上影线
2025-06-09 14:01:25,679 - ❌ 301246 - 未通过: 高位上影线
2025-06-09 14:01:25,680 - ❌ 600366 - 未通过: 高位上影线
2025-06-09 14:01:25,680 - ❌ 603091 - 未通过: 高位上影线
2025-06-09 14:01:25,681 - ❌ 300681 - 未通过: 下跌趋势, 高位上影线
2025-06-09 14:01:25,681 - ✅ 603322 - 通过筛选
2025-06-09 14:01:25,682 - ❌ 002095 - 未通过: 下跌趋势, 高位上影线
2025-06-09 14:01:25,682 - ❌ 603666 - 未通过: 高位上影线
2025-06-09 14:01:25,684 - ❌ 300725 - 未通过: 高位上影线
2025-06-09 14:01:25,684 - ❌ 002827 - 未通过: 高位上影线
2025-06-09 14:01:25,684 - ❌ 300793 - 未通过: 高位上影线
2025-06-09 14:01:25,684 - ❌ 300063 - 未通过: 下跌趋势
2025-06-09 14:01:25,684 - ❌ 002122 - 未通过: 高位上影线
2025-06-09 14:01:25,685 - ❌ 603068 - 未通过: 高位上影线
2025-06-09 14:01:25,685 - ❌ 688535 - 未通过: 高位上影线
2025-06-09 14:01:25,686 - 
最终结果: 2 只股票通过技术分析筛选
2025-06-09 14:01:25,687 - 
✅ 准备传递给交易模块的股票代码:
2025-06-09 14:01:25,688 -    📊 688601
2025-06-09 14:01:25,689 -    📊 603322
2025-06-09 14:01:25,691 - 
============================================================
2025-06-09 14:01:25,691 - 🚀 交易模块启动
2025-06-09 14:01:25,692 - ============================================================
2025-06-09 14:01:25,692 - 📊 筛选时间: 2025-06-09 14:01:25
2025-06-09 14:01:25,693 - 📈 待交易标的数量: 2
2025-06-09 14:01:25,694 - 📋 688601 交易计划:
2025-06-09 14:01:25,694 -    当前价: 38.40
2025-06-09 14:01:25,695 -    买入价: 39.17
2025-06-09 14:01:25,695 -    止损价: 36.48
2025-06-09 14:01:25,696 -    止盈价: 41.47
2025-06-09 14:01:25,696 -    仓位: 200
2025-06-09 14:01:25,697 - 📋 603322 交易计划:
2025-06-09 14:01:25,698 -    当前价: 40.98
2025-06-09 14:01:25,698 -    买入价: 41.80
2025-06-09 14:01:25,699 -    止损价: 38.93
2025-06-09 14:01:25,700 -    止盈价: 44.26
2025-06-09 14:01:25,700 -    仓位: 200
2025-06-09 14:01:25,701 - 
📈 准备执行 2 只股票的交易:
2025-06-09 14:01:25,702 - (1) 688601 - 优先级: 1
2025-06-09 14:01:25,702 - 🔄 模拟执行交易: 688601
2025-06-09 14:01:25,703 -    委托价格: 39.17
2025-06-09 14:01:25,703 -    委托数量: 200 股
2025-06-09 14:01:25,704 - (2) 603322 - 优先级: 1
2025-06-09 14:01:25,705 - 🔄 模拟执行交易: 603322
2025-06-09 14:01:25,705 -    委托价格: 41.80
2025-06-09 14:01:25,706 -    委托数量: 200 股
2025-06-09 14:01:25,711 - 💾 交易计划已保存: data/trading_plans/trading_plan_20250609_140125.csv
2025-06-09 14:01:25,711 - 📊 共保存 2 个交易标的
