2025-06-09 22:51:58,580 - 📁 日志将保存到: logs\stock_analysis_20250609_225158.log
2025-06-09 22:51:58,581 - 📁 发现已存在的数据文件: data\stock_pool_data\stock_data_pool20250609.csv
2025-06-09 22:51:58,581 - 🔄 直接加载本地CSV文件
2025-06-09 22:51:58,738 - 最新交易日: 2025-06-09
2025-06-09 22:51:58,738 - 准备分析初次筛选出的22 只股票
2025-06-09 22:51:58,738 - 股票代码: ['301325', '300067', '688025', '300814', '300005', '688601', '002645', '300201', '301246', '600366', '603091', '300681', '603322', '002095', '603666', '300725', '002827', '300793', '300063', '002122', '603068', '688535']
2025-06-09 22:51:58,739 - 数据日期范围: 20250410 到 20250609
2025-06-09 22:51:58,739 - ============================================================
2025-06-09 22:51:58,739 - 
(1/22) 正在分析股票: 301325
2025-06-09 22:51:58,833 -   📊 数据量: 39 天
2025-06-09 22:51:58,837 -   📈 技术分析结果:
2025-06-09 22:51:58,837 -     最新价格: 56.31
2025-06-09 22:51:58,837 -     最新日期: 2025-06-09
2025-06-09 22:51:58,837 -     下跌趋势: 否
2025-06-09 22:51:58,838 -     高位上影线: 有
2025-06-09 22:51:58,838 -     温和放量: 否
2025-06-09 22:51:58,838 -     量比: 2.05
2025-06-09 22:51:58,838 -     放量原因: 成交量过大，量比2.05超过1.8
2025-06-09 22:51:58,838 -     MA5: 53.86
2025-06-09 22:51:58,838 -     MA20: 55.67
2025-06-09 22:51:58,838 -   ❌ 301325 未通过筛选，原因: 高位上影线, 非温和放量(成交量过大，量比2.05超过1.8)
2025-06-09 22:51:58,838 - 
(2/22) 正在分析股票: 300067
2025-06-09 22:51:58,935 -   📊 数据量: 39 天
2025-06-09 22:51:58,938 -   📈 技术分析结果:
2025-06-09 22:51:58,938 -     最新价格: 5.89
2025-06-09 22:51:58,938 -     最新日期: 2025-06-09
2025-06-09 22:51:58,938 -     下跌趋势: 否
2025-06-09 22:51:58,938 -     高位上影线: 有
2025-06-09 22:51:58,939 -     温和放量: 是
2025-06-09 22:51:58,939 -     量比: 1.37
2025-06-09 22:51:58,939 -     放量原因: 温和放量，量比1.37
2025-06-09 22:51:58,939 -     MA5: 5.65
2025-06-09 22:51:58,939 -     MA20: 5.53
2025-06-09 22:51:58,940 -   ❌ 300067 未通过筛选，原因: 高位上影线
2025-06-09 22:51:58,940 - 
(3/22) 正在分析股票: 688025
2025-06-09 22:51:59,031 -   📊 数据量: 39 天
2025-06-09 22:51:59,033 -   📈 技术分析结果:
2025-06-09 22:51:59,034 -     最新价格: 55.59
2025-06-09 22:51:59,034 -     最新日期: 2025-06-09
2025-06-09 22:51:59,034 -     下跌趋势: 否
2025-06-09 22:51:59,034 -     高位上影线: 有
2025-06-09 22:51:59,035 -     温和放量: 是
2025-06-09 22:51:59,035 -     量比: 1.51
2025-06-09 22:51:59,035 -     放量原因: 温和放量，量比1.51
2025-06-09 22:51:59,035 -     MA5: 50.10
2025-06-09 22:51:59,035 -     MA20: 50.10
2025-06-09 22:51:59,036 -   ❌ 688025 未通过筛选，原因: 高位上影线
2025-06-09 22:51:59,036 - 
(4/22) 正在分析股票: 300814
2025-06-09 22:51:59,126 -   📊 数据量: 39 天
2025-06-09 22:51:59,129 -   📈 技术分析结果:
2025-06-09 22:51:59,129 -     最新价格: 30.80
2025-06-09 22:51:59,130 -     最新日期: 2025-06-09
2025-06-09 22:51:59,130 -     下跌趋势: 否
2025-06-09 22:51:59,131 -     高位上影线: 有
2025-06-09 22:51:59,131 -     温和放量: 否
2025-06-09 22:51:59,131 -     量比: 1.89
2025-06-09 22:51:59,132 -     放量原因: 成交量过大，量比1.89超过1.8
2025-06-09 22:51:59,132 -     MA5: 28.96
2025-06-09 22:51:59,132 -     MA20: 28.75
2025-06-09 22:51:59,132 -   ❌ 300814 未通过筛选，原因: 高位上影线, 非温和放量(成交量过大，量比1.89超过1.8)
2025-06-09 22:51:59,132 - 
(5/22) 正在分析股票: 300005
2025-06-09 22:51:59,226 -   📊 数据量: 39 天
2025-06-09 22:51:59,229 -   📈 技术分析结果:
2025-06-09 22:51:59,229 -     最新价格: 9.53
2025-06-09 22:51:59,229 -     最新日期: 2025-06-09
2025-06-09 22:51:59,230 -     下跌趋势: 是
2025-06-09 22:51:59,230 -     高位上影线: 有
2025-06-09 22:51:59,230 -     温和放量: 是
2025-06-09 22:51:59,230 -     量比: 1.43
2025-06-09 22:51:59,231 -     放量原因: 温和放量，量比1.43
2025-06-09 22:51:59,231 -     MA5: 9.29
2025-06-09 22:51:59,231 -     MA20: 9.47
2025-06-09 22:51:59,231 -   ❌ 300005 未通过筛选，原因: 下跌趋势, 高位上影线
2025-06-09 22:51:59,231 - 
(6/22) 正在分析股票: 688601
2025-06-09 22:51:59,328 -   📊 数据量: 39 天
2025-06-09 22:51:59,331 -   📈 技术分析结果:
2025-06-09 22:51:59,332 -     最新价格: 38.40
2025-06-09 22:51:59,332 -     最新日期: 2025-06-09
2025-06-09 22:51:59,332 -     下跌趋势: 否
2025-06-09 22:51:59,332 -     高位上影线: 无
2025-06-09 22:51:59,332 -     温和放量: 否
2025-06-09 22:51:59,333 -     量比: 2.91
2025-06-09 22:51:59,333 -     放量原因: 成交量过大，量比2.91超过1.8
2025-06-09 22:51:59,333 -     MA5: 36.13
2025-06-09 22:51:59,333 -     MA20: 36.06
2025-06-09 22:51:59,334 -   ❌ 688601 未通过筛选，原因: 非温和放量(成交量过大，量比2.91超过1.8)
2025-06-09 22:51:59,334 - 
(7/22) 正在分析股票: 002645
2025-06-09 22:51:59,430 -   📊 数据量: 39 天
2025-06-09 22:51:59,433 -   📈 技术分析结果:
2025-06-09 22:51:59,433 -     最新价格: 9.00
2025-06-09 22:51:59,433 -     最新日期: 2025-06-09
2025-06-09 22:51:59,434 -     下跌趋势: 否
2025-06-09 22:51:59,434 -     高位上影线: 有
2025-06-09 22:51:59,434 -     温和放量: 否
2025-06-09 22:51:59,434 -     量比: 2.93
2025-06-09 22:51:59,434 -     放量原因: 成交量过大，量比2.93超过1.8
2025-06-09 22:51:59,434 -     MA5: 8.48
2025-06-09 22:51:59,435 -     MA20: 8.28
2025-06-09 22:51:59,435 -   ❌ 002645 未通过筛选，原因: 高位上影线, 非温和放量(成交量过大，量比2.93超过1.8)
2025-06-09 22:51:59,435 - 
(8/22) 正在分析股票: 300201
2025-06-09 22:51:59,555 -   📊 数据量: 39 天
2025-06-09 22:51:59,558 -   📈 技术分析结果:
2025-06-09 22:51:59,558 -     最新价格: 5.31
2025-06-09 22:51:59,558 -     最新日期: 2025-06-09
2025-06-09 22:51:59,558 -     下跌趋势: 否
2025-06-09 22:51:59,559 -     高位上影线: 有
2025-06-09 22:51:59,559 -     温和放量: 否
2025-06-09 22:51:59,560 -     量比: 2.86
2025-06-09 22:51:59,560 -     放量原因: 成交量过大，量比2.86超过1.8
2025-06-09 22:51:59,560 -     MA5: 5.10
2025-06-09 22:51:59,560 -     MA20: 5.06
2025-06-09 22:51:59,560 -   ❌ 300201 未通过筛选，原因: 高位上影线, 非温和放量(成交量过大，量比2.86超过1.8)
2025-06-09 22:51:59,560 - 
(9/22) 正在分析股票: 301246
2025-06-09 22:51:59,650 -   📊 数据量: 39 天
2025-06-09 22:51:59,652 -   📈 技术分析结果:
2025-06-09 22:51:59,653 -     最新价格: 15.19
2025-06-09 22:51:59,653 -     最新日期: 2025-06-09
2025-06-09 22:51:59,653 -     下跌趋势: 否
2025-06-09 22:51:59,653 -     高位上影线: 有
2025-06-09 22:51:59,653 -     温和放量: 否
2025-06-09 22:51:59,653 -     量比: 1.89
2025-06-09 22:51:59,653 -     放量原因: 成交量过大，量比1.89超过1.8
2025-06-09 22:51:59,654 -     MA5: 14.59
2025-06-09 22:51:59,654 -     MA20: 14.02
2025-06-09 22:51:59,654 -   ❌ 301246 未通过筛选，原因: 高位上影线, 非温和放量(成交量过大，量比1.89超过1.8)
2025-06-09 22:51:59,654 - 
(10/22) 正在分析股票: 600366
2025-06-09 22:51:59,744 -   📊 数据量: 39 天
2025-06-09 22:51:59,747 -   📈 技术分析结果:
2025-06-09 22:51:59,747 -     最新价格: 8.63
2025-06-09 22:51:59,747 -     最新日期: 2025-06-09
2025-06-09 22:51:59,747 -     下跌趋势: 否
2025-06-09 22:51:59,748 -     高位上影线: 有
2025-06-09 22:51:59,748 -     温和放量: 否
2025-06-09 22:51:59,748 -     量比: 1.81
2025-06-09 22:51:59,748 -     放量原因: 成交量过大，量比1.81超过1.8
2025-06-09 22:51:59,748 -     MA5: 8.24
2025-06-09 22:51:59,749 -     MA20: 8.16
2025-06-09 22:51:59,749 -   ❌ 600366 未通过筛选，原因: 高位上影线, 非温和放量(成交量过大，量比1.81超过1.8)
2025-06-09 22:51:59,749 - 
(11/22) 正在分析股票: 603091
2025-06-09 22:51:59,858 -   📊 数据量: 39 天
2025-06-09 22:51:59,861 -   📈 技术分析结果:
2025-06-09 22:51:59,861 -     最新价格: 52.69
2025-06-09 22:51:59,861 -     最新日期: 2025-06-09
2025-06-09 22:51:59,861 -     下跌趋势: 否
2025-06-09 22:51:59,862 -     高位上影线: 有
2025-06-09 22:51:59,862 -     温和放量: 否
2025-06-09 22:51:59,862 -     量比: 0.78
2025-06-09 22:51:59,863 -     放量原因: 成交量不足，量比0.78小于1.2
2025-06-09 22:51:59,863 -     MA5: 51.34
2025-06-09 22:51:59,863 -     MA20: 49.59
2025-06-09 22:51:59,863 -   ❌ 603091 未通过筛选，原因: 高位上影线, 非温和放量(成交量不足，量比0.78小于1.2)
2025-06-09 22:51:59,863 - 
(12/22) 正在分析股票: 300681
2025-06-09 22:51:59,975 -   📊 数据量: 39 天
2025-06-09 22:51:59,977 -   📈 技术分析结果:
2025-06-09 22:51:59,978 -     最新价格: 29.67
2025-06-09 22:51:59,978 -     最新日期: 2025-06-09
2025-06-09 22:51:59,978 -     下跌趋势: 是
2025-06-09 22:51:59,978 -     高位上影线: 有
2025-06-09 22:51:59,978 -     温和放量: 否
2025-06-09 22:51:59,979 -     量比: 1.14
2025-06-09 22:51:59,979 -     放量原因: 成交量不足，量比1.14小于1.2
2025-06-09 22:51:59,979 -     MA5: 28.76
2025-06-09 22:51:59,979 -     MA20: 30.12
2025-06-09 22:51:59,979 -   ❌ 300681 未通过筛选，原因: 下跌趋势, 高位上影线, 非温和放量(成交量不足，量比1.14小于1.2)
2025-06-09 22:51:59,979 - 
(13/22) 正在分析股票: 603322
2025-06-09 22:52:00,091 -   📊 数据量: 39 天
2025-06-09 22:52:00,094 -   📈 技术分析结果:
2025-06-09 22:52:00,094 -     最新价格: 40.98
2025-06-09 22:52:00,095 -     最新日期: 2025-06-09
2025-06-09 22:52:00,095 -     下跌趋势: 否
2025-06-09 22:52:00,095 -     高位上影线: 无
2025-06-09 22:52:00,095 -     温和放量: 否
2025-06-09 22:52:00,095 -     量比: 0.92
2025-06-09 22:52:00,095 -     放量原因: 成交量不足，量比0.92小于1.2
2025-06-09 22:52:00,095 -     MA5: 39.02
2025-06-09 22:52:00,096 -     MA20: 36.21
2025-06-09 22:52:00,096 -   ❌ 603322 未通过筛选，原因: 非温和放量(成交量不足，量比0.92小于1.2)
2025-06-09 22:52:00,096 - 
(14/22) 正在分析股票: 002095
2025-06-09 22:52:00,183 -   📊 数据量: 39 天
2025-06-09 22:52:00,186 -   📈 技术分析结果:
2025-06-09 22:52:00,186 -     最新价格: 19.79
2025-06-09 22:52:00,187 -     最新日期: 2025-06-09
2025-06-09 22:52:00,187 -     下跌趋势: 是
2025-06-09 22:52:00,187 -     高位上影线: 有
2025-06-09 22:52:00,187 -     温和放量: 否
2025-06-09 22:52:00,187 -     量比: 1.20
2025-06-09 22:52:00,188 -     放量原因: 成交量不足，量比1.20小于1.2
2025-06-09 22:52:00,188 -     MA5: 19.26
2025-06-09 22:52:00,188 -     MA20: 19.75
2025-06-09 22:52:00,188 -   ❌ 002095 未通过筛选，原因: 下跌趋势, 高位上影线, 非温和放量(成交量不足，量比1.20小于1.2)
2025-06-09 22:52:00,188 - 
(15/22) 正在分析股票: 603666
2025-06-09 22:52:00,312 -   📊 数据量: 39 天
2025-06-09 22:52:00,314 -   📈 技术分析结果:
2025-06-09 22:52:00,314 -     最新价格: 37.40
2025-06-09 22:52:00,314 -     最新日期: 2025-06-09
2025-06-09 22:52:00,314 -     下跌趋势: 否
2025-06-09 22:52:00,315 -     高位上影线: 有
2025-06-09 22:52:00,315 -     温和放量: 是
2025-06-09 22:52:00,315 -     量比: 1.53
2025-06-09 22:52:00,315 -     放量原因: 温和放量，量比1.53
2025-06-09 22:52:00,315 -     MA5: 35.76
2025-06-09 22:52:00,315 -     MA20: 35.23
2025-06-09 22:52:00,315 -   ❌ 603666 未通过筛选，原因: 高位上影线
2025-06-09 22:52:00,316 - 
(16/22) 正在分析股票: 300725
2025-06-09 22:52:00,439 -   📊 数据量: 39 天
2025-06-09 22:52:00,442 -   📈 技术分析结果:
2025-06-09 22:52:00,443 -     最新价格: 36.45
2025-06-09 22:52:00,443 -     最新日期: 2025-06-09
2025-06-09 22:52:00,443 -     下跌趋势: 否
2025-06-09 22:52:00,443 -     高位上影线: 有
2025-06-09 22:52:00,443 -     温和放量: 否
2025-06-09 22:52:00,444 -     量比: 1.14
2025-06-09 22:52:00,444 -     放量原因: 成交量不足，量比1.14小于1.2
2025-06-09 22:52:00,444 -     MA5: 35.67
2025-06-09 22:52:00,444 -     MA20: 33.23
2025-06-09 22:52:00,444 -   ❌ 300725 未通过筛选，原因: 高位上影线, 非温和放量(成交量不足，量比1.14小于1.2)
2025-06-09 22:52:00,444 - 
(17/22) 正在分析股票: 002827
2025-06-09 22:52:00,547 -   📊 数据量: 39 天
2025-06-09 22:52:00,549 -   📈 技术分析结果:
2025-06-09 22:52:00,549 -     最新价格: 32.15
2025-06-09 22:52:00,549 -     最新日期: 2025-06-09
2025-06-09 22:52:00,550 -     下跌趋势: 否
2025-06-09 22:52:00,550 -     高位上影线: 有
2025-06-09 22:52:00,550 -     温和放量: 是
2025-06-09 22:52:00,551 -     量比: 1.37
2025-06-09 22:52:00,551 -     放量原因: 温和放量，量比1.37
2025-06-09 22:52:00,551 -     MA5: 30.33
2025-06-09 22:52:00,551 -     MA20: 28.92
2025-06-09 22:52:00,551 -   ❌ 002827 未通过筛选，原因: 高位上影线
2025-06-09 22:52:00,551 - 
(18/22) 正在分析股票: 300793
2025-06-09 22:52:00,657 -   📊 数据量: 39 天
2025-06-09 22:52:00,659 -   📈 技术分析结果:
2025-06-09 22:52:00,659 -     最新价格: 17.17
2025-06-09 22:52:00,659 -     最新日期: 2025-06-09
2025-06-09 22:52:00,659 -     下跌趋势: 否
2025-06-09 22:52:00,660 -     高位上影线: 有
2025-06-09 22:52:00,660 -     温和放量: 否
2025-06-09 22:52:00,660 -     量比: 2.31
2025-06-09 22:52:00,660 -     放量原因: 成交量过大，量比2.31超过1.8
2025-06-09 22:52:00,660 -     MA5: 16.58
2025-06-09 22:52:00,661 -     MA20: 16.33
2025-06-09 22:52:00,661 -   ❌ 300793 未通过筛选，原因: 高位上影线, 非温和放量(成交量过大，量比2.31超过1.8)
2025-06-09 22:52:00,661 - 
(19/22) 正在分析股票: 300063
2025-06-09 22:52:00,784 -   📊 数据量: 39 天
2025-06-09 22:52:00,787 -   📈 技术分析结果:
2025-06-09 22:52:00,787 -     最新价格: 8.35
2025-06-09 22:52:00,788 -     最新日期: 2025-06-09
2025-06-09 22:52:00,788 -     下跌趋势: 是
2025-06-09 22:52:00,788 -     高位上影线: 无
2025-06-09 22:52:00,788 -     温和放量: 否
2025-06-09 22:52:00,788 -     量比: 1.84
2025-06-09 22:52:00,789 -     放量原因: 成交量过大，量比1.84超过1.8
2025-06-09 22:52:00,789 -     MA5: 8.15
2025-06-09 22:52:00,789 -     MA20: 8.35
2025-06-09 22:52:00,789 -   ❌ 300063 未通过筛选，原因: 下跌趋势, 非温和放量(成交量过大，量比1.84超过1.8)
2025-06-09 22:52:00,789 - 
(20/22) 正在分析股票: 002122
2025-06-09 22:52:00,913 -   📊 数据量: 39 天
2025-06-09 22:52:00,916 -   📈 技术分析结果:
2025-06-09 22:52:00,916 -     最新价格: 4.24
2025-06-09 22:52:00,916 -     最新日期: 2025-06-09
2025-06-09 22:52:00,916 -     下跌趋势: 否
2025-06-09 22:52:00,917 -     高位上影线: 有
2025-06-09 22:52:00,917 -     温和放量: 否
2025-06-09 22:52:00,917 -     量比: 1.14
2025-06-09 22:52:00,917 -     放量原因: 成交量不足，量比1.14小于1.2
2025-06-09 22:52:00,917 -     MA5: 4.18
2025-06-09 22:52:00,917 -     MA20: 4.12
2025-06-09 22:52:00,917 -   ❌ 002122 未通过筛选，原因: 高位上影线, 非温和放量(成交量不足，量比1.14小于1.2)
2025-06-09 22:52:00,917 - 
(21/22) 正在分析股票: 603068
2025-06-09 22:52:01,015 -   📊 数据量: 39 天
2025-06-09 22:52:01,017 -   📈 技术分析结果:
2025-06-09 22:52:01,017 -     最新价格: 35.05
2025-06-09 22:52:01,017 -     最新日期: 2025-06-09
2025-06-09 22:52:01,018 -     下跌趋势: 否
2025-06-09 22:52:01,018 -     高位上影线: 有
2025-06-09 22:52:01,018 -     温和放量: 否
2025-06-09 22:52:01,018 -     量比: 1.99
2025-06-09 22:52:01,018 -     放量原因: 成交量过大，量比1.99超过1.8
2025-06-09 22:52:01,019 -     MA5: 32.80
2025-06-09 22:52:01,020 -     MA20: 32.70
2025-06-09 22:52:01,020 -   ❌ 603068 未通过筛选，原因: 高位上影线, 非温和放量(成交量过大，量比1.99超过1.8)
2025-06-09 22:52:01,020 - 
(22/22) 正在分析股票: 688535
2025-06-09 22:52:01,114 -   📊 数据量: 39 天
2025-06-09 22:52:01,117 -   📈 技术分析结果:
2025-06-09 22:52:01,117 -     最新价格: 72.80
2025-06-09 22:52:01,117 -     最新日期: 2025-06-09
2025-06-09 22:52:01,117 -     下跌趋势: 否
2025-06-09 22:52:01,118 -     高位上影线: 有
2025-06-09 22:52:01,118 -     温和放量: 否
2025-06-09 22:52:01,118 -     量比: 2.02
2025-06-09 22:52:01,118 -     放量原因: 成交量过大，量比2.02超过1.8
2025-06-09 22:52:01,118 -     MA5: 70.82
2025-06-09 22:52:01,118 -     MA20: 70.02
2025-06-09 22:52:01,118 -   ❌ 688535 未通过筛选，原因: 高位上影线, 非温和放量(成交量过大，量比2.02超过1.8)
2025-06-09 22:52:01,118 - 
============================================================
2025-06-09 22:52:01,119 - 技术分析汇总结果:
2025-06-09 22:52:01,119 - ============================================================
2025-06-09 22:52:01,119 - ❌ 301325 - 未通过: 高位上影线, 非温和放量
2025-06-09 22:52:01,119 - ❌ 301325 - 未通过: 高位上影线, 非温和放量
2025-06-09 22:52:01,120 - ❌ 300067 - 未通过: 高位上影线
2025-06-09 22:52:01,120 - ❌ 300067 - 未通过: 高位上影线
2025-06-09 22:52:01,120 - ❌ 688025 - 未通过: 高位上影线
2025-06-09 22:52:01,120 - ❌ 688025 - 未通过: 高位上影线
2025-06-09 22:52:01,120 - ❌ 300814 - 未通过: 高位上影线, 非温和放量
2025-06-09 22:52:01,120 - ❌ 300814 - 未通过: 高位上影线, 非温和放量
2025-06-09 22:52:01,120 - ❌ 300005 - 未通过: 下跌趋势, 高位上影线
2025-06-09 22:52:01,121 - ❌ 300005 - 未通过: 下跌趋势, 高位上影线
2025-06-09 22:52:01,121 - ❌ 688601 - 未通过: 非温和放量
2025-06-09 22:52:01,121 - ❌ 688601 - 未通过: 非温和放量
2025-06-09 22:52:01,121 - ❌ 002645 - 未通过: 高位上影线, 非温和放量
2025-06-09 22:52:01,121 - ❌ 002645 - 未通过: 高位上影线, 非温和放量
2025-06-09 22:52:01,121 - ❌ 300201 - 未通过: 高位上影线, 非温和放量
2025-06-09 22:52:01,121 - ❌ 300201 - 未通过: 高位上影线, 非温和放量
2025-06-09 22:52:01,121 - ❌ 301246 - 未通过: 高位上影线, 非温和放量
2025-06-09 22:52:01,122 - ❌ 301246 - 未通过: 高位上影线, 非温和放量
2025-06-09 22:52:01,122 - ❌ 600366 - 未通过: 高位上影线, 非温和放量
2025-06-09 22:52:01,122 - ❌ 600366 - 未通过: 高位上影线, 非温和放量
2025-06-09 22:52:01,122 - ❌ 603091 - 未通过: 高位上影线, 非温和放量
2025-06-09 22:52:01,122 - ❌ 603091 - 未通过: 高位上影线, 非温和放量
2025-06-09 22:52:01,122 - ❌ 300681 - 未通过: 下跌趋势, 高位上影线, 非温和放量
2025-06-09 22:52:01,122 - ❌ 300681 - 未通过: 下跌趋势, 高位上影线, 非温和放量
2025-06-09 22:52:01,122 - ❌ 603322 - 未通过: 非温和放量
2025-06-09 22:52:01,122 - ❌ 603322 - 未通过: 非温和放量
2025-06-09 22:52:01,123 - ❌ 002095 - 未通过: 下跌趋势, 高位上影线, 非温和放量
2025-06-09 22:52:01,123 - ❌ 002095 - 未通过: 下跌趋势, 高位上影线, 非温和放量
2025-06-09 22:52:01,123 - ❌ 603666 - 未通过: 高位上影线
2025-06-09 22:52:01,123 - ❌ 603666 - 未通过: 高位上影线
2025-06-09 22:52:01,123 - ❌ 300725 - 未通过: 高位上影线, 非温和放量
2025-06-09 22:52:01,123 - ❌ 300725 - 未通过: 高位上影线, 非温和放量
2025-06-09 22:52:01,123 - ❌ 002827 - 未通过: 高位上影线
2025-06-09 22:52:01,123 - ❌ 002827 - 未通过: 高位上影线
2025-06-09 22:52:01,124 - ❌ 300793 - 未通过: 高位上影线, 非温和放量
2025-06-09 22:52:01,124 - ❌ 300793 - 未通过: 高位上影线, 非温和放量
2025-06-09 22:52:01,124 - ❌ 300063 - 未通过: 下跌趋势, 非温和放量
2025-06-09 22:52:01,124 - ❌ 300063 - 未通过: 下跌趋势, 非温和放量
2025-06-09 22:52:01,124 - ❌ 002122 - 未通过: 高位上影线, 非温和放量
2025-06-09 22:52:01,124 - ❌ 002122 - 未通过: 高位上影线, 非温和放量
2025-06-09 22:52:01,124 - ❌ 603068 - 未通过: 高位上影线, 非温和放量
2025-06-09 22:52:01,125 - ❌ 603068 - 未通过: 高位上影线, 非温和放量
2025-06-09 22:52:01,125 - ❌ 688535 - 未通过: 高位上影线, 非温和放量
2025-06-09 22:52:01,125 - ❌ 688535 - 未通过: 高位上影线, 非温和放量
2025-06-09 22:52:01,125 - 
最终结果: 0 只股票通过技术分析筛选
