2025-06-08 21:38:40,076 - 📁 日志将保存到: logs\stock_analysis_20250608_213840.log
2025-06-08 21:38:40,076 - 📁 发现已存在的数据文件: data\stock_pool_data\stock_data_pool20250608.csv
2025-06-08 21:38:40,076 - 🔄 直接加载本地CSV文件
2025-06-08 21:38:40,105 - 准备分析初次筛选出的17 只股票
2025-06-08 21:38:40,105 - 股票代码: ['300191', '605123', '688503', '600715', '600279', '301367', '000045', '688488', '688518', '300925', '003002', '002645', '301500', '002424', '300210', '301303', '605088']
2025-06-08 21:38:40,106 - 数据日期范围: 20250409 到 20250608
2025-06-08 21:38:40,106 - ============================================================
2025-06-08 21:38:40,106 - 
(1/17) 正在分析股票: 300191
2025-06-08 21:38:40,377 -   📊 数据量: 39 天
2025-06-08 21:38:40,380 -   📈 技术分析结果:
2025-06-08 21:38:40,380 -     最新价格: 17.77
2025-06-08 21:38:40,381 -     最新日期: 2025-06-06
2025-06-08 21:38:40,381 -     下跌趋势: 否
2025-06-08 21:38:40,381 -     高位上影线: 有
2025-06-08 21:38:40,381 -     MA5: 17.31
2025-06-08 21:38:40,381 -     MA20: 16.55
2025-06-08 21:38:40,382 -   ❌ 300191 未通过筛选，原因: 高位上影线
2025-06-08 21:38:41,383 - 
(2/17) 正在分析股票: 605123
2025-06-08 21:38:41,712 -   📊 数据量: 39 天
2025-06-08 21:38:41,714 -   📈 技术分析结果:
2025-06-08 21:38:41,715 -     最新价格: 64.16
2025-06-08 21:38:41,715 -     最新日期: 2025-06-06
2025-06-08 21:38:41,715 -     下跌趋势: 否
2025-06-08 21:38:41,715 -     高位上影线: 有
2025-06-08 21:38:41,715 -     MA5: 61.04
2025-06-08 21:38:41,716 -     MA20: 57.60
2025-06-08 21:38:41,716 -   ❌ 605123 未通过筛选，原因: 高位上影线
2025-06-08 21:38:42,716 - 
(3/17) 正在分析股票: 688503
2025-06-08 21:38:43,035 -   📊 数据量: 39 天
2025-06-08 21:38:43,038 -   📈 技术分析结果:
2025-06-08 21:38:43,038 -     最新价格: 36.30
2025-06-08 21:38:43,038 -     最新日期: 2025-06-06
2025-06-08 21:38:43,039 -     下跌趋势: 否
2025-06-08 21:38:43,039 -     高位上影线: 有
2025-06-08 21:38:43,039 -     MA5: 33.16
2025-06-08 21:38:43,040 -     MA20: 33.13
2025-06-08 21:38:43,040 -   ❌ 688503 未通过筛选，原因: 高位上影线
2025-06-08 21:38:44,040 - 
(4/17) 正在分析股票: 600715
2025-06-08 21:38:45,593 -   📊 数据量: 38 天
2025-06-08 21:38:45,595 -   📈 技术分析结果:
2025-06-08 21:38:45,595 -     最新价格: 2.41
2025-06-08 21:38:45,595 -     最新日期: 2025-06-06
2025-06-08 21:38:45,595 -     下跌趋势: 否
2025-06-08 21:38:45,596 -     高位上影线: 有
2025-06-08 21:38:45,596 -     MA5: 2.34
2025-06-08 21:38:45,596 -     MA20: 2.31
2025-06-08 21:38:45,597 -   ❌ 600715 未通过筛选，原因: 高位上影线
2025-06-08 21:38:46,597 - 
(5/17) 正在分析股票: 600279
2025-06-08 21:38:46,881 -   📊 数据量: 39 天
2025-06-08 21:38:46,884 -   📈 技术分析结果:
2025-06-08 21:38:46,884 -     最新价格: 6.42
2025-06-08 21:38:46,884 -     最新日期: 2025-06-06
2025-06-08 21:38:46,884 -     下跌趋势: 否
2025-06-08 21:38:46,885 -     高位上影线: 有
2025-06-08 21:38:46,885 -     MA5: 6.20
2025-06-08 21:38:46,885 -     MA20: 6.08
2025-06-08 21:38:46,885 -   ❌ 600279 未通过筛选，原因: 高位上影线
2025-06-08 21:38:47,886 - 
(6/17) 正在分析股票: 301367
2025-06-08 21:38:48,123 -   📊 数据量: 39 天
2025-06-08 21:38:48,125 -   📈 技术分析结果:
2025-06-08 21:38:48,126 -     最新价格: 85.56
2025-06-08 21:38:48,126 -     最新日期: 2025-06-06
2025-06-08 21:38:48,126 -     下跌趋势: 是
2025-06-08 21:38:48,126 -     高位上影线: 有
2025-06-08 21:38:48,126 -     MA5: 83.88
2025-06-08 21:38:48,127 -     MA20: 85.16
2025-06-08 21:38:48,127 -   ❌ 301367 未通过筛选，原因: 下跌趋势, 高位上影线
2025-06-08 21:38:49,127 - 
(7/17) 正在分析股票: 000045
2025-06-08 21:38:49,743 -   📊 数据量: 39 天
2025-06-08 21:38:49,745 -   📈 技术分析结果:
2025-06-08 21:38:49,745 -     最新价格: 11.51
2025-06-08 21:38:49,746 -     最新日期: 2025-06-06
2025-06-08 21:38:49,746 -     下跌趋势: 否
2025-06-08 21:38:49,746 -     高位上影线: 有
2025-06-08 21:38:49,746 -     MA5: 11.22
2025-06-08 21:38:49,747 -     MA20: 10.64
2025-06-08 21:38:49,747 -   ❌ 000045 未通过筛选，原因: 高位上影线
2025-06-08 21:38:50,748 - 
(8/17) 正在分析股票: 688488
2025-06-08 21:38:50,976 -   📊 数据量: 39 天
2025-06-08 21:38:50,978 -   📈 技术分析结果:
2025-06-08 21:38:50,979 -     最新价格: 13.52
2025-06-08 21:38:50,979 -     最新日期: 2025-06-06
2025-06-08 21:38:50,979 -     下跌趋势: 否
2025-06-08 21:38:50,979 -     高位上影线: 有
2025-06-08 21:38:50,979 -     MA5: 13.58
2025-06-08 21:38:50,979 -     MA20: 12.05
2025-06-08 21:38:50,979 -   ❌ 688488 未通过筛选，原因: 高位上影线
2025-06-08 21:38:51,981 - 
(9/17) 正在分析股票: 688518
2025-06-08 21:38:52,282 -   📊 数据量: 39 天
2025-06-08 21:38:52,285 -   📈 技术分析结果:
2025-06-08 21:38:52,285 -     最新价格: 17.91
2025-06-08 21:38:52,285 -     最新日期: 2025-06-06
2025-06-08 21:38:52,285 -     下跌趋势: 否
2025-06-08 21:38:52,285 -     高位上影线: 有
2025-06-08 21:38:52,285 -     MA5: 16.71
2025-06-08 21:38:52,286 -     MA20: 16.40
2025-06-08 21:38:52,286 -   ❌ 688518 未通过筛选，原因: 高位上影线
2025-06-08 21:38:53,286 - 
(10/17) 正在分析股票: 300925
2025-06-08 21:38:53,999 -   📊 数据量: 39 天
2025-06-08 21:38:54,002 -   📈 技术分析结果:
2025-06-08 21:38:54,002 -     最新价格: 22.09
2025-06-08 21:38:54,002 -     最新日期: 2025-06-06
2025-06-08 21:38:54,003 -     下跌趋势: 是
2025-06-08 21:38:54,003 -     高位上影线: 无
2025-06-08 21:38:54,003 -     MA5: 21.13
2025-06-08 21:38:54,003 -     MA20: 21.50
2025-06-08 21:38:54,003 -   ❌ 300925 未通过筛选，原因: 下跌趋势
2025-06-08 21:38:55,005 - 
(11/17) 正在分析股票: 003002
2025-06-08 21:38:55,265 -   📊 数据量: 39 天
2025-06-08 21:38:55,267 -   📈 技术分析结果:
2025-06-08 21:38:55,267 -     最新价格: 27.79
2025-06-08 21:38:55,267 -     最新日期: 2025-06-06
2025-06-08 21:38:55,267 -     下跌趋势: 否
2025-06-08 21:38:55,267 -     高位上影线: 有
2025-06-08 21:38:55,268 -     MA5: 27.01
2025-06-08 21:38:55,268 -     MA20: 26.70
2025-06-08 21:38:55,268 -   ❌ 003002 未通过筛选，原因: 高位上影线
2025-06-08 21:38:56,269 - 
(12/17) 正在分析股票: 002645
2025-06-08 21:38:56,516 -   📊 数据量: 39 天
2025-06-08 21:38:56,518 -   📈 技术分析结果:
2025-06-08 21:38:56,519 -     最新价格: 8.63
2025-06-08 21:38:56,519 -     最新日期: 2025-06-06
2025-06-08 21:38:56,519 -     下跌趋势: 否
2025-06-08 21:38:56,519 -     高位上影线: 有
2025-06-08 21:38:56,519 -     MA5: 8.30
2025-06-08 21:38:56,520 -     MA20: 8.22
2025-06-08 21:38:56,520 -   ❌ 002645 未通过筛选，原因: 高位上影线
2025-06-08 21:38:57,521 - 
(13/17) 正在分析股票: 301500
2025-06-08 21:38:57,735 -   📊 数据量: 39 天
2025-06-08 21:38:57,738 -   📈 技术分析结果:
2025-06-08 21:38:57,738 -     最新价格: 20.80
2025-06-08 21:38:57,739 -     最新日期: 2025-06-06
2025-06-08 21:38:57,739 -     下跌趋势: 否
2025-06-08 21:38:57,739 -     高位上影线: 有
2025-06-08 21:38:57,739 -     MA5: 20.34
2025-06-08 21:38:57,739 -     MA20: 19.87
2025-06-08 21:38:57,740 -   ❌ 301500 未通过筛选，原因: 高位上影线
2025-06-08 21:38:58,741 - 
(14/17) 正在分析股票: 002424
2025-06-08 21:38:58,984 -   📊 数据量: 39 天
2025-06-08 21:38:58,987 -   📈 技术分析结果:
2025-06-08 21:38:58,987 -     最新价格: 4.28
2025-06-08 21:38:58,987 -     最新日期: 2025-06-06
2025-06-08 21:38:58,987 -     下跌趋势: 否
2025-06-08 21:38:58,987 -     高位上影线: 有
2025-06-08 21:38:58,988 -     MA5: 4.11
2025-06-08 21:38:58,988 -     MA20: 4.03
2025-06-08 21:38:58,988 -   ❌ 002424 未通过筛选，原因: 高位上影线
2025-06-08 21:38:59,989 - 
(15/17) 正在分析股票: 300210
2025-06-08 21:39:00,342 -   📊 数据量: 39 天
2025-06-08 21:39:00,344 -   📈 技术分析结果:
2025-06-08 21:39:00,345 -     最新价格: 10.97
2025-06-08 21:39:00,345 -     最新日期: 2025-06-06
2025-06-08 21:39:00,345 -     下跌趋势: 否
2025-06-08 21:39:00,345 -     高位上影线: 无
2025-06-08 21:39:00,345 -     MA5: 10.65
2025-06-08 21:39:00,346 -     MA20: 10.38
2025-06-08 21:39:00,346 -   ✅ 300210 通过技术分析筛选!
2025-06-08 21:39:01,347 - 
(16/17) 正在分析股票: 301303
2025-06-08 21:39:01,842 -   📊 数据量: 39 天
2025-06-08 21:39:01,845 -   📈 技术分析结果:
2025-06-08 21:39:01,846 -     最新价格: 14.09
2025-06-08 21:39:01,846 -     最新日期: 2025-06-06
2025-06-08 21:39:01,846 -     下跌趋势: 否
2025-06-08 21:39:01,846 -     高位上影线: 有
2025-06-08 21:39:01,846 -     MA5: 13.73
2025-06-08 21:39:01,847 -     MA20: 13.49
2025-06-08 21:39:01,847 -   ❌ 301303 未通过筛选，原因: 高位上影线
2025-06-08 21:39:02,848 - 
(17/17) 正在分析股票: 605088
2025-06-08 21:39:03,099 -   📊 数据量: 39 天
2025-06-08 21:39:03,102 -   📈 技术分析结果:
2025-06-08 21:39:03,102 -     最新价格: 36.42
2025-06-08 21:39:03,103 -     最新日期: 2025-06-06
2025-06-08 21:39:03,103 -     下跌趋势: 是
2025-06-08 21:39:03,103 -     高位上影线: 有
2025-06-08 21:39:03,103 -     MA5: 34.92
2025-06-08 21:39:03,103 -     MA20: 36.54
2025-06-08 21:39:03,104 -   ❌ 605088 未通过筛选，原因: 下跌趋势, 高位上影线
2025-06-08 21:39:04,104 - 
============================================================
2025-06-08 21:39:04,105 - 技术分析汇总结果:
2025-06-08 21:39:04,105 - ============================================================
2025-06-08 21:39:04,105 - ❌ 300191 - 未通过: 高位上影线
2025-06-08 21:39:04,106 - ❌ 605123 - 未通过: 高位上影线
2025-06-08 21:39:04,106 - ❌ 688503 - 未通过: 高位上影线
2025-06-08 21:39:04,106 - ❌ 600715 - 未通过: 高位上影线
2025-06-08 21:39:04,106 - ❌ 600279 - 未通过: 高位上影线
2025-06-08 21:39:04,106 - ❌ 301367 - 未通过: 下跌趋势, 高位上影线
2025-06-08 21:39:04,106 - ❌ 000045 - 未通过: 高位上影线
2025-06-08 21:39:04,106 - ❌ 688488 - 未通过: 高位上影线
2025-06-08 21:39:04,106 - ❌ 688518 - 未通过: 高位上影线
2025-06-08 21:39:04,106 - ❌ 300925 - 未通过: 下跌趋势
2025-06-08 21:39:04,107 - ❌ 003002 - 未通过: 高位上影线
2025-06-08 21:39:04,107 - ❌ 002645 - 未通过: 高位上影线
2025-06-08 21:39:04,107 - ❌ 301500 - 未通过: 高位上影线
2025-06-08 21:39:04,107 - ❌ 002424 - 未通过: 高位上影线
2025-06-08 21:39:04,107 - ✅ 300210 - 通过筛选
2025-06-08 21:39:04,107 - ❌ 301303 - 未通过: 高位上影线
2025-06-08 21:39:04,108 - ❌ 605088 - 未通过: 下跌趋势, 高位上影线
2025-06-08 21:39:04,108 - 
最终结果: 1 只股票通过技术分析筛选
2025-06-08 21:39:04,108 - 
符合条件的股票详情:
2025-06-08 21:39:04,108 - 代码: 300210
2025-06-08 21:39:04,108 -   最新价格: 10.97
2025-06-08 21:39:04,108 -   MA5: 10.65
2025-06-08 21:39:04,108 -   MA20: 10.38
2025-06-08 21:39:04,108 -   数据天数: 39
