2025-06-08 21:15:11,127 - 📁 日志将保存到: logs\stock_analysis_20250608_211511.log
2025-06-08 21:15:11,128 - 📁 发现已存在的数据文件: data\stock_pool_data\stock_data_pool20250608.csv
2025-06-08 21:15:11,128 - 🔄 直接加载本地CSV文件
2025-06-08 21:15:11,157 - 准备分析初次筛选出的17 只股票
2025-06-08 21:15:11,158 - 股票代码: ['300191', '605123', '688503', '600715', '600279', '301367', '000045', '688488', '688518', '300925', '003002', '002645', '301500', '002424', '300210', '301303', '605088']
2025-06-08 21:15:11,158 - 数据日期范围: 20250409 到 20250608
2025-06-08 21:15:11,158 - ============================================================
2025-06-08 21:15:11,159 - 
(1/17) 正在分析股票: 300191
2025-06-08 21:15:11,357 -   📊 数据量: 39 天
2025-06-08 21:15:11,360 -   📈 技术分析结果:
2025-06-08 21:15:11,361 -     最新价格: 17.77
2025-06-08 21:15:11,361 -     最新日期: 2025-06-06
2025-06-08 21:15:11,361 -     下跌趋势: 否
2025-06-08 21:15:11,361 -     高位上影线: 有
2025-06-08 21:15:11,361 -     MA5: 17.31
2025-06-08 21:15:11,362 -     MA20: 16.55
2025-06-08 21:15:11,362 -   ❌ 300191 未通过筛选，原因: 高位上影线
2025-06-08 21:15:12,362 - 
(2/17) 正在分析股票: 605123
2025-06-08 21:15:12,529 -   📊 数据量: 39 天
2025-06-08 21:15:12,532 -   📈 技术分析结果:
2025-06-08 21:15:12,532 -     最新价格: 64.16
2025-06-08 21:15:12,532 -     最新日期: 2025-06-06
2025-06-08 21:15:12,532 -     下跌趋势: 否
2025-06-08 21:15:12,532 -     高位上影线: 有
2025-06-08 21:15:12,533 -     MA5: 61.04
2025-06-08 21:15:12,533 -     MA20: 57.60
2025-06-08 21:15:12,533 -   ❌ 605123 未通过筛选，原因: 高位上影线
2025-06-08 21:15:13,534 - 
(3/17) 正在分析股票: 688503
2025-06-08 21:15:13,734 -   📊 数据量: 39 天
2025-06-08 21:15:13,737 -   📈 技术分析结果:
2025-06-08 21:15:13,737 -     最新价格: 36.30
2025-06-08 21:15:13,738 -     最新日期: 2025-06-06
2025-06-08 21:15:13,738 -     下跌趋势: 否
2025-06-08 21:15:13,738 -     高位上影线: 有
2025-06-08 21:15:13,738 -     MA5: 33.16
2025-06-08 21:15:13,738 -     MA20: 33.13
2025-06-08 21:15:13,739 -   ❌ 688503 未通过筛选，原因: 高位上影线
2025-06-08 21:15:14,740 - 
(4/17) 正在分析股票: 600715
2025-06-08 21:15:14,899 -   📊 数据量: 38 天
2025-06-08 21:15:14,901 -   📈 技术分析结果:
2025-06-08 21:15:14,901 -     最新价格: 2.41
2025-06-08 21:15:14,901 -     最新日期: 2025-06-06
2025-06-08 21:15:14,901 -     下跌趋势: 否
2025-06-08 21:15:14,902 -     高位上影线: 有
2025-06-08 21:15:14,902 -     MA5: 2.34
2025-06-08 21:15:14,902 -     MA20: 2.31
2025-06-08 21:15:14,903 -   ❌ 600715 未通过筛选，原因: 高位上影线
2025-06-08 21:15:15,903 - 
(5/17) 正在分析股票: 600279
2025-06-08 21:15:16,053 -   📊 数据量: 39 天
2025-06-08 21:15:16,056 -   📈 技术分析结果:
2025-06-08 21:15:16,056 -     最新价格: 6.42
2025-06-08 21:15:16,057 -     最新日期: 2025-06-06
2025-06-08 21:15:16,057 -     下跌趋势: 否
2025-06-08 21:15:16,057 -     高位上影线: 有
2025-06-08 21:15:16,057 -     MA5: 6.20
2025-06-08 21:15:16,057 -     MA20: 6.08
2025-06-08 21:15:16,057 -   ❌ 600279 未通过筛选，原因: 高位上影线
2025-06-08 21:15:17,059 - 
(6/17) 正在分析股票: 301367
2025-06-08 21:15:17,229 -   📊 数据量: 39 天
2025-06-08 21:15:17,231 -   📈 技术分析结果:
2025-06-08 21:15:17,231 -     最新价格: 85.56
2025-06-08 21:15:17,232 -     最新日期: 2025-06-06
2025-06-08 21:15:17,232 -     下跌趋势: 是
2025-06-08 21:15:17,232 -     高位上影线: 有
2025-06-08 21:15:17,232 -     MA5: 83.88
2025-06-08 21:15:17,232 -     MA20: 85.16
2025-06-08 21:15:17,232 -   ❌ 301367 未通过筛选，原因: 下跌趋势, 高位上影线
2025-06-08 21:15:18,233 - 
(7/17) 正在分析股票: 000045
2025-06-08 21:15:18,448 -   📊 数据量: 39 天
2025-06-08 21:15:18,451 -   📈 技术分析结果:
2025-06-08 21:15:18,452 -     最新价格: 11.51
2025-06-08 21:15:18,452 -     最新日期: 2025-06-06
2025-06-08 21:15:18,452 -     下跌趋势: 否
2025-06-08 21:15:18,452 -     高位上影线: 有
2025-06-08 21:15:18,452 -     MA5: 11.22
2025-06-08 21:15:18,453 -     MA20: 10.64
2025-06-08 21:15:18,455 -   ❌ 000045 未通过筛选，原因: 高位上影线
2025-06-08 21:15:19,456 - 
(8/17) 正在分析股票: 688488
2025-06-08 21:15:19,618 -   📊 数据量: 39 天
2025-06-08 21:15:19,620 -   📈 技术分析结果:
2025-06-08 21:15:19,621 -     最新价格: 13.52
2025-06-08 21:15:19,621 -     最新日期: 2025-06-06
2025-06-08 21:15:19,622 -     下跌趋势: 否
2025-06-08 21:15:19,622 -     高位上影线: 有
2025-06-08 21:15:19,622 -     MA5: 13.58
2025-06-08 21:15:19,622 -     MA20: 12.05
2025-06-08 21:15:19,622 -   ❌ 688488 未通过筛选，原因: 高位上影线
2025-06-08 21:15:20,623 - 
(9/17) 正在分析股票: 688518
2025-06-08 21:15:20,789 -   📊 数据量: 39 天
2025-06-08 21:15:20,793 -   📈 技术分析结果:
2025-06-08 21:15:20,793 -     最新价格: 17.91
2025-06-08 21:15:20,793 -     最新日期: 2025-06-06
2025-06-08 21:15:20,793 -     下跌趋势: 否
2025-06-08 21:15:20,793 -     高位上影线: 有
2025-06-08 21:15:20,794 -     MA5: 16.71
2025-06-08 21:15:20,794 -     MA20: 16.40
2025-06-08 21:15:20,794 -   ❌ 688518 未通过筛选，原因: 高位上影线
2025-06-08 21:15:21,794 - 
(10/17) 正在分析股票: 300925
2025-06-08 21:15:22,067 -   📊 数据量: 39 天
2025-06-08 21:15:22,070 -   📈 技术分析结果:
2025-06-08 21:15:22,070 -     最新价格: 22.09
2025-06-08 21:15:22,071 -     最新日期: 2025-06-06
2025-06-08 21:15:22,071 -     下跌趋势: 是
2025-06-08 21:15:22,071 -     高位上影线: 无
2025-06-08 21:15:22,071 -     MA5: 21.13
2025-06-08 21:15:22,072 -     MA20: 21.50
2025-06-08 21:15:22,072 -   ❌ 300925 未通过筛选，原因: 下跌趋势
2025-06-08 21:15:23,072 - 
(11/17) 正在分析股票: 003002
2025-06-08 21:15:23,239 -   📊 数据量: 39 天
2025-06-08 21:15:23,241 -   📈 技术分析结果:
2025-06-08 21:15:23,242 -     最新价格: 27.79
2025-06-08 21:15:23,242 -     最新日期: 2025-06-06
2025-06-08 21:15:23,242 -     下跌趋势: 否
2025-06-08 21:15:23,242 -     高位上影线: 有
2025-06-08 21:15:23,243 -     MA5: 27.01
2025-06-08 21:15:23,243 -     MA20: 26.70
2025-06-08 21:15:23,243 -   ❌ 003002 未通过筛选，原因: 高位上影线
2025-06-08 21:15:24,243 - 
(12/17) 正在分析股票: 002645
2025-06-08 21:15:24,393 -   📊 数据量: 39 天
2025-06-08 21:15:24,396 -   📈 技术分析结果:
2025-06-08 21:15:24,396 -     最新价格: 8.63
2025-06-08 21:15:24,396 -     最新日期: 2025-06-06
2025-06-08 21:15:24,396 -     下跌趋势: 否
2025-06-08 21:15:24,396 -     高位上影线: 有
2025-06-08 21:15:24,397 -     MA5: 8.30
2025-06-08 21:15:24,397 -     MA20: 8.22
2025-06-08 21:15:24,397 -   ❌ 002645 未通过筛选，原因: 高位上影线
2025-06-08 21:15:25,398 - 
(13/17) 正在分析股票: 301500
2025-06-08 21:15:25,551 -   📊 数据量: 39 天
2025-06-08 21:15:25,554 -   📈 技术分析结果:
2025-06-08 21:15:25,554 -     最新价格: 20.80
2025-06-08 21:15:25,554 -     最新日期: 2025-06-06
2025-06-08 21:15:25,555 -     下跌趋势: 否
2025-06-08 21:15:25,555 -     高位上影线: 有
2025-06-08 21:15:25,555 -     MA5: 20.34
2025-06-08 21:15:25,555 -     MA20: 19.87
2025-06-08 21:15:25,555 -   ❌ 301500 未通过筛选，原因: 高位上影线
2025-06-08 21:15:26,556 - 
(14/17) 正在分析股票: 002424
2025-06-08 21:15:26,720 -   📊 数据量: 39 天
2025-06-08 21:15:26,723 -   📈 技术分析结果:
2025-06-08 21:15:26,723 -     最新价格: 4.28
2025-06-08 21:15:26,723 -     最新日期: 2025-06-06
2025-06-08 21:15:26,724 -     下跌趋势: 否
2025-06-08 21:15:26,724 -     高位上影线: 有
2025-06-08 21:15:26,724 -     MA5: 4.11
2025-06-08 21:15:26,724 -     MA20: 4.03
2025-06-08 21:15:26,724 -   ❌ 002424 未通过筛选，原因: 高位上影线
2025-06-08 21:15:27,725 - 
(15/17) 正在分析股票: 300210
2025-06-08 21:15:27,872 -   📊 数据量: 39 天
2025-06-08 21:15:27,875 -   📈 技术分析结果:
2025-06-08 21:15:27,875 -     最新价格: 10.97
2025-06-08 21:15:27,875 -     最新日期: 2025-06-06
2025-06-08 21:15:27,875 -     下跌趋势: 否
2025-06-08 21:15:27,875 -     高位上影线: 无
2025-06-08 21:15:27,876 -     MA5: 10.65
2025-06-08 21:15:27,876 -     MA20: 10.38
2025-06-08 21:15:27,876 -   ✅ 300210 通过技术分析筛选!
2025-06-08 21:15:28,877 - 
(16/17) 正在分析股票: 301303
2025-06-08 21:15:29,088 -   📊 数据量: 39 天
2025-06-08 21:15:29,091 -   📈 技术分析结果:
2025-06-08 21:15:29,091 -     最新价格: 14.09
2025-06-08 21:15:29,091 -     最新日期: 2025-06-06
2025-06-08 21:15:29,091 -     下跌趋势: 否
2025-06-08 21:15:29,091 -     高位上影线: 有
2025-06-08 21:15:29,091 -     MA5: 13.73
2025-06-08 21:15:29,092 -     MA20: 13.49
2025-06-08 21:15:29,092 -   ❌ 301303 未通过筛选，原因: 高位上影线
2025-06-08 21:15:30,092 - 
(17/17) 正在分析股票: 605088
2025-06-08 21:15:30,314 -   📊 数据量: 39 天
2025-06-08 21:15:30,317 -   📈 技术分析结果:
2025-06-08 21:15:30,317 -     最新价格: 36.42
2025-06-08 21:15:30,318 -     最新日期: 2025-06-06
2025-06-08 21:15:30,318 -     下跌趋势: 是
2025-06-08 21:15:30,318 -     高位上影线: 有
2025-06-08 21:15:30,318 -     MA5: 34.92
2025-06-08 21:15:30,318 -     MA20: 36.54
2025-06-08 21:15:30,318 -   ❌ 605088 未通过筛选，原因: 下跌趋势, 高位上影线
2025-06-08 21:15:31,320 - 
============================================================
2025-06-08 21:15:31,320 - 技术分析汇总结果:
2025-06-08 21:15:31,320 - ============================================================
2025-06-08 21:15:31,321 - ❌ 300191 - 未通过: 高位上影线
2025-06-08 21:15:31,321 - ❌ 605123 - 未通过: 高位上影线
2025-06-08 21:15:31,321 - ❌ 688503 - 未通过: 高位上影线
2025-06-08 21:15:31,321 - ❌ 600715 - 未通过: 高位上影线
2025-06-08 21:15:31,321 - ❌ 600279 - 未通过: 高位上影线
2025-06-08 21:15:31,322 - ❌ 301367 - 未通过: 下跌趋势, 高位上影线
2025-06-08 21:15:31,322 - ❌ 000045 - 未通过: 高位上影线
2025-06-08 21:15:31,322 - ❌ 688488 - 未通过: 高位上影线
2025-06-08 21:15:31,322 - ❌ 688518 - 未通过: 高位上影线
2025-06-08 21:15:31,322 - ❌ 300925 - 未通过: 下跌趋势
2025-06-08 21:15:31,322 - ❌ 003002 - 未通过: 高位上影线
2025-06-08 21:15:31,322 - ❌ 002645 - 未通过: 高位上影线
2025-06-08 21:15:31,322 - ❌ 301500 - 未通过: 高位上影线
2025-06-08 21:15:31,322 - ❌ 002424 - 未通过: 高位上影线
2025-06-08 21:15:31,323 - ✅ 300210 - 通过筛选
2025-06-08 21:15:31,323 - ❌ 301303 - 未通过: 高位上影线
2025-06-08 21:15:31,323 - ❌ 605088 - 未通过: 下跌趋势, 高位上影线
2025-06-08 21:15:31,323 - 
最终结果: 1 只股票通过技术分析筛选
2025-06-08 21:15:31,323 - 
符合条件的股票详情:
2025-06-08 21:15:31,323 - 代码: 300210
2025-06-08 21:15:31,323 -   最新价格: 10.97
2025-06-08 21:15:31,324 -   MA5: 10.65
2025-06-08 21:15:31,324 -   MA20: 10.38
2025-06-08 21:15:31,324 -   数据天数: 39
2025-06-08 21:15:31,324 - 🔄 在线获取数据模式
