2025-06-08 20:37:40,277 - 📁 日志将保存到: logs\stock_analysis_20250608_203740.log
2025-06-08 20:37:40,278 - 📁 发现已存在的数据文件: data\stock_pool_data\stock_data_pool20250608.csv
2025-06-08 20:37:40,278 - 🔄 直接加载本地CSV文件
2025-06-08 20:37:40,308 - 准备分析初次筛选出的17 只股票
2025-06-08 20:37:40,308 - 股票代码: ['300191', '605123', '688503', '600715', '600279', '301367', '000045', '688488', '688518', '300925', '003002', '002645', '301500', '002424', '300210', '301303', '605088']
2025-06-08 20:37:40,309 - 数据日期范围: 20250409 到 20250608
2025-06-08 20:37:40,309 - ============================================================
2025-06-08 20:37:40,310 - 
(1/17) 正在分析股票: 300191
2025-06-08 20:37:41,338 -   📊 数据量: 39 天
2025-06-08 20:37:41,341 -   📈 技术分析结果:
2025-06-08 20:37:41,341 -     最新价格: 17.77
2025-06-08 20:37:41,341 -     最新日期: 2025-06-06
2025-06-08 20:37:41,341 -     下跌趋势: 否
2025-06-08 20:37:41,341 -     高位上影线: 有
2025-06-08 20:37:41,342 -     MA5: 17.31
2025-06-08 20:37:41,342 -     MA20: 16.55
2025-06-08 20:37:41,342 -   ❌ 300191 未通过筛选，原因: 高位上影线
2025-06-08 20:37:42,343 - 
(2/17) 正在分析股票: 605123
2025-06-08 20:37:42,618 -   📊 数据量: 39 天
2025-06-08 20:37:42,621 -   📈 技术分析结果:
2025-06-08 20:37:42,621 -     最新价格: 64.16
2025-06-08 20:37:42,621 -     最新日期: 2025-06-06
2025-06-08 20:37:42,621 -     下跌趋势: 否
2025-06-08 20:37:42,621 -     高位上影线: 有
2025-06-08 20:37:42,622 -     MA5: 61.04
2025-06-08 20:37:42,622 -     MA20: 57.60
2025-06-08 20:37:42,622 -   ❌ 605123 未通过筛选，原因: 高位上影线
2025-06-08 20:37:43,623 - 
(3/17) 正在分析股票: 688503
2025-06-08 20:37:45,081 -   📊 数据量: 39 天
2025-06-08 20:37:45,084 -   📈 技术分析结果:
2025-06-08 20:37:45,084 -     最新价格: 36.30
2025-06-08 20:37:45,084 -     最新日期: 2025-06-06
2025-06-08 20:37:45,085 -     下跌趋势: 否
2025-06-08 20:37:45,085 -     高位上影线: 有
2025-06-08 20:37:45,085 -     MA5: 33.16
2025-06-08 20:37:45,085 -     MA20: 33.13
2025-06-08 20:37:45,085 -   ❌ 688503 未通过筛选，原因: 高位上影线
2025-06-08 20:37:46,087 - 
(4/17) 正在分析股票: 600715
2025-06-08 20:37:46,349 -   📊 数据量: 38 天
2025-06-08 20:37:46,352 -   📈 技术分析结果:
2025-06-08 20:37:46,352 -     最新价格: 2.41
2025-06-08 20:37:46,352 -     最新日期: 2025-06-06
2025-06-08 20:37:46,353 -     下跌趋势: 否
2025-06-08 20:37:46,353 -     高位上影线: 有
2025-06-08 20:37:46,354 -     MA5: 2.34
2025-06-08 20:37:46,354 -     MA20: 2.31
2025-06-08 20:37:46,354 -   ❌ 600715 未通过筛选，原因: 高位上影线
2025-06-08 20:37:47,355 - 
(5/17) 正在分析股票: 600279
2025-06-08 20:37:51,800 -   📊 数据量: 39 天
2025-06-08 20:37:51,803 -   📈 技术分析结果:
2025-06-08 20:37:51,803 -     最新价格: 6.42
2025-06-08 20:37:51,803 -     最新日期: 2025-06-06
2025-06-08 20:37:51,803 -     下跌趋势: 否
2025-06-08 20:37:51,804 -     高位上影线: 有
2025-06-08 20:37:51,804 -     MA5: 6.20
2025-06-08 20:37:51,804 -     MA20: 6.08
2025-06-08 20:37:51,804 -   ❌ 600279 未通过筛选，原因: 高位上影线
2025-06-08 20:37:52,805 - 
(6/17) 正在分析股票: 301367
2025-06-08 20:37:53,890 -   📊 数据量: 39 天
2025-06-08 20:37:53,891 -   📈 技术分析结果:
2025-06-08 20:37:53,892 -     最新价格: 85.56
2025-06-08 20:37:53,892 -     最新日期: 2025-06-06
2025-06-08 20:37:53,893 -     下跌趋势: 是
2025-06-08 20:37:53,893 -     高位上影线: 有
2025-06-08 20:37:53,893 -     MA5: 83.88
2025-06-08 20:37:53,893 -     MA20: 85.16
2025-06-08 20:37:53,893 -   ❌ 301367 未通过筛选，原因: 下跌趋势, 高位上影线
2025-06-08 20:37:54,894 - 
(7/17) 正在分析股票: 000045
2025-06-08 20:37:55,433 -   📊 数据量: 39 天
2025-06-08 20:37:55,435 -   📈 技术分析结果:
2025-06-08 20:37:55,435 -     最新价格: 11.51
2025-06-08 20:37:55,435 -     最新日期: 2025-06-06
2025-06-08 20:37:55,436 -     下跌趋势: 否
2025-06-08 20:37:55,436 -     高位上影线: 有
2025-06-08 20:37:55,436 -     MA5: 11.22
2025-06-08 20:37:55,437 -     MA20: 10.64
2025-06-08 20:37:55,437 -   ❌ 000045 未通过筛选，原因: 高位上影线
2025-06-08 20:37:56,438 - 
(8/17) 正在分析股票: 688488
2025-06-08 20:37:57,042 -   📊 数据量: 39 天
2025-06-08 20:37:57,045 -   📈 技术分析结果:
2025-06-08 20:37:57,045 -     最新价格: 13.52
2025-06-08 20:37:57,045 -     最新日期: 2025-06-06
2025-06-08 20:37:57,045 -     下跌趋势: 否
2025-06-08 20:37:57,045 -     高位上影线: 有
2025-06-08 20:37:57,046 -     MA5: 13.58
2025-06-08 20:37:57,046 -     MA20: 12.05
2025-06-08 20:37:57,046 -   ❌ 688488 未通过筛选，原因: 高位上影线
2025-06-08 20:37:58,047 - 
(9/17) 正在分析股票: 688518
2025-06-08 20:37:59,439 -   📊 数据量: 39 天
2025-06-08 20:37:59,441 -   📈 技术分析结果:
2025-06-08 20:37:59,441 -     最新价格: 17.91
2025-06-08 20:37:59,442 -     最新日期: 2025-06-06
2025-06-08 20:37:59,442 -     下跌趋势: 否
2025-06-08 20:37:59,443 -     高位上影线: 有
2025-06-08 20:37:59,443 -     MA5: 16.71
2025-06-08 20:37:59,443 -     MA20: 16.40
2025-06-08 20:37:59,443 -   ❌ 688518 未通过筛选，原因: 高位上影线
2025-06-08 20:38:00,444 - 
(10/17) 正在分析股票: 300925
2025-06-08 20:38:03,653 -   📊 数据量: 39 天
2025-06-08 20:38:03,657 -   📈 技术分析结果:
2025-06-08 20:38:03,657 -     最新价格: 22.09
2025-06-08 20:38:03,657 -     最新日期: 2025-06-06
2025-06-08 20:38:03,657 -     下跌趋势: 是
2025-06-08 20:38:03,658 -     高位上影线: 无
2025-06-08 20:38:03,658 -     MA5: 21.13
2025-06-08 20:38:03,658 -     MA20: 21.50
2025-06-08 20:38:03,658 -   ❌ 300925 未通过筛选，原因: 下跌趋势
2025-06-08 20:38:04,659 - 
(11/17) 正在分析股票: 003002
2025-06-08 20:38:04,906 -   📊 数据量: 39 天
2025-06-08 20:38:04,909 -   📈 技术分析结果:
2025-06-08 20:38:04,909 -     最新价格: 27.79
2025-06-08 20:38:04,909 -     最新日期: 2025-06-06
2025-06-08 20:38:04,910 -     下跌趋势: 否
2025-06-08 20:38:04,910 -     高位上影线: 有
2025-06-08 20:38:04,910 -     MA5: 27.01
2025-06-08 20:38:04,910 -     MA20: 26.70
2025-06-08 20:38:04,911 -   ❌ 003002 未通过筛选，原因: 高位上影线
2025-06-08 20:38:05,912 - 
(12/17) 正在分析股票: 002645
2025-06-08 20:38:06,452 -   📊 数据量: 39 天
2025-06-08 20:38:06,455 -   📈 技术分析结果:
2025-06-08 20:38:06,455 -     最新价格: 8.63
2025-06-08 20:38:06,455 -     最新日期: 2025-06-06
2025-06-08 20:38:06,455 -     下跌趋势: 否
2025-06-08 20:38:06,456 -     高位上影线: 有
2025-06-08 20:38:06,456 -     MA5: 8.30
2025-06-08 20:38:06,456 -     MA20: 8.22
2025-06-08 20:38:06,456 -   ❌ 002645 未通过筛选，原因: 高位上影线
2025-06-08 20:38:07,457 - 
(13/17) 正在分析股票: 301500
2025-06-08 20:38:07,814 -   📊 数据量: 39 天
2025-06-08 20:38:07,817 -   📈 技术分析结果:
2025-06-08 20:38:07,817 -     最新价格: 20.80
2025-06-08 20:38:07,817 -     最新日期: 2025-06-06
2025-06-08 20:38:07,817 -     下跌趋势: 否
2025-06-08 20:38:07,817 -     高位上影线: 有
2025-06-08 20:38:07,818 -     MA5: 20.34
2025-06-08 20:38:07,818 -     MA20: 19.87
2025-06-08 20:38:07,819 -   ❌ 301500 未通过筛选，原因: 高位上影线
2025-06-08 20:38:08,819 - 
(14/17) 正在分析股票: 002424
2025-06-08 20:38:11,625 -   📊 数据量: 39 天
2025-06-08 20:38:11,627 -   📈 技术分析结果:
2025-06-08 20:38:11,628 -     最新价格: 4.28
2025-06-08 20:38:11,628 -     最新日期: 2025-06-06
2025-06-08 20:38:11,628 -     下跌趋势: 否
2025-06-08 20:38:11,628 -     高位上影线: 有
2025-06-08 20:38:11,629 -     MA5: 4.11
2025-06-08 20:38:11,629 -     MA20: 4.03
2025-06-08 20:38:11,629 -   ❌ 002424 未通过筛选，原因: 高位上影线
2025-06-08 20:38:12,630 - 
(15/17) 正在分析股票: 300210
2025-06-08 20:38:12,956 -   📊 数据量: 39 天
2025-06-08 20:38:12,959 -   📈 技术分析结果:
2025-06-08 20:38:12,960 -     最新价格: 10.97
2025-06-08 20:38:12,960 -     最新日期: 2025-06-06
2025-06-08 20:38:12,960 -     下跌趋势: 否
2025-06-08 20:38:12,960 -     高位上影线: 无
2025-06-08 20:38:12,960 -     MA5: 10.65
2025-06-08 20:38:12,960 -     MA20: 10.38
2025-06-08 20:38:12,960 -   ✅ 300210 通过技术分析筛选!
2025-06-08 20:38:13,961 - 
(16/17) 正在分析股票: 301303
2025-06-08 20:38:15,327 -   📊 数据量: 39 天
2025-06-08 20:38:15,330 -   📈 技术分析结果:
2025-06-08 20:38:15,330 -     最新价格: 14.09
2025-06-08 20:38:15,331 -     最新日期: 2025-06-06
2025-06-08 20:38:15,331 -     下跌趋势: 否
2025-06-08 20:38:15,331 -     高位上影线: 有
2025-06-08 20:38:15,331 -     MA5: 13.73
2025-06-08 20:38:15,331 -     MA20: 13.49
2025-06-08 20:38:15,332 -   ❌ 301303 未通过筛选，原因: 高位上影线
2025-06-08 20:38:16,332 - 
(17/17) 正在分析股票: 605088
2025-06-08 20:38:16,839 -   📊 数据量: 39 天
2025-06-08 20:38:16,842 -   📈 技术分析结果:
2025-06-08 20:38:16,843 -     最新价格: 36.42
2025-06-08 20:38:16,843 -     最新日期: 2025-06-06
2025-06-08 20:38:16,843 -     下跌趋势: 是
2025-06-08 20:38:16,843 -     高位上影线: 有
2025-06-08 20:38:16,843 -     MA5: 34.92
2025-06-08 20:38:16,844 -     MA20: 36.54
2025-06-08 20:38:16,844 -   ❌ 605088 未通过筛选，原因: 下跌趋势, 高位上影线
2025-06-08 20:38:17,845 - 
============================================================
2025-06-08 20:38:17,845 - 技术分析汇总结果:
2025-06-08 20:38:17,845 - ============================================================
2025-06-08 20:38:17,846 - ❌ 300191 - 未通过: 高位上影线
2025-06-08 20:38:17,846 - ❌ 605123 - 未通过: 高位上影线
2025-06-08 20:38:17,846 - ❌ 688503 - 未通过: 高位上影线
2025-06-08 20:38:17,846 - ❌ 600715 - 未通过: 高位上影线
2025-06-08 20:38:17,846 - ❌ 600279 - 未通过: 高位上影线
2025-06-08 20:38:17,847 - ❌ 301367 - 未通过: 下跌趋势, 高位上影线
2025-06-08 20:38:17,847 - ❌ 000045 - 未通过: 高位上影线
2025-06-08 20:38:17,847 - ❌ 688488 - 未通过: 高位上影线
2025-06-08 20:38:17,847 - ❌ 688518 - 未通过: 高位上影线
2025-06-08 20:38:17,847 - ❌ 300925 - 未通过: 下跌趋势
2025-06-08 20:38:17,847 - ❌ 003002 - 未通过: 高位上影线
2025-06-08 20:38:17,847 - ❌ 002645 - 未通过: 高位上影线
2025-06-08 20:38:17,848 - ❌ 301500 - 未通过: 高位上影线
2025-06-08 20:38:17,848 - ❌ 002424 - 未通过: 高位上影线
2025-06-08 20:38:17,848 - ✅ 300210 - 通过筛选
2025-06-08 20:38:17,848 - ❌ 301303 - 未通过: 高位上影线
2025-06-08 20:38:17,848 - ❌ 605088 - 未通过: 下跌趋势, 高位上影线
2025-06-08 20:38:17,848 - 
最终结果: 1 只股票通过技术分析筛选
2025-06-08 20:38:17,848 - 
符合条件的股票详情:
2025-06-08 20:38:17,849 - 代码: 300210
2025-06-08 20:38:17,849 -   最新价格: 10.97
2025-06-08 20:38:17,849 -   MA5: 10.65
2025-06-08 20:38:17,849 -   MA20: 10.38
2025-06-08 20:38:17,849 -   数据天数: 39
2025-06-08 20:38:17,850 - 🔄 在线获取数据模式
