2025-06-08 20:38:30,030 - 📁 日志将保存到: logs\stock_analysis_20250608_203830.log
2025-06-08 20:38:30,031 - 📁 发现已存在的数据文件: data\stock_pool_data\stock_data_pool20250608.csv
2025-06-08 20:38:30,031 - 🔄 直接加载本地CSV文件
2025-06-08 20:38:30,058 - 准备分析初次筛选出的17 只股票
2025-06-08 20:38:30,059 - 股票代码: ['300191', '605123', '688503', '600715', '600279', '301367', '000045', '688488', '688518', '300925', '003002', '002645', '301500', '002424', '300210', '301303', '605088']
2025-06-08 20:38:30,060 - 数据日期范围: 20250409 到 20250608
2025-06-08 20:38:30,060 - ============================================================
2025-06-08 20:38:30,060 - 
(1/17) 正在分析股票: 300191
2025-06-08 20:38:30,283 -   📊 数据量: 39 天
2025-06-08 20:38:30,285 -   📈 技术分析结果:
2025-06-08 20:38:30,286 -     最新价格: 17.77
2025-06-08 20:38:30,286 -     最新日期: 2025-06-06
2025-06-08 20:38:30,286 -     下跌趋势: 否
2025-06-08 20:38:30,286 -     高位上影线: 有
2025-06-08 20:38:30,286 -     MA5: 17.31
2025-06-08 20:38:30,287 -     MA20: 16.55
2025-06-08 20:38:30,287 -   ❌ 300191 未通过筛选，原因: 高位上影线
2025-06-08 20:38:31,287 - 
(2/17) 正在分析股票: 605123
2025-06-08 20:38:31,481 -   📊 数据量: 39 天
2025-06-08 20:38:31,483 -   📈 技术分析结果:
2025-06-08 20:38:31,484 -     最新价格: 64.16
2025-06-08 20:38:31,484 -     最新日期: 2025-06-06
2025-06-08 20:38:31,484 -     下跌趋势: 否
2025-06-08 20:38:31,484 -     高位上影线: 有
2025-06-08 20:38:31,484 -     MA5: 61.04
2025-06-08 20:38:31,485 -     MA20: 57.60
2025-06-08 20:38:31,485 -   ❌ 605123 未通过筛选，原因: 高位上影线
2025-06-08 20:38:32,485 - 
(3/17) 正在分析股票: 688503
2025-06-08 20:38:32,696 -   📊 数据量: 39 天
2025-06-08 20:38:32,699 -   📈 技术分析结果:
2025-06-08 20:38:32,699 -     最新价格: 36.30
2025-06-08 20:38:32,699 -     最新日期: 2025-06-06
2025-06-08 20:38:32,699 -     下跌趋势: 否
2025-06-08 20:38:32,699 -     高位上影线: 有
2025-06-08 20:38:32,700 -     MA5: 33.16
2025-06-08 20:38:32,700 -     MA20: 33.13
2025-06-08 20:38:32,700 -   ❌ 688503 未通过筛选，原因: 高位上影线
2025-06-08 20:38:33,701 - 
(4/17) 正在分析股票: 600715
2025-06-08 20:38:33,889 -   📊 数据量: 38 天
2025-06-08 20:38:33,891 -   📈 技术分析结果:
2025-06-08 20:38:33,892 -     最新价格: 2.41
2025-06-08 20:38:33,892 -     最新日期: 2025-06-06
2025-06-08 20:38:33,892 -     下跌趋势: 否
2025-06-08 20:38:33,892 -     高位上影线: 有
2025-06-08 20:38:33,893 -     MA5: 2.34
2025-06-08 20:38:33,893 -     MA20: 2.31
2025-06-08 20:38:33,893 -   ❌ 600715 未通过筛选，原因: 高位上影线
2025-06-08 20:38:34,894 - 
(5/17) 正在分析股票: 600279
2025-06-08 20:38:35,112 -   📊 数据量: 39 天
2025-06-08 20:38:35,115 -   📈 技术分析结果:
2025-06-08 20:38:35,115 -     最新价格: 6.42
2025-06-08 20:38:35,115 -     最新日期: 2025-06-06
2025-06-08 20:38:35,116 -     下跌趋势: 否
2025-06-08 20:38:35,116 -     高位上影线: 有
2025-06-08 20:38:35,116 -     MA5: 6.20
2025-06-08 20:38:35,116 -     MA20: 6.08
2025-06-08 20:38:35,116 -   ❌ 600279 未通过筛选，原因: 高位上影线
