2025-06-09 22:48:27,935 - 📁 日志将保存到: logs\stock_analysis_20250609_224827.log
2025-06-09 22:48:27,935 - 📁 发现已存在的数据文件: data\stock_pool_data\stock_data_pool20250609.csv
2025-06-09 22:48:27,936 - 🔄 直接加载本地CSV文件
2025-06-09 22:48:28,169 - 最新交易日: 2025-06-09
2025-06-09 22:48:28,169 - 准备分析初次筛选出的22 只股票
2025-06-09 22:48:28,169 - 股票代码: ['301325', '300067', '688025', '300814', '300005', '688601', '002645', '300201', '301246', '600366', '603091', '300681', '603322', '002095', '603666', '300725', '002827', '300793', '300063', '002122', '603068', '688535']
2025-06-09 22:48:28,170 - 数据日期范围: 20250410 到 20250609
2025-06-09 22:48:28,170 - ============================================================
2025-06-09 22:48:28,170 - 
(1/22) 正在分析股票: 301325
2025-06-09 22:48:28,272 -   📊 数据量: 39 天
2025-06-09 22:48:28,277 -   📈 技术分析结果:
2025-06-09 22:48:28,277 -     最新价格: 56.31
2025-06-09 22:48:28,278 -     最新日期: 2025-06-09
2025-06-09 22:48:28,278 -     下跌趋势: 否
2025-06-09 22:48:28,278 -     高位上影线: 有
2025-06-09 22:48:28,278 -     MA5: 53.86
2025-06-09 22:48:28,278 -     MA20: 55.67
2025-06-09 22:48:28,279 -   ❌ 分析过程出错: name 'volume_analysis' is not defined
2025-06-09 22:48:28,279 - 
(2/22) 正在分析股票: 300067
2025-06-09 22:48:28,548 -   📊 数据量: 39 天
2025-06-09 22:48:28,552 -   📈 技术分析结果:
2025-06-09 22:48:28,552 -     最新价格: 5.89
2025-06-09 22:48:28,553 -     最新日期: 2025-06-09
2025-06-09 22:48:28,553 -     下跌趋势: 否
2025-06-09 22:48:28,553 -     高位上影线: 有
2025-06-09 22:48:28,553 -     MA5: 5.65
2025-06-09 22:48:28,553 -     MA20: 5.53
2025-06-09 22:48:28,553 -   ❌ 300067 未通过筛选，原因: 高位上影线
2025-06-09 22:48:28,554 - 
(3/22) 正在分析股票: 688025
2025-06-09 22:48:28,654 -   📊 数据量: 39 天
2025-06-09 22:48:28,658 -   📈 技术分析结果:
2025-06-09 22:48:28,658 -     最新价格: 55.59
2025-06-09 22:48:28,658 -     最新日期: 2025-06-09
2025-06-09 22:48:28,658 -     下跌趋势: 否
2025-06-09 22:48:28,659 -     高位上影线: 有
2025-06-09 22:48:28,659 -     MA5: 50.10
2025-06-09 22:48:28,659 -     MA20: 50.10
2025-06-09 22:48:28,659 -   ❌ 688025 未通过筛选，原因: 高位上影线
2025-06-09 22:48:28,659 - 
(4/22) 正在分析股票: 300814
2025-06-09 22:48:28,766 -   📊 数据量: 39 天
2025-06-09 22:48:28,770 -   📈 技术分析结果:
2025-06-09 22:48:28,770 -     最新价格: 30.80
2025-06-09 22:48:28,770 -     最新日期: 2025-06-09
2025-06-09 22:48:28,771 -     下跌趋势: 否
2025-06-09 22:48:28,771 -     高位上影线: 有
2025-06-09 22:48:28,771 -     MA5: 28.96
2025-06-09 22:48:28,771 -     MA20: 28.75
2025-06-09 22:48:28,772 -   ❌ 分析过程出错: name 'volume_analysis' is not defined
2025-06-09 22:48:28,772 - 
(5/22) 正在分析股票: 300005
2025-06-09 22:48:28,879 -   📊 数据量: 39 天
2025-06-09 22:48:28,882 -   📈 技术分析结果:
2025-06-09 22:48:28,882 -     最新价格: 9.53
2025-06-09 22:48:28,883 -     最新日期: 2025-06-09
2025-06-09 22:48:28,883 -     下跌趋势: 是
2025-06-09 22:48:28,883 -     高位上影线: 有
2025-06-09 22:48:28,883 -     MA5: 9.29
2025-06-09 22:48:28,883 -     MA20: 9.47
2025-06-09 22:48:28,883 -   ❌ 300005 未通过筛选，原因: 下跌趋势, 高位上影线
2025-06-09 22:48:28,884 - 
(6/22) 正在分析股票: 688601
2025-06-09 22:48:28,984 -   📊 数据量: 39 天
2025-06-09 22:48:28,988 -   📈 技术分析结果:
2025-06-09 22:48:28,988 -     最新价格: 38.40
2025-06-09 22:48:28,988 -     最新日期: 2025-06-09
2025-06-09 22:48:28,988 -     下跌趋势: 否
2025-06-09 22:48:28,989 -     高位上影线: 无
2025-06-09 22:48:28,989 -     MA5: 36.13
2025-06-09 22:48:28,989 -     MA20: 36.06
2025-06-09 22:48:28,989 -   ❌ 分析过程出错: name 'volume_analysis' is not defined
2025-06-09 22:48:28,990 - 
(7/22) 正在分析股票: 002645
2025-06-09 22:48:29,095 -   📊 数据量: 39 天
2025-06-09 22:48:29,098 -   📈 技术分析结果:
2025-06-09 22:48:29,098 -     最新价格: 9.00
2025-06-09 22:48:29,098 -     最新日期: 2025-06-09
2025-06-09 22:48:29,098 -     下跌趋势: 否
2025-06-09 22:48:29,098 -     高位上影线: 有
2025-06-09 22:48:29,099 -     MA5: 8.48
2025-06-09 22:48:29,099 -     MA20: 8.28
2025-06-09 22:48:29,100 -   ❌ 分析过程出错: name 'volume_analysis' is not defined
2025-06-09 22:48:29,100 - 
(8/22) 正在分析股票: 300201
2025-06-09 22:48:29,198 -   📊 数据量: 39 天
2025-06-09 22:48:29,201 -   📈 技术分析结果:
2025-06-09 22:48:29,201 -     最新价格: 5.31
2025-06-09 22:48:29,201 -     最新日期: 2025-06-09
2025-06-09 22:48:29,202 -     下跌趋势: 否
2025-06-09 22:48:29,202 -     高位上影线: 有
2025-06-09 22:48:29,202 -     MA5: 5.10
2025-06-09 22:48:29,202 -     MA20: 5.06
2025-06-09 22:48:29,202 -   ❌ 分析过程出错: name 'volume_analysis' is not defined
2025-06-09 22:48:29,203 - 
(9/22) 正在分析股票: 301246
2025-06-09 22:48:29,314 -   📊 数据量: 39 天
2025-06-09 22:48:29,316 -   📈 技术分析结果:
2025-06-09 22:48:29,317 -     最新价格: 15.19
2025-06-09 22:48:29,317 -     最新日期: 2025-06-09
2025-06-09 22:48:29,317 -     下跌趋势: 否
2025-06-09 22:48:29,317 -     高位上影线: 有
2025-06-09 22:48:29,318 -     MA5: 14.59
2025-06-09 22:48:29,318 -     MA20: 14.02
2025-06-09 22:48:29,318 -   ❌ 分析过程出错: name 'volume_analysis' is not defined
2025-06-09 22:48:29,318 - 
(10/22) 正在分析股票: 600366
2025-06-09 22:48:29,416 -   📊 数据量: 39 天
2025-06-09 22:48:29,418 -   📈 技术分析结果:
2025-06-09 22:48:29,419 -     最新价格: 8.63
2025-06-09 22:48:29,419 -     最新日期: 2025-06-09
2025-06-09 22:48:29,419 -     下跌趋势: 否
2025-06-09 22:48:29,419 -     高位上影线: 有
2025-06-09 22:48:29,419 -     MA5: 8.24
2025-06-09 22:48:29,420 -     MA20: 8.16
2025-06-09 22:48:29,420 -   ❌ 分析过程出错: name 'volume_analysis' is not defined
2025-06-09 22:48:29,420 - 
(11/22) 正在分析股票: 603091
2025-06-09 22:48:29,529 -   📊 数据量: 39 天
2025-06-09 22:48:29,532 -   📈 技术分析结果:
2025-06-09 22:48:29,532 -     最新价格: 52.69
2025-06-09 22:48:29,532 -     最新日期: 2025-06-09
2025-06-09 22:48:29,532 -     下跌趋势: 否
2025-06-09 22:48:29,532 -     高位上影线: 有
2025-06-09 22:48:29,532 -     MA5: 51.34
2025-06-09 22:48:29,533 -     MA20: 49.59
2025-06-09 22:48:29,533 -   ❌ 分析过程出错: name 'volume_analysis' is not defined
2025-06-09 22:48:29,533 - 
(12/22) 正在分析股票: 300681
2025-06-09 22:48:29,636 -   📊 数据量: 39 天
2025-06-09 22:48:29,638 -   📈 技术分析结果:
2025-06-09 22:48:29,638 -     最新价格: 29.67
2025-06-09 22:48:29,639 -     最新日期: 2025-06-09
2025-06-09 22:48:29,639 -     下跌趋势: 是
2025-06-09 22:48:29,639 -     高位上影线: 有
2025-06-09 22:48:29,639 -     MA5: 28.76
2025-06-09 22:48:29,640 -     MA20: 30.12
2025-06-09 22:48:29,640 -   ❌ 分析过程出错: name 'volume_analysis' is not defined
2025-06-09 22:48:29,640 - 
(13/22) 正在分析股票: 603322
2025-06-09 22:48:29,742 -   📊 数据量: 39 天
2025-06-09 22:48:29,745 -   📈 技术分析结果:
2025-06-09 22:48:29,745 -     最新价格: 40.98
2025-06-09 22:48:29,746 -     最新日期: 2025-06-09
2025-06-09 22:48:29,746 -     下跌趋势: 否
2025-06-09 22:48:29,746 -     高位上影线: 无
2025-06-09 22:48:29,746 -     MA5: 39.02
2025-06-09 22:48:29,746 -     MA20: 36.21
2025-06-09 22:48:29,746 -   ❌ 分析过程出错: name 'volume_analysis' is not defined
2025-06-09 22:48:29,747 - 
(14/22) 正在分析股票: 002095
2025-06-09 22:48:29,846 -   📊 数据量: 39 天
2025-06-09 22:48:29,849 -   📈 技术分析结果:
2025-06-09 22:48:29,850 -     最新价格: 19.79
2025-06-09 22:48:29,850 -     最新日期: 2025-06-09
2025-06-09 22:48:29,850 -     下跌趋势: 是
2025-06-09 22:48:29,850 -     高位上影线: 有
2025-06-09 22:48:29,851 -     MA5: 19.26
2025-06-09 22:48:29,851 -     MA20: 19.75
2025-06-09 22:48:29,851 -   ❌ 分析过程出错: name 'volume_analysis' is not defined
2025-06-09 22:48:29,851 - 
(15/22) 正在分析股票: 603666
2025-06-09 22:48:29,950 -   📊 数据量: 39 天
2025-06-09 22:48:29,952 -   📈 技术分析结果:
2025-06-09 22:48:29,952 -     最新价格: 37.40
2025-06-09 22:48:29,953 -     最新日期: 2025-06-09
2025-06-09 22:48:29,953 -     下跌趋势: 否
2025-06-09 22:48:29,953 -     高位上影线: 有
2025-06-09 22:48:29,954 -     MA5: 35.76
2025-06-09 22:48:29,954 -     MA20: 35.23
2025-06-09 22:48:29,954 -   ❌ 603666 未通过筛选，原因: 高位上影线
2025-06-09 22:48:29,954 - 
(16/22) 正在分析股票: 300725
2025-06-09 22:48:30,059 -   📊 数据量: 39 天
2025-06-09 22:48:30,061 -   📈 技术分析结果:
2025-06-09 22:48:30,061 -     最新价格: 36.45
2025-06-09 22:48:30,062 -     最新日期: 2025-06-09
2025-06-09 22:48:30,062 -     下跌趋势: 否
2025-06-09 22:48:30,062 -     高位上影线: 有
2025-06-09 22:48:30,062 -     MA5: 35.67
2025-06-09 22:48:30,062 -     MA20: 33.23
2025-06-09 22:48:30,063 -   ❌ 分析过程出错: name 'volume_analysis' is not defined
2025-06-09 22:48:30,063 - 
(17/22) 正在分析股票: 002827
2025-06-09 22:48:30,184 -   📊 数据量: 39 天
2025-06-09 22:48:30,187 -   📈 技术分析结果:
2025-06-09 22:48:30,187 -     最新价格: 32.15
2025-06-09 22:48:30,188 -     最新日期: 2025-06-09
2025-06-09 22:48:30,188 -     下跌趋势: 否
2025-06-09 22:48:30,188 -     高位上影线: 有
2025-06-09 22:48:30,188 -     MA5: 30.33
2025-06-09 22:48:30,189 -     MA20: 28.92
2025-06-09 22:48:30,189 -   ❌ 002827 未通过筛选，原因: 高位上影线
2025-06-09 22:48:30,189 - 
(18/22) 正在分析股票: 300793
2025-06-09 22:48:30,283 -   📊 数据量: 39 天
2025-06-09 22:48:30,285 -   📈 技术分析结果:
2025-06-09 22:48:30,285 -     最新价格: 17.17
2025-06-09 22:48:30,285 -     最新日期: 2025-06-09
2025-06-09 22:48:30,285 -     下跌趋势: 否
2025-06-09 22:48:30,286 -     高位上影线: 有
2025-06-09 22:48:30,286 -     MA5: 16.58
2025-06-09 22:48:30,286 -     MA20: 16.33
2025-06-09 22:48:30,286 -   ❌ 分析过程出错: name 'volume_analysis' is not defined
2025-06-09 22:48:30,287 - 
(19/22) 正在分析股票: 300063
2025-06-09 22:48:30,473 -   📊 数据量: 39 天
2025-06-09 22:48:30,477 -   📈 技术分析结果:
2025-06-09 22:48:30,478 -     最新价格: 8.35
2025-06-09 22:48:30,478 -     最新日期: 2025-06-09
2025-06-09 22:48:30,478 -     下跌趋势: 是
2025-06-09 22:48:30,478 -     高位上影线: 无
2025-06-09 22:48:30,478 -     MA5: 8.15
2025-06-09 22:48:30,478 -     MA20: 8.35
2025-06-09 22:48:30,478 -   ❌ 分析过程出错: name 'volume_analysis' is not defined
2025-06-09 22:48:30,479 - 
(20/22) 正在分析股票: 002122
2025-06-09 22:48:30,625 -   📊 数据量: 39 天
2025-06-09 22:48:30,628 -   📈 技术分析结果:
2025-06-09 22:48:30,628 -     最新价格: 4.24
2025-06-09 22:48:30,628 -     最新日期: 2025-06-09
2025-06-09 22:48:30,628 -     下跌趋势: 否
2025-06-09 22:48:30,629 -     高位上影线: 有
2025-06-09 22:48:30,629 -     MA5: 4.18
2025-06-09 22:48:30,629 -     MA20: 4.12
2025-06-09 22:48:30,629 -   ❌ 分析过程出错: name 'volume_analysis' is not defined
2025-06-09 22:48:30,630 - 
(21/22) 正在分析股票: 603068
2025-06-09 22:48:30,729 -   📊 数据量: 39 天
2025-06-09 22:48:30,731 -   📈 技术分析结果:
2025-06-09 22:48:30,731 -     最新价格: 35.05
2025-06-09 22:48:30,732 -     最新日期: 2025-06-09
2025-06-09 22:48:30,732 -     下跌趋势: 否
2025-06-09 22:48:30,732 -     高位上影线: 有
2025-06-09 22:48:30,732 -     MA5: 32.80
2025-06-09 22:48:30,733 -     MA20: 32.70
2025-06-09 22:48:30,733 -   ❌ 分析过程出错: name 'volume_analysis' is not defined
2025-06-09 22:48:30,734 - 
(22/22) 正在分析股票: 688535
2025-06-09 22:48:30,869 -   📊 数据量: 39 天
2025-06-09 22:48:30,873 -   📈 技术分析结果:
2025-06-09 22:48:30,873 -     最新价格: 72.80
2025-06-09 22:48:30,873 -     最新日期: 2025-06-09
2025-06-09 22:48:30,873 -     下跌趋势: 否
2025-06-09 22:48:30,874 -     高位上影线: 有
2025-06-09 22:48:30,874 -     MA5: 70.82
2025-06-09 22:48:30,874 -     MA20: 70.02
2025-06-09 22:48:30,874 -   ❌ 分析过程出错: name 'volume_analysis' is not defined
2025-06-09 22:48:30,874 - 
============================================================
2025-06-09 22:48:30,874 - 技术分析汇总结果:
2025-06-09 22:48:30,875 - ============================================================
2025-06-09 22:48:30,875 - ❌ 301325 - 未通过: 高位上影线, 非温和放量
2025-06-09 22:48:30,875 - ⚠️ 301325 - 错误: name 'volume_analysis' is not defined
2025-06-09 22:48:30,875 - ❌ 300067 - 未通过: 高位上影线
2025-06-09 22:48:30,875 - ❌ 688025 - 未通过: 高位上影线
2025-06-09 22:48:30,875 - ❌ 300814 - 未通过: 高位上影线, 非温和放量
2025-06-09 22:48:30,875 - ⚠️ 300814 - 错误: name 'volume_analysis' is not defined
2025-06-09 22:48:30,875 - ❌ 300005 - 未通过: 下跌趋势, 高位上影线
2025-06-09 22:48:30,876 - ❌ 688601 - 未通过: 非温和放量
2025-06-09 22:48:30,876 - ⚠️ 688601 - 错误: name 'volume_analysis' is not defined
2025-06-09 22:48:30,876 - ❌ 002645 - 未通过: 高位上影线, 非温和放量
2025-06-09 22:48:30,876 - ⚠️ 002645 - 错误: name 'volume_analysis' is not defined
2025-06-09 22:48:30,876 - ❌ 300201 - 未通过: 高位上影线, 非温和放量
2025-06-09 22:48:30,876 - ⚠️ 300201 - 错误: name 'volume_analysis' is not defined
2025-06-09 22:48:30,877 - ❌ 301246 - 未通过: 高位上影线, 非温和放量
2025-06-09 22:48:30,877 - ⚠️ 301246 - 错误: name 'volume_analysis' is not defined
2025-06-09 22:48:30,877 - ❌ 600366 - 未通过: 高位上影线, 非温和放量
2025-06-09 22:48:30,877 - ⚠️ 600366 - 错误: name 'volume_analysis' is not defined
2025-06-09 22:48:30,877 - ❌ 603091 - 未通过: 高位上影线, 非温和放量
2025-06-09 22:48:30,877 - ⚠️ 603091 - 错误: name 'volume_analysis' is not defined
2025-06-09 22:48:30,877 - ❌ 300681 - 未通过: 下跌趋势, 高位上影线, 非温和放量
2025-06-09 22:48:30,877 - ⚠️ 300681 - 错误: name 'volume_analysis' is not defined
2025-06-09 22:48:30,877 - ❌ 603322 - 未通过: 非温和放量
2025-06-09 22:48:30,878 - ⚠️ 603322 - 错误: name 'volume_analysis' is not defined
2025-06-09 22:48:30,878 - ❌ 002095 - 未通过: 下跌趋势, 高位上影线, 非温和放量
2025-06-09 22:48:30,878 - ⚠️ 002095 - 错误: name 'volume_analysis' is not defined
2025-06-09 22:48:30,878 - ❌ 603666 - 未通过: 高位上影线
2025-06-09 22:48:30,878 - ❌ 300725 - 未通过: 高位上影线, 非温和放量
2025-06-09 22:48:30,878 - ⚠️ 300725 - 错误: name 'volume_analysis' is not defined
2025-06-09 22:48:30,878 - ❌ 002827 - 未通过: 高位上影线
2025-06-09 22:48:30,879 - ❌ 300793 - 未通过: 高位上影线, 非温和放量
2025-06-09 22:48:30,879 - ⚠️ 300793 - 错误: name 'volume_analysis' is not defined
2025-06-09 22:48:30,879 - ❌ 300063 - 未通过: 下跌趋势, 非温和放量
2025-06-09 22:48:30,879 - ⚠️ 300063 - 错误: name 'volume_analysis' is not defined
2025-06-09 22:48:30,879 - ❌ 002122 - 未通过: 高位上影线, 非温和放量
2025-06-09 22:48:30,880 - ⚠️ 002122 - 错误: name 'volume_analysis' is not defined
2025-06-09 22:48:30,880 - ❌ 603068 - 未通过: 高位上影线, 非温和放量
2025-06-09 22:48:30,880 - ⚠️ 603068 - 错误: name 'volume_analysis' is not defined
2025-06-09 22:48:30,881 - ❌ 688535 - 未通过: 高位上影线, 非温和放量
2025-06-09 22:48:30,881 - ⚠️ 688535 - 错误: name 'volume_analysis' is not defined
2025-06-09 22:48:30,881 - 
最终结果: 0 只股票通过技术分析筛选
