2025-06-08 00:08:48,279 - 📁 日志将保存到: logs\stock_analysis_20250608_000848.log
2025-06-08 00:08:48,281 - ❌ 未找到当天数据文件: data\stock_pool_data\stock_data_pool20250608.csv
2025-06-08 00:08:48,281 - 🌐 正在从网络获取股票池数据...
2025-06-08 00:08:54,338 - 💾 数据已保存到: data\stock_pool_data\stock_data_pool20250608.csv
2025-06-08 00:08:54,340 - 准备分析初次筛选出的17 只股票
2025-06-08 00:08:54,340 - 股票代码: ['300191', '605123', '688503', '600715', '600279', '301367', '000045', '688488', '688518', '300925', '003002', '002645', '301500', '002424', '300210', '301303', '605088']
2025-06-08 00:08:54,341 - 数据日期范围: 20250409 到 20250608
2025-06-08 00:08:54,341 - ============================================================
2025-06-08 00:08:54,341 - 
(1/17) 正在分析股票: 300191
2025-06-08 00:08:54,441 -   📊 数据量: 39 天
2025-06-08 00:08:54,443 -   📈 技术分析结果:
2025-06-08 00:08:54,443 -     最新价格: 17.77
2025-06-08 00:08:54,444 -     最新日期: 2025-06-06
2025-06-08 00:08:54,444 -     下跌趋势: 否
2025-06-08 00:08:54,444 -     高位上影线: 是
2025-06-08 00:08:54,444 -     MA5: 17.31
2025-06-08 00:08:54,444 -     MA20: 16.55
2025-06-08 00:08:54,445 -   ❌ 300191 未通过筛选，原因: 高位上影线
2025-06-08 00:08:55,445 - 
(2/17) 正在分析股票: 605123
2025-06-08 00:08:55,538 -   📊 数据量: 39 天
2025-06-08 00:08:55,540 -   📈 技术分析结果:
2025-06-08 00:08:55,540 -     最新价格: 64.16
2025-06-08 00:08:55,540 -     最新日期: 2025-06-06
2025-06-08 00:08:55,540 -     下跌趋势: 否
2025-06-08 00:08:55,540 -     高位上影线: 是
2025-06-08 00:08:55,540 -     MA5: 61.04
2025-06-08 00:08:55,540 -     MA20: 57.60
2025-06-08 00:08:55,541 -   ❌ 605123 未通过筛选，原因: 高位上影线
2025-06-08 00:08:56,541 - 
(3/17) 正在分析股票: 688503
2025-06-08 00:08:56,646 -   📊 数据量: 39 天
2025-06-08 00:08:56,648 -   📈 技术分析结果:
2025-06-08 00:08:56,649 -     最新价格: 36.30
2025-06-08 00:08:56,649 -     最新日期: 2025-06-06
2025-06-08 00:08:56,649 -     下跌趋势: 否
2025-06-08 00:08:56,649 -     高位上影线: 是
2025-06-08 00:08:56,649 -     MA5: 33.16
2025-06-08 00:08:56,649 -     MA20: 33.13
2025-06-08 00:08:56,649 -   ❌ 688503 未通过筛选，原因: 高位上影线
2025-06-08 00:08:57,650 - 
(4/17) 正在分析股票: 600715
2025-06-08 00:08:57,734 -   📊 数据量: 38 天
2025-06-08 00:08:57,735 -   📈 技术分析结果:
2025-06-08 00:08:57,736 -     最新价格: 2.41
2025-06-08 00:08:57,736 -     最新日期: 2025-06-06
2025-06-08 00:08:57,737 -     下跌趋势: 否
2025-06-08 00:08:57,737 -     高位上影线: 是
2025-06-08 00:08:57,737 -     MA5: 2.34
2025-06-08 00:08:57,737 -     MA20: 2.31
2025-06-08 00:08:57,737 -   ❌ 600715 未通过筛选，原因: 高位上影线
2025-06-08 00:08:58,738 - 
(5/17) 正在分析股票: 600279
2025-06-08 00:08:58,846 -   📊 数据量: 39 天
2025-06-08 00:08:58,848 -   📈 技术分析结果:
2025-06-08 00:08:58,848 -     最新价格: 6.42
2025-06-08 00:08:58,848 -     最新日期: 2025-06-06
2025-06-08 00:08:58,848 -     下跌趋势: 否
2025-06-08 00:08:58,849 -     高位上影线: 是
2025-06-08 00:08:58,849 -     MA5: 6.20
2025-06-08 00:08:58,849 -     MA20: 6.08
2025-06-08 00:08:58,849 -   ❌ 600279 未通过筛选，原因: 高位上影线
2025-06-08 00:08:59,850 - 
(6/17) 正在分析股票: 301367
2025-06-08 00:08:59,935 -   📊 数据量: 39 天
2025-06-08 00:08:59,937 -   📈 技术分析结果:
2025-06-08 00:08:59,937 -     最新价格: 85.56
2025-06-08 00:08:59,937 -     最新日期: 2025-06-06
2025-06-08 00:08:59,937 -     下跌趋势: 是
2025-06-08 00:08:59,938 -     高位上影线: 是
2025-06-08 00:08:59,938 -     MA5: 83.88
2025-06-08 00:08:59,939 -     MA20: 85.16
2025-06-08 00:08:59,939 -   ❌ 301367 未通过筛选，原因: 下跌趋势, 高位上影线
2025-06-08 00:09:00,939 - 
(7/17) 正在分析股票: 000045
2025-06-08 00:09:01,039 -   📊 数据量: 39 天
2025-06-08 00:09:01,041 -   📈 技术分析结果:
2025-06-08 00:09:01,041 -     最新价格: 11.51
2025-06-08 00:09:01,041 -     最新日期: 2025-06-06
2025-06-08 00:09:01,041 -     下跌趋势: 否
2025-06-08 00:09:01,041 -     高位上影线: 是
2025-06-08 00:09:01,042 -     MA5: 11.22
2025-06-08 00:09:01,042 -     MA20: 10.64
2025-06-08 00:09:01,042 -   ❌ 000045 未通过筛选，原因: 高位上影线
2025-06-08 00:09:02,043 - 
(8/17) 正在分析股票: 688488
2025-06-08 00:09:02,138 -   📊 数据量: 39 天
2025-06-08 00:09:02,139 -   📈 技术分析结果:
2025-06-08 00:09:02,140 -     最新价格: 13.52
2025-06-08 00:09:02,140 -     最新日期: 2025-06-06
2025-06-08 00:09:02,140 -     下跌趋势: 否
2025-06-08 00:09:02,140 -     高位上影线: 是
2025-06-08 00:09:02,140 -     MA5: 13.58
2025-06-08 00:09:02,140 -     MA20: 12.05
2025-06-08 00:09:02,140 -   ❌ 688488 未通过筛选，原因: 高位上影线
2025-06-08 00:09:03,142 - 
(9/17) 正在分析股票: 688518
2025-06-08 00:09:03,234 -   📊 数据量: 39 天
2025-06-08 00:09:03,236 -   📈 技术分析结果:
2025-06-08 00:09:03,236 -     最新价格: 17.91
2025-06-08 00:09:03,237 -     最新日期: 2025-06-06
2025-06-08 00:09:03,237 -     下跌趋势: 否
2025-06-08 00:09:03,237 -     高位上影线: 是
2025-06-08 00:09:03,237 -     MA5: 16.71
2025-06-08 00:09:03,237 -     MA20: 16.40
2025-06-08 00:09:03,237 -   ❌ 688518 未通过筛选，原因: 高位上影线
2025-06-08 00:09:04,238 - 
(10/17) 正在分析股票: 300925
2025-06-08 00:09:04,331 -   📊 数据量: 39 天
2025-06-08 00:09:04,333 -   📈 技术分析结果:
2025-06-08 00:09:04,333 -     最新价格: 22.09
2025-06-08 00:09:04,333 -     最新日期: 2025-06-06
2025-06-08 00:09:04,333 -     下跌趋势: 是
2025-06-08 00:09:04,333 -     高位上影线: 否
2025-06-08 00:09:04,334 -     MA5: 21.13
2025-06-08 00:09:04,334 -     MA20: 21.50
2025-06-08 00:09:04,334 -   ❌ 300925 未通过筛选，原因: 下跌趋势
2025-06-08 00:09:05,335 - 
(11/17) 正在分析股票: 003002
2025-06-08 00:09:05,443 -   📊 数据量: 39 天
2025-06-08 00:09:05,444 -   📈 技术分析结果:
2025-06-08 00:09:05,444 -     最新价格: 27.79
2025-06-08 00:09:05,444 -     最新日期: 2025-06-06
2025-06-08 00:09:05,445 -     下跌趋势: 否
2025-06-08 00:09:05,445 -     高位上影线: 是
2025-06-08 00:09:05,445 -     MA5: 27.01
2025-06-08 00:09:05,445 -     MA20: 26.70
2025-06-08 00:09:05,445 -   ❌ 003002 未通过筛选，原因: 高位上影线
2025-06-08 00:09:06,446 - 
(12/17) 正在分析股票: 002645
2025-06-08 00:09:06,546 -   📊 数据量: 39 天
2025-06-08 00:09:06,548 -   📈 技术分析结果:
2025-06-08 00:09:06,548 -     最新价格: 8.63
2025-06-08 00:09:06,548 -     最新日期: 2025-06-06
2025-06-08 00:09:06,548 -     下跌趋势: 否
2025-06-08 00:09:06,548 -     高位上影线: 是
2025-06-08 00:09:06,549 -     MA5: 8.30
2025-06-08 00:09:06,549 -     MA20: 8.22
2025-06-08 00:09:06,549 -   ❌ 002645 未通过筛选，原因: 高位上影线
2025-06-08 00:09:07,550 - 
(13/17) 正在分析股票: 301500
2025-06-08 00:09:07,646 -   📊 数据量: 39 天
2025-06-08 00:09:07,647 -   📈 技术分析结果:
2025-06-08 00:09:07,648 -     最新价格: 20.80
2025-06-08 00:09:07,648 -     最新日期: 2025-06-06
2025-06-08 00:09:07,648 -     下跌趋势: 否
2025-06-08 00:09:07,648 -     高位上影线: 是
2025-06-08 00:09:07,648 -     MA5: 20.34
2025-06-08 00:09:07,648 -     MA20: 19.87
2025-06-08 00:09:07,648 -   ❌ 301500 未通过筛选，原因: 高位上影线
2025-06-08 00:09:08,649 - 
(14/17) 正在分析股票: 002424
2025-06-08 00:09:08,759 -   📊 数据量: 39 天
2025-06-08 00:09:08,760 -   📈 技术分析结果:
2025-06-08 00:09:08,760 -     最新价格: 4.28
2025-06-08 00:09:08,761 -     最新日期: 2025-06-06
2025-06-08 00:09:08,761 -     下跌趋势: 否
2025-06-08 00:09:08,761 -     高位上影线: 是
2025-06-08 00:09:08,761 -     MA5: 4.11
2025-06-08 00:09:08,761 -     MA20: 4.03
2025-06-08 00:09:08,761 -   ❌ 002424 未通过筛选，原因: 高位上影线
2025-06-08 00:09:09,762 - 
(15/17) 正在分析股票: 300210
2025-06-08 00:09:09,865 -   📊 数据量: 39 天
2025-06-08 00:09:09,866 -   📈 技术分析结果:
2025-06-08 00:09:09,866 -     最新价格: 10.97
2025-06-08 00:09:09,867 -     最新日期: 2025-06-06
2025-06-08 00:09:09,867 -     下跌趋势: 否
2025-06-08 00:09:09,867 -     高位上影线: 是
2025-06-08 00:09:09,867 -     MA5: 10.65
2025-06-08 00:09:09,867 -     MA20: 10.38
2025-06-08 00:09:09,867 -   ❌ 300210 未通过筛选，原因: 高位上影线
2025-06-08 00:09:10,868 - 
(16/17) 正在分析股票: 301303
2025-06-08 00:09:10,962 -   📊 数据量: 39 天
2025-06-08 00:09:10,963 -   📈 技术分析结果:
2025-06-08 00:09:10,964 -     最新价格: 14.09
2025-06-08 00:09:10,964 -     最新日期: 2025-06-06
2025-06-08 00:09:10,964 -     下跌趋势: 否
2025-06-08 00:09:10,964 -     高位上影线: 是
2025-06-08 00:09:10,964 -     MA5: 13.73
2025-06-08 00:09:10,964 -     MA20: 13.49
2025-06-08 00:09:10,965 -   ❌ 301303 未通过筛选，原因: 高位上影线
2025-06-08 00:09:11,966 - 
(17/17) 正在分析股票: 605088
2025-06-08 00:09:12,084 -   📊 数据量: 39 天
2025-06-08 00:09:12,086 -   📈 技术分析结果:
2025-06-08 00:09:12,086 -     最新价格: 36.42
2025-06-08 00:09:12,086 -     最新日期: 2025-06-06
2025-06-08 00:09:12,086 -     下跌趋势: 是
2025-06-08 00:09:12,086 -     高位上影线: 是
2025-06-08 00:09:12,087 -     MA5: 34.92
2025-06-08 00:09:12,087 -     MA20: 36.54
2025-06-08 00:09:12,087 -   ❌ 605088 未通过筛选，原因: 下跌趋势, 高位上影线
2025-06-08 00:09:13,088 - 
============================================================
2025-06-08 00:09:13,088 - 技术分析汇总结果:
2025-06-08 00:09:13,088 - ============================================================
2025-06-08 00:09:13,088 - ❌ 300191 - 未通过: 高位上影线
2025-06-08 00:09:13,088 - ❌ 605123 - 未通过: 高位上影线
2025-06-08 00:09:13,090 - ❌ 688503 - 未通过: 高位上影线
2025-06-08 00:09:13,090 - ❌ 600715 - 未通过: 高位上影线
2025-06-08 00:09:13,090 - ❌ 600279 - 未通过: 高位上影线
2025-06-08 00:09:13,090 - ❌ 301367 - 未通过: 下跌趋势, 高位上影线
2025-06-08 00:09:13,090 - ❌ 000045 - 未通过: 高位上影线
2025-06-08 00:09:13,090 - ❌ 688488 - 未通过: 高位上影线
2025-06-08 00:09:13,090 - ❌ 688518 - 未通过: 高位上影线
2025-06-08 00:09:13,090 - ❌ 300925 - 未通过: 下跌趋势
2025-06-08 00:09:13,091 - ❌ 003002 - 未通过: 高位上影线
2025-06-08 00:09:13,091 - ❌ 002645 - 未通过: 高位上影线
2025-06-08 00:09:13,091 - ❌ 301500 - 未通过: 高位上影线
2025-06-08 00:09:13,091 - ❌ 002424 - 未通过: 高位上影线
2025-06-08 00:09:13,091 - ❌ 300210 - 未通过: 高位上影线
2025-06-08 00:09:13,091 - ❌ 301303 - 未通过: 高位上影线
2025-06-08 00:09:13,091 - ❌ 605088 - 未通过: 下跌趋势, 高位上影线
2025-06-08 00:09:13,092 - 
最终结果: 0 只股票通过技术分析筛选
2025-06-08 00:09:13,092 - 🔄 在线获取数据模式
