2025-06-10 22:28:52,882 - 📁 日志将保存到: logs\stock_analysis_20250610_222852.log
2025-06-10 22:28:52,882 - ❌ 未找到当天数据文件: data\stock_pool_data\stock_data_pool20250610.csv
2025-06-10 22:28:52,883 - 🌐 正在从网络获取股票池数据...
2025-06-10 22:28:58,781 - 💾 数据已保存到: data\stock_pool_data\stock_data_pool20250610.csv
2025-06-10 22:28:59,138 - 最新交易日: 2025-06-10
2025-06-10 22:28:59,138 - 准备分析初次筛选出的22 只股票
2025-06-10 22:28:59,138 - 股票代码: ['600691', '600397', '002647', '300770', '605123', '301048', '300087', '300143', '000524', '301206', '300099', '000767', '301058', '300147', '603162', '688236', '601500', '300769', '300617', '688025', '688535', '600501']
2025-06-10 22:28:59,139 - 数据日期范围: 20250411 到 20250610
2025-06-10 22:28:59,139 - ============================================================
2025-06-10 22:28:59,139 - 
(1/22) 正在分析股票: 600691
2025-06-10 22:28:59,345 -   📊 数据量: 39 天
2025-06-10 22:28:59,350 -   📈 技术分析结果:
2025-06-10 22:28:59,350 -     最新价格: 2.32
2025-06-10 22:28:59,350 -     最新日期: 2025-06-10
2025-06-10 22:28:59,351 -     下跌趋势: 否
2025-06-10 22:28:59,351 -     高位上影线: 无
2025-06-10 22:28:59,351 -     温和放量: 否
2025-06-10 22:28:59,351 -     量比: 6.24
2025-06-10 22:28:59,351 -     放量原因: 成交量过大，量比6.24超过1.8
2025-06-10 22:28:59,352 -     MA5: 2.21
2025-06-10 22:28:59,352 -     MA20: 2.20
2025-06-10 22:28:59,352 -   ❌ 600691 未通过筛选，原因: 非温和放量(成交量过大，量比6.24超过1.8)
2025-06-10 22:29:00,353 - 
(2/22) 正在分析股票: 600397
2025-06-10 22:29:00,536 -   📊 数据量: 39 天
2025-06-10 22:29:00,540 -   📈 技术分析结果:
2025-06-10 22:29:00,541 -     最新价格: 6.13
2025-06-10 22:29:00,541 -     最新日期: 2025-06-10
2025-06-10 22:29:00,541 -     下跌趋势: 否
2025-06-10 22:29:00,541 -     高位上影线: 有
2025-06-10 22:29:00,541 -     温和放量: 否
2025-06-10 22:29:00,541 -     量比: 2.28
2025-06-10 22:29:00,542 -     放量原因: 成交量过大，量比2.28超过1.8
2025-06-10 22:29:00,542 -     MA5: 5.69
2025-06-10 22:29:00,542 -     MA20: 5.56
2025-06-10 22:29:00,542 -   ❌ 600397 未通过筛选，原因: 高位上影线, 非温和放量(成交量过大，量比2.28超过1.8)
2025-06-10 22:29:01,544 - 
(3/22) 正在分析股票: 002647
2025-06-10 22:29:01,730 -   📊 数据量: 39 天
2025-06-10 22:29:01,733 -   📈 技术分析结果:
2025-06-10 22:29:01,733 -     最新价格: 5.54
2025-06-10 22:29:01,734 -     最新日期: 2025-06-10
2025-06-10 22:29:01,734 -     下跌趋势: 否
2025-06-10 22:29:01,734 -     高位上影线: 有
2025-06-10 22:29:01,734 -     温和放量: 否
2025-06-10 22:29:01,734 -     量比: 2.86
2025-06-10 22:29:01,735 -     放量原因: 成交量过大，量比2.86超过1.8
2025-06-10 22:29:01,735 -     MA5: 5.27
2025-06-10 22:29:01,735 -     MA20: 5.18
2025-06-10 22:29:01,735 -   ❌ 002647 未通过筛选，原因: 高位上影线, 非温和放量(成交量过大，量比2.86超过1.8)
2025-06-10 22:29:02,736 - 
(4/22) 正在分析股票: 300770
2025-06-10 22:29:02,913 -   📊 数据量: 39 天
2025-06-10 22:29:02,916 -   📈 技术分析结果:
2025-06-10 22:29:02,916 -     最新价格: 42.97
2025-06-10 22:29:02,916 -     最新日期: 2025-06-10
2025-06-10 22:29:02,916 -     下跌趋势: 否
2025-06-10 22:29:02,917 -     高位上影线: 有
2025-06-10 22:29:02,917 -     温和放量: 否
2025-06-10 22:29:02,917 -     量比: 2.41
2025-06-10 22:29:02,917 -     放量原因: 成交量过大，量比2.41超过1.8
2025-06-10 22:29:02,917 -     MA5: 41.12
2025-06-10 22:29:02,918 -     MA20: 39.34
2025-06-10 22:29:02,918 -   ❌ 300770 未通过筛选，原因: 高位上影线, 非温和放量(成交量过大，量比2.41超过1.8)
2025-06-10 22:29:03,918 - 
(5/22) 正在分析股票: 605123
2025-06-10 22:29:04,111 -   📊 数据量: 39 天
2025-06-10 22:29:04,113 -   📈 技术分析结果:
2025-06-10 22:29:04,114 -     最新价格: 66.72
2025-06-10 22:29:04,114 -     最新日期: 2025-06-10
2025-06-10 22:29:04,115 -     下跌趋势: 否
2025-06-10 22:29:04,115 -     高位上影线: 有
2025-06-10 22:29:04,115 -     温和放量: 是
2025-06-10 22:29:04,115 -     量比: 1.61
2025-06-10 22:29:04,115 -     放量原因: 温和放量，量比1.61
2025-06-10 22:29:04,116 -     MA5: 63.16
2025-06-10 22:29:04,116 -     MA20: 58.06
2025-06-10 22:29:04,116 -   ❌ 605123 未通过筛选，原因: 高位上影线
2025-06-10 22:29:05,116 - 
(6/22) 正在分析股票: 301048
2025-06-10 22:29:05,336 -   📊 数据量: 39 天
2025-06-10 22:29:05,338 -   📈 技术分析结果:
2025-06-10 22:29:05,339 -     最新价格: 11.09
2025-06-10 22:29:05,339 -     最新日期: 2025-06-10
2025-06-10 22:29:05,339 -     下跌趋势: 否
2025-06-10 22:29:05,339 -     高位上影线: 有
2025-06-10 22:29:05,340 -     温和放量: 否
2025-06-10 22:29:05,340 -     量比: 2.05
2025-06-10 22:29:05,340 -     放量原因: 成交量过大，量比2.05超过1.8
2025-06-10 22:29:05,340 -     MA5: 10.61
2025-06-10 22:29:05,341 -     MA20: 10.24
2025-06-10 22:29:05,341 -   ❌ 301048 未通过筛选，原因: 高位上影线, 非温和放量(成交量过大，量比2.05超过1.8)
2025-06-10 22:29:06,342 - 
(7/22) 正在分析股票: 300087
2025-06-10 22:29:06,511 -   📊 数据量: 39 天
2025-06-10 22:29:06,514 -   📈 技术分析结果:
2025-06-10 22:29:06,515 -     最新价格: 9.59
2025-06-10 22:29:06,515 -     最新日期: 2025-06-10
2025-06-10 22:29:06,515 -     下跌趋势: 否
2025-06-10 22:29:06,515 -     高位上影线: 无
2025-06-10 22:29:06,515 -     温和放量: 否
2025-06-10 22:29:06,516 -     量比: 4.83
2025-06-10 22:29:06,516 -     放量原因: 成交量过大，量比4.83超过1.8
2025-06-10 22:29:06,516 -     MA5: 9.28
2025-06-10 22:29:06,516 -     MA20: 9.22
2025-06-10 22:29:06,516 -   ❌ 300087 未通过筛选，原因: 非温和放量(成交量过大，量比4.83超过1.8)
2025-06-10 22:29:07,517 - 
(8/22) 正在分析股票: 300143
2025-06-10 22:29:07,699 -   📊 数据量: 39 天
2025-06-10 22:29:07,702 -   📈 技术分析结果:
2025-06-10 22:29:07,702 -     最新价格: 9.94
2025-06-10 22:29:07,702 -     最新日期: 2025-06-10
2025-06-10 22:29:07,703 -     下跌趋势: 否
2025-06-10 22:29:07,703 -     高位上影线: 无
2025-06-10 22:29:07,704 -     温和放量: 否
2025-06-10 22:29:07,704 -     量比: 6.03
2025-06-10 22:29:07,704 -     放量原因: 成交量过大，量比6.03超过1.8
2025-06-10 22:29:07,704 -     MA5: 9.53
2025-06-10 22:29:07,704 -     MA20: 9.34
2025-06-10 22:29:07,705 -   ❌ 300143 未通过筛选，原因: 非温和放量(成交量过大，量比6.03超过1.8)
2025-06-10 22:29:08,705 - 
(9/22) 正在分析股票: 000524
2025-06-10 22:29:08,892 -   📊 数据量: 39 天
2025-06-10 22:29:08,895 -   📈 技术分析结果:
2025-06-10 22:29:08,895 -     最新价格: 12.41
2025-06-10 22:29:08,895 -     最新日期: 2025-06-10
2025-06-10 22:29:08,896 -     下跌趋势: 是
2025-06-10 22:29:08,896 -     高位上影线: 无
2025-06-10 22:29:08,897 -     温和放量: 否
2025-06-10 22:29:08,897 -     量比: 2.82
2025-06-10 22:29:08,897 -     放量原因: 成交量过大，量比2.82超过1.8
2025-06-10 22:29:08,897 -     MA5: 11.89
2025-06-10 22:29:08,897 -     MA20: 12.02
2025-06-10 22:29:08,898 -   ❌ 000524 未通过筛选，原因: 下跌趋势, 非温和放量(成交量过大，量比2.82超过1.8)
2025-06-10 22:29:09,898 - 
(10/22) 正在分析股票: 301206
2025-06-10 22:29:10,083 -   📊 数据量: 39 天
2025-06-10 22:29:10,086 -   📈 技术分析结果:
2025-06-10 22:29:10,086 -     最新价格: 31.14
2025-06-10 22:29:10,086 -     最新日期: 2025-06-10
2025-06-10 22:29:10,086 -     下跌趋势: 否
2025-06-10 22:29:10,086 -     高位上影线: 有
2025-06-10 22:29:10,086 -     温和放量: 是
2025-06-10 22:29:10,086 -     量比: 1.79
2025-06-10 22:29:10,087 -     放量原因: 温和放量，量比1.79
2025-06-10 22:29:10,087 -     MA5: 30.04
2025-06-10 22:29:10,087 -     MA20: 29.01
2025-06-10 22:29:10,087 -   ❌ 301206 未通过筛选，原因: 高位上影线
2025-06-10 22:29:11,088 - 
(11/22) 正在分析股票: 300099
2025-06-10 22:29:11,271 -   📊 数据量: 39 天
2025-06-10 22:29:11,274 -   📈 技术分析结果:
2025-06-10 22:29:11,274 -     最新价格: 7.02
2025-06-10 22:29:11,275 -     最新日期: 2025-06-10
2025-06-10 22:29:11,275 -     下跌趋势: 否
2025-06-10 22:29:11,275 -     高位上影线: 有
2025-06-10 22:29:11,275 -     温和放量: 否
2025-06-10 22:29:11,275 -     量比: 3.00
2025-06-10 22:29:11,275 -     放量原因: 成交量过大，量比3.00超过1.8
2025-06-10 22:29:11,276 -     MA5: 6.81
2025-06-10 22:29:11,276 -     MA20: 6.70
2025-06-10 22:29:11,276 -   ❌ 300099 未通过筛选，原因: 高位上影线, 非温和放量(成交量过大，量比3.00超过1.8)
2025-06-10 22:29:12,276 - 
(12/22) 正在分析股票: 000767
2025-06-10 22:29:12,446 -   📊 数据量: 39 天
2025-06-10 22:29:12,449 -   📈 技术分析结果:
2025-06-10 22:29:12,449 -     最新价格: 3.05
2025-06-10 22:29:12,449 -     最新日期: 2025-06-10
2025-06-10 22:29:12,449 -     下跌趋势: 是
2025-06-10 22:29:12,449 -     高位上影线: 有
2025-06-10 22:29:12,450 -     温和放量: 否
2025-06-10 22:29:12,450 -     量比: 3.08
2025-06-10 22:29:12,451 -     放量原因: 成交量过大，量比3.08超过1.8
2025-06-10 22:29:12,451 -     MA5: 2.94
2025-06-10 22:29:12,451 -     MA20: 3.11
2025-06-10 22:29:12,451 -   ❌ 000767 未通过筛选，原因: 下跌趋势, 高位上影线, 非温和放量(成交量过大，量比3.08超过1.8)
2025-06-10 22:29:13,452 - 
(13/22) 正在分析股票: 301058
2025-06-10 22:29:13,634 -   📊 数据量: 39 天
2025-06-10 22:29:13,637 -   📈 技术分析结果:
2025-06-10 22:29:13,637 -     最新价格: 11.53
2025-06-10 22:29:13,637 -     最新日期: 2025-06-10
2025-06-10 22:29:13,637 -     下跌趋势: 否
2025-06-10 22:29:13,638 -     高位上影线: 无
2025-06-10 22:29:13,638 -     温和放量: 否
2025-06-10 22:29:13,638 -     量比: 4.17
2025-06-10 22:29:13,638 -     放量原因: 成交量过大，量比4.17超过1.8
2025-06-10 22:29:13,638 -     MA5: 11.10
2025-06-10 22:29:13,638 -     MA20: 10.95
2025-06-10 22:29:13,638 -   ❌ 301058 未通过筛选，原因: 非温和放量(成交量过大，量比4.17超过1.8)
2025-06-10 22:29:14,639 - 
(14/22) 正在分析股票: 300147
2025-06-10 22:29:14,809 -   📊 数据量: 39 天
2025-06-10 22:29:14,813 -   📈 技术分析结果:
2025-06-10 22:29:14,813 -     最新价格: 8.68
2025-06-10 22:29:14,813 -     最新日期: 2025-06-10
2025-06-10 22:29:14,813 -     下跌趋势: 是
2025-06-10 22:29:14,813 -     高位上影线: 有
2025-06-10 22:29:14,813 -     温和放量: 是
2025-06-10 22:29:14,814 -     量比: 1.46
2025-06-10 22:29:14,814 -     放量原因: 温和放量，量比1.46
2025-06-10 22:29:14,814 -     MA5: 8.36
2025-06-10 22:29:14,814 -     MA20: 8.42
2025-06-10 22:29:14,814 -   ❌ 300147 未通过筛选，原因: 下跌趋势, 高位上影线
2025-06-10 22:29:15,815 - 
(15/22) 正在分析股票: 603162
2025-06-10 22:29:16,000 -   📊 数据量: 39 天
2025-06-10 22:29:16,003 -   📈 技术分析结果:
2025-06-10 22:29:16,003 -     最新价格: 8.69
2025-06-10 22:29:16,003 -     最新日期: 2025-06-10
2025-06-10 22:29:16,004 -     下跌趋势: 否
2025-06-10 22:29:16,004 -     高位上影线: 有
2025-06-10 22:29:16,005 -     温和放量: 否
2025-06-10 22:29:16,005 -     量比: 3.66
2025-06-10 22:29:16,005 -     放量原因: 成交量过大，量比3.66超过1.8
2025-06-10 22:29:16,005 -     MA5: 8.40
2025-06-10 22:29:16,005 -     MA20: 8.49
2025-06-10 22:29:16,006 -   ❌ 603162 未通过筛选，原因: 高位上影线, 非温和放量(成交量过大，量比3.66超过1.8)
2025-06-10 22:29:17,006 - 
(16/22) 正在分析股票: 688236
2025-06-10 22:29:17,207 -   📊 数据量: 39 天
2025-06-10 22:29:17,209 -   📈 技术分析结果:
2025-06-10 22:29:17,209 -     最新价格: 17.59
2025-06-10 22:29:17,210 -     最新日期: 2025-06-10
2025-06-10 22:29:17,210 -     下跌趋势: 否
2025-06-10 22:29:17,210 -     高位上影线: 有
2025-06-10 22:29:17,211 -     温和放量: 否
2025-06-10 22:29:17,211 -     量比: 2.45
2025-06-10 22:29:17,211 -     放量原因: 成交量过大，量比2.45超过1.8
2025-06-10 22:29:17,211 -     MA5: 17.08
2025-06-10 22:29:17,211 -     MA20: 16.57
2025-06-10 22:29:17,212 -   ❌ 688236 未通过筛选，原因: 高位上影线, 非温和放量(成交量过大，量比2.45超过1.8)
2025-06-10 22:29:18,212 - 
(17/22) 正在分析股票: 601500
2025-06-10 22:29:18,386 -   📊 数据量: 39 天
2025-06-10 22:29:18,388 -   📈 技术分析结果:
2025-06-10 22:29:18,388 -     最新价格: 4.76
2025-06-10 22:29:18,389 -     最新日期: 2025-06-10
2025-06-10 22:29:18,389 -     下跌趋势: 是
2025-06-10 22:29:18,389 -     高位上影线: 有
2025-06-10 22:29:18,389 -     温和放量: 否
2025-06-10 22:29:18,389 -     量比: 5.51
2025-06-10 22:29:18,390 -     放量原因: 成交量过大，量比5.51超过1.8
2025-06-10 22:29:18,390 -     MA5: 4.62
2025-06-10 22:29:18,390 -     MA20: 4.64
2025-06-10 22:29:18,390 -   ❌ 601500 未通过筛选，原因: 下跌趋势, 高位上影线, 非温和放量(成交量过大，量比5.51超过1.8)
2025-06-10 22:29:19,391 - 
(18/22) 正在分析股票: 300769
2025-06-10 22:29:19,559 -   📊 数据量: 39 天
2025-06-10 22:29:19,561 -   📈 技术分析结果:
2025-06-10 22:29:19,561 -     最新价格: 29.87
2025-06-10 22:29:19,561 -     最新日期: 2025-06-10
2025-06-10 22:29:19,562 -     下跌趋势: 否
2025-06-10 22:29:19,562 -     高位上影线: 有
2025-06-10 22:29:19,562 -     温和放量: 否
2025-06-10 22:29:19,562 -     量比: 3.74
2025-06-10 22:29:19,563 -     放量原因: 成交量过大，量比3.74超过1.8
2025-06-10 22:29:19,563 -     MA5: 28.77
2025-06-10 22:29:19,563 -     MA20: 28.65
2025-06-10 22:29:19,563 -   ❌ 300769 未通过筛选，原因: 高位上影线, 非温和放量(成交量过大，量比3.74超过1.8)
2025-06-10 22:29:20,564 - 
(19/22) 正在分析股票: 300617
2025-06-10 22:29:20,739 -   📊 数据量: 39 天
2025-06-10 22:29:20,742 -   📈 技术分析结果:
2025-06-10 22:29:20,743 -     最新价格: 30.96
2025-06-10 22:29:20,743 -     最新日期: 2025-06-10
2025-06-10 22:29:20,743 -     下跌趋势: 否
2025-06-10 22:29:20,743 -     高位上影线: 有
2025-06-10 22:29:20,743 -     温和放量: 是
2025-06-10 22:29:20,744 -     量比: 1.40
2025-06-10 22:29:20,744 -     放量原因: 温和放量，量比1.40
2025-06-10 22:29:20,744 -     MA5: 29.98
2025-06-10 22:29:20,744 -     MA20: 28.16
2025-06-10 22:29:20,744 -   ❌ 300617 未通过筛选，原因: 高位上影线
2025-06-10 22:29:21,745 - 
(20/22) 正在分析股票: 688025
2025-06-10 22:29:21,925 -   📊 数据量: 39 天
2025-06-10 22:29:21,927 -   📈 技术分析结果:
2025-06-10 22:29:21,928 -     最新价格: 57.50
2025-06-10 22:29:21,928 -     最新日期: 2025-06-10
2025-06-10 22:29:21,928 -     下跌趋势: 否
2025-06-10 22:29:21,929 -     高位上影线: 有
2025-06-10 22:29:21,929 -     温和放量: 是
2025-06-10 22:29:21,929 -     量比: 1.41
2025-06-10 22:29:21,929 -     放量原因: 温和放量，量比1.41
2025-06-10 22:29:21,930 -     MA5: 51.96
2025-06-10 22:29:21,930 -     MA20: 50.37
2025-06-10 22:29:21,930 -   ❌ 688025 未通过筛选，原因: 高位上影线
2025-06-10 22:29:22,930 - 
(21/22) 正在分析股票: 688535
2025-06-10 22:29:23,192 -   📊 数据量: 39 天
2025-06-10 22:29:23,196 -   📈 技术分析结果:
2025-06-10 22:29:23,196 -     最新价格: 75.23
2025-06-10 22:29:23,196 -     最新日期: 2025-06-10
2025-06-10 22:29:23,196 -     下跌趋势: 否
2025-06-10 22:29:23,196 -     高位上影线: 无
2025-06-10 22:29:23,197 -     温和放量: 否
2025-06-10 22:29:23,197 -     量比: 2.22
2025-06-10 22:29:23,197 -     放量原因: 成交量过大，量比2.22超过1.8
2025-06-10 22:29:23,197 -     MA5: 71.92
2025-06-10 22:29:23,198 -     MA20: 70.28
2025-06-10 22:29:23,198 -   ❌ 688535 未通过筛选，原因: 非温和放量(成交量过大，量比2.22超过1.8)
2025-06-10 22:29:24,199 - 
(22/22) 正在分析股票: 600501
2025-06-10 22:29:24,379 -   📊 数据量: 39 天
2025-06-10 22:29:24,382 -   📈 技术分析结果:
2025-06-10 22:29:24,382 -     最新价格: 20.20
2025-06-10 22:29:24,382 -     最新日期: 2025-06-10
2025-06-10 22:29:24,382 -     下跌趋势: 是
2025-06-10 22:29:24,383 -     高位上影线: 有
2025-06-10 22:29:24,383 -     温和放量: 否
2025-06-10 22:29:24,383 -     量比: 1.82
2025-06-10 22:29:24,383 -     放量原因: 成交量过大，量比1.82超过1.8
2025-06-10 22:29:24,383 -     MA5: 19.35
2025-06-10 22:29:24,384 -     MA20: 19.83
2025-06-10 22:29:24,384 -   ❌ 600501 未通过筛选，原因: 下跌趋势, 高位上影线, 非温和放量(成交量过大，量比1.82超过1.8)
2025-06-10 22:29:25,384 - 
============================================================
2025-06-10 22:29:25,385 - 技术分析汇总结果:
2025-06-10 22:29:25,385 - ============================================================
2025-06-10 22:29:25,386 - ❌ 600691 - 未通过: 非温和放量
2025-06-10 22:29:25,386 - ❌ 600397 - 未通过: 高位上影线, 非温和放量
2025-06-10 22:29:25,386 - ❌ 002647 - 未通过: 高位上影线, 非温和放量
2025-06-10 22:29:25,386 - ❌ 300770 - 未通过: 高位上影线, 非温和放量
2025-06-10 22:29:25,386 - ❌ 605123 - 未通过: 高位上影线
2025-06-10 22:29:25,386 - ❌ 301048 - 未通过: 高位上影线, 非温和放量
2025-06-10 22:29:25,386 - ❌ 300087 - 未通过: 非温和放量
2025-06-10 22:29:25,387 - ❌ 300143 - 未通过: 非温和放量
2025-06-10 22:29:25,387 - ❌ 000524 - 未通过: 下跌趋势, 非温和放量
2025-06-10 22:29:25,388 - ❌ 301206 - 未通过: 高位上影线
2025-06-10 22:29:25,388 - ❌ 300099 - 未通过: 高位上影线, 非温和放量
2025-06-10 22:29:25,388 - ❌ 000767 - 未通过: 下跌趋势, 高位上影线, 非温和放量
2025-06-10 22:29:25,388 - ❌ 301058 - 未通过: 非温和放量
2025-06-10 22:29:25,388 - ❌ 300147 - 未通过: 下跌趋势, 高位上影线
2025-06-10 22:29:25,388 - ❌ 603162 - 未通过: 高位上影线, 非温和放量
2025-06-10 22:29:25,389 - ❌ 688236 - 未通过: 高位上影线, 非温和放量
2025-06-10 22:29:25,389 - ❌ 601500 - 未通过: 下跌趋势, 高位上影线, 非温和放量
2025-06-10 22:29:25,389 - ❌ 300769 - 未通过: 高位上影线, 非温和放量
2025-06-10 22:29:25,389 - ❌ 300617 - 未通过: 高位上影线
2025-06-10 22:29:25,389 - ❌ 688025 - 未通过: 高位上影线
2025-06-10 22:29:25,389 - ❌ 688535 - 未通过: 非温和放量
2025-06-10 22:29:25,389 - ❌ 600501 - 未通过: 下跌趋势, 高位上影线, 非温和放量
2025-06-10 22:29:25,390 - 
最终结果: 0 只股票通过技术分析筛选
